[2025-05-23T08:44:24.109+0000] {taskinstance.py:1159} INFO - Dependencies all met for dep_context=non-requeueable deps ti=<TaskInstance: fetch_transaction_data_and_upload_to_hdfs.run_superset_dashboard manual__2025-05-23T08:43:21.833529+00:00 [queued]>
[2025-05-23T08:44:24.122+0000] {taskinstance.py:1159} INFO - Dependencies all met for dep_context=requeueable deps ti=<TaskInstance: fetch_transaction_data_and_upload_to_hdfs.run_superset_dashboard manual__2025-05-23T08:43:21.833529+00:00 [queued]>
[2025-05-23T08:44:24.122+0000] {taskinstance.py:1361} INFO - Starting attempt 1 of 2
[2025-05-23T08:44:24.140+0000] {taskinstance.py:1382} INFO - Executing <Task(BashOperator): run_superset_dashboard> on 2025-05-23 08:43:21.833529+00:00
[2025-05-23T08:44:24.150+0000] {standard_task_runner.py:57} INFO - Started process 12888 to run task
[2025-05-23T08:44:24.154+0000] {standard_task_runner.py:84} INFO - Running: ['***', 'tasks', 'run', 'fetch_transaction_data_and_upload_to_hdfs', 'run_superset_dashboard', 'manual__2025-05-23T08:43:21.833529+00:00', '--job-id', '45', '--raw', '--subdir', 'DAGS_FOLDER/ETL.py', '--cfg-path', '/tmp/tmppz71co_h']
[2025-05-23T08:44:24.159+0000] {standard_task_runner.py:85} INFO - Job 45: Subtask run_superset_dashboard
[2025-05-23T08:44:24.230+0000] {task_command.py:415} INFO - Running <TaskInstance: fetch_transaction_data_and_upload_to_hdfs.run_superset_dashboard manual__2025-05-23T08:43:21.833529+00:00 [running]> on host cb5b79c23ad2
[2025-05-23T08:44:24.621+0000] {taskinstance.py:1660} INFO - Exporting env vars: AIRFLOW_CTX_DAG_OWNER='***' AIRFLOW_CTX_DAG_ID='fetch_transaction_data_and_upload_to_hdfs' AIRFLOW_CTX_TASK_ID='run_superset_dashboard' AIRFLOW_CTX_EXECUTION_DATE='2025-05-23T08:43:21.833529+00:00' AIRFLOW_CTX_TRY_NUMBER='1' AIRFLOW_CTX_DAG_RUN_ID='manual__2025-05-23T08:43:21.833529+00:00'
[2025-05-23T08:44:24.625+0000] {subprocess.py:63} INFO - Tmp dir root location: /tmp
[2025-05-23T08:44:24.627+0000] {subprocess.py:75} INFO - Running command: ['/bin/bash', '-c', 'docker exec superset python /app/dashboard/step1_connection_db.py && docker exec superset python /app/dashboard/step2_creation_of_datasets.py && docker exec superset python /app/dashboard/step3_create_charts.py && docker exec superset python step4_create_dashbord.py']
[2025-05-23T08:44:24.655+0000] {subprocess.py:86} INFO - Output:
[2025-05-23T08:44:28.346+0000] {subprocess.py:93} INFO - ✅ Login successful.
[2025-05-23T08:44:28.348+0000] {subprocess.py:93} INFO - Access Token: eyJhbGciOiJIUzI1NiIsInR5cCI6IkpXVCJ9.eyJmcmVzaCI6dHJ1ZSwiaWF0IjoxNzQ3OTg5ODY1LCJqdGkiOiIwODAzNGFiYS03YmEwLTQ4MjItOTY3OS01ZjQ5YzA2ZTA5NTEiLCJ0eXBlIjoiYWNjZXNzIiwic3ViIjoxLCJuYmYiOjE3NDc5ODk4NjUsImNzcmYiOiI0ZTkyMTkzZi1mOWM4LTRlNGMtYWY4NC04NGJmZDMwYzc5ZjMiLCJleHAiOjE3NDc5OTA3NjV9.HCrSdySMluQXVHQRjV-Z0YHhdOXRQnOwMPO-cSqujBs
[2025-05-23T08:44:28.348+0000] {subprocess.py:93} INFO - ✅ CSRF token received:
[2025-05-23T08:44:28.349+0000] {subprocess.py:93} INFO - IjI5ODBiOThmZWM4MWZhMTQ4NWJmZDIyOTNlMGM0OTQ2MTljNDI4NDQi.aDA1aQ.c_Zor4-Qzs9dypq80SlJ-gKadt8
[2025-05-23T08:44:28.350+0000] {subprocess.py:93} INFO - Status: 422
[2025-05-23T08:44:28.351+0000] {subprocess.py:93} INFO - Response: {"message":"Database could not be created."}
[2025-05-23T08:44:28.351+0000] {subprocess.py:93} INFO - 
[2025-05-23T08:46:03.063+0000] {subprocess.py:93} INFO - ✅ Logged in successfully
[2025-05-23T08:46:03.064+0000] {subprocess.py:93} INFO - ✅ CSRF token retrieved
[2025-05-23T08:46:03.064+0000] {subprocess.py:93} INFO - ✅ Hive Warehouse database ID: 1
[2025-05-23T08:46:03.065+0000] {subprocess.py:93} INFO - ✅ Dataset 'Distribution of Payment Methods' created successfully. ID: 1
[2025-05-23T08:46:03.065+0000] {subprocess.py:93} INFO - ✅ Dataset 'Transaction Volume by Device Type' created successfully. ID: 2
[2025-05-23T08:46:03.065+0000] {subprocess.py:93} INFO - ✅ Dataset 'Average Transaction Amount by Customer Age Group' created successfully. ID: 3
[2025-05-23T08:46:03.066+0000] {subprocess.py:93} INFO - ✅ Dataset 'Number of Transactions by Month' created successfully. ID: 4
[2025-05-23T08:46:03.066+0000] {subprocess.py:93} INFO - ✅ Dataset 'Proportion of Fraudulent Transactions' created successfully. ID: 5
[2025-05-23T08:46:03.066+0000] {subprocess.py:93} INFO - ✅ Dataset 'Total Transaction Amount by Product Category' created successfully. ID: 6
[2025-05-23T08:46:09.959+0000] {subprocess.py:93} INFO - 🔐 Authenticating with Superset...
[2025-05-23T08:46:09.960+0000] {subprocess.py:93} INFO - ✅ Authentication successful
[2025-05-23T08:46:09.961+0000] {subprocess.py:93} INFO - 
[2025-05-23T08:46:09.961+0000] {subprocess.py:93} INFO - 🚀 Starting dashboard creation process...
[2025-05-23T08:46:09.962+0000] {subprocess.py:93} INFO - 📊 Charts to create: 6
[2025-05-23T08:46:09.962+0000] {subprocess.py:93} INFO - 🏗️ Dashboard name: Transaction Analytics Dashboard
[2025-05-23T08:46:09.963+0000] {subprocess.py:93} INFO - ==================================================
[2025-05-23T08:46:09.963+0000] {subprocess.py:93} INFO - 📊 Creating chart: Fraud Detection Overview
[2025-05-23T08:46:09.964+0000] {subprocess.py:93} INFO - ✅ Chart 'Fraud Detection Overview' created (ID: 1)
[2025-05-23T08:46:09.964+0000] {subprocess.py:93} INFO - 📊 Creating chart: Number of Transactions by Month
[2025-05-23T08:46:09.964+0000] {subprocess.py:93} INFO - ✅ Chart 'Number of Transactions by Month' created (ID: 2)
[2025-05-23T08:46:09.965+0000] {subprocess.py:93} INFO - 📊 Creating chart: Average Transaction Amount by Age Group
[2025-05-23T08:46:09.965+0000] {subprocess.py:93} INFO - ✅ Chart 'Average Transaction Amount by Age Group' created (ID: 3)
[2025-05-23T08:46:09.966+0000] {subprocess.py:93} INFO - 📊 Creating chart: Distribution of Payment Methods
[2025-05-23T08:46:09.966+0000] {subprocess.py:93} INFO - ✅ Chart 'Distribution of Payment Methods' created (ID: 4)
[2025-05-23T08:46:09.967+0000] {subprocess.py:93} INFO - 📊 Creating chart: Transaction Volume by Device Type
[2025-05-23T08:46:09.967+0000] {subprocess.py:93} INFO - ✅ Chart 'Transaction Volume by Device Type' created (ID: 5)
[2025-05-23T08:46:09.968+0000] {subprocess.py:93} INFO - 📊 Creating chart: Revenue by Product Category
[2025-05-23T08:46:09.968+0000] {subprocess.py:93} INFO - ✅ Chart 'Revenue by Product Category' created (ID: 6)
[2025-05-23T08:46:09.969+0000] {subprocess.py:93} INFO - 
[2025-05-23T08:46:09.969+0000] {subprocess.py:93} INFO - 📈 Successfully created 6 out of 6 charts
[2025-05-23T08:46:10.064+0000] {subprocess.py:93} INFO - python: can't open file '/app/step4_create_dashbord.py': [Errno 2] No such file or directory
[2025-05-23T08:46:10.074+0000] {subprocess.py:97} INFO - Command exited with return code 2
[2025-05-23T08:46:10.087+0000] {taskinstance.py:1943} ERROR - Task failed with exception
Traceback (most recent call last):
  File "/home/airflow/.local/lib/python3.9/site-packages/airflow/operators/bash.py", line 210, in execute
    raise AirflowException(
airflow.exceptions.AirflowException: Bash command failed. The command returned a non-zero exit code 2.
[2025-05-23T08:46:10.091+0000] {taskinstance.py:1400} INFO - Marking task as UP_FOR_RETRY. dag_id=fetch_transaction_data_and_upload_to_hdfs, task_id=run_superset_dashboard, execution_date=20250523T084321, start_date=20250523T084424, end_date=20250523T084610
[2025-05-23T08:46:10.104+0000] {standard_task_runner.py:104} ERROR - Failed to execute job 45 for task run_superset_dashboard (Bash command failed. The command returned a non-zero exit code 2.; 12888)
[2025-05-23T08:46:10.122+0000] {local_task_job_runner.py:228} INFO - Task exited with return code 1
[2025-05-23T08:46:10.146+0000] {taskinstance.py:2784} INFO - 0 downstream tasks scheduled from follow-on schedule check
