[2025-05-23T08:05:42.033+0000] {taskinstance.py:1159} INFO - Dependencies all met for dep_context=non-requeueable deps ti=<TaskInstance: fetch_transaction_data_and_upload_to_hdfs.upload_to_hdfs scheduled__2025-05-22T00:00:00+00:00 [queued]>
[2025-05-23T08:05:42.046+0000] {taskinstance.py:1159} INFO - Dependencies all met for dep_context=requeueable deps ti=<TaskInstance: fetch_transaction_data_and_upload_to_hdfs.upload_to_hdfs scheduled__2025-05-22T00:00:00+00:00 [queued]>
[2025-05-23T08:05:42.047+0000] {taskinstance.py:1361} INFO - Starting attempt 1 of 2
[2025-05-23T08:05:42.069+0000] {taskinstance.py:1382} INFO - Executing <Task(PythonOperator): upload_to_hdfs> on 2025-05-22 00:00:00+00:00
[2025-05-23T08:05:42.080+0000] {standard_task_runner.py:57} INFO - Started process 11987 to run task
[2025-05-23T08:05:42.084+0000] {standard_task_runner.py:84} INFO - Running: ['***', 'tasks', 'run', 'fetch_transaction_data_and_upload_to_hdfs', 'upload_to_hdfs', 'scheduled__2025-05-22T00:00:00+00:00', '--job-id', '27', '--raw', '--subdir', 'DAGS_FOLDER/ETL.py', '--cfg-path', '/tmp/tmp6vr9cw8y']
[2025-05-23T08:05:42.087+0000] {standard_task_runner.py:85} INFO - Job 27: Subtask upload_to_hdfs
[2025-05-23T08:05:42.155+0000] {task_command.py:415} INFO - Running <TaskInstance: fetch_transaction_data_and_upload_to_hdfs.upload_to_hdfs scheduled__2025-05-22T00:00:00+00:00 [running]> on host cb5b79c23ad2
[2025-05-23T08:05:42.458+0000] {taskinstance.py:1660} INFO - Exporting env vars: AIRFLOW_CTX_DAG_OWNER='***' AIRFLOW_CTX_DAG_ID='fetch_transaction_data_and_upload_to_hdfs' AIRFLOW_CTX_TASK_ID='upload_to_hdfs' AIRFLOW_CTX_EXECUTION_DATE='2025-05-22T00:00:00+00:00' AIRFLOW_CTX_TRY_NUMBER='1' AIRFLOW_CTX_DAG_RUN_ID='scheduled__2025-05-22T00:00:00+00:00'
[2025-05-23T08:05:48.742+0000] {python.py:194} INFO - Done. Returned value was: None
[2025-05-23T08:05:48.755+0000] {taskinstance.py:1400} INFO - Marking task as SUCCESS. dag_id=fetch_transaction_data_and_upload_to_hdfs, task_id=upload_to_hdfs, execution_date=20250522T000000, start_date=20250523T080542, end_date=20250523T080548
[2025-05-23T08:05:48.807+0000] {local_task_job_runner.py:228} INFO - Task exited with return code 0
[2025-05-23T08:05:48.832+0000] {taskinstance.py:2784} INFO - 2 downstream tasks scheduled from follow-on schedule check
[2025-05-23T09:21:54.432+0000] {taskinstance.py:1159} INFO - Dependencies all met for dep_context=non-requeueable deps ti=<TaskInstance: fetch_transaction_data_and_upload_to_hdfs.upload_to_hdfs scheduled__2025-05-22T00:00:00+00:00 [queued]>
[2025-05-23T09:21:54.441+0000] {taskinstance.py:1159} INFO - Dependencies all met for dep_context=requeueable deps ti=<TaskInstance: fetch_transaction_data_and_upload_to_hdfs.upload_to_hdfs scheduled__2025-05-22T00:00:00+00:00 [queued]>
[2025-05-23T09:21:54.442+0000] {taskinstance.py:1361} INFO - Starting attempt 1 of 2
[2025-05-23T09:21:54.457+0000] {taskinstance.py:1382} INFO - Executing <Task(PythonOperator): upload_to_hdfs> on 2025-05-22 00:00:00+00:00
[2025-05-23T09:21:54.464+0000] {standard_task_runner.py:57} INFO - Started process 196 to run task
[2025-05-23T09:21:54.468+0000] {standard_task_runner.py:84} INFO - Running: ['***', 'tasks', 'run', 'fetch_transaction_data_and_upload_to_hdfs', 'upload_to_hdfs', 'scheduled__2025-05-22T00:00:00+00:00', '--job-id', '4', '--raw', '--subdir', 'DAGS_FOLDER/ETL.py', '--cfg-path', '/tmp/tmp4wqmwmdb']
[2025-05-23T09:21:54.471+0000] {standard_task_runner.py:85} INFO - Job 4: Subtask upload_to_hdfs
[2025-05-23T09:21:54.525+0000] {task_command.py:415} INFO - Running <TaskInstance: fetch_transaction_data_and_upload_to_hdfs.upload_to_hdfs scheduled__2025-05-22T00:00:00+00:00 [running]> on host 6c702459c558
[2025-05-23T09:21:54.781+0000] {taskinstance.py:1660} INFO - Exporting env vars: AIRFLOW_CTX_DAG_OWNER='***' AIRFLOW_CTX_DAG_ID='fetch_transaction_data_and_upload_to_hdfs' AIRFLOW_CTX_TASK_ID='upload_to_hdfs' AIRFLOW_CTX_EXECUTION_DATE='2025-05-22T00:00:00+00:00' AIRFLOW_CTX_TRY_NUMBER='1' AIRFLOW_CTX_DAG_RUN_ID='scheduled__2025-05-22T00:00:00+00:00'
[2025-05-23T09:22:02.291+0000] {python.py:194} INFO - Done. Returned value was: None
[2025-05-23T09:22:02.324+0000] {taskinstance.py:1400} INFO - Marking task as SUCCESS. dag_id=fetch_transaction_data_and_upload_to_hdfs, task_id=upload_to_hdfs, execution_date=20250522T000000, start_date=20250523T092154, end_date=20250523T092202
[2025-05-23T09:22:02.380+0000] {local_task_job_runner.py:228} INFO - Task exited with return code 0
[2025-05-23T09:22:02.452+0000] {taskinstance.py:2784} INFO - 2 downstream tasks scheduled from follow-on schedule check
