[2025-05-09T18:25:11.805+0000] {taskinstance.py:1159} INFO - Dependencies all met for dep_context=non-requeueable deps ti=<TaskInstance: fetch_transaction_data_and_upload_to_hdfs.run_hive_command manual__2025-05-09T18:24:19.554029+00:00 [queued]>
[2025-05-09T18:25:11.816+0000] {taskinstance.py:1159} INFO - Dependencies all met for dep_context=requeueable deps ti=<TaskInstance: fetch_transaction_data_and_upload_to_hdfs.run_hive_command manual__2025-05-09T18:24:19.554029+00:00 [queued]>
[2025-05-09T18:25:11.817+0000] {taskinstance.py:1361} INFO - Starting attempt 1 of 2
[2025-05-09T18:25:11.833+0000] {taskinstance.py:1382} INFO - Executing <Task(BashOperator): run_hive_command> on 2025-05-09 18:24:19.554029+00:00
[2025-05-09T18:25:11.839+0000] {standard_task_runner.py:57} INFO - Started process 5761 to run task
[2025-05-09T18:25:11.843+0000] {standard_task_runner.py:84} INFO - Running: ['***', 'tasks', 'run', 'fetch_transaction_data_and_upload_to_hdfs', 'run_hive_command', 'manual__2025-05-09T18:24:19.554029+00:00', '--job-id', '96', '--raw', '--subdir', 'DAGS_FOLDER/ingestion.py', '--cfg-path', '/tmp/tmphhw2fx26']
[2025-05-09T18:25:11.847+0000] {standard_task_runner.py:85} INFO - Job 96: Subtask run_hive_command
[2025-05-09T18:25:11.894+0000] {task_command.py:415} INFO - Running <TaskInstance: fetch_transaction_data_and_upload_to_hdfs.run_hive_command manual__2025-05-09T18:24:19.554029+00:00 [running]> on host d4afc872a8aa
[2025-05-09T18:25:11.979+0000] {taskinstance.py:1660} INFO - Exporting env vars: AIRFLOW_CTX_DAG_OWNER='***' AIRFLOW_CTX_DAG_ID='fetch_transaction_data_and_upload_to_hdfs' AIRFLOW_CTX_TASK_ID='run_hive_command' AIRFLOW_CTX_EXECUTION_DATE='2025-05-09T18:24:19.554029+00:00' AIRFLOW_CTX_TRY_NUMBER='1' AIRFLOW_CTX_DAG_RUN_ID='manual__2025-05-09T18:24:19.554029+00:00'
[2025-05-09T18:25:11.981+0000] {subprocess.py:63} INFO - Tmp dir root location: /tmp
[2025-05-09T18:25:11.983+0000] {subprocess.py:75} INFO - Running command: ['/bin/bash', '-c', '\n            docker exec striming_processing-postgres-1 psql -U *** -d *** -c "CREATE DATABASE metastore_db;" &&             docker exec hive schematool -initSchema -dbType postgres &&             docker exec hive hive -f /home/query.hql\n        ']
[2025-05-09T18:25:11.995+0000] {subprocess.py:86} INFO - Output:
[2025-05-09T18:25:12.249+0000] {subprocess.py:93} INFO - ERROR:  database "metastore_db" already exists
[2025-05-09T18:25:12.259+0000] {subprocess.py:97} INFO - Command exited with return code 1
[2025-05-09T18:25:12.270+0000] {taskinstance.py:1943} ERROR - Task failed with exception
Traceback (most recent call last):
  File "/home/airflow/.local/lib/python3.9/site-packages/airflow/operators/bash.py", line 210, in execute
    raise AirflowException(
airflow.exceptions.AirflowException: Bash command failed. The command returned a non-zero exit code 1.
[2025-05-09T18:25:12.275+0000] {taskinstance.py:1400} INFO - Marking task as UP_FOR_RETRY. dag_id=fetch_transaction_data_and_upload_to_hdfs, task_id=run_hive_command, execution_date=20250509T182419, start_date=20250509T182511, end_date=20250509T182512
[2025-05-09T18:25:12.293+0000] {standard_task_runner.py:104} ERROR - Failed to execute job 96 for task run_hive_command (Bash command failed. The command returned a non-zero exit code 1.; 5761)
[2025-05-09T18:25:12.339+0000] {local_task_job_runner.py:228} INFO - Task exited with return code 1
[2025-05-09T18:25:12.373+0000] {taskinstance.py:2784} INFO - 0 downstream tasks scheduled from follow-on schedule check
