[2025-05-24T11:52:53.213+0000] {taskinstance.py:1159} INFO - Dependencies all met for dep_context=non-requeueable deps ti=<TaskInstance: fetch_transaction_data_and_upload_to_hdfs.upload_to_hdfs scheduled__2025-05-23T00:00:00+00:00 [queued]>
[2025-05-24T11:52:53.227+0000] {taskinstance.py:1159} INFO - Dependencies all met for dep_context=requeueable deps ti=<TaskInstance: fetch_transaction_data_and_upload_to_hdfs.upload_to_hdfs scheduled__2025-05-23T00:00:00+00:00 [queued]>
[2025-05-24T11:52:53.228+0000] {taskinstance.py:1361} INFO - Starting attempt 1 of 2
[2025-05-24T11:52:53.245+0000] {taskinstance.py:1382} INFO - Executing <Task(PythonOperator): upload_to_hdfs> on 2025-05-23 00:00:00+00:00
[2025-05-24T11:52:53.256+0000] {standard_task_runner.py:57} INFO - Started process 5545 to run task
[2025-05-24T11:52:53.260+0000] {standard_task_runner.py:84} INFO - Running: ['***', 'tasks', 'run', 'fetch_transaction_data_and_upload_to_hdfs', 'upload_to_hdfs', 'scheduled__2025-05-23T00:00:00+00:00', '--job-id', '43', '--raw', '--subdir', 'DAGS_FOLDER/ETL.py', '--cfg-path', '/tmp/tmppmd56abn']
[2025-05-24T11:52:53.269+0000] {standard_task_runner.py:85} INFO - Job 43: Subtask upload_to_hdfs
[2025-05-24T11:52:53.390+0000] {task_command.py:415} INFO - Running <TaskInstance: fetch_transaction_data_and_upload_to_hdfs.upload_to_hdfs scheduled__2025-05-23T00:00:00+00:00 [running]> on host 6c702459c558
[2025-05-24T11:52:53.847+0000] {taskinstance.py:1660} INFO - Exporting env vars: AIRFLOW_CTX_DAG_OWNER='***' AIRFLOW_CTX_DAG_ID='fetch_transaction_data_and_upload_to_hdfs' AIRFLOW_CTX_TASK_ID='upload_to_hdfs' AIRFLOW_CTX_EXECUTION_DATE='2025-05-23T00:00:00+00:00' AIRFLOW_CTX_TRY_NUMBER='1' AIRFLOW_CTX_DAG_RUN_ID='scheduled__2025-05-23T00:00:00+00:00'
[2025-05-24T11:53:04.745+0000] {python.py:194} INFO - Done. Returned value was: None
[2025-05-24T11:53:04.760+0000] {taskinstance.py:1400} INFO - Marking task as SUCCESS. dag_id=fetch_transaction_data_and_upload_to_hdfs, task_id=upload_to_hdfs, execution_date=20250523T000000, start_date=20250524T115253, end_date=20250524T115304
[2025-05-24T11:53:04.817+0000] {local_task_job_runner.py:228} INFO - Task exited with return code 0
[2025-05-24T11:53:04.907+0000] {taskinstance.py:2784} INFO - 2 downstream tasks scheduled from follow-on schedule check
[2025-05-24T12:22:56.527+0000] {taskinstance.py:1159} INFO - Dependencies all met for dep_context=non-requeueable deps ti=<TaskInstance: fetch_transaction_data_and_upload_to_hdfs.upload_to_hdfs scheduled__2025-05-23T00:00:00+00:00 [queued]>
[2025-05-24T12:22:56.537+0000] {taskinstance.py:1159} INFO - Dependencies all met for dep_context=requeueable deps ti=<TaskInstance: fetch_transaction_data_and_upload_to_hdfs.upload_to_hdfs scheduled__2025-05-23T00:00:00+00:00 [queued]>
[2025-05-24T12:22:56.538+0000] {taskinstance.py:1361} INFO - Starting attempt 1 of 2
[2025-05-24T12:22:56.554+0000] {taskinstance.py:1382} INFO - Executing <Task(PythonOperator): upload_to_hdfs> on 2025-05-23 00:00:00+00:00
[2025-05-24T12:22:56.570+0000] {standard_task_runner.py:57} INFO - Started process 228 to run task
[2025-05-24T12:22:56.573+0000] {standard_task_runner.py:84} INFO - Running: ['***', 'tasks', 'run', 'fetch_transaction_data_and_upload_to_hdfs', 'upload_to_hdfs', 'scheduled__2025-05-23T00:00:00+00:00', '--job-id', '4', '--raw', '--subdir', 'DAGS_FOLDER/ETL.py', '--cfg-path', '/tmp/tmpq34et8sv']
[2025-05-24T12:22:56.577+0000] {standard_task_runner.py:85} INFO - Job 4: Subtask upload_to_hdfs
[2025-05-24T12:22:56.633+0000] {task_command.py:415} INFO - Running <TaskInstance: fetch_transaction_data_and_upload_to_hdfs.upload_to_hdfs scheduled__2025-05-23T00:00:00+00:00 [running]> on host 1190334ace1e
[2025-05-24T12:22:56.955+0000] {taskinstance.py:1660} INFO - Exporting env vars: AIRFLOW_CTX_DAG_OWNER='***' AIRFLOW_CTX_DAG_ID='fetch_transaction_data_and_upload_to_hdfs' AIRFLOW_CTX_TASK_ID='upload_to_hdfs' AIRFLOW_CTX_EXECUTION_DATE='2025-05-23T00:00:00+00:00' AIRFLOW_CTX_TRY_NUMBER='1' AIRFLOW_CTX_DAG_RUN_ID='scheduled__2025-05-23T00:00:00+00:00'
[2025-05-24T12:23:05.902+0000] {python.py:194} INFO - Done. Returned value was: None
[2025-05-24T12:23:05.918+0000] {taskinstance.py:1400} INFO - Marking task as SUCCESS. dag_id=fetch_transaction_data_and_upload_to_hdfs, task_id=upload_to_hdfs, execution_date=20250523T000000, start_date=20250524T122256, end_date=20250524T122305
[2025-05-24T12:23:05.972+0000] {local_task_job_runner.py:228} INFO - Task exited with return code 0
[2025-05-24T12:23:06.009+0000] {taskinstance.py:2784} INFO - 2 downstream tasks scheduled from follow-on schedule check
[2025-05-24T13:29:08.648+0000] {taskinstance.py:1159} INFO - Dependencies all met for dep_context=non-requeueable deps ti=<TaskInstance: fetch_transaction_data_and_upload_to_hdfs.upload_to_hdfs scheduled__2025-05-23T00:00:00+00:00 [queued]>
[2025-05-24T13:29:08.661+0000] {taskinstance.py:1159} INFO - Dependencies all met for dep_context=requeueable deps ti=<TaskInstance: fetch_transaction_data_and_upload_to_hdfs.upload_to_hdfs scheduled__2025-05-23T00:00:00+00:00 [queued]>
[2025-05-24T13:29:08.662+0000] {taskinstance.py:1361} INFO - Starting attempt 1 of 2
[2025-05-24T13:29:08.683+0000] {taskinstance.py:1382} INFO - Executing <Task(PythonOperator): upload_to_hdfs> on 2025-05-23 00:00:00+00:00
[2025-05-24T13:29:08.694+0000] {standard_task_runner.py:57} INFO - Started process 196 to run task
[2025-05-24T13:29:08.698+0000] {standard_task_runner.py:84} INFO - Running: ['***', 'tasks', 'run', 'fetch_transaction_data_and_upload_to_hdfs', 'upload_to_hdfs', 'scheduled__2025-05-23T00:00:00+00:00', '--job-id', '5', '--raw', '--subdir', 'DAGS_FOLDER/ETL.py', '--cfg-path', '/tmp/tmp7mo24lgl']
[2025-05-24T13:29:08.701+0000] {standard_task_runner.py:85} INFO - Job 5: Subtask upload_to_hdfs
[2025-05-24T13:29:08.769+0000] {task_command.py:415} INFO - Running <TaskInstance: fetch_transaction_data_and_upload_to_hdfs.upload_to_hdfs scheduled__2025-05-23T00:00:00+00:00 [running]> on host 1be44660cb93
[2025-05-24T13:29:09.072+0000] {taskinstance.py:1660} INFO - Exporting env vars: AIRFLOW_CTX_DAG_OWNER='***' AIRFLOW_CTX_DAG_ID='fetch_transaction_data_and_upload_to_hdfs' AIRFLOW_CTX_TASK_ID='upload_to_hdfs' AIRFLOW_CTX_EXECUTION_DATE='2025-05-23T00:00:00+00:00' AIRFLOW_CTX_TRY_NUMBER='1' AIRFLOW_CTX_DAG_RUN_ID='scheduled__2025-05-23T00:00:00+00:00'
[2025-05-24T13:29:16.951+0000] {python.py:194} INFO - Done. Returned value was: None
[2025-05-24T13:29:16.979+0000] {taskinstance.py:1400} INFO - Marking task as SUCCESS. dag_id=fetch_transaction_data_and_upload_to_hdfs, task_id=upload_to_hdfs, execution_date=20250523T000000, start_date=20250524T132908, end_date=20250524T132916
[2025-05-24T13:29:17.031+0000] {local_task_job_runner.py:228} INFO - Task exited with return code 0
[2025-05-24T13:29:17.074+0000] {taskinstance.py:2784} INFO - 2 downstream tasks scheduled from follow-on schedule check
[2025-05-24T20:30:42.694+0000] {taskinstance.py:1159} INFO - Dependencies all met for dep_context=non-requeueable deps ti=<TaskInstance: fetch_transaction_data_and_upload_to_hdfs.upload_to_hdfs scheduled__2025-05-23T00:00:00+00:00 [queued]>
[2025-05-24T20:30:42.714+0000] {taskinstance.py:1159} INFO - Dependencies all met for dep_context=requeueable deps ti=<TaskInstance: fetch_transaction_data_and_upload_to_hdfs.upload_to_hdfs scheduled__2025-05-23T00:00:00+00:00 [queued]>
[2025-05-24T20:30:42.716+0000] {taskinstance.py:1361} INFO - Starting attempt 1 of 2
[2025-05-24T20:30:42.744+0000] {taskinstance.py:1382} INFO - Executing <Task(PythonOperator): upload_to_hdfs> on 2025-05-23 00:00:00+00:00
[2025-05-24T20:30:42.754+0000] {standard_task_runner.py:57} INFO - Started process 561 to run task
[2025-05-24T20:30:42.759+0000] {standard_task_runner.py:84} INFO - Running: ['***', 'tasks', 'run', 'fetch_transaction_data_and_upload_to_hdfs', 'upload_to_hdfs', 'scheduled__2025-05-23T00:00:00+00:00', '--job-id', '7', '--raw', '--subdir', 'DAGS_FOLDER/ETL.py', '--cfg-path', '/tmp/tmp6eegso6g']
[2025-05-24T20:30:42.763+0000] {standard_task_runner.py:85} INFO - Job 7: Subtask upload_to_hdfs
[2025-05-24T20:30:42.855+0000] {task_command.py:415} INFO - Running <TaskInstance: fetch_transaction_data_and_upload_to_hdfs.upload_to_hdfs scheduled__2025-05-23T00:00:00+00:00 [running]> on host b7cf5396f9f1
[2025-05-24T20:30:42.998+0000] {taskinstance.py:1660} INFO - Exporting env vars: AIRFLOW_CTX_DAG_OWNER='***' AIRFLOW_CTX_DAG_ID='fetch_transaction_data_and_upload_to_hdfs' AIRFLOW_CTX_TASK_ID='upload_to_hdfs' AIRFLOW_CTX_EXECUTION_DATE='2025-05-23T00:00:00+00:00' AIRFLOW_CTX_TRY_NUMBER='1' AIRFLOW_CTX_DAG_RUN_ID='scheduled__2025-05-23T00:00:00+00:00'
[2025-05-24T20:30:57.301+0000] {python.py:194} INFO - Done. Returned value was: None
[2025-05-24T20:30:57.320+0000] {taskinstance.py:1400} INFO - Marking task as SUCCESS. dag_id=fetch_transaction_data_and_upload_to_hdfs, task_id=upload_to_hdfs, execution_date=20250523T000000, start_date=20250524T203042, end_date=20250524T203057
[2025-05-24T20:30:57.929+0000] {local_task_job_runner.py:228} INFO - Task exited with return code 0
[2025-05-24T20:30:57.999+0000] {taskinstance.py:2784} INFO - 0 downstream tasks scheduled from follow-on schedule check
[2025-05-24T21:56:19.689+0000] {taskinstance.py:1159} INFO - Dependencies all met for dep_context=non-requeueable deps ti=<TaskInstance: fetch_transaction_data_and_upload_to_hdfs.upload_to_hdfs scheduled__2025-05-23T00:00:00+00:00 [queued]>
[2025-05-24T21:56:19.701+0000] {taskinstance.py:1159} INFO - Dependencies all met for dep_context=requeueable deps ti=<TaskInstance: fetch_transaction_data_and_upload_to_hdfs.upload_to_hdfs scheduled__2025-05-23T00:00:00+00:00 [queued]>
[2025-05-24T21:56:19.702+0000] {taskinstance.py:1361} INFO - Starting attempt 1 of 2
[2025-05-24T21:56:19.719+0000] {taskinstance.py:1382} INFO - Executing <Task(PythonOperator): upload_to_hdfs> on 2025-05-23 00:00:00+00:00
[2025-05-24T21:56:19.731+0000] {standard_task_runner.py:57} INFO - Started process 211 to run task
[2025-05-24T21:56:19.736+0000] {standard_task_runner.py:84} INFO - Running: ['***', 'tasks', 'run', 'fetch_transaction_data_and_upload_to_hdfs', 'upload_to_hdfs', 'scheduled__2025-05-23T00:00:00+00:00', '--job-id', '7', '--raw', '--subdir', 'DAGS_FOLDER/ETL.py', '--cfg-path', '/tmp/tmpsfguycnd']
[2025-05-24T21:56:19.740+0000] {standard_task_runner.py:85} INFO - Job 7: Subtask upload_to_hdfs
[2025-05-24T21:56:19.807+0000] {task_command.py:415} INFO - Running <TaskInstance: fetch_transaction_data_and_upload_to_hdfs.upload_to_hdfs scheduled__2025-05-23T00:00:00+00:00 [running]> on host 65b298c9af88
[2025-05-24T21:56:19.910+0000] {taskinstance.py:1660} INFO - Exporting env vars: AIRFLOW_CTX_DAG_OWNER='***' AIRFLOW_CTX_DAG_ID='fetch_transaction_data_and_upload_to_hdfs' AIRFLOW_CTX_TASK_ID='upload_to_hdfs' AIRFLOW_CTX_EXECUTION_DATE='2025-05-23T00:00:00+00:00' AIRFLOW_CTX_TRY_NUMBER='1' AIRFLOW_CTX_DAG_RUN_ID='scheduled__2025-05-23T00:00:00+00:00'
[2025-05-24T21:56:28.515+0000] {python.py:194} INFO - Done. Returned value was: None
[2025-05-24T21:56:28.534+0000] {taskinstance.py:1400} INFO - Marking task as SUCCESS. dag_id=fetch_transaction_data_and_upload_to_hdfs, task_id=upload_to_hdfs, execution_date=20250523T000000, start_date=20250524T215619, end_date=20250524T215628
[2025-05-24T21:56:28.599+0000] {local_task_job_runner.py:228} INFO - Task exited with return code 0
[2025-05-24T21:56:28.640+0000] {taskinstance.py:2784} INFO - 0 downstream tasks scheduled from follow-on schedule check
