[2025-05-09T16:18:46.086+0000] {taskinstance.py:1159} INFO - Dependencies all met for dep_context=non-requeueable deps ti=<TaskInstance: fetch_transaction_data_and_upload_to_hdfs.update_hql_file manual__2025-05-09T16:18:43.658255+00:00 [queued]>
[2025-05-09T16:18:46.096+0000] {taskinstance.py:1159} INFO - Dependencies all met for dep_context=requeueable deps ti=<TaskInstance: fetch_transaction_data_and_upload_to_hdfs.update_hql_file manual__2025-05-09T16:18:43.658255+00:00 [queued]>
[2025-05-09T16:18:46.097+0000] {taskinstance.py:1361} INFO - Starting attempt 1 of 2
[2025-05-09T16:18:46.112+0000] {taskinstance.py:1382} INFO - Executing <Task(PythonOperator): update_hql_file> on 2025-05-09 16:18:43.658255+00:00
[2025-05-09T16:18:46.118+0000] {standard_task_runner.py:57} INFO - Started process 2639 to run task
[2025-05-09T16:18:46.123+0000] {standard_task_runner.py:84} INFO - Running: ['***', 'tasks', 'run', 'fetch_transaction_data_and_upload_to_hdfs', 'update_hql_file', 'manual__2025-05-09T16:18:43.658255+00:00', '--job-id', '51', '--raw', '--subdir', 'DAGS_FOLDER/ingestion.py', '--cfg-path', '/tmp/tmpc7m9qfyp']
[2025-05-09T16:18:46.127+0000] {standard_task_runner.py:85} INFO - Job 51: Subtask update_hql_file
[2025-05-09T16:18:46.185+0000] {task_command.py:415} INFO - Running <TaskInstance: fetch_transaction_data_and_upload_to_hdfs.update_hql_file manual__2025-05-09T16:18:43.658255+00:00 [running]> on host d4afc872a8aa
[2025-05-09T16:18:46.273+0000] {taskinstance.py:1660} INFO - Exporting env vars: AIRFLOW_CTX_DAG_OWNER='***' AIRFLOW_CTX_DAG_ID='fetch_transaction_data_and_upload_to_hdfs' AIRFLOW_CTX_TASK_ID='update_hql_file' AIRFLOW_CTX_EXECUTION_DATE='2025-05-09T16:18:43.658255+00:00' AIRFLOW_CTX_TRY_NUMBER='1' AIRFLOW_CTX_DAG_RUN_ID='manual__2025-05-09T16:18:43.658255+00:00'
[2025-05-09T16:18:46.276+0000] {ingestion.py:56} INFO - Starting update_hql_file task
[2025-05-09T16:18:46.276+0000] {ingestion.py:63} INFO - Execution date: 2025-05-08T00:00:00+00:00, Year: 2025, Month: 05, Day: 08
[2025-05-09T16:18:46.277+0000] {ingestion.py:70} INFO - Running sed command in hive container
[2025-05-09T16:18:46.369+0000] {ingestion.py:77} INFO - sed command stdout: , stderr: 
[2025-05-09T16:18:46.449+0000] {ingestion.py:86} INFO - Updated HQL content: -- -- Create external table for dim_customers
CREATE EXTERNAL TABLE IF NOT EXISTS dim_customers (
    Customer_ID STRING,
    Customer_Age STRING,
    Customer_Location STRING,
    Account_Age_Days STRING,
    Age_Group STRING
)
ROW FORMAT DELIMITED
FIELDS TERMINATED BY ','
STORED AS TEXTFILE
LOCATION 'hdfs://namenode:9000/user/root/datalake/dim_customers/YYYY=2025/MM=04/DD=30';


-- DIM: Payment
CREATE EXTERNAL TABLE IF NOT EXISTS dim_payment_methods (
    Payment_Method STRING,
    Payment_Method_ID STRING
)
ROW FORMAT DELIMITED
FIELDS TERMINATED BY ','
STORED AS TEXTFILE
LOCATION 'hdfs://namenode:9000/user/root/datalake/dim_payment_methods/YYYY=2025/MM=04/DD=30';


-- DIM: Product Category
CREATE EXTERNAL TABLE IF NOT EXISTS dim_product_categories (
    Product_Category STRING,
    Product_Category_ID STRING
)
ROW FORMAT DELIMITED
FIELDS TERMINATED BY ','
STORED AS TEXTFILE
LOCATION 'hdfs://namenode:9000/user/root/datalake/dim_product_categories/YYYY=2025/MM=04/DD=30';

-- DIM: Device
CREATE EXTERNAL TABLE IF NOT EXISTS dim_devices (
    Device_Type STRING,
    Device_ID STRING
)
ROW FORMAT DELIMITED
FIELDS TERMINATED BY ','
STORED AS TEXTFILE
LOCATION 'hdfs://namenode:9000/user/root/datalake/dim_devices/YYYY=2025/MM=04/DD=30';

-- DIM: Time
CREATE EXTERNAL TABLE IF NOT EXISTS dim_time (
    Time_ID TIMESTAMP,
    Transaction_Hour STRING,
    Transaction_DayOfWeek STRING,
    Transaction_Month STRING,
    Transaction_Year STRING
)
ROW FORMAT DELIMITED
FIELDS TERMINATED BY ','
STORED AS TEXTFILE
LOCATION 'hdfs://namenode:9000/user/root/datalake/dim_time/YYYY=2025/MM=04/DD=30';

-- FACT: Transactions
CREATE EXTERNAL TABLE IF NOT EXISTS fact_transactions (
    Transaction_ID STRING,
    Customer_ID STRING,
    Transaction_Amount STRING,
    Quantity STRING,
    Is_Fraudulent STRING,
    Transaction_Timestamp STRING,
    Payment_Method_ID STRING,
    Product_Category_ID STRING,
    Device_ID STRING
)
ROW FORMAT DELIMITED
FIELDS TERMINATED BY ','
STORED AS TEXTFILE
LOCATION 'hdfs://namenode:9000/user/root/datalake/fact_transactions/YYYY=2025/MM=04/DD=30';

[2025-05-09T16:18:46.450+0000] {python.py:194} INFO - Done. Returned value was: None
[2025-05-09T16:18:46.461+0000] {taskinstance.py:1400} INFO - Marking task as SUCCESS. dag_id=fetch_transaction_data_and_upload_to_hdfs, task_id=update_hql_file, execution_date=20250509T161843, start_date=20250509T161846, end_date=20250509T161846
[2025-05-09T16:18:46.497+0000] {local_task_job_runner.py:228} INFO - Task exited with return code 0
[2025-05-09T16:18:46.521+0000] {taskinstance.py:2784} INFO - 1 downstream tasks scheduled from follow-on schedule check
