[2025-05-10T01:53:21.292+0000] {taskinstance.py:1159} INFO - Dependencies all met for dep_context=non-requeueable deps ti=<TaskInstance: fetch_transaction_data_and_upload_to_hdfs.upload_to_hdfs scheduled__2025-05-09T00:00:00+00:00 [queued]>
[2025-05-10T01:53:21.302+0000] {taskinstance.py:1159} INFO - Dependencies all met for dep_context=requeueable deps ti=<TaskInstance: fetch_transaction_data_and_upload_to_hdfs.upload_to_hdfs scheduled__2025-05-09T00:00:00+00:00 [queued]>
[2025-05-10T01:53:21.303+0000] {taskinstance.py:1361} INFO - Starting attempt 1 of 2
[2025-05-10T01:53:21.322+0000] {taskinstance.py:1382} INFO - Executing <Task(PythonOperator): upload_to_hdfs> on 2025-05-09 00:00:00+00:00
[2025-05-10T01:53:21.329+0000] {standard_task_runner.py:57} INFO - Started process 9020 to run task
[2025-05-10T01:53:21.332+0000] {standard_task_runner.py:84} INFO - Running: ['***', 'tasks', 'run', 'fetch_transaction_data_and_upload_to_hdfs', 'upload_to_hdfs', 'scheduled__2025-05-09T00:00:00+00:00', '--job-id', '147', '--raw', '--subdir', 'DAGS_FOLDER/ETL.py', '--cfg-path', '/tmp/tmp_x1x7p5j']
[2025-05-10T01:53:21.335+0000] {standard_task_runner.py:85} INFO - Job 147: Subtask upload_to_hdfs
[2025-05-10T01:53:21.387+0000] {task_command.py:415} INFO - Running <TaskInstance: fetch_transaction_data_and_upload_to_hdfs.upload_to_hdfs scheduled__2025-05-09T00:00:00+00:00 [running]> on host d4afc872a8aa
[2025-05-10T01:53:21.484+0000] {taskinstance.py:1660} INFO - Exporting env vars: AIRFLOW_CTX_DAG_OWNER='***' AIRFLOW_CTX_DAG_ID='fetch_transaction_data_and_upload_to_hdfs' AIRFLOW_CTX_TASK_ID='upload_to_hdfs' AIRFLOW_CTX_EXECUTION_DATE='2025-05-09T00:00:00+00:00' AIRFLOW_CTX_TRY_NUMBER='1' AIRFLOW_CTX_DAG_RUN_ID='scheduled__2025-05-09T00:00:00+00:00'
[2025-05-10T01:53:26.030+0000] {python.py:194} INFO - Done. Returned value was: None
[2025-05-10T01:53:26.059+0000] {taskinstance.py:1400} INFO - Marking task as SUCCESS. dag_id=fetch_transaction_data_and_upload_to_hdfs, task_id=upload_to_hdfs, execution_date=20250509T000000, start_date=20250510T015321, end_date=20250510T015326
[2025-05-10T01:53:26.132+0000] {local_task_job_runner.py:228} INFO - Task exited with return code 0
[2025-05-10T01:53:26.202+0000] {taskinstance.py:2784} INFO - 0 downstream tasks scheduled from follow-on schedule check
[2025-05-10T12:06:52.659+0000] {taskinstance.py:1159} INFO - Dependencies all met for dep_context=non-requeueable deps ti=<TaskInstance: fetch_transaction_data_and_upload_to_hdfs.upload_to_hdfs scheduled__2025-05-09T00:00:00+00:00 [queued]>
[2025-05-10T12:06:52.670+0000] {taskinstance.py:1159} INFO - Dependencies all met for dep_context=requeueable deps ti=<TaskInstance: fetch_transaction_data_and_upload_to_hdfs.upload_to_hdfs scheduled__2025-05-09T00:00:00+00:00 [queued]>
[2025-05-10T12:06:52.671+0000] {taskinstance.py:1361} INFO - Starting attempt 1 of 2
[2025-05-10T12:06:52.689+0000] {taskinstance.py:1382} INFO - Executing <Task(PythonOperator): upload_to_hdfs> on 2025-05-09 00:00:00+00:00
[2025-05-10T12:06:52.696+0000] {standard_task_runner.py:57} INFO - Started process 204 to run task
[2025-05-10T12:06:52.699+0000] {standard_task_runner.py:84} INFO - Running: ['***', 'tasks', 'run', 'fetch_transaction_data_and_upload_to_hdfs', 'upload_to_hdfs', 'scheduled__2025-05-09T00:00:00+00:00', '--job-id', '5', '--raw', '--subdir', 'DAGS_FOLDER/ETL.py', '--cfg-path', '/tmp/tmp5we8ddpn']
[2025-05-10T12:06:52.702+0000] {standard_task_runner.py:85} INFO - Job 5: Subtask upload_to_hdfs
[2025-05-10T12:06:52.759+0000] {task_command.py:415} INFO - Running <TaskInstance: fetch_transaction_data_and_upload_to_hdfs.upload_to_hdfs scheduled__2025-05-09T00:00:00+00:00 [running]> on host e4f7794789ac
[2025-05-10T12:06:53.001+0000] {taskinstance.py:1660} INFO - Exporting env vars: AIRFLOW_CTX_DAG_OWNER='***' AIRFLOW_CTX_DAG_ID='fetch_transaction_data_and_upload_to_hdfs' AIRFLOW_CTX_TASK_ID='upload_to_hdfs' AIRFLOW_CTX_EXECUTION_DATE='2025-05-09T00:00:00+00:00' AIRFLOW_CTX_TRY_NUMBER='1' AIRFLOW_CTX_DAG_RUN_ID='scheduled__2025-05-09T00:00:00+00:00'
[2025-05-10T12:07:00.341+0000] {python.py:194} INFO - Done. Returned value was: None
[2025-05-10T12:07:00.356+0000] {taskinstance.py:1400} INFO - Marking task as SUCCESS. dag_id=fetch_transaction_data_and_upload_to_hdfs, task_id=upload_to_hdfs, execution_date=20250509T000000, start_date=20250510T120652, end_date=20250510T120700
[2025-05-10T12:07:00.415+0000] {local_task_job_runner.py:228} INFO - Task exited with return code 0
[2025-05-10T12:07:00.442+0000] {taskinstance.py:2784} INFO - 2 downstream tasks scheduled from follow-on schedule check
