[2025-05-23T08:05:50.757+0000] {taskinstance.py:1159} INFO - Dependencies all met for dep_context=non-requeueable deps ti=<TaskInstance: fetch_transaction_data_and_upload_to_hdfs.check_hdfs_and_train_model scheduled__2025-05-22T00:00:00+00:00 [queued]>
[2025-05-23T08:05:50.772+0000] {taskinstance.py:1159} INFO - Dependencies all met for dep_context=requeueable deps ti=<TaskInstance: fetch_transaction_data_and_upload_to_hdfs.check_hdfs_and_train_model scheduled__2025-05-22T00:00:00+00:00 [queued]>
[2025-05-23T08:05:50.773+0000] {taskinstance.py:1361} INFO - Starting attempt 1 of 2
[2025-05-23T08:05:50.790+0000] {taskinstance.py:1382} INFO - Executing <Task(PythonOperator): check_hdfs_and_train_model> on 2025-05-22 00:00:00+00:00
[2025-05-23T08:05:50.797+0000] {standard_task_runner.py:57} INFO - Started process 12016 to run task
[2025-05-23T08:05:50.801+0000] {standard_task_runner.py:84} INFO - Running: ['***', 'tasks', 'run', 'fetch_transaction_data_and_upload_to_hdfs', 'check_hdfs_and_train_model', 'scheduled__2025-05-22T00:00:00+00:00', '--job-id', '29', '--raw', '--subdir', 'DAGS_FOLDER/ETL.py', '--cfg-path', '/tmp/tmpum85yfie']
[2025-05-23T08:05:50.806+0000] {standard_task_runner.py:85} INFO - Job 29: Subtask check_hdfs_and_train_model
[2025-05-23T08:05:50.866+0000] {task_command.py:415} INFO - Running <TaskInstance: fetch_transaction_data_and_upload_to_hdfs.check_hdfs_and_train_model scheduled__2025-05-22T00:00:00+00:00 [running]> on host cb5b79c23ad2
[2025-05-23T08:05:51.185+0000] {taskinstance.py:1660} INFO - Exporting env vars: AIRFLOW_CTX_DAG_OWNER='***' AIRFLOW_CTX_DAG_ID='fetch_transaction_data_and_upload_to_hdfs' AIRFLOW_CTX_TASK_ID='check_hdfs_and_train_model' AIRFLOW_CTX_EXECUTION_DATE='2025-05-22T00:00:00+00:00' AIRFLOW_CTX_TRY_NUMBER='1' AIRFLOW_CTX_DAG_RUN_ID='scheduled__2025-05-22T00:00:00+00:00'
[2025-05-23T08:05:53.156+0000] {logging_mixin.py:151} INFO - ✅ Model already exists at hdfs://namenode:9000/user/root/model/fraud_detection. Skipping training.
[2025-05-23T08:05:53.157+0000] {taskinstance.py:1542} INFO - Model already exists in HDFS.
[2025-05-23T08:05:53.171+0000] {taskinstance.py:1400} INFO - Marking task as SKIPPED. dag_id=fetch_transaction_data_and_upload_to_hdfs, task_id=check_hdfs_and_train_model, execution_date=20250522T000000, start_date=20250523T080550, end_date=20250523T080553
[2025-05-23T08:05:53.238+0000] {local_task_job_runner.py:228} INFO - Task exited with return code 0
[2025-05-23T08:05:53.260+0000] {taskinstance.py:2784} INFO - 0 downstream tasks scheduled from follow-on schedule check
[2025-05-23T09:22:04.098+0000] {taskinstance.py:1159} INFO - Dependencies all met for dep_context=non-requeueable deps ti=<TaskInstance: fetch_transaction_data_and_upload_to_hdfs.check_hdfs_and_train_model scheduled__2025-05-22T00:00:00+00:00 [queued]>
[2025-05-23T09:22:04.116+0000] {taskinstance.py:1159} INFO - Dependencies all met for dep_context=requeueable deps ti=<TaskInstance: fetch_transaction_data_and_upload_to_hdfs.check_hdfs_and_train_model scheduled__2025-05-22T00:00:00+00:00 [queued]>
[2025-05-23T09:22:04.117+0000] {taskinstance.py:1361} INFO - Starting attempt 1 of 2
[2025-05-23T09:22:04.143+0000] {taskinstance.py:1382} INFO - Executing <Task(PythonOperator): check_hdfs_and_train_model> on 2025-05-22 00:00:00+00:00
[2025-05-23T09:22:04.156+0000] {standard_task_runner.py:57} INFO - Started process 259 to run task
[2025-05-23T09:22:04.162+0000] {standard_task_runner.py:84} INFO - Running: ['***', 'tasks', 'run', 'fetch_transaction_data_and_upload_to_hdfs', 'check_hdfs_and_train_model', 'scheduled__2025-05-22T00:00:00+00:00', '--job-id', '7', '--raw', '--subdir', 'DAGS_FOLDER/ETL.py', '--cfg-path', '/tmp/tmpuq_c38ew']
[2025-05-23T09:22:04.168+0000] {standard_task_runner.py:85} INFO - Job 7: Subtask check_hdfs_and_train_model
[2025-05-23T09:22:04.262+0000] {task_command.py:415} INFO - Running <TaskInstance: fetch_transaction_data_and_upload_to_hdfs.check_hdfs_and_train_model scheduled__2025-05-22T00:00:00+00:00 [running]> on host 6c702459c558
[2025-05-23T09:22:04.649+0000] {taskinstance.py:1660} INFO - Exporting env vars: AIRFLOW_CTX_DAG_OWNER='***' AIRFLOW_CTX_DAG_ID='fetch_transaction_data_and_upload_to_hdfs' AIRFLOW_CTX_TASK_ID='check_hdfs_and_train_model' AIRFLOW_CTX_EXECUTION_DATE='2025-05-22T00:00:00+00:00' AIRFLOW_CTX_TRY_NUMBER='1' AIRFLOW_CTX_DAG_RUN_ID='scheduled__2025-05-22T00:00:00+00:00'
[2025-05-23T09:22:09.974+0000] {logging_mixin.py:151} INFO - ✅ Model already exists at hdfs://namenode:9000/user/root/model/fraud_detection. Skipping training.
[2025-05-23T09:22:09.980+0000] {taskinstance.py:1542} INFO - Model already exists in HDFS.
[2025-05-23T09:22:10.025+0000] {taskinstance.py:1400} INFO - Marking task as SKIPPED. dag_id=fetch_transaction_data_and_upload_to_hdfs, task_id=check_hdfs_and_train_model, execution_date=20250522T000000, start_date=20250523T092204, end_date=20250523T092210
[2025-05-23T09:22:10.221+0000] {local_task_job_runner.py:228} INFO - Task exited with return code 0
[2025-05-23T09:22:10.313+0000] {taskinstance.py:2784} INFO - 0 downstream tasks scheduled from follow-on schedule check
