[2025-05-24T13:35:29.533+0000] {taskinstance.py:1159} INFO - Dependencies all met for dep_context=non-requeueable deps ti=<TaskInstance: fetch_transaction_data_and_upload_to_hdfs.run_superset_dashboard manual__2025-05-24T13:28:40.655570+00:00 [queued]>
[2025-05-24T13:35:29.543+0000] {taskinstance.py:1159} INFO - Dependencies all met for dep_context=requeueable deps ti=<TaskInstance: fetch_transaction_data_and_upload_to_hdfs.run_superset_dashboard manual__2025-05-24T13:28:40.655570+00:00 [queued]>
[2025-05-24T13:35:29.544+0000] {taskinstance.py:1361} INFO - Starting attempt 1 of 2
[2025-05-24T13:35:29.558+0000] {taskinstance.py:1382} INFO - Executing <Task(BashOperator): run_superset_dashboard> on 2025-05-24 13:28:40.655570+00:00
[2025-05-24T13:35:29.565+0000] {standard_task_runner.py:57} INFO - Started process 554 to run task
[2025-05-24T13:35:29.568+0000] {standard_task_runner.py:84} INFO - Running: ['***', 'tasks', 'run', 'fetch_transaction_data_and_upload_to_hdfs', 'run_superset_dashboard', 'manual__2025-05-24T13:28:40.655570+00:00', '--job-id', '16', '--raw', '--subdir', 'DAGS_FOLDER/ETL.py', '--cfg-path', '/tmp/tmpg2bgjqk3']
[2025-05-24T13:35:29.571+0000] {standard_task_runner.py:85} INFO - Job 16: Subtask run_superset_dashboard
[2025-05-24T13:35:29.619+0000] {task_command.py:415} INFO - Running <TaskInstance: fetch_transaction_data_and_upload_to_hdfs.run_superset_dashboard manual__2025-05-24T13:28:40.655570+00:00 [running]> on host 1be44660cb93
[2025-05-24T13:35:29.822+0000] {taskinstance.py:1660} INFO - Exporting env vars: AIRFLOW_CTX_DAG_OWNER='***' AIRFLOW_CTX_DAG_ID='fetch_transaction_data_and_upload_to_hdfs' AIRFLOW_CTX_TASK_ID='run_superset_dashboard' AIRFLOW_CTX_EXECUTION_DATE='2025-05-24T13:28:40.655570+00:00' AIRFLOW_CTX_TRY_NUMBER='1' AIRFLOW_CTX_DAG_RUN_ID='manual__2025-05-24T13:28:40.655570+00:00'
[2025-05-24T13:35:29.824+0000] {subprocess.py:63} INFO - Tmp dir root location: /tmp
[2025-05-24T13:35:29.826+0000] {subprocess.py:75} INFO - Running command: ['/bin/bash', '-c', 'docker exec superset python /app/dashboard/step1_connection_db.py && docker exec superset python /app/dashboard/step2_creation_of_datasets.py && docker exec superset python /app/dashboard/step3_create_charts.py && docker exec superset python /app/dashboard/step4_create_dashbord.py']
[2025-05-24T13:35:29.839+0000] {subprocess.py:86} INFO - Output:
[2025-05-24T13:35:33.760+0000] {subprocess.py:93} INFO - ✅ Login successful.
[2025-05-24T13:35:33.760+0000] {subprocess.py:93} INFO - Access Token: eyJhbGciOiJIUzI1NiIsInR5cCI6IkpXVCJ9.eyJmcmVzaCI6dHJ1ZSwiaWF0IjoxNzQ4MDkzNzMwLCJqdGkiOiI2NmUyNjhmNS0zZTFmLTQwOWQtYTYwZC03MmJmY2M4YjlhMjkiLCJ0eXBlIjoiYWNjZXNzIiwic3ViIjoxLCJuYmYiOjE3NDgwOTM3MzAsImNzcmYiOiJlMDIwZGE4Yi0wYzFjLTRhZjEtYWY3Zi05N2I2Yjc2MDc2YjciLCJleHAiOjE3NDgwOTQ2MzB9.-biP15ILV0SNoVPTN9Xoj_um12ugHZFfg8-W7xw-SFw
[2025-05-24T13:35:33.761+0000] {subprocess.py:93} INFO - ✅ CSRF token received:
[2025-05-24T13:35:33.762+0000] {subprocess.py:93} INFO - ImYzNzJmMDc2N2M5MjJmNDk1YzFhZGVkMWVkZWIyYjU5YTZlMWRkZmUi.aDHLIg.wUI8EeCU-RU619PSRSeg6-Xilks
[2025-05-24T13:35:33.762+0000] {subprocess.py:93} INFO - Status: 422
[2025-05-24T13:35:33.762+0000] {subprocess.py:93} INFO - Response: {"message":"Database could not be created."}
[2025-05-24T13:35:33.763+0000] {subprocess.py:93} INFO - 
[2025-05-24T13:37:18.414+0000] {subprocess.py:93} INFO - ✅ Logged in successfully
[2025-05-24T13:37:18.415+0000] {subprocess.py:93} INFO - ✅ CSRF token retrieved
[2025-05-24T13:37:18.416+0000] {subprocess.py:93} INFO - ✅ Hive Warehouse database ID: 1
[2025-05-24T13:37:18.417+0000] {subprocess.py:93} INFO - ✅ Dataset 'Distribution of Payment Methods' created successfully. ID: 1
[2025-05-24T13:37:18.417+0000] {subprocess.py:93} INFO - ✅ Dataset 'Transaction Volume by Device Type' created successfully. ID: 2
[2025-05-24T13:37:18.418+0000] {subprocess.py:93} INFO - ✅ Dataset 'Average Transaction Amount by Customer Age Group' created successfully. ID: 3
[2025-05-24T13:37:18.418+0000] {subprocess.py:93} INFO - ✅ Dataset 'Number of Transactions by Month' created successfully. ID: 4
[2025-05-24T13:37:18.418+0000] {subprocess.py:93} INFO - ✅ Dataset 'Proportion of Fraudulent Transactions' created successfully. ID: 5
[2025-05-24T13:37:18.419+0000] {subprocess.py:93} INFO - ✅ Dataset 'Total Transaction Amount by Product Category' created successfully. ID: 6
[2025-05-24T13:37:25.722+0000] {subprocess.py:93} INFO - 🔐 Authenticating with Superset...
[2025-05-24T13:37:25.723+0000] {subprocess.py:93} INFO - ✅ Authentication successful
[2025-05-24T13:37:25.723+0000] {subprocess.py:93} INFO - 
[2025-05-24T13:37:25.723+0000] {subprocess.py:93} INFO - 🚀 Starting dashboard creation process...
[2025-05-24T13:37:25.724+0000] {subprocess.py:93} INFO - 📊 Charts to create: 6
[2025-05-24T13:37:25.724+0000] {subprocess.py:93} INFO - 🏗️ Dashboard name: Transaction Analytics Dashboard
[2025-05-24T13:37:25.724+0000] {subprocess.py:93} INFO - ==================================================
[2025-05-24T13:37:25.725+0000] {subprocess.py:93} INFO - 📊 Creating chart: Fraud Detection Overview
[2025-05-24T13:37:25.725+0000] {subprocess.py:93} INFO - ✅ Chart 'Fraud Detection Overview' created (ID: 3)
[2025-05-24T13:37:25.725+0000] {subprocess.py:93} INFO - 📊 Creating chart: Number of Transactions by Month
[2025-05-24T13:37:25.726+0000] {subprocess.py:93} INFO - ✅ Chart 'Number of Transactions by Month' created (ID: 5)
[2025-05-24T13:37:25.726+0000] {subprocess.py:93} INFO - 📊 Creating chart: Average Transaction Amount by Age Group
[2025-05-24T13:37:25.727+0000] {subprocess.py:93} INFO - ✅ Chart 'Average Transaction Amount by Age Group' created (ID: 6)
[2025-05-24T13:37:25.727+0000] {subprocess.py:93} INFO - 📊 Creating chart: Distribution of Payment Methods
[2025-05-24T13:37:25.727+0000] {subprocess.py:93} INFO - ✅ Chart 'Distribution of Payment Methods' created (ID: 7)
[2025-05-24T13:37:25.728+0000] {subprocess.py:93} INFO - 📊 Creating chart: Transaction Volume by Device Type
[2025-05-24T13:37:25.728+0000] {subprocess.py:93} INFO - ✅ Chart 'Transaction Volume by Device Type' created (ID: 8)
[2025-05-24T13:37:25.728+0000] {subprocess.py:93} INFO - 📊 Creating chart: Revenue by Product Category
[2025-05-24T13:37:25.728+0000] {subprocess.py:93} INFO - ✅ Chart 'Revenue by Product Category' created (ID: 9)
[2025-05-24T13:37:25.729+0000] {subprocess.py:93} INFO - 
[2025-05-24T13:37:25.729+0000] {subprocess.py:93} INFO - 📈 Successfully created 6 out of 6 charts
[2025-05-24T13:37:27.012+0000] {subprocess.py:93} INFO - 🔐 Authenticating with Superset...
[2025-05-24T13:37:27.013+0000] {subprocess.py:93} INFO - ✅ Authentication successful
[2025-05-24T13:37:27.015+0000] {subprocess.py:93} INFO - 
[2025-05-24T13:37:27.016+0000] {subprocess.py:93} INFO - 🔍 Searching for charts by name...
[2025-05-24T13:37:27.016+0000] {subprocess.py:93} INFO - ✅ Found chart 'Fraud Detection Overview' - ID: 3
[2025-05-24T13:37:27.016+0000] {subprocess.py:93} INFO - ✅ Found chart 'Number of Transactions by Month' - ID: 5
[2025-05-24T13:37:27.016+0000] {subprocess.py:93} INFO - ✅ Found chart 'Average Transaction Amount by Age Group' - ID: 1
[2025-05-24T13:37:27.017+0000] {subprocess.py:93} INFO - ✅ Found chart 'Distribution of Payment Methods' - ID: 7
[2025-05-24T13:37:27.017+0000] {subprocess.py:93} INFO - ✅ Found chart 'Transaction Volume by Device Type' - ID: 8
[2025-05-24T13:37:27.017+0000] {subprocess.py:93} INFO - ✅ Found chart 'Revenue by Product Category' - ID: 9
[2025-05-24T13:37:27.018+0000] {subprocess.py:93} INFO - 
[2025-05-24T13:37:27.018+0000] {subprocess.py:93} INFO - 🚀 Creating dashboard '📊 Fraud Detection Dashboard'...
[2025-05-24T13:37:27.018+0000] {subprocess.py:93} INFO - ✅ Dashboard '📊 Fraud Detection Dashboard' created successfully! ID: 2
[2025-05-24T13:37:27.018+0000] {subprocess.py:93} INFO - 🔗 Adding 6 charts to the dashboard...
[2025-05-24T13:37:27.019+0000] {subprocess.py:93} INFO - [1/6] Updating chart 3 to add to dashboard 2...
[2025-05-24T13:37:27.019+0000] {subprocess.py:93} INFO - ✅ Chart 3 added to dashboard 2
[2025-05-24T13:37:27.020+0000] {subprocess.py:93} INFO - [2/6] Updating chart 5 to add to dashboard 2...
[2025-05-24T13:37:27.020+0000] {subprocess.py:93} INFO - ✅ Chart 5 added to dashboard 2
[2025-05-24T13:37:27.020+0000] {subprocess.py:93} INFO - [3/6] Updating chart 1 to add to dashboard 2...
[2025-05-24T13:37:27.021+0000] {subprocess.py:93} INFO - ✅ Chart 1 added to dashboard 2
[2025-05-24T13:37:27.021+0000] {subprocess.py:93} INFO - [4/6] Updating chart 7 to add to dashboard 2...
[2025-05-24T13:37:27.021+0000] {subprocess.py:93} INFO - ✅ Chart 7 added to dashboard 2
[2025-05-24T13:37:27.022+0000] {subprocess.py:93} INFO - [5/6] Updating chart 8 to add to dashboard 2...
[2025-05-24T13:37:27.022+0000] {subprocess.py:93} INFO - ✅ Chart 8 added to dashboard 2
[2025-05-24T13:37:27.022+0000] {subprocess.py:93} INFO - [6/6] Updating chart 9 to add to dashboard 2...
[2025-05-24T13:37:27.022+0000] {subprocess.py:93} INFO - ✅ Chart 9 added to dashboard 2
[2025-05-24T13:37:27.023+0000] {subprocess.py:93} INFO - ✅ All charts added to dashboard 2
[2025-05-24T13:37:27.023+0000] {subprocess.py:93} INFO - 🔗 View dashboard at: http://localhost:8088/superset/dashboard/2/
[2025-05-24T13:37:27.023+0000] {subprocess.py:93} INFO - 
[2025-05-24T13:37:27.023+0000] {subprocess.py:93} INFO - 🎉 Dashboard created successfully!
[2025-05-24T13:37:27.024+0000] {subprocess.py:93} INFO -    🔗 Dashboard URL: http://localhost:8088/superset/dashboard/2/
[2025-05-24T13:37:27.045+0000] {subprocess.py:97} INFO - Command exited with return code 0
[2025-05-24T13:37:27.080+0000] {taskinstance.py:1400} INFO - Marking task as SUCCESS. dag_id=fetch_transaction_data_and_upload_to_hdfs, task_id=run_superset_dashboard, execution_date=20250524T132840, start_date=20250524T133529, end_date=20250524T133727
[2025-05-24T13:37:27.148+0000] {local_task_job_runner.py:228} INFO - Task exited with return code 0
[2025-05-24T13:37:27.170+0000] {taskinstance.py:2784} INFO - 0 downstream tasks scheduled from follow-on schedule check
