[2025-05-09T17:46:57.850+0000] {taskinstance.py:1159} INFO - Dependencies all met for dep_context=non-requeueable deps ti=<TaskInstance: fetch_transaction_data_and_upload_to_hdfs.run_hive_command manual__2025-05-09T17:46:54.018372+00:00 [queued]>
[2025-05-09T17:46:57.860+0000] {taskinstance.py:1159} INFO - Dependencies all met for dep_context=requeueable deps ti=<TaskInstance: fetch_transaction_data_and_upload_to_hdfs.run_hive_command manual__2025-05-09T17:46:54.018372+00:00 [queued]>
[2025-05-09T17:46:57.861+0000] {taskinstance.py:1361} INFO - Starting attempt 1 of 2
[2025-05-09T17:46:57.876+0000] {taskinstance.py:1382} INFO - Executing <Task(BashOperator): run_hive_command> on 2025-05-09 17:46:54.018372+00:00
[2025-05-09T17:46:57.881+0000] {standard_task_runner.py:57} INFO - Started process 4453 to run task
[2025-05-09T17:46:57.884+0000] {standard_task_runner.py:84} INFO - Running: ['***', 'tasks', 'run', 'fetch_transaction_data_and_upload_to_hdfs', 'run_hive_command', 'manual__2025-05-09T17:46:54.018372+00:00', '--job-id', '80', '--raw', '--subdir', 'DAGS_FOLDER/ingestion.py', '--cfg-path', '/tmp/tmppz0kzdq7']
[2025-05-09T17:46:57.889+0000] {standard_task_runner.py:85} INFO - Job 80: Subtask run_hive_command
[2025-05-09T17:46:57.941+0000] {task_command.py:415} INFO - Running <TaskInstance: fetch_transaction_data_and_upload_to_hdfs.run_hive_command manual__2025-05-09T17:46:54.018372+00:00 [running]> on host d4afc872a8aa
[2025-05-09T17:46:58.033+0000] {taskinstance.py:1660} INFO - Exporting env vars: AIRFLOW_CTX_DAG_OWNER='***' AIRFLOW_CTX_DAG_ID='fetch_transaction_data_and_upload_to_hdfs' AIRFLOW_CTX_TASK_ID='run_hive_command' AIRFLOW_CTX_EXECUTION_DATE='2025-05-09T17:46:54.018372+00:00' AIRFLOW_CTX_TRY_NUMBER='1' AIRFLOW_CTX_DAG_RUN_ID='manual__2025-05-09T17:46:54.018372+00:00'
[2025-05-09T17:46:58.035+0000] {subprocess.py:63} INFO - Tmp dir root location: /tmp
[2025-05-09T17:46:58.036+0000] {subprocess.py:75} INFO - Running command: ['/bin/bash', '-c', 'docker exec -it striming_processing-postgres-1 psql -U *** -d *** -c "CREATE database metastore_db ;" &&          docker exec hive schematool -initSchema -dbType postgres &&          docker exec hive hive -f query.hql']
[2025-05-09T17:46:58.047+0000] {subprocess.py:86} INFO - Output:
[2025-05-09T17:46:58.077+0000] {subprocess.py:93} INFO - the input device is not a TTY
[2025-05-09T17:46:58.078+0000] {subprocess.py:97} INFO - Command exited with return code 1
[2025-05-09T17:46:58.088+0000] {taskinstance.py:1943} ERROR - Task failed with exception
Traceback (most recent call last):
  File "/home/airflow/.local/lib/python3.9/site-packages/airflow/operators/bash.py", line 210, in execute
    raise AirflowException(
airflow.exceptions.AirflowException: Bash command failed. The command returned a non-zero exit code 1.
[2025-05-09T17:46:58.094+0000] {taskinstance.py:1400} INFO - Marking task as UP_FOR_RETRY. dag_id=fetch_transaction_data_and_upload_to_hdfs, task_id=run_hive_command, execution_date=20250509T174654, start_date=20250509T174657, end_date=20250509T174658
[2025-05-09T17:46:58.108+0000] {standard_task_runner.py:104} ERROR - Failed to execute job 80 for task run_hive_command (Bash command failed. The command returned a non-zero exit code 1.; 4453)
[2025-05-09T17:46:58.141+0000] {local_task_job_runner.py:228} INFO - Task exited with return code 1
[2025-05-09T17:46:58.165+0000] {taskinstance.py:2784} INFO - 0 downstream tasks scheduled from follow-on schedule check
