[2025-03-16T20:53:18.710+0000] {taskinstance.py:1159} INFO - Dependencies all met for dep_context=non-requeueable deps ti=<TaskInstance: fetch_transaction_data_and_upload_to_hdfs.upload_to_hdfs manual__2025-03-16T20:53:10.114272+00:00 [queued]>
[2025-03-16T20:53:18.722+0000] {taskinstance.py:1159} INFO - Dependencies all met for dep_context=requeueable deps ti=<TaskInstance: fetch_transaction_data_and_upload_to_hdfs.upload_to_hdfs manual__2025-03-16T20:53:10.114272+00:00 [queued]>
[2025-03-16T20:53:18.723+0000] {taskinstance.py:1361} INFO - Starting attempt 1 of 2
[2025-03-16T20:53:18.741+0000] {taskinstance.py:1382} INFO - Executing <Task(PythonOperator): upload_to_hdfs> on 2025-03-16 20:53:10.114272+00:00
[2025-03-16T20:53:18.753+0000] {standard_task_runner.py:57} INFO - Started process 6825 to run task
[2025-03-16T20:53:18.758+0000] {standard_task_runner.py:84} INFO - Running: ['***', 'tasks', 'run', 'fetch_transaction_data_and_upload_to_hdfs', 'upload_to_hdfs', 'manual__2025-03-16T20:53:10.114272+00:00', '--job-id', '11', '--raw', '--subdir', 'DAGS_FOLDER/ingestion.py', '--cfg-path', '/tmp/tmpzneb4s0o']
[2025-03-16T20:53:18.762+0000] {standard_task_runner.py:85} INFO - Job 11: Subtask upload_to_hdfs
[2025-03-16T20:53:18.816+0000] {task_command.py:415} INFO - Running <TaskInstance: fetch_transaction_data_and_upload_to_hdfs.upload_to_hdfs manual__2025-03-16T20:53:10.114272+00:00 [running]> on host f96d41f21333
[2025-03-16T20:53:19.108+0000] {taskinstance.py:1660} INFO - Exporting env vars: AIRFLOW_CTX_DAG_OWNER='***' AIRFLOW_CTX_DAG_ID='fetch_transaction_data_and_upload_to_hdfs' AIRFLOW_CTX_TASK_ID='upload_to_hdfs' AIRFLOW_CTX_EXECUTION_DATE='2025-03-16T20:53:10.114272+00:00' AIRFLOW_CTX_TRY_NUMBER='1' AIRFLOW_CTX_DAG_RUN_ID='manual__2025-03-16T20:53:10.114272+00:00'
[2025-03-16T20:53:36.489+0000] {taskinstance.py:1943} ERROR - Task failed with exception
Traceback (most recent call last):
  File "/home/airflow/.local/lib/python3.9/site-packages/airflow/operators/python.py", line 192, in execute
    return_value = self.execute_callable()
  File "/home/airflow/.local/lib/python3.9/site-packages/airflow/operators/python.py", line 209, in execute_callable
    return self.python_callable(*self.op_args, **self.op_kwargs)
  File "/opt/airflow/dags/ingestion.py", line 50, in upload_to_hdfs
    raise Exception(f"Command failed: {bash_command}\nError: {result.stderr}")
Exception: Command failed: docker cp /tmp/transaction_data.csv namenode:/tmp/transaction_data.csv &&docker exec namenode bash -c "hdfs dfs -mkdir -p /user/root/transactions/YYYY=2025/MM=03/DD=16 && hdfs dfs -put -f /tmp/transaction_data.csv /user/root/transactions/YYYY=2025/MM=03/DD=16/transaction_data.csv"
Error: 2025-03-16 20:53:35,938 WARN hdfs.DataStreamer: DataStreamer Exception
java.nio.channels.UnresolvedAddressException
	at sun.nio.ch.Net.checkAddress(Net.java:101)
	at sun.nio.ch.SocketChannelImpl.connect(SocketChannelImpl.java:622)
	at org.apache.hadoop.net.SocketIOWithTimeout.connect(SocketIOWithTimeout.java:192)
	at org.apache.hadoop.net.NetUtils.connect(NetUtils.java:533)
	at org.apache.hadoop.hdfs.DataStreamer.createSocketForPipeline(DataStreamer.java:253)
	at org.apache.hadoop.hdfs.DataStreamer.createBlockOutputStream(DataStreamer.java:1725)
	at org.apache.hadoop.hdfs.DataStreamer.nextBlockOutputStream(DataStreamer.java:1679)
	at org.apache.hadoop.hdfs.DataStreamer.run(DataStreamer.java:716)
put: java.nio.channels.UnresolvedAddressException

[2025-03-16T20:53:36.509+0000] {taskinstance.py:1400} INFO - Marking task as UP_FOR_RETRY. dag_id=fetch_transaction_data_and_upload_to_hdfs, task_id=upload_to_hdfs, execution_date=20250316T205310, start_date=20250316T205318, end_date=20250316T205336
[2025-03-16T20:53:36.526+0000] {standard_task_runner.py:104} ERROR - Failed to execute job 11 for task upload_to_hdfs (Command failed: docker cp /tmp/transaction_data.csv namenode:/tmp/transaction_data.csv &&docker exec namenode bash -c "hdfs dfs -mkdir -p /user/root/transactions/YYYY=2025/MM=03/DD=16 && hdfs dfs -put -f /tmp/transaction_data.csv /user/root/transactions/YYYY=2025/MM=03/DD=16/transaction_data.csv"
Error: 2025-03-16 20:53:35,938 WARN hdfs.DataStreamer: DataStreamer Exception
java.nio.channels.UnresolvedAddressException
	at sun.nio.ch.Net.checkAddress(Net.java:101)
	at sun.nio.ch.SocketChannelImpl.connect(SocketChannelImpl.java:622)
	at org.apache.hadoop.net.SocketIOWithTimeout.connect(SocketIOWithTimeout.java:192)
	at org.apache.hadoop.net.NetUtils.connect(NetUtils.java:533)
	at org.apache.hadoop.hdfs.DataStreamer.createSocketForPipeline(DataStreamer.java:253)
	at org.apache.hadoop.hdfs.DataStreamer.createBlockOutputStream(DataStreamer.java:1725)
	at org.apache.hadoop.hdfs.DataStreamer.nextBlockOutputStream(DataStreamer.java:1679)
	at org.apache.hadoop.hdfs.DataStreamer.run(DataStreamer.java:716)
put: java.nio.channels.UnresolvedAddressException
; 6825)
[2025-03-16T20:53:36.545+0000] {local_task_job_runner.py:228} INFO - Task exited with return code 1
[2025-03-16T20:53:36.571+0000] {taskinstance.py:2784} INFO - 0 downstream tasks scheduled from follow-on schedule check
