[2025-05-09T17:50:14.316+0000] {taskinstance.py:1159} INFO - Dependencies all met for dep_context=non-requeueable deps ti=<TaskInstance: fetch_transaction_data_and_upload_to_hdfs.run_spark_modelisation_command manual__2025-05-09T17:46:54.018372+00:00 [queued]>
[2025-05-09T17:50:14.325+0000] {taskinstance.py:1159} INFO - Dependencies all met for dep_context=requeueable deps ti=<TaskInstance: fetch_transaction_data_and_upload_to_hdfs.run_spark_modelisation_command manual__2025-05-09T17:46:54.018372+00:00 [queued]>
[2025-05-09T17:50:14.326+0000] {taskinstance.py:1361} INFO - Starting attempt 1 of 2
[2025-05-09T17:50:14.342+0000] {taskinstance.py:1382} INFO - Executing <Task(BashOperator): run_spark_modelisation_command> on 2025-05-09 17:46:54.018372+00:00
[2025-05-09T17:50:14.352+0000] {standard_task_runner.py:57} INFO - Started process 4612 to run task
[2025-05-09T17:50:14.356+0000] {standard_task_runner.py:84} INFO - Running: ['***', 'tasks', 'run', 'fetch_transaction_data_and_upload_to_hdfs', 'run_spark_modelisation_command', 'manual__2025-05-09T17:46:54.018372+00:00', '--job-id', '83', '--raw', '--subdir', 'DAGS_FOLDER/ingestion.py', '--cfg-path', '/tmp/tmpu749qnct']
[2025-05-09T17:50:14.359+0000] {standard_task_runner.py:85} INFO - Job 83: Subtask run_spark_modelisation_command
[2025-05-09T17:50:14.411+0000] {task_command.py:415} INFO - Running <TaskInstance: fetch_transaction_data_and_upload_to_hdfs.run_spark_modelisation_command manual__2025-05-09T17:46:54.018372+00:00 [running]> on host d4afc872a8aa
[2025-05-09T17:50:14.488+0000] {taskinstance.py:1660} INFO - Exporting env vars: AIRFLOW_CTX_DAG_OWNER='***' AIRFLOW_CTX_DAG_ID='fetch_transaction_data_and_upload_to_hdfs' AIRFLOW_CTX_TASK_ID='run_spark_modelisation_command' AIRFLOW_CTX_EXECUTION_DATE='2025-05-09T17:46:54.018372+00:00' AIRFLOW_CTX_TRY_NUMBER='1' AIRFLOW_CTX_DAG_RUN_ID='manual__2025-05-09T17:46:54.018372+00:00'
[2025-05-09T17:50:14.490+0000] {subprocess.py:63} INFO - Tmp dir root location: /tmp
[2025-05-09T17:50:14.491+0000] {subprocess.py:75} INFO - Running command: ['/bin/bash', '-c', 'docker exec -it spark-master python3 modelisation.py']
[2025-05-09T17:50:14.505+0000] {subprocess.py:86} INFO - Output:
[2025-05-09T17:50:14.539+0000] {subprocess.py:93} INFO - the input device is not a TTY
[2025-05-09T17:50:14.541+0000] {subprocess.py:97} INFO - Command exited with return code 1
[2025-05-09T17:50:14.555+0000] {taskinstance.py:1943} ERROR - Task failed with exception
Traceback (most recent call last):
  File "/home/airflow/.local/lib/python3.9/site-packages/airflow/operators/bash.py", line 210, in execute
    raise AirflowException(
airflow.exceptions.AirflowException: Bash command failed. The command returned a non-zero exit code 1.
[2025-05-09T17:50:14.560+0000] {taskinstance.py:1400} INFO - Marking task as UP_FOR_RETRY. dag_id=fetch_transaction_data_and_upload_to_hdfs, task_id=run_spark_modelisation_command, execution_date=20250509T174654, start_date=20250509T175014, end_date=20250509T175014
[2025-05-09T17:50:14.576+0000] {standard_task_runner.py:104} ERROR - Failed to execute job 83 for task run_spark_modelisation_command (Bash command failed. The command returned a non-zero exit code 1.; 4612)
[2025-05-09T17:50:14.610+0000] {local_task_job_runner.py:228} INFO - Task exited with return code 1
[2025-05-09T17:50:14.630+0000] {taskinstance.py:2784} INFO - 0 downstream tasks scheduled from follow-on schedule check
