[2025-05-09T18:19:37.227+0000] {taskinstance.py:1159} INFO - Dependencies all met for dep_context=non-requeueable deps ti=<TaskInstance: fetch_transaction_data_and_upload_to_hdfs.run_spark_modelisation_command manual__2025-05-09T18:14:22.099894+00:00 [queued]>
[2025-05-09T18:19:37.238+0000] {taskinstance.py:1159} INFO - Dependencies all met for dep_context=requeueable deps ti=<TaskInstance: fetch_transaction_data_and_upload_to_hdfs.run_spark_modelisation_command manual__2025-05-09T18:14:22.099894+00:00 [queued]>
[2025-05-09T18:19:37.238+0000] {taskinstance.py:1361} INFO - Starting attempt 2 of 2
[2025-05-09T18:19:37.253+0000] {taskinstance.py:1382} INFO - Executing <Task(BashOperator): run_spark_modelisation_command> on 2025-05-09 18:14:22.099894+00:00
[2025-05-09T18:19:37.264+0000] {standard_task_runner.py:57} INFO - Started process 5442 to run task
[2025-05-09T18:19:37.270+0000] {standard_task_runner.py:84} INFO - Running: ['***', 'tasks', 'run', 'fetch_transaction_data_and_upload_to_hdfs', 'run_spark_modelisation_command', 'manual__2025-05-09T18:14:22.099894+00:00', '--job-id', '89', '--raw', '--subdir', 'DAGS_FOLDER/ingestion.py', '--cfg-path', '/tmp/tmp8xose0bv']
[2025-05-09T18:19:37.274+0000] {standard_task_runner.py:85} INFO - Job 89: Subtask run_spark_modelisation_command
[2025-05-09T18:19:37.329+0000] {task_command.py:415} INFO - Running <TaskInstance: fetch_transaction_data_and_upload_to_hdfs.run_spark_modelisation_command manual__2025-05-09T18:14:22.099894+00:00 [running]> on host d4afc872a8aa
[2025-05-09T18:19:37.428+0000] {taskinstance.py:1660} INFO - Exporting env vars: AIRFLOW_CTX_DAG_OWNER='***' AIRFLOW_CTX_DAG_ID='fetch_transaction_data_and_upload_to_hdfs' AIRFLOW_CTX_TASK_ID='run_spark_modelisation_command' AIRFLOW_CTX_EXECUTION_DATE='2025-05-09T18:14:22.099894+00:00' AIRFLOW_CTX_TRY_NUMBER='2' AIRFLOW_CTX_DAG_RUN_ID='manual__2025-05-09T18:14:22.099894+00:00'
[2025-05-09T18:19:37.431+0000] {subprocess.py:63} INFO - Tmp dir root location: /tmp
[2025-05-09T18:19:37.434+0000] {subprocess.py:75} INFO - Running command: ['/bin/bash', '-c', 'docker exec -it spark-master python3 modelisation.py']
[2025-05-09T18:19:37.455+0000] {subprocess.py:86} INFO - Output:
[2025-05-09T18:19:37.501+0000] {subprocess.py:93} INFO - the input device is not a TTY
[2025-05-09T18:19:37.503+0000] {subprocess.py:97} INFO - Command exited with return code 1
[2025-05-09T18:19:37.516+0000] {taskinstance.py:1943} ERROR - Task failed with exception
Traceback (most recent call last):
  File "/home/airflow/.local/lib/python3.9/site-packages/airflow/operators/bash.py", line 210, in execute
    raise AirflowException(
airflow.exceptions.AirflowException: Bash command failed. The command returned a non-zero exit code 1.
[2025-05-09T18:19:37.521+0000] {taskinstance.py:1400} INFO - Marking task as FAILED. dag_id=fetch_transaction_data_and_upload_to_hdfs, task_id=run_spark_modelisation_command, execution_date=20250509T181422, start_date=20250509T181937, end_date=20250509T181937
[2025-05-09T18:19:37.545+0000] {standard_task_runner.py:104} ERROR - Failed to execute job 89 for task run_spark_modelisation_command (Bash command failed. The command returned a non-zero exit code 1.; 5442)
[2025-05-09T18:19:37.565+0000] {local_task_job_runner.py:228} INFO - Task exited with return code 1
[2025-05-09T18:19:37.597+0000] {taskinstance.py:2784} INFO - 0 downstream tasks scheduled from follow-on schedule check
