[2025-05-10T01:58:35.635+0000] {taskinstance.py:1159} INFO - Dependencies all met for dep_context=non-requeueable deps ti=<TaskInstance: fetch_transaction_data_and_upload_to_hdfs.run_spark_modelisation_command scheduled__2025-05-09T00:00:00+00:00 [queued]>
[2025-05-10T01:58:35.645+0000] {taskinstance.py:1159} INFO - Dependencies all met for dep_context=requeueable deps ti=<TaskInstance: fetch_transaction_data_and_upload_to_hdfs.run_spark_modelisation_command scheduled__2025-05-09T00:00:00+00:00 [queued]>
[2025-05-10T01:58:35.646+0000] {taskinstance.py:1361} INFO - Starting attempt 2 of 2
[2025-05-10T01:58:35.659+0000] {taskinstance.py:1382} INFO - Executing <Task(BashOperator): run_spark_modelisation_command> on 2025-05-09 00:00:00+00:00
[2025-05-10T01:58:35.665+0000] {standard_task_runner.py:57} INFO - Started process 9134 to run task
[2025-05-10T01:58:35.668+0000] {standard_task_runner.py:84} INFO - Running: ['***', 'tasks', 'run', 'fetch_transaction_data_and_upload_to_hdfs', 'run_spark_modelisation_command', 'scheduled__2025-05-09T00:00:00+00:00', '--job-id', '150', '--raw', '--subdir', 'DAGS_FOLDER/ETL.py', '--cfg-path', '/tmp/tmp9u_9dsvd']
[2025-05-10T01:58:35.671+0000] {standard_task_runner.py:85} INFO - Job 150: Subtask run_spark_modelisation_command
[2025-05-10T01:58:35.723+0000] {task_command.py:415} INFO - Running <TaskInstance: fetch_transaction_data_and_upload_to_hdfs.run_spark_modelisation_command scheduled__2025-05-09T00:00:00+00:00 [running]> on host d4afc872a8aa
[2025-05-10T01:58:35.802+0000] {taskinstance.py:1660} INFO - Exporting env vars: AIRFLOW_CTX_DAG_OWNER='***' AIRFLOW_CTX_DAG_ID='fetch_transaction_data_and_upload_to_hdfs' AIRFLOW_CTX_TASK_ID='run_spark_modelisation_command' AIRFLOW_CTX_EXECUTION_DATE='2025-05-09T00:00:00+00:00' AIRFLOW_CTX_TRY_NUMBER='2' AIRFLOW_CTX_DAG_RUN_ID='scheduled__2025-05-09T00:00:00+00:00'
[2025-05-10T01:58:35.804+0000] {subprocess.py:63} INFO - Tmp dir root location: /tmp
[2025-05-10T01:58:35.805+0000] {subprocess.py:75} INFO - Running command: ['/bin/bash', '-c', 'docker exec spark-master python3 modelisation.py']
[2025-05-10T01:58:35.815+0000] {subprocess.py:86} INFO - Output:
[2025-05-10T01:58:38.516+0000] {subprocess.py:93} INFO - Setting default log level to "WARN".
[2025-05-10T01:58:38.517+0000] {subprocess.py:93} INFO - To adjust logging level use sc.setLogLevel(newLevel). For SparkR, use setLogLevel(newLevel).
[2025-05-10T01:58:38.845+0000] {subprocess.py:93} INFO - 25/05/10 01:58:38 WARN NativeCodeLoader: Unable to load native-hadoop library for your platform... using builtin-java classes where applicable
[2025-05-10T01:58:41.275+0000] {subprocess.py:93} INFO - Spark session created successfully!
[2025-05-10T01:58:41.276+0000] {subprocess.py:93} INFO - Error loading data: [PATH_NOT_FOUND] Path does not exist: hdfs://namenode:9000/user/root/transactions/YYYY=2025/MM=05/DD=10/transaction_data.csv.
[2025-05-10T01:58:41.277+0000] {subprocess.py:93} INFO - Please update the file path to point to your transaction data.
[2025-05-10T01:58:41.277+0000] {subprocess.py:93} INFO - 
[2025-05-10T01:58:41.278+0000] {subprocess.py:93} INFO - Data Quality Check:
[2025-05-10T01:58:41.279+0000] {subprocess.py:93} INFO - Null values per column:
[2025-05-10T01:58:41.279+0000] {subprocess.py:93} INFO - Traceback (most recent call last):
[2025-05-10T01:58:41.279+0000] {subprocess.py:93} INFO -   File "/opt/spark/work-dir/modelisation.py", line 89, in <module>
[2025-05-10T01:58:41.280+0000] {subprocess.py:93} INFO -     null_counts = df.select([count(when(isnull(c), c)).alias(c) for c in df.columns])
[2025-05-10T01:58:41.280+0000] {subprocess.py:93} INFO -                   ^^
[2025-05-10T01:58:41.281+0000] {subprocess.py:93} INFO - NameError: name 'df' is not defined
[2025-05-10T01:58:41.869+0000] {subprocess.py:97} INFO - Command exited with return code 1
[2025-05-10T01:58:41.879+0000] {taskinstance.py:1943} ERROR - Task failed with exception
Traceback (most recent call last):
  File "/home/airflow/.local/lib/python3.9/site-packages/airflow/operators/bash.py", line 210, in execute
    raise AirflowException(
airflow.exceptions.AirflowException: Bash command failed. The command returned a non-zero exit code 1.
[2025-05-10T01:58:41.883+0000] {taskinstance.py:1400} INFO - Marking task as FAILED. dag_id=fetch_transaction_data_and_upload_to_hdfs, task_id=run_spark_modelisation_command, execution_date=20250509T000000, start_date=20250510T015835, end_date=20250510T015841
[2025-05-10T01:58:41.897+0000] {standard_task_runner.py:104} ERROR - Failed to execute job 150 for task run_spark_modelisation_command (Bash command failed. The command returned a non-zero exit code 1.; 9134)
[2025-05-10T01:58:41.907+0000] {local_task_job_runner.py:228} INFO - Task exited with return code 1
[2025-05-10T01:58:41.931+0000] {taskinstance.py:2784} INFO - 0 downstream tasks scheduled from follow-on schedule check
