[2025-05-09T17:48:32.032+0000] {taskinstance.py:1159} INFO - Dependencies all met for dep_context=non-requeueable deps ti=<TaskInstance: fetch_transaction_data_and_upload_to_hdfs.run_hive_command manual__2025-05-09T17:48:27.425543+00:00 [queued]>
[2025-05-09T17:48:32.044+0000] {taskinstance.py:1159} INFO - Dependencies all met for dep_context=requeueable deps ti=<TaskInstance: fetch_transaction_data_and_upload_to_hdfs.run_hive_command manual__2025-05-09T17:48:27.425543+00:00 [queued]>
[2025-05-09T17:48:32.045+0000] {taskinstance.py:1361} INFO - Starting attempt 1 of 2
[2025-05-09T17:48:32.061+0000] {taskinstance.py:1382} INFO - Executing <Task(BashOperator): run_hive_command> on 2025-05-09 17:48:27.425543+00:00
[2025-05-09T17:48:32.069+0000] {standard_task_runner.py:57} INFO - Started process 4537 to run task
[2025-05-09T17:48:32.073+0000] {standard_task_runner.py:84} INFO - Running: ['***', 'tasks', 'run', 'fetch_transaction_data_and_upload_to_hdfs', 'run_hive_command', 'manual__2025-05-09T17:48:27.425543+00:00', '--job-id', '82', '--raw', '--subdir', 'DAGS_FOLDER/ingestion.py', '--cfg-path', '/tmp/tmpmggz2027']
[2025-05-09T17:48:32.077+0000] {standard_task_runner.py:85} INFO - Job 82: Subtask run_hive_command
[2025-05-09T17:48:32.139+0000] {task_command.py:415} INFO - Running <TaskInstance: fetch_transaction_data_and_upload_to_hdfs.run_hive_command manual__2025-05-09T17:48:27.425543+00:00 [running]> on host d4afc872a8aa
[2025-05-09T17:48:32.238+0000] {taskinstance.py:1660} INFO - Exporting env vars: AIRFLOW_CTX_DAG_OWNER='***' AIRFLOW_CTX_DAG_ID='fetch_transaction_data_and_upload_to_hdfs' AIRFLOW_CTX_TASK_ID='run_hive_command' AIRFLOW_CTX_EXECUTION_DATE='2025-05-09T17:48:27.425543+00:00' AIRFLOW_CTX_TRY_NUMBER='1' AIRFLOW_CTX_DAG_RUN_ID='manual__2025-05-09T17:48:27.425543+00:00'
[2025-05-09T17:48:32.241+0000] {subprocess.py:63} INFO - Tmp dir root location: /tmp
[2025-05-09T17:48:32.243+0000] {subprocess.py:75} INFO - Running command: ['/bin/bash', '-c', '\n            docker exec striming_processing-postgres-1 psql -U *** -d *** -c "CREATE DATABASE metastore_db;" &&             docker exec hive schematool -initSchema -dbType postgres &&             docker exec hive hive -f /home/query.hql\n        ']
[2025-05-09T17:48:32.254+0000] {subprocess.py:86} INFO - Output:
[2025-05-09T17:48:32.685+0000] {subprocess.py:93} INFO - CREATE DATABASE
[2025-05-09T17:48:34.650+0000] {subprocess.py:93} INFO - SLF4J: Class path contains multiple SLF4J bindings.
[2025-05-09T17:48:34.650+0000] {subprocess.py:93} INFO - SLF4J: Found binding in [jar:file:/opt/hive/lib/log4j-slf4j-impl-2.6.2.jar!/org/slf4j/impl/StaticLoggerBinder.class]
[2025-05-09T17:48:34.651+0000] {subprocess.py:93} INFO - SLF4J: Found binding in [jar:file:/opt/hadoop-2.7.4/share/hadoop/common/lib/slf4j-log4j12-1.7.10.jar!/org/slf4j/impl/StaticLoggerBinder.class]
[2025-05-09T17:48:34.651+0000] {subprocess.py:93} INFO - SLF4J: See http://www.slf4j.org/codes.html#multiple_bindings for an explanation.
[2025-05-09T17:48:34.652+0000] {subprocess.py:93} INFO - SLF4J: Actual binding is of type [org.apache.logging.slf4j.Log4jLoggerFactory]
[2025-05-09T17:48:35.781+0000] {subprocess.py:93} INFO - Metastore connection URL:	 jdbc:postgresql://postgres:5432/metastore_db
[2025-05-09T17:48:35.782+0000] {subprocess.py:93} INFO - Metastore Connection Driver :	 org.postgresql.Driver
[2025-05-09T17:48:35.783+0000] {subprocess.py:93} INFO - Metastore connection User:	 ***
[2025-05-09T17:48:36.045+0000] {subprocess.py:93} INFO - Starting metastore schema initialization to 2.3.0
[2025-05-09T17:48:36.046+0000] {subprocess.py:93} INFO - Initialization script hive-schema-2.3.0.postgres.sql
[2025-05-09T17:48:37.762+0000] {subprocess.py:93} INFO - Initialization script completed
[2025-05-09T17:48:37.769+0000] {subprocess.py:93} INFO - schemaTool completed
[2025-05-09T17:48:39.824+0000] {subprocess.py:93} INFO - SLF4J: Class path contains multiple SLF4J bindings.
[2025-05-09T17:48:39.825+0000] {subprocess.py:93} INFO - SLF4J: Found binding in [jar:file:/opt/hive/lib/log4j-slf4j-impl-2.6.2.jar!/org/slf4j/impl/StaticLoggerBinder.class]
[2025-05-09T17:48:39.826+0000] {subprocess.py:93} INFO - SLF4J: Found binding in [jar:file:/opt/hadoop-2.7.4/share/hadoop/common/lib/slf4j-log4j12-1.7.10.jar!/org/slf4j/impl/StaticLoggerBinder.class]
[2025-05-09T17:48:39.826+0000] {subprocess.py:93} INFO - SLF4J: See http://www.slf4j.org/codes.html#multiple_bindings for an explanation.
[2025-05-09T17:48:39.827+0000] {subprocess.py:93} INFO - SLF4J: Actual binding is of type [org.apache.logging.slf4j.Log4jLoggerFactory]
[2025-05-09T17:48:41.313+0000] {subprocess.py:93} INFO - 
[2025-05-09T17:48:41.314+0000] {subprocess.py:93} INFO - Logging initialized using configuration in file:/opt/hive/conf/hive-log4j2.properties Async: true
[2025-05-09T17:48:51.843+0000] {subprocess.py:93} INFO - OK
[2025-05-09T17:48:51.845+0000] {subprocess.py:93} INFO - Time taken: 8.105 seconds
[2025-05-09T17:48:51.889+0000] {subprocess.py:93} INFO - OK
[2025-05-09T17:48:51.890+0000] {subprocess.py:93} INFO - Time taken: 0.043 seconds
[2025-05-09T17:48:51.931+0000] {subprocess.py:93} INFO - OK
[2025-05-09T17:48:51.932+0000] {subprocess.py:93} INFO - Time taken: 0.041 seconds
[2025-05-09T17:48:51.967+0000] {subprocess.py:93} INFO - OK
[2025-05-09T17:48:51.968+0000] {subprocess.py:93} INFO - Time taken: 0.035 seconds
[2025-05-09T17:48:52.001+0000] {subprocess.py:93} INFO - OK
[2025-05-09T17:48:52.001+0000] {subprocess.py:93} INFO - Time taken: 0.033 seconds
[2025-05-09T17:48:52.042+0000] {subprocess.py:93} INFO - OK
[2025-05-09T17:48:52.042+0000] {subprocess.py:93} INFO - Time taken: 0.04 seconds
[2025-05-09T17:48:52.556+0000] {subprocess.py:97} INFO - Command exited with return code 0
[2025-05-09T17:48:52.589+0000] {taskinstance.py:1400} INFO - Marking task as SUCCESS. dag_id=fetch_transaction_data_and_upload_to_hdfs, task_id=run_hive_command, execution_date=20250509T174827, start_date=20250509T174832, end_date=20250509T174852
[2025-05-09T17:48:52.632+0000] {local_task_job_runner.py:228} INFO - Task exited with return code 0
[2025-05-09T17:48:52.648+0000] {taskinstance.py:2784} INFO - 0 downstream tasks scheduled from follow-on schedule check
