[2025-05-10T01:53:18.180+0000] {taskinstance.py:1159} INFO - Dependencies all met for dep_context=non-requeueable deps ti=<TaskInstance: fetch_transaction_data_and_upload_to_hdfs.fetch_transaction_data scheduled__2025-05-09T00:00:00+00:00 [queued]>
[2025-05-10T01:53:18.192+0000] {taskinstance.py:1159} INFO - Dependencies all met for dep_context=requeueable deps ti=<TaskInstance: fetch_transaction_data_and_upload_to_hdfs.fetch_transaction_data scheduled__2025-05-09T00:00:00+00:00 [queued]>
[2025-05-10T01:53:18.193+0000] {taskinstance.py:1361} INFO - Starting attempt 1 of 2
[2025-05-10T01:53:18.210+0000] {taskinstance.py:1382} INFO - Executing <Task(PythonOperator): fetch_transaction_data> on 2025-05-09 00:00:00+00:00
[2025-05-10T01:53:18.222+0000] {standard_task_runner.py:57} INFO - Started process 9017 to run task
[2025-05-10T01:53:18.225+0000] {standard_task_runner.py:84} INFO - Running: ['***', 'tasks', 'run', 'fetch_transaction_data_and_upload_to_hdfs', 'fetch_transaction_data', 'scheduled__2025-05-09T00:00:00+00:00', '--job-id', '146', '--raw', '--subdir', 'DAGS_FOLDER/ETL.py', '--cfg-path', '/tmp/tmpm0zdu9wf']
[2025-05-10T01:53:18.229+0000] {standard_task_runner.py:85} INFO - Job 146: Subtask fetch_transaction_data
[2025-05-10T01:53:18.302+0000] {task_command.py:415} INFO - Running <TaskInstance: fetch_transaction_data_and_upload_to_hdfs.fetch_transaction_data scheduled__2025-05-09T00:00:00+00:00 [running]> on host d4afc872a8aa
[2025-05-10T01:53:18.404+0000] {taskinstance.py:1660} INFO - Exporting env vars: AIRFLOW_CTX_DAG_OWNER='***' AIRFLOW_CTX_DAG_ID='fetch_transaction_data_and_upload_to_hdfs' AIRFLOW_CTX_TASK_ID='fetch_transaction_data' AIRFLOW_CTX_EXECUTION_DATE='2025-05-09T00:00:00+00:00' AIRFLOW_CTX_TRY_NUMBER='1' AIRFLOW_CTX_DAG_RUN_ID='scheduled__2025-05-09T00:00:00+00:00'
[2025-05-10T01:53:20.035+0000] {python.py:194} INFO - Done. Returned value was: /tmp/transaction_data.csv
[2025-05-10T01:53:20.064+0000] {taskinstance.py:1400} INFO - Marking task as SUCCESS. dag_id=fetch_transaction_data_and_upload_to_hdfs, task_id=fetch_transaction_data, execution_date=20250509T000000, start_date=20250510T015318, end_date=20250510T015320
[2025-05-10T01:53:20.128+0000] {local_task_job_runner.py:228} INFO - Task exited with return code 0
[2025-05-10T01:53:20.160+0000] {taskinstance.py:2784} INFO - 1 downstream tasks scheduled from follow-on schedule check
[2025-05-10T12:06:47.543+0000] {taskinstance.py:1159} INFO - Dependencies all met for dep_context=non-requeueable deps ti=<TaskInstance: fetch_transaction_data_and_upload_to_hdfs.fetch_transaction_data scheduled__2025-05-09T00:00:00+00:00 [queued]>
[2025-05-10T12:06:47.566+0000] {taskinstance.py:1159} INFO - Dependencies all met for dep_context=requeueable deps ti=<TaskInstance: fetch_transaction_data_and_upload_to_hdfs.fetch_transaction_data scheduled__2025-05-09T00:00:00+00:00 [queued]>
[2025-05-10T12:06:47.567+0000] {taskinstance.py:1361} INFO - Starting attempt 1 of 2
[2025-05-10T12:06:47.589+0000] {taskinstance.py:1382} INFO - Executing <Task(PythonOperator): fetch_transaction_data> on 2025-05-09 00:00:00+00:00
[2025-05-10T12:06:47.598+0000] {standard_task_runner.py:57} INFO - Started process 193 to run task
[2025-05-10T12:06:47.605+0000] {standard_task_runner.py:84} INFO - Running: ['***', 'tasks', 'run', 'fetch_transaction_data_and_upload_to_hdfs', 'fetch_transaction_data', 'scheduled__2025-05-09T00:00:00+00:00', '--job-id', '3', '--raw', '--subdir', 'DAGS_FOLDER/ETL.py', '--cfg-path', '/tmp/tmp9e_hfb21']
[2025-05-10T12:06:47.622+0000] {standard_task_runner.py:85} INFO - Job 3: Subtask fetch_transaction_data
[2025-05-10T12:06:47.837+0000] {task_command.py:415} INFO - Running <TaskInstance: fetch_transaction_data_and_upload_to_hdfs.fetch_transaction_data scheduled__2025-05-09T00:00:00+00:00 [running]> on host e4f7794789ac
[2025-05-10T12:06:48.566+0000] {taskinstance.py:1660} INFO - Exporting env vars: AIRFLOW_CTX_DAG_OWNER='***' AIRFLOW_CTX_DAG_ID='fetch_transaction_data_and_upload_to_hdfs' AIRFLOW_CTX_TASK_ID='fetch_transaction_data' AIRFLOW_CTX_EXECUTION_DATE='2025-05-09T00:00:00+00:00' AIRFLOW_CTX_TRY_NUMBER='1' AIRFLOW_CTX_DAG_RUN_ID='scheduled__2025-05-09T00:00:00+00:00'
[2025-05-10T12:06:51.077+0000] {python.py:194} INFO - Done. Returned value was: /tmp/transaction_data.csv
[2025-05-10T12:06:51.103+0000] {taskinstance.py:1400} INFO - Marking task as SUCCESS. dag_id=fetch_transaction_data_and_upload_to_hdfs, task_id=fetch_transaction_data, execution_date=20250509T000000, start_date=20250510T120647, end_date=20250510T120651
[2025-05-10T12:06:51.158+0000] {local_task_job_runner.py:228} INFO - Task exited with return code 0
[2025-05-10T12:06:51.344+0000] {taskinstance.py:2784} INFO - 1 downstream tasks scheduled from follow-on schedule check
