[2025-05-23T08:05:37.692+0000] {taskinstance.py:1159} INFO - Dependencies all met for dep_context=non-requeueable deps ti=<TaskInstance: fetch_transaction_data_and_upload_to_hdfs.fetch_transaction_data scheduled__2025-05-22T00:00:00+00:00 [queued]>
[2025-05-23T08:05:37.718+0000] {taskinstance.py:1159} INFO - Dependencies all met for dep_context=requeueable deps ti=<TaskInstance: fetch_transaction_data_and_upload_to_hdfs.fetch_transaction_data scheduled__2025-05-22T00:00:00+00:00 [queued]>
[2025-05-23T08:05:37.719+0000] {taskinstance.py:1361} INFO - Starting attempt 1 of 2
[2025-05-23T08:05:37.756+0000] {taskinstance.py:1382} INFO - Executing <Task(PythonOperator): fetch_transaction_data> on 2025-05-22 00:00:00+00:00
[2025-05-23T08:05:37.813+0000] {standard_task_runner.py:57} INFO - Started process 11984 to run task
[2025-05-23T08:05:37.819+0000] {standard_task_runner.py:84} INFO - Running: ['***', 'tasks', 'run', 'fetch_transaction_data_and_upload_to_hdfs', 'fetch_transaction_data', 'scheduled__2025-05-22T00:00:00+00:00', '--job-id', '26', '--raw', '--subdir', 'DAGS_FOLDER/ETL.py', '--cfg-path', '/tmp/tmp15e1hlc9']
[2025-05-23T08:05:37.827+0000] {standard_task_runner.py:85} INFO - Job 26: Subtask fetch_transaction_data
[2025-05-23T08:05:37.950+0000] {task_command.py:415} INFO - Running <TaskInstance: fetch_transaction_data_and_upload_to_hdfs.fetch_transaction_data scheduled__2025-05-22T00:00:00+00:00 [running]> on host cb5b79c23ad2
[2025-05-23T08:05:38.428+0000] {taskinstance.py:1660} INFO - Exporting env vars: AIRFLOW_CTX_DAG_OWNER='***' AIRFLOW_CTX_DAG_ID='fetch_transaction_data_and_upload_to_hdfs' AIRFLOW_CTX_TASK_ID='fetch_transaction_data' AIRFLOW_CTX_EXECUTION_DATE='2025-05-22T00:00:00+00:00' AIRFLOW_CTX_TRY_NUMBER='1' AIRFLOW_CTX_DAG_RUN_ID='scheduled__2025-05-22T00:00:00+00:00'
[2025-05-23T08:05:40.433+0000] {python.py:194} INFO - Done. Returned value was: /tmp/transaction_data.csv
[2025-05-23T08:05:40.458+0000] {taskinstance.py:1400} INFO - Marking task as SUCCESS. dag_id=fetch_transaction_data_and_upload_to_hdfs, task_id=fetch_transaction_data, execution_date=20250522T000000, start_date=20250523T080537, end_date=20250523T080540
[2025-05-23T08:05:40.523+0000] {local_task_job_runner.py:228} INFO - Task exited with return code 0
[2025-05-23T08:05:40.556+0000] {taskinstance.py:2784} INFO - 1 downstream tasks scheduled from follow-on schedule check
[2025-05-23T09:21:46.736+0000] {taskinstance.py:1159} INFO - Dependencies all met for dep_context=non-requeueable deps ti=<TaskInstance: fetch_transaction_data_and_upload_to_hdfs.fetch_transaction_data scheduled__2025-05-22T00:00:00+00:00 [queued]>
[2025-05-23T09:21:46.747+0000] {taskinstance.py:1159} INFO - Dependencies all met for dep_context=requeueable deps ti=<TaskInstance: fetch_transaction_data_and_upload_to_hdfs.fetch_transaction_data scheduled__2025-05-22T00:00:00+00:00 [queued]>
[2025-05-23T09:21:46.748+0000] {taskinstance.py:1361} INFO - Starting attempt 1 of 2
[2025-05-23T09:21:46.764+0000] {taskinstance.py:1382} INFO - Executing <Task(PythonOperator): fetch_transaction_data> on 2025-05-22 00:00:00+00:00
[2025-05-23T09:21:46.772+0000] {standard_task_runner.py:57} INFO - Started process 192 to run task
[2025-05-23T09:21:46.806+0000] {standard_task_runner.py:84} INFO - Running: ['***', 'tasks', 'run', 'fetch_transaction_data_and_upload_to_hdfs', 'fetch_transaction_data', 'scheduled__2025-05-22T00:00:00+00:00', '--job-id', '3', '--raw', '--subdir', 'DAGS_FOLDER/ETL.py', '--cfg-path', '/tmp/tmpq_d78x_j']
[2025-05-23T09:21:46.827+0000] {standard_task_runner.py:85} INFO - Job 3: Subtask fetch_transaction_data
[2025-05-23T09:21:47.199+0000] {task_command.py:415} INFO - Running <TaskInstance: fetch_transaction_data_and_upload_to_hdfs.fetch_transaction_data scheduled__2025-05-22T00:00:00+00:00 [running]> on host 6c702459c558
[2025-05-23T09:21:48.638+0000] {taskinstance.py:1660} INFO - Exporting env vars: AIRFLOW_CTX_DAG_OWNER='***' AIRFLOW_CTX_DAG_ID='fetch_transaction_data_and_upload_to_hdfs' AIRFLOW_CTX_TASK_ID='fetch_transaction_data' AIRFLOW_CTX_EXECUTION_DATE='2025-05-22T00:00:00+00:00' AIRFLOW_CTX_TRY_NUMBER='1' AIRFLOW_CTX_DAG_RUN_ID='scheduled__2025-05-22T00:00:00+00:00'
[2025-05-23T09:21:53.352+0000] {python.py:194} INFO - Done. Returned value was: /tmp/transaction_data.csv
[2025-05-23T09:21:53.378+0000] {taskinstance.py:1400} INFO - Marking task as SUCCESS. dag_id=fetch_transaction_data_and_upload_to_hdfs, task_id=fetch_transaction_data, execution_date=20250522T000000, start_date=20250523T092146, end_date=20250523T092153
[2025-05-23T09:21:53.422+0000] {local_task_job_runner.py:228} INFO - Task exited with return code 0
[2025-05-23T09:21:53.601+0000] {taskinstance.py:2784} INFO - 0 downstream tasks scheduled from follow-on schedule check
