[2025-05-19T13:55:30.509+0000] {taskinstance.py:1159} INFO - Dependencies all met for dep_context=non-requeueable deps ti=<TaskInstance: fetch_transaction_data_and_upload_to_hdfs.run_spark_modelisation_command scheduled__2025-05-18T00:00:00+00:00 [queued]>
[2025-05-19T13:55:30.521+0000] {taskinstance.py:1159} INFO - Dependencies all met for dep_context=requeueable deps ti=<TaskInstance: fetch_transaction_data_and_upload_to_hdfs.run_spark_modelisation_command scheduled__2025-05-18T00:00:00+00:00 [queued]>
[2025-05-19T13:55:30.522+0000] {taskinstance.py:1361} INFO - Starting attempt 2 of 2
[2025-05-19T13:55:30.535+0000] {taskinstance.py:1382} INFO - Executing <Task(BashOperator): run_spark_modelisation_command> on 2025-05-18 00:00:00+00:00
[2025-05-19T13:55:30.541+0000] {standard_task_runner.py:57} INFO - Started process 1271 to run task
[2025-05-19T13:55:30.545+0000] {standard_task_runner.py:84} INFO - Running: ['***', 'tasks', 'run', 'fetch_transaction_data_and_upload_to_hdfs', 'run_spark_modelisation_command', 'scheduled__2025-05-18T00:00:00+00:00', '--job-id', '12', '--raw', '--subdir', 'DAGS_FOLDER/ETL.py', '--cfg-path', '/tmp/tmp0i26_v0_']
[2025-05-19T13:55:30.549+0000] {standard_task_runner.py:85} INFO - Job 12: Subtask run_spark_modelisation_command
[2025-05-19T13:55:30.603+0000] {task_command.py:415} INFO - Running <TaskInstance: fetch_transaction_data_and_upload_to_hdfs.run_spark_modelisation_command scheduled__2025-05-18T00:00:00+00:00 [running]> on host 10b15101584c
[2025-05-19T13:55:30.873+0000] {taskinstance.py:1660} INFO - Exporting env vars: AIRFLOW_CTX_DAG_OWNER='***' AIRFLOW_CTX_DAG_ID='fetch_transaction_data_and_upload_to_hdfs' AIRFLOW_CTX_TASK_ID='run_spark_modelisation_command' AIRFLOW_CTX_EXECUTION_DATE='2025-05-18T00:00:00+00:00' AIRFLOW_CTX_TRY_NUMBER='2' AIRFLOW_CTX_DAG_RUN_ID='scheduled__2025-05-18T00:00:00+00:00'
[2025-05-19T13:55:30.875+0000] {subprocess.py:63} INFO - Tmp dir root location: /tmp
[2025-05-19T13:55:30.877+0000] {subprocess.py:75} INFO - Running command: ['/bin/bash', '-c', 'docker exec spark-master python3 modelisation.py']
[2025-05-19T13:55:30.888+0000] {subprocess.py:86} INFO - Output:
[2025-05-19T13:55:34.639+0000] {subprocess.py:93} INFO - Setting default log level to "WARN".
[2025-05-19T13:55:34.639+0000] {subprocess.py:93} INFO - To adjust logging level use sc.setLogLevel(newLevel). For SparkR, use setLogLevel(newLevel).
[2025-05-19T13:55:35.010+0000] {subprocess.py:93} INFO - 25/05/19 13:55:35 WARN NativeCodeLoader: Unable to load native-hadoop library for your platform... using builtin-java classes where applicable
[2025-05-19T13:55:55.614+0000] {subprocess.py:93} INFO - [Stage 0:>                                                          (0 + 1) / 1]                                                                                [Stage 7:>                                                          (0 + 1) / 1]                                                                                Spark session created successfully!
[2025-05-19T13:55:55.616+0000] {subprocess.py:93} INFO - Data loaded successfully. Row count: 23634
[2025-05-19T13:55:55.617+0000] {subprocess.py:93} INFO - 
[2025-05-19T13:55:55.617+0000] {subprocess.py:93} INFO - Data Quality Check:
[2025-05-19T13:55:55.618+0000] {subprocess.py:93} INFO - Null values per column:
[2025-05-19T13:55:55.618+0000] {subprocess.py:93} INFO - -RECORD 0-----------------
[2025-05-19T13:55:55.619+0000] {subprocess.py:93} INFO -  Transaction ID     | 0
[2025-05-19T13:55:55.619+0000] {subprocess.py:93} INFO -  Customer ID        | 0
[2025-05-19T13:55:55.620+0000] {subprocess.py:93} INFO -  Transaction Amount | 0
[2025-05-19T13:55:55.620+0000] {subprocess.py:93} INFO -  Transaction Date   | 0
[2025-05-19T13:55:55.620+0000] {subprocess.py:93} INFO -  Payment Method     | 0
[2025-05-19T13:55:55.621+0000] {subprocess.py:93} INFO -  Product Category   | 0
[2025-05-19T13:55:55.621+0000] {subprocess.py:93} INFO -  Quantity           | 0
[2025-05-19T13:55:55.622+0000] {subprocess.py:93} INFO -  Customer Age       | 0
[2025-05-19T13:55:55.622+0000] {subprocess.py:93} INFO -  Customer Location  | 0
[2025-05-19T13:55:55.623+0000] {subprocess.py:93} INFO -  Device Used        | 0
[2025-05-19T13:55:55.623+0000] {subprocess.py:93} INFO -  IP Address         | 0
[2025-05-19T13:55:55.624+0000] {subprocess.py:93} INFO -  Shipping Address   | 0
[2025-05-19T13:55:55.624+0000] {subprocess.py:93} INFO -  Billing Address    | 0
[2025-05-19T13:55:55.625+0000] {subprocess.py:93} INFO -  Is Fraudulent      | 0
[2025-05-19T13:55:55.625+0000] {subprocess.py:93} INFO -  Account Age Days   | 0
[2025-05-19T13:55:55.626+0000] {subprocess.py:93} INFO -  Transaction Hour   | 0
[2025-05-19T13:55:55.626+0000] {subprocess.py:93} INFO - 
[2025-05-19T13:55:55.626+0000] {subprocess.py:93} INFO - 
[2025-05-19T13:55:55.627+0000] {subprocess.py:93} INFO - Sample data:
[2025-05-19T13:55:55.628+0000] {subprocess.py:93} INFO - Dimensions:
[2025-05-19T13:55:55.628+0000] {subprocess.py:93} INFO - Customers: 23634
[2025-05-19T13:55:55.628+0000] {subprocess.py:93} INFO - Payment Methods: 4
[2025-05-19T13:55:55.629+0000] {subprocess.py:93} INFO - Product Categories: 5
[2025-05-19T13:55:55.629+0000] {subprocess.py:93} INFO - Devices: 3
[2025-05-19T13:55:55.629+0000] {subprocess.py:93} INFO - Time: 23609
[2025-05-19T13:55:55.630+0000] {subprocess.py:93} INFO - 
[2025-05-19T13:55:55.630+0000] {subprocess.py:93} INFO - Sample from Fact Transactions:
[2025-05-19T13:55:55.630+0000] {subprocess.py:93} INFO - +------------------------------------+------------------------------------+------------------+--------+---------------+-----------------------------------------------------------+-----------------------------------------------------------+-------------+---------------------+-----------------+-------------------+---------+
[2025-05-19T13:55:55.631+0000] {subprocess.py:93} INFO - |Transaction_ID                      |Customer_ID                         |Transaction_Amount|Quantity|IP_Address     |Shipping Address                                           |Billing Address                                            |Is_Fraudulent|Transaction_Timestamp|Payment_Method_ID|Product_Category_ID|Device_ID|
[2025-05-19T13:55:55.631+0000] {subprocess.py:93} INFO - +------------------------------------+------------------------------------+------------------+--------+---------------+-----------------------------------------------------------+-----------------------------------------------------------+-------------+---------------------+-----------------+-------------------+---------+
[2025-05-19T13:55:55.631+0000] {subprocess.py:93} INFO - |c12e07a0-8a06-4c0d-b5cc-04f3af688570|8ca9f102-02a4-4207-ab63-484e83a1bdf0|42.32             |1       |110.87.246.85  |5399 Rachel Stravenue Suite 718\nNorth Blakeburgh, IL 78600|5399 Rachel Stravenue Suite 718\nNorth Blakeburgh, IL 78600|0            |2024-03-24 23:42:43  |2                |2                  |0        |
[2025-05-19T13:55:55.632+0000] {subprocess.py:93} INFO - |7d187603-7961-4fce-9827-9698e2b6a201|4d158416-caae-4b09-bd5b-15235deb9129|301.34            |3       |14.73.104.153  |5230 Stephanie Forge\nCollinsbury, PR 81853                |5230 Stephanie Forge\nCollinsbury, PR 81853                |0            |2024-01-22 00:53:31  |3                |2                  |2        |
[2025-05-19T13:55:55.632+0000] {subprocess.py:93} INFO - |f2c14f9d-92df-4aaf-8931-ceaf4e63ed72|ccae47b8-75c7-4f5a-aa9e-957deced2137|340.32            |5       |67.58.94.93    |195 Cole Oval\nPort Larry, IA 58422                        |4772 David Stravenue Apt. 447\nVelasquezside, KS 67650     |0            |2024-01-22 08:06:03  |0                |1                  |0        |
[2025-05-19T13:55:55.632+0000] {subprocess.py:93} INFO - |e9949bfa-194d-486b-84da-9565fca9e5ce|b04960c0-aeee-4907-b1cd-4819016adcef|95.77             |5       |202.122.126.216|7609 Cynthia Square\nWest Brenda, NV 23016                 |7609 Cynthia Square\nWest Brenda, NV 23016                 |0            |2024-01-16 20:34:53  |3                |2                  |1        |
[2025-05-19T13:55:55.633+0000] {subprocess.py:93} INFO - |7362837c-7538-434e-8731-0df713f5f26d|de9d6351-b3a7-4bc7-9a55-8f013eb66928|77.45             |5       |96.77.232.76   |2494 Robert Ramp Suite 313\nRobinsonport, AS 52039         |2494 Robert Ramp Suite 313\nRobinsonport, AS 52039         |0            |2024-01-16 15:47:23  |3                |3                  |0        |
[2025-05-19T13:55:55.633+0000] {subprocess.py:93} INFO - +------------------------------------+------------------------------------+------------------+--------+---------------+-----------------------------------------------------------+-----------------------------------------------------------+-------------+---------------------+-----------------+-------------------+---------+
[2025-05-19T13:55:55.633+0000] {subprocess.py:93} INFO - only showing top 5 rows
[2025-05-19T13:55:55.634+0000] {subprocess.py:93} INFO - 
[2025-05-19T13:55:55.634+0000] {subprocess.py:93} INFO - Dim_Customers DataFrame:
[2025-05-19T13:55:55.635+0000] {subprocess.py:93} INFO - 
[2025-05-19T13:55:55.635+0000] {subprocess.py:93} INFO - Dim_Payment_Methods DataFrame:
[2025-05-19T13:55:55.635+0000] {subprocess.py:93} INFO - 
[2025-05-19T13:55:55.636+0000] {subprocess.py:93} INFO - Dim_Product_Categories DataFrame:
[2025-05-19T13:55:55.636+0000] {subprocess.py:93} INFO - 
[2025-05-19T13:55:55.636+0000] {subprocess.py:93} INFO - Dim_Devices DataFrame:
[2025-05-19T13:55:55.636+0000] {subprocess.py:93} INFO - 
[2025-05-19T13:55:55.637+0000] {subprocess.py:93} INFO - Dim_Time DataFrame:
[2025-05-19T13:55:55.637+0000] {subprocess.py:93} INFO - 
[2025-05-19T13:55:55.637+0000] {subprocess.py:93} INFO - Fact_Transactions DataFrame:
[2025-05-19T13:55:56.341+0000] {subprocess.py:97} INFO - Command exited with return code 0
[2025-05-19T13:55:56.374+0000] {taskinstance.py:1400} INFO - Marking task as SUCCESS. dag_id=fetch_transaction_data_and_upload_to_hdfs, task_id=run_spark_modelisation_command, execution_date=20250518T000000, start_date=20250519T135530, end_date=20250519T135556
[2025-05-19T13:55:56.418+0000] {local_task_job_runner.py:228} INFO - Task exited with return code 0
[2025-05-19T13:55:56.449+0000] {taskinstance.py:2784} INFO - 1 downstream tasks scheduled from follow-on schedule check
