[2025-05-10T01:53:27.043+0000] {taskinstance.py:1159} INFO - Dependencies all met for dep_context=non-requeueable deps ti=<TaskInstance: fetch_transaction_data_and_upload_to_hdfs.check_hdfs_and_train_model scheduled__2025-05-09T00:00:00+00:00 [queued]>
[2025-05-10T01:53:27.052+0000] {taskinstance.py:1159} INFO - Dependencies all met for dep_context=requeueable deps ti=<TaskInstance: fetch_transaction_data_and_upload_to_hdfs.check_hdfs_and_train_model scheduled__2025-05-09T00:00:00+00:00 [queued]>
[2025-05-10T01:53:27.053+0000] {taskinstance.py:1361} INFO - Starting attempt 1 of 2
[2025-05-10T01:53:27.068+0000] {taskinstance.py:1382} INFO - Executing <Task(PythonOperator): check_hdfs_and_train_model> on 2025-05-09 00:00:00+00:00
[2025-05-10T01:53:27.074+0000] {standard_task_runner.py:57} INFO - Started process 9049 to run task
[2025-05-10T01:53:27.080+0000] {standard_task_runner.py:84} INFO - Running: ['***', 'tasks', 'run', 'fetch_transaction_data_and_upload_to_hdfs', 'check_hdfs_and_train_model', 'scheduled__2025-05-09T00:00:00+00:00', '--job-id', '148', '--raw', '--subdir', 'DAGS_FOLDER/ETL.py', '--cfg-path', '/tmp/tmpktxk6bnb']
[2025-05-10T01:53:27.083+0000] {standard_task_runner.py:85} INFO - Job 148: Subtask check_hdfs_and_train_model
[2025-05-10T01:53:27.136+0000] {task_command.py:415} INFO - Running <TaskInstance: fetch_transaction_data_and_upload_to_hdfs.check_hdfs_and_train_model scheduled__2025-05-09T00:00:00+00:00 [running]> on host d4afc872a8aa
[2025-05-10T01:53:27.218+0000] {taskinstance.py:1660} INFO - Exporting env vars: AIRFLOW_CTX_DAG_OWNER='***' AIRFLOW_CTX_DAG_ID='fetch_transaction_data_and_upload_to_hdfs' AIRFLOW_CTX_TASK_ID='check_hdfs_and_train_model' AIRFLOW_CTX_EXECUTION_DATE='2025-05-09T00:00:00+00:00' AIRFLOW_CTX_TRY_NUMBER='1' AIRFLOW_CTX_DAG_RUN_ID='scheduled__2025-05-09T00:00:00+00:00'
[2025-05-10T01:53:28.823+0000] {logging_mixin.py:151} INFO - ✅ Model already exists at hdfs://namenode:9000/user/root/model/fraud_detection. Skipping training.
[2025-05-10T01:53:28.824+0000] {taskinstance.py:1542} INFO - Model already exists in HDFS.
[2025-05-10T01:53:28.834+0000] {taskinstance.py:1400} INFO - Marking task as SKIPPED. dag_id=fetch_transaction_data_and_upload_to_hdfs, task_id=check_hdfs_and_train_model, execution_date=20250509T000000, start_date=20250510T015327, end_date=20250510T015328
[2025-05-10T01:53:28.857+0000] {local_task_job_runner.py:228} INFO - Task exited with return code 0
[2025-05-10T01:53:28.872+0000] {taskinstance.py:2784} INFO - 0 downstream tasks scheduled from follow-on schedule check
[2025-05-10T12:07:02.181+0000] {taskinstance.py:1159} INFO - Dependencies all met for dep_context=non-requeueable deps ti=<TaskInstance: fetch_transaction_data_and_upload_to_hdfs.check_hdfs_and_train_model scheduled__2025-05-09T00:00:00+00:00 [queued]>
[2025-05-10T12:07:02.192+0000] {taskinstance.py:1159} INFO - Dependencies all met for dep_context=requeueable deps ti=<TaskInstance: fetch_transaction_data_and_upload_to_hdfs.check_hdfs_and_train_model scheduled__2025-05-09T00:00:00+00:00 [queued]>
[2025-05-10T12:07:02.193+0000] {taskinstance.py:1361} INFO - Starting attempt 1 of 2
[2025-05-10T12:07:02.209+0000] {taskinstance.py:1382} INFO - Executing <Task(PythonOperator): check_hdfs_and_train_model> on 2025-05-09 00:00:00+00:00
[2025-05-10T12:07:02.218+0000] {standard_task_runner.py:57} INFO - Started process 259 to run task
[2025-05-10T12:07:02.221+0000] {standard_task_runner.py:84} INFO - Running: ['***', 'tasks', 'run', 'fetch_transaction_data_and_upload_to_hdfs', 'check_hdfs_and_train_model', 'scheduled__2025-05-09T00:00:00+00:00', '--job-id', '8', '--raw', '--subdir', 'DAGS_FOLDER/ETL.py', '--cfg-path', '/tmp/tmp6_4lo0o1']
[2025-05-10T12:07:02.224+0000] {standard_task_runner.py:85} INFO - Job 8: Subtask check_hdfs_and_train_model
[2025-05-10T12:07:02.287+0000] {task_command.py:415} INFO - Running <TaskInstance: fetch_transaction_data_and_upload_to_hdfs.check_hdfs_and_train_model scheduled__2025-05-09T00:00:00+00:00 [running]> on host e4f7794789ac
[2025-05-10T12:07:03.082+0000] {taskinstance.py:1660} INFO - Exporting env vars: AIRFLOW_CTX_DAG_OWNER='***' AIRFLOW_CTX_DAG_ID='fetch_transaction_data_and_upload_to_hdfs' AIRFLOW_CTX_TASK_ID='check_hdfs_and_train_model' AIRFLOW_CTX_EXECUTION_DATE='2025-05-09T00:00:00+00:00' AIRFLOW_CTX_TRY_NUMBER='1' AIRFLOW_CTX_DAG_RUN_ID='scheduled__2025-05-09T00:00:00+00:00'
[2025-05-10T12:07:07.644+0000] {logging_mixin.py:151} INFO - ✅ Model already exists at hdfs://namenode:9000/user/root/model/fraud_detection. Skipping training.
[2025-05-10T12:07:07.645+0000] {taskinstance.py:1542} INFO - Model already exists in HDFS.
[2025-05-10T12:07:07.655+0000] {taskinstance.py:1400} INFO - Marking task as SKIPPED. dag_id=fetch_transaction_data_and_upload_to_hdfs, task_id=check_hdfs_and_train_model, execution_date=20250509T000000, start_date=20250510T120702, end_date=20250510T120707
[2025-05-10T12:07:07.726+0000] {local_task_job_runner.py:228} INFO - Task exited with return code 0
[2025-05-10T12:07:07.748+0000] {taskinstance.py:2784} INFO - 0 downstream tasks scheduled from follow-on schedule check
