[2025-03-17T09:35:46.333+0000] {processor.py:157} INFO - Started process (PID=1787) to work on /opt/airflow/dags/ingestion.py
[2025-03-17T09:35:46.384+0000] {processor.py:829} INFO - Processing file /opt/airflow/dags/ingestion.py for tasks to queue
[2025-03-17T09:35:46.388+0000] {logging_mixin.py:151} INFO - [2025-03-17T09:35:46.387+0000] {dagbag.py:539} INFO - Filling up the DagBag from /opt/airflow/dags/ingestion.py
[2025-03-17T09:35:49.444+0000] {processor.py:839} INFO - DAG(s) dict_keys(['fetch_transaction_data_and_upload_to_hdfs']) retrieved from /opt/airflow/dags/ingestion.py
[2025-03-17T09:35:50.325+0000] {logging_mixin.py:151} INFO - [2025-03-17T09:35:50.324+0000] {dag.py:2907} INFO - Sync 1 DAGs
[2025-03-17T09:35:50.483+0000] {logging_mixin.py:151} INFO - [2025-03-17T09:35:50.483+0000] {dag.py:3677} INFO - Setting next_dagrun for fetch_transaction_data_and_upload_to_hdfs to 2025-03-17T00:00:00+00:00, run_after=2025-03-18T00:00:00+00:00
[2025-03-17T09:35:50.595+0000] {processor.py:179} INFO - Processing /opt/airflow/dags/ingestion.py took 4.386 seconds
[2025-03-17T09:36:21.437+0000] {processor.py:157} INFO - Started process (PID=1826) to work on /opt/airflow/dags/ingestion.py
[2025-03-17T09:36:21.440+0000] {processor.py:829} INFO - Processing file /opt/airflow/dags/ingestion.py for tasks to queue
[2025-03-17T09:36:21.442+0000] {logging_mixin.py:151} INFO - [2025-03-17T09:36:21.441+0000] {dagbag.py:539} INFO - Filling up the DagBag from /opt/airflow/dags/ingestion.py
[2025-03-17T09:36:21.995+0000] {processor.py:839} INFO - DAG(s) dict_keys(['fetch_transaction_data_and_upload_to_hdfs']) retrieved from /opt/airflow/dags/ingestion.py
[2025-03-17T09:36:22.053+0000] {logging_mixin.py:151} INFO - [2025-03-17T09:36:22.051+0000] {taskinstance.py:1945} ERROR - {'DAG Id': 'fetch_transaction_data_and_upload_to_hdfs', 'Task Id': 'fetch_transaction_data', 'Run Id': 'scheduled__2025-03-16T00:00:00+00:00', 'Hostname': 'b1dec3657075'}
[2025-03-17T09:36:22.099+0000] {logging_mixin.py:151} INFO - [2025-03-17T09:36:22.099+0000] {taskinstance.py:1400} INFO - Marking task as FAILED. dag_id=fetch_transaction_data_and_upload_to_hdfs, task_id=fetch_transaction_data, execution_date=20250316T000000, start_date=20250317T002502, end_date=20250317T093622
[2025-03-17T09:36:22.124+0000] {processor.py:790} INFO - Executed failure callback for <TaskInstance: fetch_transaction_data_and_upload_to_hdfs.fetch_transaction_data scheduled__2025-03-16T00:00:00+00:00 [failed]> in state failed
[2025-03-17T09:36:22.151+0000] {logging_mixin.py:151} INFO - [2025-03-17T09:36:22.150+0000] {dag.py:2907} INFO - Sync 1 DAGs
[2025-03-17T09:36:22.182+0000] {logging_mixin.py:151} INFO - [2025-03-17T09:36:22.181+0000] {dag.py:3677} INFO - Setting next_dagrun for fetch_transaction_data_and_upload_to_hdfs to 2025-03-17T00:00:00+00:00, run_after=2025-03-18T00:00:00+00:00
[2025-03-17T09:36:22.216+0000] {processor.py:179} INFO - Processing /opt/airflow/dags/ingestion.py took 0.787 seconds
[2025-03-17T09:36:52.945+0000] {processor.py:157} INFO - Started process (PID=1837) to work on /opt/airflow/dags/ingestion.py
[2025-03-17T09:36:52.947+0000] {processor.py:829} INFO - Processing file /opt/airflow/dags/ingestion.py for tasks to queue
[2025-03-17T09:36:52.948+0000] {logging_mixin.py:151} INFO - [2025-03-17T09:36:52.948+0000] {dagbag.py:539} INFO - Filling up the DagBag from /opt/airflow/dags/ingestion.py
[2025-03-17T09:36:53.307+0000] {processor.py:839} INFO - DAG(s) dict_keys(['fetch_transaction_data_and_upload_to_hdfs']) retrieved from /opt/airflow/dags/ingestion.py
[2025-03-17T09:36:53.337+0000] {logging_mixin.py:151} INFO - [2025-03-17T09:36:53.337+0000] {dag.py:2907} INFO - Sync 1 DAGs
[2025-03-17T09:36:53.365+0000] {logging_mixin.py:151} INFO - [2025-03-17T09:36:53.365+0000] {dag.py:3677} INFO - Setting next_dagrun for fetch_transaction_data_and_upload_to_hdfs to 2025-03-17T00:00:00+00:00, run_after=2025-03-18T00:00:00+00:00
[2025-03-17T09:36:53.392+0000] {processor.py:179} INFO - Processing /opt/airflow/dags/ingestion.py took 0.450 seconds
[2025-03-17T09:37:24.240+0000] {processor.py:157} INFO - Started process (PID=1848) to work on /opt/airflow/dags/ingestion.py
[2025-03-17T09:37:24.242+0000] {processor.py:829} INFO - Processing file /opt/airflow/dags/ingestion.py for tasks to queue
[2025-03-17T09:37:24.244+0000] {logging_mixin.py:151} INFO - [2025-03-17T09:37:24.243+0000] {dagbag.py:539} INFO - Filling up the DagBag from /opt/airflow/dags/ingestion.py
[2025-03-17T09:37:24.682+0000] {processor.py:839} INFO - DAG(s) dict_keys(['fetch_transaction_data_and_upload_to_hdfs']) retrieved from /opt/airflow/dags/ingestion.py
[2025-03-17T09:37:24.712+0000] {logging_mixin.py:151} INFO - [2025-03-17T09:37:24.712+0000] {dag.py:2907} INFO - Sync 1 DAGs
[2025-03-17T09:37:24.740+0000] {logging_mixin.py:151} INFO - [2025-03-17T09:37:24.740+0000] {dag.py:3677} INFO - Setting next_dagrun for fetch_transaction_data_and_upload_to_hdfs to 2025-03-17T00:00:00+00:00, run_after=2025-03-18T00:00:00+00:00
[2025-03-17T09:37:24.769+0000] {processor.py:179} INFO - Processing /opt/airflow/dags/ingestion.py took 0.535 seconds
[2025-03-17T09:37:55.466+0000] {processor.py:157} INFO - Started process (PID=1859) to work on /opt/airflow/dags/ingestion.py
[2025-03-17T09:37:55.467+0000] {processor.py:829} INFO - Processing file /opt/airflow/dags/ingestion.py for tasks to queue
[2025-03-17T09:37:55.468+0000] {logging_mixin.py:151} INFO - [2025-03-17T09:37:55.468+0000] {dagbag.py:539} INFO - Filling up the DagBag from /opt/airflow/dags/ingestion.py
[2025-03-17T09:37:55.763+0000] {processor.py:839} INFO - DAG(s) dict_keys(['fetch_transaction_data_and_upload_to_hdfs']) retrieved from /opt/airflow/dags/ingestion.py
[2025-03-17T09:37:55.790+0000] {logging_mixin.py:151} INFO - [2025-03-17T09:37:55.790+0000] {dag.py:2907} INFO - Sync 1 DAGs
[2025-03-17T09:37:55.822+0000] {logging_mixin.py:151} INFO - [2025-03-17T09:37:55.821+0000] {dag.py:3677} INFO - Setting next_dagrun for fetch_transaction_data_and_upload_to_hdfs to 2025-03-17T00:00:00+00:00, run_after=2025-03-18T00:00:00+00:00
[2025-03-17T09:37:55.849+0000] {processor.py:179} INFO - Processing /opt/airflow/dags/ingestion.py took 0.386 seconds
[2025-03-17T09:38:26.226+0000] {processor.py:157} INFO - Started process (PID=1870) to work on /opt/airflow/dags/ingestion.py
[2025-03-17T09:38:26.227+0000] {processor.py:829} INFO - Processing file /opt/airflow/dags/ingestion.py for tasks to queue
[2025-03-17T09:38:26.228+0000] {logging_mixin.py:151} INFO - [2025-03-17T09:38:26.228+0000] {dagbag.py:539} INFO - Filling up the DagBag from /opt/airflow/dags/ingestion.py
[2025-03-17T09:38:26.545+0000] {processor.py:839} INFO - DAG(s) dict_keys(['fetch_transaction_data_and_upload_to_hdfs']) retrieved from /opt/airflow/dags/ingestion.py
[2025-03-17T09:38:26.571+0000] {logging_mixin.py:151} INFO - [2025-03-17T09:38:26.571+0000] {dag.py:2907} INFO - Sync 1 DAGs
[2025-03-17T09:38:26.600+0000] {logging_mixin.py:151} INFO - [2025-03-17T09:38:26.600+0000] {dag.py:3677} INFO - Setting next_dagrun for fetch_transaction_data_and_upload_to_hdfs to 2025-03-17T00:00:00+00:00, run_after=2025-03-18T00:00:00+00:00
[2025-03-17T09:38:26.624+0000] {processor.py:179} INFO - Processing /opt/airflow/dags/ingestion.py took 0.401 seconds
[2025-03-17T09:38:57.191+0000] {processor.py:157} INFO - Started process (PID=1881) to work on /opt/airflow/dags/ingestion.py
[2025-03-17T09:38:57.192+0000] {processor.py:829} INFO - Processing file /opt/airflow/dags/ingestion.py for tasks to queue
[2025-03-17T09:38:57.193+0000] {logging_mixin.py:151} INFO - [2025-03-17T09:38:57.193+0000] {dagbag.py:539} INFO - Filling up the DagBag from /opt/airflow/dags/ingestion.py
[2025-03-17T09:38:57.510+0000] {processor.py:839} INFO - DAG(s) dict_keys(['fetch_transaction_data_and_upload_to_hdfs']) retrieved from /opt/airflow/dags/ingestion.py
[2025-03-17T09:38:57.541+0000] {logging_mixin.py:151} INFO - [2025-03-17T09:38:57.541+0000] {dag.py:2907} INFO - Sync 1 DAGs
[2025-03-17T09:38:57.563+0000] {logging_mixin.py:151} INFO - [2025-03-17T09:38:57.562+0000] {dag.py:3677} INFO - Setting next_dagrun for fetch_transaction_data_and_upload_to_hdfs to 2025-03-17T00:00:00+00:00, run_after=2025-03-18T00:00:00+00:00
[2025-03-17T09:38:57.583+0000] {processor.py:179} INFO - Processing /opt/airflow/dags/ingestion.py took 0.395 seconds
[2025-03-17T09:39:27.965+0000] {processor.py:157} INFO - Started process (PID=1892) to work on /opt/airflow/dags/ingestion.py
[2025-03-17T09:39:27.967+0000] {processor.py:829} INFO - Processing file /opt/airflow/dags/ingestion.py for tasks to queue
[2025-03-17T09:39:27.968+0000] {logging_mixin.py:151} INFO - [2025-03-17T09:39:27.968+0000] {dagbag.py:539} INFO - Filling up the DagBag from /opt/airflow/dags/ingestion.py
[2025-03-17T09:39:28.290+0000] {processor.py:839} INFO - DAG(s) dict_keys(['fetch_transaction_data_and_upload_to_hdfs']) retrieved from /opt/airflow/dags/ingestion.py
[2025-03-17T09:39:28.315+0000] {logging_mixin.py:151} INFO - [2025-03-17T09:39:28.314+0000] {dag.py:2907} INFO - Sync 1 DAGs
[2025-03-17T09:39:28.337+0000] {logging_mixin.py:151} INFO - [2025-03-17T09:39:28.337+0000] {dag.py:3677} INFO - Setting next_dagrun for fetch_transaction_data_and_upload_to_hdfs to 2025-03-17T00:00:00+00:00, run_after=2025-03-18T00:00:00+00:00
[2025-03-17T09:39:28.356+0000] {processor.py:179} INFO - Processing /opt/airflow/dags/ingestion.py took 0.395 seconds
[2025-03-17T09:39:58.708+0000] {processor.py:157} INFO - Started process (PID=1903) to work on /opt/airflow/dags/ingestion.py
[2025-03-17T09:39:58.710+0000] {processor.py:829} INFO - Processing file /opt/airflow/dags/ingestion.py for tasks to queue
[2025-03-17T09:39:58.711+0000] {logging_mixin.py:151} INFO - [2025-03-17T09:39:58.711+0000] {dagbag.py:539} INFO - Filling up the DagBag from /opt/airflow/dags/ingestion.py
[2025-03-17T09:39:59.033+0000] {processor.py:839} INFO - DAG(s) dict_keys(['fetch_transaction_data_and_upload_to_hdfs']) retrieved from /opt/airflow/dags/ingestion.py
[2025-03-17T09:39:59.061+0000] {logging_mixin.py:151} INFO - [2025-03-17T09:39:59.061+0000] {dag.py:2907} INFO - Sync 1 DAGs
[2025-03-17T09:39:59.083+0000] {logging_mixin.py:151} INFO - [2025-03-17T09:39:59.082+0000] {dag.py:3677} INFO - Setting next_dagrun for fetch_transaction_data_and_upload_to_hdfs to 2025-03-17T00:00:00+00:00, run_after=2025-03-18T00:00:00+00:00
[2025-03-17T09:39:59.102+0000] {processor.py:179} INFO - Processing /opt/airflow/dags/ingestion.py took 0.398 seconds
[2025-03-17T09:40:29.487+0000] {processor.py:157} INFO - Started process (PID=1914) to work on /opt/airflow/dags/ingestion.py
[2025-03-17T09:40:29.488+0000] {processor.py:829} INFO - Processing file /opt/airflow/dags/ingestion.py for tasks to queue
[2025-03-17T09:40:29.490+0000] {logging_mixin.py:151} INFO - [2025-03-17T09:40:29.489+0000] {dagbag.py:539} INFO - Filling up the DagBag from /opt/airflow/dags/ingestion.py
[2025-03-17T09:40:29.785+0000] {processor.py:839} INFO - DAG(s) dict_keys(['fetch_transaction_data_and_upload_to_hdfs']) retrieved from /opt/airflow/dags/ingestion.py
[2025-03-17T09:40:29.811+0000] {logging_mixin.py:151} INFO - [2025-03-17T09:40:29.810+0000] {dag.py:2907} INFO - Sync 1 DAGs
[2025-03-17T09:40:29.836+0000] {logging_mixin.py:151} INFO - [2025-03-17T09:40:29.836+0000] {dag.py:3677} INFO - Setting next_dagrun for fetch_transaction_data_and_upload_to_hdfs to 2025-03-17T00:00:00+00:00, run_after=2025-03-18T00:00:00+00:00
[2025-03-17T09:40:29.858+0000] {processor.py:179} INFO - Processing /opt/airflow/dags/ingestion.py took 0.375 seconds
[2025-03-17T09:41:00.239+0000] {processor.py:157} INFO - Started process (PID=1925) to work on /opt/airflow/dags/ingestion.py
[2025-03-17T09:41:00.241+0000] {processor.py:829} INFO - Processing file /opt/airflow/dags/ingestion.py for tasks to queue
[2025-03-17T09:41:00.242+0000] {logging_mixin.py:151} INFO - [2025-03-17T09:41:00.242+0000] {dagbag.py:539} INFO - Filling up the DagBag from /opt/airflow/dags/ingestion.py
[2025-03-17T09:41:00.551+0000] {processor.py:839} INFO - DAG(s) dict_keys(['fetch_transaction_data_and_upload_to_hdfs']) retrieved from /opt/airflow/dags/ingestion.py
[2025-03-17T09:41:00.575+0000] {logging_mixin.py:151} INFO - [2025-03-17T09:41:00.575+0000] {dag.py:2907} INFO - Sync 1 DAGs
[2025-03-17T09:41:00.597+0000] {logging_mixin.py:151} INFO - [2025-03-17T09:41:00.597+0000] {dag.py:3677} INFO - Setting next_dagrun for fetch_transaction_data_and_upload_to_hdfs to 2025-03-17T00:00:00+00:00, run_after=2025-03-18T00:00:00+00:00
[2025-03-17T09:41:00.625+0000] {processor.py:179} INFO - Processing /opt/airflow/dags/ingestion.py took 0.389 seconds
[2025-03-17T09:41:31.224+0000] {processor.py:157} INFO - Started process (PID=1936) to work on /opt/airflow/dags/ingestion.py
[2025-03-17T09:41:31.226+0000] {processor.py:829} INFO - Processing file /opt/airflow/dags/ingestion.py for tasks to queue
[2025-03-17T09:41:31.227+0000] {logging_mixin.py:151} INFO - [2025-03-17T09:41:31.227+0000] {dagbag.py:539} INFO - Filling up the DagBag from /opt/airflow/dags/ingestion.py
[2025-03-17T09:41:31.540+0000] {processor.py:839} INFO - DAG(s) dict_keys(['fetch_transaction_data_and_upload_to_hdfs']) retrieved from /opt/airflow/dags/ingestion.py
[2025-03-17T09:41:31.568+0000] {logging_mixin.py:151} INFO - [2025-03-17T09:41:31.567+0000] {dag.py:2907} INFO - Sync 1 DAGs
[2025-03-17T09:41:31.596+0000] {logging_mixin.py:151} INFO - [2025-03-17T09:41:31.596+0000] {dag.py:3677} INFO - Setting next_dagrun for fetch_transaction_data_and_upload_to_hdfs to 2025-03-17T00:00:00+00:00, run_after=2025-03-18T00:00:00+00:00
[2025-03-17T09:41:31.621+0000] {processor.py:179} INFO - Processing /opt/airflow/dags/ingestion.py took 0.400 seconds
[2025-03-17T09:42:01.987+0000] {processor.py:157} INFO - Started process (PID=1947) to work on /opt/airflow/dags/ingestion.py
[2025-03-17T09:42:01.989+0000] {processor.py:829} INFO - Processing file /opt/airflow/dags/ingestion.py for tasks to queue
[2025-03-17T09:42:01.990+0000] {logging_mixin.py:151} INFO - [2025-03-17T09:42:01.990+0000] {dagbag.py:539} INFO - Filling up the DagBag from /opt/airflow/dags/ingestion.py
[2025-03-17T09:42:02.589+0000] {processor.py:839} INFO - DAG(s) dict_keys(['fetch_transaction_data_and_upload_to_hdfs']) retrieved from /opt/airflow/dags/ingestion.py
[2025-03-17T09:42:02.630+0000] {logging_mixin.py:151} INFO - [2025-03-17T09:42:02.629+0000] {dag.py:2907} INFO - Sync 1 DAGs
[2025-03-17T09:42:02.663+0000] {logging_mixin.py:151} INFO - [2025-03-17T09:42:02.662+0000] {dag.py:3677} INFO - Setting next_dagrun for fetch_transaction_data_and_upload_to_hdfs to 2025-03-17T00:00:00+00:00, run_after=2025-03-18T00:00:00+00:00
[2025-03-17T09:42:02.692+0000] {processor.py:179} INFO - Processing /opt/airflow/dags/ingestion.py took 0.709 seconds
[2025-03-17T09:42:33.238+0000] {processor.py:157} INFO - Started process (PID=1958) to work on /opt/airflow/dags/ingestion.py
[2025-03-17T09:42:33.239+0000] {processor.py:829} INFO - Processing file /opt/airflow/dags/ingestion.py for tasks to queue
[2025-03-17T09:42:33.240+0000] {logging_mixin.py:151} INFO - [2025-03-17T09:42:33.240+0000] {dagbag.py:539} INFO - Filling up the DagBag from /opt/airflow/dags/ingestion.py
[2025-03-17T09:42:33.654+0000] {processor.py:839} INFO - DAG(s) dict_keys(['fetch_transaction_data_and_upload_to_hdfs']) retrieved from /opt/airflow/dags/ingestion.py
[2025-03-17T09:42:33.689+0000] {logging_mixin.py:151} INFO - [2025-03-17T09:42:33.688+0000] {dag.py:2907} INFO - Sync 1 DAGs
[2025-03-17T09:42:33.717+0000] {logging_mixin.py:151} INFO - [2025-03-17T09:42:33.717+0000] {dag.py:3677} INFO - Setting next_dagrun for fetch_transaction_data_and_upload_to_hdfs to 2025-03-17T00:00:00+00:00, run_after=2025-03-18T00:00:00+00:00
[2025-03-17T09:42:33.746+0000] {processor.py:179} INFO - Processing /opt/airflow/dags/ingestion.py took 0.513 seconds
[2025-03-17T09:43:03.931+0000] {processor.py:157} INFO - Started process (PID=1969) to work on /opt/airflow/dags/ingestion.py
[2025-03-17T09:43:03.933+0000] {processor.py:829} INFO - Processing file /opt/airflow/dags/ingestion.py for tasks to queue
[2025-03-17T09:43:03.934+0000] {logging_mixin.py:151} INFO - [2025-03-17T09:43:03.933+0000] {dagbag.py:539} INFO - Filling up the DagBag from /opt/airflow/dags/ingestion.py
[2025-03-17T09:43:04.344+0000] {processor.py:839} INFO - DAG(s) dict_keys(['fetch_transaction_data_and_upload_to_hdfs']) retrieved from /opt/airflow/dags/ingestion.py
[2025-03-17T09:43:04.374+0000] {logging_mixin.py:151} INFO - [2025-03-17T09:43:04.373+0000] {dag.py:2907} INFO - Sync 1 DAGs
[2025-03-17T09:43:04.407+0000] {logging_mixin.py:151} INFO - [2025-03-17T09:43:04.407+0000] {dag.py:3677} INFO - Setting next_dagrun for fetch_transaction_data_and_upload_to_hdfs to 2025-03-17T00:00:00+00:00, run_after=2025-03-18T00:00:00+00:00
[2025-03-17T09:43:04.431+0000] {processor.py:179} INFO - Processing /opt/airflow/dags/ingestion.py took 0.503 seconds
[2025-03-17T09:43:34.722+0000] {processor.py:157} INFO - Started process (PID=1980) to work on /opt/airflow/dags/ingestion.py
[2025-03-17T09:43:34.724+0000] {processor.py:829} INFO - Processing file /opt/airflow/dags/ingestion.py for tasks to queue
[2025-03-17T09:43:34.726+0000] {logging_mixin.py:151} INFO - [2025-03-17T09:43:34.726+0000] {dagbag.py:539} INFO - Filling up the DagBag from /opt/airflow/dags/ingestion.py
[2025-03-17T09:43:35.072+0000] {processor.py:839} INFO - DAG(s) dict_keys(['fetch_transaction_data_and_upload_to_hdfs']) retrieved from /opt/airflow/dags/ingestion.py
[2025-03-17T09:43:35.098+0000] {logging_mixin.py:151} INFO - [2025-03-17T09:43:35.097+0000] {dag.py:2907} INFO - Sync 1 DAGs
[2025-03-17T09:43:35.125+0000] {logging_mixin.py:151} INFO - [2025-03-17T09:43:35.125+0000] {dag.py:3677} INFO - Setting next_dagrun for fetch_transaction_data_and_upload_to_hdfs to 2025-03-17T00:00:00+00:00, run_after=2025-03-18T00:00:00+00:00
[2025-03-17T09:43:35.151+0000] {processor.py:179} INFO - Processing /opt/airflow/dags/ingestion.py took 0.438 seconds
[2025-03-17T09:44:05.381+0000] {processor.py:157} INFO - Started process (PID=1991) to work on /opt/airflow/dags/ingestion.py
[2025-03-17T09:44:05.383+0000] {processor.py:829} INFO - Processing file /opt/airflow/dags/ingestion.py for tasks to queue
[2025-03-17T09:44:05.384+0000] {logging_mixin.py:151} INFO - [2025-03-17T09:44:05.384+0000] {dagbag.py:539} INFO - Filling up the DagBag from /opt/airflow/dags/ingestion.py
[2025-03-17T09:44:05.724+0000] {processor.py:839} INFO - DAG(s) dict_keys(['fetch_transaction_data_and_upload_to_hdfs']) retrieved from /opt/airflow/dags/ingestion.py
[2025-03-17T09:44:05.749+0000] {logging_mixin.py:151} INFO - [2025-03-17T09:44:05.748+0000] {dag.py:2907} INFO - Sync 1 DAGs
[2025-03-17T09:44:05.773+0000] {logging_mixin.py:151} INFO - [2025-03-17T09:44:05.773+0000] {dag.py:3677} INFO - Setting next_dagrun for fetch_transaction_data_and_upload_to_hdfs to 2025-03-17T00:00:00+00:00, run_after=2025-03-18T00:00:00+00:00
[2025-03-17T09:44:05.794+0000] {processor.py:179} INFO - Processing /opt/airflow/dags/ingestion.py took 0.416 seconds
[2025-03-17T09:44:36.038+0000] {processor.py:157} INFO - Started process (PID=2002) to work on /opt/airflow/dags/ingestion.py
[2025-03-17T09:44:36.040+0000] {processor.py:829} INFO - Processing file /opt/airflow/dags/ingestion.py for tasks to queue
[2025-03-17T09:44:36.042+0000] {logging_mixin.py:151} INFO - [2025-03-17T09:44:36.041+0000] {dagbag.py:539} INFO - Filling up the DagBag from /opt/airflow/dags/ingestion.py
[2025-03-17T09:44:36.348+0000] {processor.py:839} INFO - DAG(s) dict_keys(['fetch_transaction_data_and_upload_to_hdfs']) retrieved from /opt/airflow/dags/ingestion.py
[2025-03-17T09:44:36.375+0000] {logging_mixin.py:151} INFO - [2025-03-17T09:44:36.374+0000] {dag.py:2907} INFO - Sync 1 DAGs
[2025-03-17T09:44:36.399+0000] {logging_mixin.py:151} INFO - [2025-03-17T09:44:36.399+0000] {dag.py:3677} INFO - Setting next_dagrun for fetch_transaction_data_and_upload_to_hdfs to 2025-03-17T00:00:00+00:00, run_after=2025-03-18T00:00:00+00:00
[2025-03-17T09:44:36.422+0000] {processor.py:179} INFO - Processing /opt/airflow/dags/ingestion.py took 0.388 seconds
[2025-03-17T09:45:06.839+0000] {processor.py:157} INFO - Started process (PID=2013) to work on /opt/airflow/dags/ingestion.py
[2025-03-17T09:45:06.840+0000] {processor.py:829} INFO - Processing file /opt/airflow/dags/ingestion.py for tasks to queue
[2025-03-17T09:45:06.842+0000] {logging_mixin.py:151} INFO - [2025-03-17T09:45:06.841+0000] {dagbag.py:539} INFO - Filling up the DagBag from /opt/airflow/dags/ingestion.py
[2025-03-17T09:45:07.211+0000] {processor.py:839} INFO - DAG(s) dict_keys(['fetch_transaction_data_and_upload_to_hdfs']) retrieved from /opt/airflow/dags/ingestion.py
[2025-03-17T09:45:07.246+0000] {logging_mixin.py:151} INFO - [2025-03-17T09:45:07.246+0000] {dag.py:2907} INFO - Sync 1 DAGs
[2025-03-17T09:45:07.276+0000] {logging_mixin.py:151} INFO - [2025-03-17T09:45:07.276+0000] {dag.py:3677} INFO - Setting next_dagrun for fetch_transaction_data_and_upload_to_hdfs to 2025-03-17T00:00:00+00:00, run_after=2025-03-18T00:00:00+00:00
[2025-03-17T09:45:07.309+0000] {processor.py:179} INFO - Processing /opt/airflow/dags/ingestion.py took 0.474 seconds
[2025-03-17T09:45:37.540+0000] {processor.py:157} INFO - Started process (PID=2024) to work on /opt/airflow/dags/ingestion.py
[2025-03-17T09:45:37.542+0000] {processor.py:829} INFO - Processing file /opt/airflow/dags/ingestion.py for tasks to queue
[2025-03-17T09:45:37.543+0000] {logging_mixin.py:151} INFO - [2025-03-17T09:45:37.543+0000] {dagbag.py:539} INFO - Filling up the DagBag from /opt/airflow/dags/ingestion.py
[2025-03-17T09:45:37.918+0000] {processor.py:839} INFO - DAG(s) dict_keys(['fetch_transaction_data_and_upload_to_hdfs']) retrieved from /opt/airflow/dags/ingestion.py
[2025-03-17T09:45:37.947+0000] {logging_mixin.py:151} INFO - [2025-03-17T09:45:37.946+0000] {dag.py:2907} INFO - Sync 1 DAGs
[2025-03-17T09:45:37.979+0000] {logging_mixin.py:151} INFO - [2025-03-17T09:45:37.978+0000] {dag.py:3677} INFO - Setting next_dagrun for fetch_transaction_data_and_upload_to_hdfs to 2025-03-17T00:00:00+00:00, run_after=2025-03-18T00:00:00+00:00
[2025-03-17T09:45:38.001+0000] {processor.py:179} INFO - Processing /opt/airflow/dags/ingestion.py took 0.467 seconds
[2025-03-17T09:46:08.260+0000] {processor.py:157} INFO - Started process (PID=2035) to work on /opt/airflow/dags/ingestion.py
[2025-03-17T09:46:08.261+0000] {processor.py:829} INFO - Processing file /opt/airflow/dags/ingestion.py for tasks to queue
[2025-03-17T09:46:08.262+0000] {logging_mixin.py:151} INFO - [2025-03-17T09:46:08.262+0000] {dagbag.py:539} INFO - Filling up the DagBag from /opt/airflow/dags/ingestion.py
[2025-03-17T09:46:08.859+0000] {processor.py:839} INFO - DAG(s) dict_keys(['fetch_transaction_data_and_upload_to_hdfs']) retrieved from /opt/airflow/dags/ingestion.py
[2025-03-17T09:46:08.927+0000] {logging_mixin.py:151} INFO - [2025-03-17T09:46:08.926+0000] {dag.py:2907} INFO - Sync 1 DAGs
[2025-03-17T09:46:08.987+0000] {logging_mixin.py:151} INFO - [2025-03-17T09:46:08.987+0000] {dag.py:3677} INFO - Setting next_dagrun for fetch_transaction_data_and_upload_to_hdfs to 2025-03-17T00:00:00+00:00, run_after=2025-03-18T00:00:00+00:00
[2025-03-17T09:46:09.032+0000] {processor.py:179} INFO - Processing /opt/airflow/dags/ingestion.py took 0.777 seconds
[2025-03-17T09:46:39.718+0000] {processor.py:157} INFO - Started process (PID=2046) to work on /opt/airflow/dags/ingestion.py
[2025-03-17T09:46:39.719+0000] {processor.py:829} INFO - Processing file /opt/airflow/dags/ingestion.py for tasks to queue
[2025-03-17T09:46:39.720+0000] {logging_mixin.py:151} INFO - [2025-03-17T09:46:39.720+0000] {dagbag.py:539} INFO - Filling up the DagBag from /opt/airflow/dags/ingestion.py
[2025-03-17T09:46:40.044+0000] {processor.py:839} INFO - DAG(s) dict_keys(['fetch_transaction_data_and_upload_to_hdfs']) retrieved from /opt/airflow/dags/ingestion.py
[2025-03-17T09:46:40.072+0000] {logging_mixin.py:151} INFO - [2025-03-17T09:46:40.072+0000] {dag.py:2907} INFO - Sync 1 DAGs
[2025-03-17T09:46:40.102+0000] {logging_mixin.py:151} INFO - [2025-03-17T09:46:40.102+0000] {dag.py:3677} INFO - Setting next_dagrun for fetch_transaction_data_and_upload_to_hdfs to 2025-03-17T00:00:00+00:00, run_after=2025-03-18T00:00:00+00:00
[2025-03-17T09:46:40.126+0000] {processor.py:179} INFO - Processing /opt/airflow/dags/ingestion.py took 0.412 seconds
[2025-03-17T09:47:10.360+0000] {processor.py:157} INFO - Started process (PID=2057) to work on /opt/airflow/dags/ingestion.py
[2025-03-17T09:47:10.361+0000] {processor.py:829} INFO - Processing file /opt/airflow/dags/ingestion.py for tasks to queue
[2025-03-17T09:47:10.364+0000] {logging_mixin.py:151} INFO - [2025-03-17T09:47:10.363+0000] {dagbag.py:539} INFO - Filling up the DagBag from /opt/airflow/dags/ingestion.py
[2025-03-17T09:47:10.759+0000] {processor.py:839} INFO - DAG(s) dict_keys(['fetch_transaction_data_and_upload_to_hdfs']) retrieved from /opt/airflow/dags/ingestion.py
[2025-03-17T09:47:10.795+0000] {logging_mixin.py:151} INFO - [2025-03-17T09:47:10.795+0000] {dag.py:2907} INFO - Sync 1 DAGs
[2025-03-17T09:47:10.825+0000] {logging_mixin.py:151} INFO - [2025-03-17T09:47:10.825+0000] {dag.py:3677} INFO - Setting next_dagrun for fetch_transaction_data_and_upload_to_hdfs to 2025-03-17T00:00:00+00:00, run_after=2025-03-18T00:00:00+00:00
[2025-03-17T09:47:10.847+0000] {processor.py:179} INFO - Processing /opt/airflow/dags/ingestion.py took 0.492 seconds
[2025-03-17T09:47:41.061+0000] {processor.py:157} INFO - Started process (PID=2068) to work on /opt/airflow/dags/ingestion.py
[2025-03-17T09:47:41.062+0000] {processor.py:829} INFO - Processing file /opt/airflow/dags/ingestion.py for tasks to queue
[2025-03-17T09:47:41.064+0000] {logging_mixin.py:151} INFO - [2025-03-17T09:47:41.064+0000] {dagbag.py:539} INFO - Filling up the DagBag from /opt/airflow/dags/ingestion.py
[2025-03-17T09:47:41.394+0000] {processor.py:839} INFO - DAG(s) dict_keys(['fetch_transaction_data_and_upload_to_hdfs']) retrieved from /opt/airflow/dags/ingestion.py
[2025-03-17T09:47:41.421+0000] {logging_mixin.py:151} INFO - [2025-03-17T09:47:41.421+0000] {dag.py:2907} INFO - Sync 1 DAGs
[2025-03-17T09:47:41.445+0000] {logging_mixin.py:151} INFO - [2025-03-17T09:47:41.445+0000] {dag.py:3677} INFO - Setting next_dagrun for fetch_transaction_data_and_upload_to_hdfs to 2025-03-17T00:00:00+00:00, run_after=2025-03-18T00:00:00+00:00
[2025-03-17T09:47:41.470+0000] {processor.py:179} INFO - Processing /opt/airflow/dags/ingestion.py took 0.412 seconds
[2025-03-17T09:48:11.669+0000] {processor.py:157} INFO - Started process (PID=2079) to work on /opt/airflow/dags/ingestion.py
[2025-03-17T09:48:11.671+0000] {processor.py:829} INFO - Processing file /opt/airflow/dags/ingestion.py for tasks to queue
[2025-03-17T09:48:11.672+0000] {logging_mixin.py:151} INFO - [2025-03-17T09:48:11.672+0000] {dagbag.py:539} INFO - Filling up the DagBag from /opt/airflow/dags/ingestion.py
[2025-03-17T09:48:11.204+0000] {processor.py:839} INFO - DAG(s) dict_keys(['fetch_transaction_data_and_upload_to_hdfs']) retrieved from /opt/airflow/dags/ingestion.py
[2025-03-17T09:48:11.241+0000] {logging_mixin.py:151} INFO - [2025-03-17T09:48:11.240+0000] {dag.py:2907} INFO - Sync 1 DAGs
[2025-03-17T09:48:11.266+0000] {logging_mixin.py:151} INFO - [2025-03-17T09:48:11.266+0000] {dag.py:3677} INFO - Setting next_dagrun for fetch_transaction_data_and_upload_to_hdfs to 2025-03-17T00:00:00+00:00, run_after=2025-03-18T00:00:00+00:00
[2025-03-17T09:48:11.293+0000] {processor.py:179} INFO - Processing /opt/airflow/dags/ingestion.py took 0.454 seconds
[2025-03-17T09:48:41.857+0000] {processor.py:157} INFO - Started process (PID=2090) to work on /opt/airflow/dags/ingestion.py
[2025-03-17T09:48:41.859+0000] {processor.py:829} INFO - Processing file /opt/airflow/dags/ingestion.py for tasks to queue
[2025-03-17T09:48:41.861+0000] {logging_mixin.py:151} INFO - [2025-03-17T09:48:41.860+0000] {dagbag.py:539} INFO - Filling up the DagBag from /opt/airflow/dags/ingestion.py
[2025-03-17T09:48:42.889+0000] {processor.py:839} INFO - DAG(s) dict_keys(['fetch_transaction_data_and_upload_to_hdfs']) retrieved from /opt/airflow/dags/ingestion.py
[2025-03-17T09:48:42.935+0000] {logging_mixin.py:151} INFO - [2025-03-17T09:48:42.935+0000] {dag.py:2907} INFO - Sync 1 DAGs
[2025-03-17T09:48:42.981+0000] {logging_mixin.py:151} INFO - [2025-03-17T09:48:42.980+0000] {dag.py:3677} INFO - Setting next_dagrun for fetch_transaction_data_and_upload_to_hdfs to 2025-03-17T00:00:00+00:00, run_after=2025-03-18T00:00:00+00:00
[2025-03-17T09:48:43.019+0000] {processor.py:179} INFO - Processing /opt/airflow/dags/ingestion.py took 1.169 seconds
[2025-03-17T09:49:13.309+0000] {processor.py:157} INFO - Started process (PID=2101) to work on /opt/airflow/dags/ingestion.py
[2025-03-17T09:49:13.310+0000] {processor.py:829} INFO - Processing file /opt/airflow/dags/ingestion.py for tasks to queue
[2025-03-17T09:49:13.311+0000] {logging_mixin.py:151} INFO - [2025-03-17T09:49:13.311+0000] {dagbag.py:539} INFO - Filling up the DagBag from /opt/airflow/dags/ingestion.py
[2025-03-17T09:49:13.632+0000] {processor.py:839} INFO - DAG(s) dict_keys(['fetch_transaction_data_and_upload_to_hdfs']) retrieved from /opt/airflow/dags/ingestion.py
[2025-03-17T09:49:13.658+0000] {logging_mixin.py:151} INFO - [2025-03-17T09:49:13.658+0000] {dag.py:2907} INFO - Sync 1 DAGs
[2025-03-17T09:49:13.683+0000] {logging_mixin.py:151} INFO - [2025-03-17T09:49:13.683+0000] {dag.py:3677} INFO - Setting next_dagrun for fetch_transaction_data_and_upload_to_hdfs to 2025-03-17T00:00:00+00:00, run_after=2025-03-18T00:00:00+00:00
[2025-03-17T09:49:13.704+0000] {processor.py:179} INFO - Processing /opt/airflow/dags/ingestion.py took 0.399 seconds
[2025-03-17T09:49:43.996+0000] {processor.py:157} INFO - Started process (PID=2112) to work on /opt/airflow/dags/ingestion.py
[2025-03-17T09:49:43.997+0000] {processor.py:829} INFO - Processing file /opt/airflow/dags/ingestion.py for tasks to queue
[2025-03-17T09:49:43.999+0000] {logging_mixin.py:151} INFO - [2025-03-17T09:49:43.998+0000] {dagbag.py:539} INFO - Filling up the DagBag from /opt/airflow/dags/ingestion.py
[2025-03-17T09:49:44.332+0000] {processor.py:839} INFO - DAG(s) dict_keys(['fetch_transaction_data_and_upload_to_hdfs']) retrieved from /opt/airflow/dags/ingestion.py
[2025-03-17T09:49:44.386+0000] {logging_mixin.py:151} INFO - [2025-03-17T09:49:44.385+0000] {dag.py:2907} INFO - Sync 1 DAGs
[2025-03-17T09:49:44.432+0000] {logging_mixin.py:151} INFO - [2025-03-17T09:49:44.432+0000] {dag.py:3677} INFO - Setting next_dagrun for fetch_transaction_data_and_upload_to_hdfs to 2025-03-17T00:00:00+00:00, run_after=2025-03-18T00:00:00+00:00
[2025-03-17T09:49:44.478+0000] {processor.py:179} INFO - Processing /opt/airflow/dags/ingestion.py took 0.488 seconds
[2025-03-17T09:50:14.574+0000] {processor.py:157} INFO - Started process (PID=2123) to work on /opt/airflow/dags/ingestion.py
[2025-03-17T09:50:14.575+0000] {processor.py:829} INFO - Processing file /opt/airflow/dags/ingestion.py for tasks to queue
[2025-03-17T09:50:14.577+0000] {logging_mixin.py:151} INFO - [2025-03-17T09:50:14.577+0000] {dagbag.py:539} INFO - Filling up the DagBag from /opt/airflow/dags/ingestion.py
[2025-03-17T09:50:14.960+0000] {processor.py:839} INFO - DAG(s) dict_keys(['fetch_transaction_data_and_upload_to_hdfs']) retrieved from /opt/airflow/dags/ingestion.py
[2025-03-17T09:50:14.984+0000] {logging_mixin.py:151} INFO - [2025-03-17T09:50:14.983+0000] {dag.py:2907} INFO - Sync 1 DAGs
[2025-03-17T09:50:15.012+0000] {logging_mixin.py:151} INFO - [2025-03-17T09:50:15.012+0000] {dag.py:3677} INFO - Setting next_dagrun for fetch_transaction_data_and_upload_to_hdfs to 2025-03-17T00:00:00+00:00, run_after=2025-03-18T00:00:00+00:00
[2025-03-17T09:50:15.037+0000] {processor.py:179} INFO - Processing /opt/airflow/dags/ingestion.py took 0.468 seconds
[2025-03-17T09:50:45.314+0000] {processor.py:157} INFO - Started process (PID=2134) to work on /opt/airflow/dags/ingestion.py
[2025-03-17T09:50:45.316+0000] {processor.py:829} INFO - Processing file /opt/airflow/dags/ingestion.py for tasks to queue
[2025-03-17T09:50:45.317+0000] {logging_mixin.py:151} INFO - [2025-03-17T09:50:45.317+0000] {dagbag.py:539} INFO - Filling up the DagBag from /opt/airflow/dags/ingestion.py
[2025-03-17T09:50:45.642+0000] {processor.py:839} INFO - DAG(s) dict_keys(['fetch_transaction_data_and_upload_to_hdfs']) retrieved from /opt/airflow/dags/ingestion.py
[2025-03-17T09:50:45.674+0000] {logging_mixin.py:151} INFO - [2025-03-17T09:50:45.673+0000] {dag.py:2907} INFO - Sync 1 DAGs
[2025-03-17T09:50:45.703+0000] {logging_mixin.py:151} INFO - [2025-03-17T09:50:45.703+0000] {dag.py:3677} INFO - Setting next_dagrun for fetch_transaction_data_and_upload_to_hdfs to 2025-03-17T00:00:00+00:00, run_after=2025-03-18T00:00:00+00:00
[2025-03-17T09:50:45.728+0000] {processor.py:179} INFO - Processing /opt/airflow/dags/ingestion.py took 0.416 seconds
[2025-03-17T09:51:15.861+0000] {processor.py:157} INFO - Started process (PID=2145) to work on /opt/airflow/dags/ingestion.py
[2025-03-17T09:51:15.863+0000] {processor.py:829} INFO - Processing file /opt/airflow/dags/ingestion.py for tasks to queue
[2025-03-17T09:51:15.864+0000] {logging_mixin.py:151} INFO - [2025-03-17T09:51:15.864+0000] {dagbag.py:539} INFO - Filling up the DagBag from /opt/airflow/dags/ingestion.py
[2025-03-17T09:51:16.215+0000] {processor.py:839} INFO - DAG(s) dict_keys(['fetch_transaction_data_and_upload_to_hdfs']) retrieved from /opt/airflow/dags/ingestion.py
[2025-03-17T09:51:16.255+0000] {logging_mixin.py:151} INFO - [2025-03-17T09:51:16.254+0000] {dag.py:2907} INFO - Sync 1 DAGs
[2025-03-17T09:51:16.286+0000] {logging_mixin.py:151} INFO - [2025-03-17T09:51:16.286+0000] {dag.py:3677} INFO - Setting next_dagrun for fetch_transaction_data_and_upload_to_hdfs to 2025-03-17T00:00:00+00:00, run_after=2025-03-18T00:00:00+00:00
[2025-03-17T09:51:16.338+0000] {processor.py:179} INFO - Processing /opt/airflow/dags/ingestion.py took 0.480 seconds
[2025-03-17T09:51:46.906+0000] {processor.py:157} INFO - Started process (PID=2156) to work on /opt/airflow/dags/ingestion.py
[2025-03-17T09:51:46.908+0000] {processor.py:829} INFO - Processing file /opt/airflow/dags/ingestion.py for tasks to queue
[2025-03-17T09:51:46.909+0000] {logging_mixin.py:151} INFO - [2025-03-17T09:51:46.909+0000] {dagbag.py:539} INFO - Filling up the DagBag from /opt/airflow/dags/ingestion.py
[2025-03-17T09:51:47.293+0000] {processor.py:839} INFO - DAG(s) dict_keys(['fetch_transaction_data_and_upload_to_hdfs']) retrieved from /opt/airflow/dags/ingestion.py
[2025-03-17T09:51:47.323+0000] {logging_mixin.py:151} INFO - [2025-03-17T09:51:47.322+0000] {dag.py:2907} INFO - Sync 1 DAGs
[2025-03-17T09:51:47.352+0000] {logging_mixin.py:151} INFO - [2025-03-17T09:51:47.352+0000] {dag.py:3677} INFO - Setting next_dagrun for fetch_transaction_data_and_upload_to_hdfs to 2025-03-17T00:00:00+00:00, run_after=2025-03-18T00:00:00+00:00
[2025-03-17T09:51:47.394+0000] {processor.py:179} INFO - Processing /opt/airflow/dags/ingestion.py took 0.494 seconds
[2025-03-17T09:52:17.550+0000] {processor.py:157} INFO - Started process (PID=2167) to work on /opt/airflow/dags/ingestion.py
[2025-03-17T09:52:17.552+0000] {processor.py:829} INFO - Processing file /opt/airflow/dags/ingestion.py for tasks to queue
[2025-03-17T09:52:17.554+0000] {logging_mixin.py:151} INFO - [2025-03-17T09:52:17.554+0000] {dagbag.py:539} INFO - Filling up the DagBag from /opt/airflow/dags/ingestion.py
[2025-03-17T09:52:18.027+0000] {processor.py:839} INFO - DAG(s) dict_keys(['fetch_transaction_data_and_upload_to_hdfs']) retrieved from /opt/airflow/dags/ingestion.py
[2025-03-17T09:52:18.058+0000] {logging_mixin.py:151} INFO - [2025-03-17T09:52:18.057+0000] {dag.py:2907} INFO - Sync 1 DAGs
[2025-03-17T09:52:18.084+0000] {logging_mixin.py:151} INFO - [2025-03-17T09:52:18.083+0000] {dag.py:3677} INFO - Setting next_dagrun for fetch_transaction_data_and_upload_to_hdfs to 2025-03-17T00:00:00+00:00, run_after=2025-03-18T00:00:00+00:00
[2025-03-17T09:52:18.113+0000] {processor.py:179} INFO - Processing /opt/airflow/dags/ingestion.py took 0.568 seconds
[2025-03-17T09:52:48.210+0000] {processor.py:157} INFO - Started process (PID=2178) to work on /opt/airflow/dags/ingestion.py
[2025-03-17T09:52:48.211+0000] {processor.py:829} INFO - Processing file /opt/airflow/dags/ingestion.py for tasks to queue
[2025-03-17T09:52:48.212+0000] {logging_mixin.py:151} INFO - [2025-03-17T09:52:48.212+0000] {dagbag.py:539} INFO - Filling up the DagBag from /opt/airflow/dags/ingestion.py
[2025-03-17T09:52:48.524+0000] {processor.py:839} INFO - DAG(s) dict_keys(['fetch_transaction_data_and_upload_to_hdfs']) retrieved from /opt/airflow/dags/ingestion.py
[2025-03-17T09:52:48.554+0000] {logging_mixin.py:151} INFO - [2025-03-17T09:52:48.553+0000] {dag.py:2907} INFO - Sync 1 DAGs
[2025-03-17T09:52:48.580+0000] {logging_mixin.py:151} INFO - [2025-03-17T09:52:48.580+0000] {dag.py:3677} INFO - Setting next_dagrun for fetch_transaction_data_and_upload_to_hdfs to 2025-03-17T00:00:00+00:00, run_after=2025-03-18T00:00:00+00:00
[2025-03-17T09:52:48.600+0000] {processor.py:179} INFO - Processing /opt/airflow/dags/ingestion.py took 0.393 seconds
[2025-03-17T09:53:18.740+0000] {processor.py:157} INFO - Started process (PID=2189) to work on /opt/airflow/dags/ingestion.py
[2025-03-17T09:53:18.741+0000] {processor.py:829} INFO - Processing file /opt/airflow/dags/ingestion.py for tasks to queue
[2025-03-17T09:53:18.742+0000] {logging_mixin.py:151} INFO - [2025-03-17T09:53:18.742+0000] {dagbag.py:539} INFO - Filling up the DagBag from /opt/airflow/dags/ingestion.py
[2025-03-17T09:53:19.078+0000] {processor.py:839} INFO - DAG(s) dict_keys(['fetch_transaction_data_and_upload_to_hdfs']) retrieved from /opt/airflow/dags/ingestion.py
[2025-03-17T09:53:19.106+0000] {logging_mixin.py:151} INFO - [2025-03-17T09:53:19.105+0000] {dag.py:2907} INFO - Sync 1 DAGs
[2025-03-17T09:53:19.130+0000] {logging_mixin.py:151} INFO - [2025-03-17T09:53:19.130+0000] {dag.py:3677} INFO - Setting next_dagrun for fetch_transaction_data_and_upload_to_hdfs to 2025-03-17T00:00:00+00:00, run_after=2025-03-18T00:00:00+00:00
[2025-03-17T09:53:19.150+0000] {processor.py:179} INFO - Processing /opt/airflow/dags/ingestion.py took 0.413 seconds
[2025-03-17T09:53:49.357+0000] {processor.py:157} INFO - Started process (PID=2200) to work on /opt/airflow/dags/ingestion.py
[2025-03-17T09:53:49.359+0000] {processor.py:829} INFO - Processing file /opt/airflow/dags/ingestion.py for tasks to queue
[2025-03-17T09:53:49.360+0000] {logging_mixin.py:151} INFO - [2025-03-17T09:53:49.360+0000] {dagbag.py:539} INFO - Filling up the DagBag from /opt/airflow/dags/ingestion.py
[2025-03-17T09:53:49.715+0000] {processor.py:839} INFO - DAG(s) dict_keys(['fetch_transaction_data_and_upload_to_hdfs']) retrieved from /opt/airflow/dags/ingestion.py
[2025-03-17T09:53:49.754+0000] {logging_mixin.py:151} INFO - [2025-03-17T09:53:49.753+0000] {dag.py:2907} INFO - Sync 1 DAGs
[2025-03-17T09:53:49.793+0000] {logging_mixin.py:151} INFO - [2025-03-17T09:53:49.793+0000] {dag.py:3677} INFO - Setting next_dagrun for fetch_transaction_data_and_upload_to_hdfs to 2025-03-17T00:00:00+00:00, run_after=2025-03-18T00:00:00+00:00
[2025-03-17T09:53:49.824+0000] {processor.py:179} INFO - Processing /opt/airflow/dags/ingestion.py took 0.477 seconds
[2025-03-17T09:54:19.930+0000] {processor.py:157} INFO - Started process (PID=2211) to work on /opt/airflow/dags/ingestion.py
[2025-03-17T09:54:19.931+0000] {processor.py:829} INFO - Processing file /opt/airflow/dags/ingestion.py for tasks to queue
[2025-03-17T09:54:19.933+0000] {logging_mixin.py:151} INFO - [2025-03-17T09:54:19.933+0000] {dagbag.py:539} INFO - Filling up the DagBag from /opt/airflow/dags/ingestion.py
[2025-03-17T09:54:20.244+0000] {processor.py:839} INFO - DAG(s) dict_keys(['fetch_transaction_data_and_upload_to_hdfs']) retrieved from /opt/airflow/dags/ingestion.py
[2025-03-17T09:54:20.276+0000] {logging_mixin.py:151} INFO - [2025-03-17T09:54:20.275+0000] {dag.py:2907} INFO - Sync 1 DAGs
[2025-03-17T09:54:20.299+0000] {logging_mixin.py:151} INFO - [2025-03-17T09:54:20.299+0000] {dag.py:3677} INFO - Setting next_dagrun for fetch_transaction_data_and_upload_to_hdfs to 2025-03-17T00:00:00+00:00, run_after=2025-03-18T00:00:00+00:00
[2025-03-17T09:54:20.323+0000] {processor.py:179} INFO - Processing /opt/airflow/dags/ingestion.py took 0.397 seconds
[2025-03-17T09:54:50.518+0000] {processor.py:157} INFO - Started process (PID=2222) to work on /opt/airflow/dags/ingestion.py
[2025-03-17T09:54:50.519+0000] {processor.py:829} INFO - Processing file /opt/airflow/dags/ingestion.py for tasks to queue
[2025-03-17T09:54:50.520+0000] {logging_mixin.py:151} INFO - [2025-03-17T09:54:50.520+0000] {dagbag.py:539} INFO - Filling up the DagBag from /opt/airflow/dags/ingestion.py
[2025-03-17T09:54:50.847+0000] {processor.py:839} INFO - DAG(s) dict_keys(['fetch_transaction_data_and_upload_to_hdfs']) retrieved from /opt/airflow/dags/ingestion.py
[2025-03-17T09:54:50.873+0000] {logging_mixin.py:151} INFO - [2025-03-17T09:54:50.873+0000] {dag.py:2907} INFO - Sync 1 DAGs
[2025-03-17T09:54:50.896+0000] {logging_mixin.py:151} INFO - [2025-03-17T09:54:50.896+0000] {dag.py:3677} INFO - Setting next_dagrun for fetch_transaction_data_and_upload_to_hdfs to 2025-03-17T00:00:00+00:00, run_after=2025-03-18T00:00:00+00:00
[2025-03-17T09:54:50.915+0000] {processor.py:179} INFO - Processing /opt/airflow/dags/ingestion.py took 0.401 seconds
[2025-03-17T09:55:21.147+0000] {processor.py:157} INFO - Started process (PID=2233) to work on /opt/airflow/dags/ingestion.py
[2025-03-17T09:55:21.149+0000] {processor.py:829} INFO - Processing file /opt/airflow/dags/ingestion.py for tasks to queue
[2025-03-17T09:55:21.151+0000] {logging_mixin.py:151} INFO - [2025-03-17T09:55:21.151+0000] {dagbag.py:539} INFO - Filling up the DagBag from /opt/airflow/dags/ingestion.py
[2025-03-17T09:55:21.555+0000] {processor.py:839} INFO - DAG(s) dict_keys(['fetch_transaction_data_and_upload_to_hdfs']) retrieved from /opt/airflow/dags/ingestion.py
[2025-03-17T09:55:21.590+0000] {logging_mixin.py:151} INFO - [2025-03-17T09:55:21.590+0000] {dag.py:2907} INFO - Sync 1 DAGs
[2025-03-17T09:55:21.625+0000] {logging_mixin.py:151} INFO - [2025-03-17T09:55:21.624+0000] {dag.py:3677} INFO - Setting next_dagrun for fetch_transaction_data_and_upload_to_hdfs to 2025-03-17T00:00:00+00:00, run_after=2025-03-18T00:00:00+00:00
[2025-03-17T09:55:21.656+0000] {processor.py:179} INFO - Processing /opt/airflow/dags/ingestion.py took 0.513 seconds
[2025-03-17T09:55:51.891+0000] {processor.py:157} INFO - Started process (PID=2244) to work on /opt/airflow/dags/ingestion.py
[2025-03-17T09:55:51.893+0000] {processor.py:829} INFO - Processing file /opt/airflow/dags/ingestion.py for tasks to queue
[2025-03-17T09:55:51.894+0000] {logging_mixin.py:151} INFO - [2025-03-17T09:55:51.894+0000] {dagbag.py:539} INFO - Filling up the DagBag from /opt/airflow/dags/ingestion.py
[2025-03-17T09:55:52.231+0000] {processor.py:839} INFO - DAG(s) dict_keys(['fetch_transaction_data_and_upload_to_hdfs']) retrieved from /opt/airflow/dags/ingestion.py
[2025-03-17T09:55:52.264+0000] {logging_mixin.py:151} INFO - [2025-03-17T09:55:52.264+0000] {dag.py:2907} INFO - Sync 1 DAGs
[2025-03-17T09:55:52.294+0000] {logging_mixin.py:151} INFO - [2025-03-17T09:55:52.293+0000] {dag.py:3677} INFO - Setting next_dagrun for fetch_transaction_data_and_upload_to_hdfs to 2025-03-17T00:00:00+00:00, run_after=2025-03-18T00:00:00+00:00
[2025-03-17T09:55:52.322+0000] {processor.py:179} INFO - Processing /opt/airflow/dags/ingestion.py took 0.434 seconds
[2025-03-17T09:56:22.484+0000] {processor.py:157} INFO - Started process (PID=2255) to work on /opt/airflow/dags/ingestion.py
[2025-03-17T09:56:22.486+0000] {processor.py:829} INFO - Processing file /opt/airflow/dags/ingestion.py for tasks to queue
[2025-03-17T09:56:22.487+0000] {logging_mixin.py:151} INFO - [2025-03-17T09:56:22.487+0000] {dagbag.py:539} INFO - Filling up the DagBag from /opt/airflow/dags/ingestion.py
[2025-03-17T09:56:22.825+0000] {processor.py:839} INFO - DAG(s) dict_keys(['fetch_transaction_data_and_upload_to_hdfs']) retrieved from /opt/airflow/dags/ingestion.py
[2025-03-17T09:56:22.854+0000] {logging_mixin.py:151} INFO - [2025-03-17T09:56:22.854+0000] {dag.py:2907} INFO - Sync 1 DAGs
[2025-03-17T09:56:22.879+0000] {logging_mixin.py:151} INFO - [2025-03-17T09:56:22.879+0000] {dag.py:3677} INFO - Setting next_dagrun for fetch_transaction_data_and_upload_to_hdfs to 2025-03-17T00:00:00+00:00, run_after=2025-03-18T00:00:00+00:00
[2025-03-17T09:56:22.903+0000] {processor.py:179} INFO - Processing /opt/airflow/dags/ingestion.py took 0.424 seconds
[2025-03-17T09:56:52.949+0000] {processor.py:157} INFO - Started process (PID=2266) to work on /opt/airflow/dags/ingestion.py
[2025-03-17T09:56:52.950+0000] {processor.py:829} INFO - Processing file /opt/airflow/dags/ingestion.py for tasks to queue
[2025-03-17T09:56:52.951+0000] {logging_mixin.py:151} INFO - [2025-03-17T09:56:52.951+0000] {dagbag.py:539} INFO - Filling up the DagBag from /opt/airflow/dags/ingestion.py
[2025-03-17T09:56:53.279+0000] {processor.py:839} INFO - DAG(s) dict_keys(['fetch_transaction_data_and_upload_to_hdfs']) retrieved from /opt/airflow/dags/ingestion.py
[2025-03-17T09:56:53.305+0000] {logging_mixin.py:151} INFO - [2025-03-17T09:56:53.305+0000] {dag.py:2907} INFO - Sync 1 DAGs
[2025-03-17T09:56:53.330+0000] {logging_mixin.py:151} INFO - [2025-03-17T09:56:53.329+0000] {dag.py:3677} INFO - Setting next_dagrun for fetch_transaction_data_and_upload_to_hdfs to 2025-03-17T00:00:00+00:00, run_after=2025-03-18T00:00:00+00:00
[2025-03-17T09:56:53.349+0000] {processor.py:179} INFO - Processing /opt/airflow/dags/ingestion.py took 0.404 seconds
[2025-03-17T09:57:23.444+0000] {processor.py:157} INFO - Started process (PID=2277) to work on /opt/airflow/dags/ingestion.py
[2025-03-17T09:57:23.446+0000] {processor.py:829} INFO - Processing file /opt/airflow/dags/ingestion.py for tasks to queue
[2025-03-17T09:57:23.448+0000] {logging_mixin.py:151} INFO - [2025-03-17T09:57:23.447+0000] {dagbag.py:539} INFO - Filling up the DagBag from /opt/airflow/dags/ingestion.py
[2025-03-17T09:57:23.775+0000] {processor.py:839} INFO - DAG(s) dict_keys(['fetch_transaction_data_and_upload_to_hdfs']) retrieved from /opt/airflow/dags/ingestion.py
[2025-03-17T09:57:23.805+0000] {logging_mixin.py:151} INFO - [2025-03-17T09:57:23.805+0000] {dag.py:2907} INFO - Sync 1 DAGs
[2025-03-17T09:57:23.832+0000] {logging_mixin.py:151} INFO - [2025-03-17T09:57:23.832+0000] {dag.py:3677} INFO - Setting next_dagrun for fetch_transaction_data_and_upload_to_hdfs to 2025-03-17T00:00:00+00:00, run_after=2025-03-18T00:00:00+00:00
[2025-03-17T09:57:23.855+0000] {processor.py:179} INFO - Processing /opt/airflow/dags/ingestion.py took 0.414 seconds
[2025-03-17T09:57:54.046+0000] {processor.py:157} INFO - Started process (PID=2288) to work on /opt/airflow/dags/ingestion.py
[2025-03-17T09:57:54.047+0000] {processor.py:829} INFO - Processing file /opt/airflow/dags/ingestion.py for tasks to queue
[2025-03-17T09:57:54.049+0000] {logging_mixin.py:151} INFO - [2025-03-17T09:57:54.048+0000] {dagbag.py:539} INFO - Filling up the DagBag from /opt/airflow/dags/ingestion.py
[2025-03-17T09:57:53.465+0000] {processor.py:839} INFO - DAG(s) dict_keys(['fetch_transaction_data_and_upload_to_hdfs']) retrieved from /opt/airflow/dags/ingestion.py
[2025-03-17T09:57:53.493+0000] {logging_mixin.py:151} INFO - [2025-03-17T09:57:53.493+0000] {dag.py:2907} INFO - Sync 1 DAGs
[2025-03-17T09:57:53.517+0000] {logging_mixin.py:151} INFO - [2025-03-17T09:57:53.517+0000] {dag.py:3677} INFO - Setting next_dagrun for fetch_transaction_data_and_upload_to_hdfs to 2025-03-17T00:00:00+00:00, run_after=2025-03-18T00:00:00+00:00
[2025-03-17T09:57:53.540+0000] {processor.py:179} INFO - Processing /opt/airflow/dags/ingestion.py took 0.410 seconds
[2025-03-17T09:58:23.749+0000] {processor.py:157} INFO - Started process (PID=2299) to work on /opt/airflow/dags/ingestion.py
[2025-03-17T09:58:23.750+0000] {processor.py:829} INFO - Processing file /opt/airflow/dags/ingestion.py for tasks to queue
[2025-03-17T09:58:23.751+0000] {logging_mixin.py:151} INFO - [2025-03-17T09:58:23.751+0000] {dagbag.py:539} INFO - Filling up the DagBag from /opt/airflow/dags/ingestion.py
[2025-03-17T09:58:24.067+0000] {processor.py:839} INFO - DAG(s) dict_keys(['fetch_transaction_data_and_upload_to_hdfs']) retrieved from /opt/airflow/dags/ingestion.py
[2025-03-17T09:58:24.098+0000] {logging_mixin.py:151} INFO - [2025-03-17T09:58:24.097+0000] {dag.py:2907} INFO - Sync 1 DAGs
[2025-03-17T09:58:24.121+0000] {logging_mixin.py:151} INFO - [2025-03-17T09:58:24.121+0000] {dag.py:3677} INFO - Setting next_dagrun for fetch_transaction_data_and_upload_to_hdfs to 2025-03-17T00:00:00+00:00, run_after=2025-03-18T00:00:00+00:00
[2025-03-17T09:58:24.141+0000] {processor.py:179} INFO - Processing /opt/airflow/dags/ingestion.py took 0.395 seconds
[2025-03-17T09:58:54.239+0000] {processor.py:157} INFO - Started process (PID=2310) to work on /opt/airflow/dags/ingestion.py
[2025-03-17T09:58:54.241+0000] {processor.py:829} INFO - Processing file /opt/airflow/dags/ingestion.py for tasks to queue
[2025-03-17T09:58:54.251+0000] {logging_mixin.py:151} INFO - [2025-03-17T09:58:54.250+0000] {dagbag.py:539} INFO - Filling up the DagBag from /opt/airflow/dags/ingestion.py
[2025-03-17T09:58:54.963+0000] {processor.py:839} INFO - DAG(s) dict_keys(['fetch_transaction_data_and_upload_to_hdfs']) retrieved from /opt/airflow/dags/ingestion.py
[2025-03-17T09:58:55.035+0000] {logging_mixin.py:151} INFO - [2025-03-17T09:58:55.034+0000] {dag.py:2907} INFO - Sync 1 DAGs
[2025-03-17T09:58:55.085+0000] {logging_mixin.py:151} INFO - [2025-03-17T09:58:55.085+0000] {dag.py:3677} INFO - Setting next_dagrun for fetch_transaction_data_and_upload_to_hdfs to 2025-03-17T00:00:00+00:00, run_after=2025-03-18T00:00:00+00:00
[2025-03-17T09:58:55.123+0000] {processor.py:179} INFO - Processing /opt/airflow/dags/ingestion.py took 0.899 seconds
[2025-03-17T09:59:25.584+0000] {processor.py:157} INFO - Started process (PID=2321) to work on /opt/airflow/dags/ingestion.py
[2025-03-17T09:59:25.586+0000] {processor.py:829} INFO - Processing file /opt/airflow/dags/ingestion.py for tasks to queue
[2025-03-17T09:59:25.587+0000] {logging_mixin.py:151} INFO - [2025-03-17T09:59:25.587+0000] {dagbag.py:539} INFO - Filling up the DagBag from /opt/airflow/dags/ingestion.py
[2025-03-17T09:59:25.942+0000] {processor.py:839} INFO - DAG(s) dict_keys(['fetch_transaction_data_and_upload_to_hdfs']) retrieved from /opt/airflow/dags/ingestion.py
[2025-03-17T09:59:25.972+0000] {logging_mixin.py:151} INFO - [2025-03-17T09:59:25.971+0000] {dag.py:2907} INFO - Sync 1 DAGs
[2025-03-17T09:59:25.998+0000] {logging_mixin.py:151} INFO - [2025-03-17T09:59:25.998+0000] {dag.py:3677} INFO - Setting next_dagrun for fetch_transaction_data_and_upload_to_hdfs to 2025-03-17T00:00:00+00:00, run_after=2025-03-18T00:00:00+00:00
[2025-03-17T09:59:26.022+0000] {processor.py:179} INFO - Processing /opt/airflow/dags/ingestion.py took 0.441 seconds
[2025-03-17T09:59:56.267+0000] {processor.py:157} INFO - Started process (PID=2332) to work on /opt/airflow/dags/ingestion.py
[2025-03-17T09:59:56.269+0000] {processor.py:829} INFO - Processing file /opt/airflow/dags/ingestion.py for tasks to queue
[2025-03-17T09:59:56.271+0000] {logging_mixin.py:151} INFO - [2025-03-17T09:59:56.271+0000] {dagbag.py:539} INFO - Filling up the DagBag from /opt/airflow/dags/ingestion.py
[2025-03-17T09:59:56.970+0000] {processor.py:839} INFO - DAG(s) dict_keys(['fetch_transaction_data_and_upload_to_hdfs']) retrieved from /opt/airflow/dags/ingestion.py
[2025-03-17T09:59:57.028+0000] {logging_mixin.py:151} INFO - [2025-03-17T09:59:57.028+0000] {dag.py:2907} INFO - Sync 1 DAGs
[2025-03-17T09:59:57.072+0000] {logging_mixin.py:151} INFO - [2025-03-17T09:59:57.072+0000] {dag.py:3677} INFO - Setting next_dagrun for fetch_transaction_data_and_upload_to_hdfs to 2025-03-17T00:00:00+00:00, run_after=2025-03-18T00:00:00+00:00
[2025-03-17T09:59:57.099+0000] {processor.py:179} INFO - Processing /opt/airflow/dags/ingestion.py took 0.838 seconds
[2025-03-17T10:00:27.602+0000] {processor.py:157} INFO - Started process (PID=2343) to work on /opt/airflow/dags/ingestion.py
[2025-03-17T10:00:27.604+0000] {processor.py:829} INFO - Processing file /opt/airflow/dags/ingestion.py for tasks to queue
[2025-03-17T10:00:27.605+0000] {logging_mixin.py:151} INFO - [2025-03-17T10:00:27.605+0000] {dagbag.py:539} INFO - Filling up the DagBag from /opt/airflow/dags/ingestion.py
[2025-03-17T10:00:28.211+0000] {processor.py:839} INFO - DAG(s) dict_keys(['fetch_transaction_data_and_upload_to_hdfs']) retrieved from /opt/airflow/dags/ingestion.py
[2025-03-17T10:00:28.244+0000] {logging_mixin.py:151} INFO - [2025-03-17T10:00:28.244+0000] {dag.py:2907} INFO - Sync 1 DAGs
[2025-03-17T10:00:28.286+0000] {logging_mixin.py:151} INFO - [2025-03-17T10:00:28.286+0000] {dag.py:3677} INFO - Setting next_dagrun for fetch_transaction_data_and_upload_to_hdfs to 2025-03-17T00:00:00+00:00, run_after=2025-03-18T00:00:00+00:00
[2025-03-17T10:00:28.336+0000] {processor.py:179} INFO - Processing /opt/airflow/dags/ingestion.py took 0.738 seconds
[2025-03-17T10:00:58.549+0000] {processor.py:157} INFO - Started process (PID=2354) to work on /opt/airflow/dags/ingestion.py
[2025-03-17T10:00:58.551+0000] {processor.py:829} INFO - Processing file /opt/airflow/dags/ingestion.py for tasks to queue
[2025-03-17T10:00:58.553+0000] {logging_mixin.py:151} INFO - [2025-03-17T10:00:58.552+0000] {dagbag.py:539} INFO - Filling up the DagBag from /opt/airflow/dags/ingestion.py
[2025-03-17T10:00:58.888+0000] {processor.py:839} INFO - DAG(s) dict_keys(['fetch_transaction_data_and_upload_to_hdfs']) retrieved from /opt/airflow/dags/ingestion.py
[2025-03-17T10:00:58.918+0000] {logging_mixin.py:151} INFO - [2025-03-17T10:00:58.918+0000] {dag.py:2907} INFO - Sync 1 DAGs
[2025-03-17T10:00:58.943+0000] {logging_mixin.py:151} INFO - [2025-03-17T10:00:58.943+0000] {dag.py:3677} INFO - Setting next_dagrun for fetch_transaction_data_and_upload_to_hdfs to 2025-03-17T00:00:00+00:00, run_after=2025-03-18T00:00:00+00:00
[2025-03-17T10:00:58.966+0000] {processor.py:179} INFO - Processing /opt/airflow/dags/ingestion.py took 0.420 seconds
[2025-03-17T10:01:29.029+0000] {processor.py:157} INFO - Started process (PID=2365) to work on /opt/airflow/dags/ingestion.py
[2025-03-17T10:01:29.030+0000] {processor.py:829} INFO - Processing file /opt/airflow/dags/ingestion.py for tasks to queue
[2025-03-17T10:01:29.031+0000] {logging_mixin.py:151} INFO - [2025-03-17T10:01:29.031+0000] {dagbag.py:539} INFO - Filling up the DagBag from /opt/airflow/dags/ingestion.py
[2025-03-17T10:01:29.374+0000] {processor.py:839} INFO - DAG(s) dict_keys(['fetch_transaction_data_and_upload_to_hdfs']) retrieved from /opt/airflow/dags/ingestion.py
[2025-03-17T10:01:29.413+0000] {logging_mixin.py:151} INFO - [2025-03-17T10:01:29.413+0000] {dag.py:2907} INFO - Sync 1 DAGs
[2025-03-17T10:01:29.439+0000] {logging_mixin.py:151} INFO - [2025-03-17T10:01:29.438+0000] {dag.py:3677} INFO - Setting next_dagrun for fetch_transaction_data_and_upload_to_hdfs to 2025-03-17T00:00:00+00:00, run_after=2025-03-18T00:00:00+00:00
[2025-03-17T10:01:29.467+0000] {processor.py:179} INFO - Processing /opt/airflow/dags/ingestion.py took 0.443 seconds
[2025-03-17T10:01:59.586+0000] {processor.py:157} INFO - Started process (PID=2376) to work on /opt/airflow/dags/ingestion.py
[2025-03-17T10:01:59.598+0000] {processor.py:829} INFO - Processing file /opt/airflow/dags/ingestion.py for tasks to queue
[2025-03-17T10:01:59.601+0000] {logging_mixin.py:151} INFO - [2025-03-17T10:01:59.600+0000] {dagbag.py:539} INFO - Filling up the DagBag from /opt/airflow/dags/ingestion.py
[2025-03-17T10:02:00.086+0000] {processor.py:839} INFO - DAG(s) dict_keys(['fetch_transaction_data_and_upload_to_hdfs']) retrieved from /opt/airflow/dags/ingestion.py
[2025-03-17T10:02:00.159+0000] {logging_mixin.py:151} INFO - [2025-03-17T10:02:00.158+0000] {dag.py:2907} INFO - Sync 1 DAGs
[2025-03-17T10:02:00.272+0000] {logging_mixin.py:151} INFO - [2025-03-17T10:02:00.271+0000] {dag.py:3677} INFO - Setting next_dagrun for fetch_transaction_data_and_upload_to_hdfs to 2025-03-17T00:00:00+00:00, run_after=2025-03-18T00:00:00+00:00
[2025-03-17T10:02:00.312+0000] {processor.py:179} INFO - Processing /opt/airflow/dags/ingestion.py took 0.735 seconds
[2025-03-17T10:02:31.155+0000] {processor.py:157} INFO - Started process (PID=2387) to work on /opt/airflow/dags/ingestion.py
[2025-03-17T10:02:31.157+0000] {processor.py:829} INFO - Processing file /opt/airflow/dags/ingestion.py for tasks to queue
[2025-03-17T10:02:31.158+0000] {logging_mixin.py:151} INFO - [2025-03-17T10:02:31.158+0000] {dagbag.py:539} INFO - Filling up the DagBag from /opt/airflow/dags/ingestion.py
[2025-03-17T10:02:31.489+0000] {processor.py:839} INFO - DAG(s) dict_keys(['fetch_transaction_data_and_upload_to_hdfs']) retrieved from /opt/airflow/dags/ingestion.py
[2025-03-17T10:02:31.518+0000] {logging_mixin.py:151} INFO - [2025-03-17T10:02:31.517+0000] {dag.py:2907} INFO - Sync 1 DAGs
[2025-03-17T10:02:31.549+0000] {logging_mixin.py:151} INFO - [2025-03-17T10:02:31.549+0000] {dag.py:3677} INFO - Setting next_dagrun for fetch_transaction_data_and_upload_to_hdfs to 2025-03-17T00:00:00+00:00, run_after=2025-03-18T00:00:00+00:00
[2025-03-17T10:02:31.583+0000] {processor.py:179} INFO - Processing /opt/airflow/dags/ingestion.py took 0.430 seconds
[2025-03-17T10:03:01.695+0000] {processor.py:157} INFO - Started process (PID=2398) to work on /opt/airflow/dags/ingestion.py
[2025-03-17T10:03:01.696+0000] {processor.py:829} INFO - Processing file /opt/airflow/dags/ingestion.py for tasks to queue
[2025-03-17T10:03:01.698+0000] {logging_mixin.py:151} INFO - [2025-03-17T10:03:01.698+0000] {dagbag.py:539} INFO - Filling up the DagBag from /opt/airflow/dags/ingestion.py
[2025-03-17T10:03:02.052+0000] {processor.py:839} INFO - DAG(s) dict_keys(['fetch_transaction_data_and_upload_to_hdfs']) retrieved from /opt/airflow/dags/ingestion.py
[2025-03-17T10:03:02.082+0000] {logging_mixin.py:151} INFO - [2025-03-17T10:03:02.081+0000] {dag.py:2907} INFO - Sync 1 DAGs
[2025-03-17T10:03:02.108+0000] {logging_mixin.py:151} INFO - [2025-03-17T10:03:02.108+0000] {dag.py:3677} INFO - Setting next_dagrun for fetch_transaction_data_and_upload_to_hdfs to 2025-03-17T00:00:00+00:00, run_after=2025-03-18T00:00:00+00:00
[2025-03-17T10:03:02.137+0000] {processor.py:179} INFO - Processing /opt/airflow/dags/ingestion.py took 0.446 seconds
[2025-03-17T10:03:32.331+0000] {processor.py:157} INFO - Started process (PID=2409) to work on /opt/airflow/dags/ingestion.py
[2025-03-17T10:03:32.333+0000] {processor.py:829} INFO - Processing file /opt/airflow/dags/ingestion.py for tasks to queue
[2025-03-17T10:03:32.333+0000] {logging_mixin.py:151} INFO - [2025-03-17T10:03:32.333+0000] {dagbag.py:539} INFO - Filling up the DagBag from /opt/airflow/dags/ingestion.py
[2025-03-17T10:03:32.646+0000] {processor.py:839} INFO - DAG(s) dict_keys(['fetch_transaction_data_and_upload_to_hdfs']) retrieved from /opt/airflow/dags/ingestion.py
[2025-03-17T10:03:32.678+0000] {logging_mixin.py:151} INFO - [2025-03-17T10:03:32.678+0000] {dag.py:2907} INFO - Sync 1 DAGs
[2025-03-17T10:03:32.701+0000] {logging_mixin.py:151} INFO - [2025-03-17T10:03:32.700+0000] {dag.py:3677} INFO - Setting next_dagrun for fetch_transaction_data_and_upload_to_hdfs to 2025-03-17T00:00:00+00:00, run_after=2025-03-18T00:00:00+00:00
[2025-03-17T10:03:32.725+0000] {processor.py:179} INFO - Processing /opt/airflow/dags/ingestion.py took 0.398 seconds
[2025-03-17T10:04:02.794+0000] {processor.py:157} INFO - Started process (PID=2420) to work on /opt/airflow/dags/ingestion.py
[2025-03-17T10:04:02.796+0000] {processor.py:829} INFO - Processing file /opt/airflow/dags/ingestion.py for tasks to queue
[2025-03-17T10:04:02.797+0000] {logging_mixin.py:151} INFO - [2025-03-17T10:04:02.797+0000] {dagbag.py:539} INFO - Filling up the DagBag from /opt/airflow/dags/ingestion.py
[2025-03-17T10:04:03.134+0000] {processor.py:839} INFO - DAG(s) dict_keys(['fetch_transaction_data_and_upload_to_hdfs']) retrieved from /opt/airflow/dags/ingestion.py
[2025-03-17T10:04:03.162+0000] {logging_mixin.py:151} INFO - [2025-03-17T10:04:03.162+0000] {dag.py:2907} INFO - Sync 1 DAGs
[2025-03-17T10:04:03.187+0000] {logging_mixin.py:151} INFO - [2025-03-17T10:04:03.187+0000] {dag.py:3677} INFO - Setting next_dagrun for fetch_transaction_data_and_upload_to_hdfs to 2025-03-17T00:00:00+00:00, run_after=2025-03-18T00:00:00+00:00
[2025-03-17T10:04:03.210+0000] {processor.py:179} INFO - Processing /opt/airflow/dags/ingestion.py took 0.419 seconds
[2025-03-17T10:04:33.353+0000] {processor.py:157} INFO - Started process (PID=2431) to work on /opt/airflow/dags/ingestion.py
[2025-03-17T10:04:33.354+0000] {processor.py:829} INFO - Processing file /opt/airflow/dags/ingestion.py for tasks to queue
[2025-03-17T10:04:33.355+0000] {logging_mixin.py:151} INFO - [2025-03-17T10:04:33.355+0000] {dagbag.py:539} INFO - Filling up the DagBag from /opt/airflow/dags/ingestion.py
[2025-03-17T10:04:33.739+0000] {processor.py:839} INFO - DAG(s) dict_keys(['fetch_transaction_data_and_upload_to_hdfs']) retrieved from /opt/airflow/dags/ingestion.py
[2025-03-17T10:04:33.768+0000] {logging_mixin.py:151} INFO - [2025-03-17T10:04:33.767+0000] {dag.py:2907} INFO - Sync 1 DAGs
[2025-03-17T10:04:33.796+0000] {logging_mixin.py:151} INFO - [2025-03-17T10:04:33.796+0000] {dag.py:3677} INFO - Setting next_dagrun for fetch_transaction_data_and_upload_to_hdfs to 2025-03-17T00:00:00+00:00, run_after=2025-03-18T00:00:00+00:00
[2025-03-17T10:04:33.820+0000] {processor.py:179} INFO - Processing /opt/airflow/dags/ingestion.py took 0.471 seconds
[2025-03-17T10:05:03.940+0000] {processor.py:157} INFO - Started process (PID=2442) to work on /opt/airflow/dags/ingestion.py
[2025-03-17T10:05:03.942+0000] {processor.py:829} INFO - Processing file /opt/airflow/dags/ingestion.py for tasks to queue
[2025-03-17T10:05:03.944+0000] {logging_mixin.py:151} INFO - [2025-03-17T10:05:03.944+0000] {dagbag.py:539} INFO - Filling up the DagBag from /opt/airflow/dags/ingestion.py
[2025-03-17T10:05:04.379+0000] {processor.py:839} INFO - DAG(s) dict_keys(['fetch_transaction_data_and_upload_to_hdfs']) retrieved from /opt/airflow/dags/ingestion.py
[2025-03-17T10:05:04.407+0000] {logging_mixin.py:151} INFO - [2025-03-17T10:05:04.407+0000] {dag.py:2907} INFO - Sync 1 DAGs
[2025-03-17T10:05:04.438+0000] {logging_mixin.py:151} INFO - [2025-03-17T10:05:04.437+0000] {dag.py:3677} INFO - Setting next_dagrun for fetch_transaction_data_and_upload_to_hdfs to 2025-03-17T00:00:00+00:00, run_after=2025-03-18T00:00:00+00:00
[2025-03-17T10:05:04.461+0000] {processor.py:179} INFO - Processing /opt/airflow/dags/ingestion.py took 0.528 seconds
[2025-03-17T10:05:34.579+0000] {processor.py:157} INFO - Started process (PID=2453) to work on /opt/airflow/dags/ingestion.py
[2025-03-17T10:05:34.581+0000] {processor.py:829} INFO - Processing file /opt/airflow/dags/ingestion.py for tasks to queue
[2025-03-17T10:05:34.583+0000] {logging_mixin.py:151} INFO - [2025-03-17T10:05:34.582+0000] {dagbag.py:539} INFO - Filling up the DagBag from /opt/airflow/dags/ingestion.py
[2025-03-17T10:05:35.004+0000] {processor.py:839} INFO - DAG(s) dict_keys(['fetch_transaction_data_and_upload_to_hdfs']) retrieved from /opt/airflow/dags/ingestion.py
[2025-03-17T10:05:35.050+0000] {logging_mixin.py:151} INFO - [2025-03-17T10:05:35.048+0000] {dag.py:2907} INFO - Sync 1 DAGs
[2025-03-17T10:05:35.090+0000] {logging_mixin.py:151} INFO - [2025-03-17T10:05:35.090+0000] {dag.py:3677} INFO - Setting next_dagrun for fetch_transaction_data_and_upload_to_hdfs to 2025-03-17T00:00:00+00:00, run_after=2025-03-18T00:00:00+00:00
[2025-03-17T10:05:35.126+0000] {processor.py:179} INFO - Processing /opt/airflow/dags/ingestion.py took 0.551 seconds
[2025-03-17T10:06:05.645+0000] {processor.py:157} INFO - Started process (PID=2464) to work on /opt/airflow/dags/ingestion.py
[2025-03-17T10:06:05.646+0000] {processor.py:829} INFO - Processing file /opt/airflow/dags/ingestion.py for tasks to queue
[2025-03-17T10:06:05.647+0000] {logging_mixin.py:151} INFO - [2025-03-17T10:06:05.647+0000] {dagbag.py:539} INFO - Filling up the DagBag from /opt/airflow/dags/ingestion.py
[2025-03-17T10:06:06.111+0000] {processor.py:839} INFO - DAG(s) dict_keys(['fetch_transaction_data_and_upload_to_hdfs']) retrieved from /opt/airflow/dags/ingestion.py
[2025-03-17T10:06:06.141+0000] {logging_mixin.py:151} INFO - [2025-03-17T10:06:06.140+0000] {dag.py:2907} INFO - Sync 1 DAGs
[2025-03-17T10:06:06.171+0000] {logging_mixin.py:151} INFO - [2025-03-17T10:06:06.171+0000] {dag.py:3677} INFO - Setting next_dagrun for fetch_transaction_data_and_upload_to_hdfs to 2025-03-17T00:00:00+00:00, run_after=2025-03-18T00:00:00+00:00
[2025-03-17T10:06:06.195+0000] {processor.py:179} INFO - Processing /opt/airflow/dags/ingestion.py took 0.553 seconds
[2025-03-17T10:06:36.381+0000] {processor.py:157} INFO - Started process (PID=2475) to work on /opt/airflow/dags/ingestion.py
[2025-03-17T10:06:36.383+0000] {processor.py:829} INFO - Processing file /opt/airflow/dags/ingestion.py for tasks to queue
[2025-03-17T10:06:36.384+0000] {logging_mixin.py:151} INFO - [2025-03-17T10:06:36.384+0000] {dagbag.py:539} INFO - Filling up the DagBag from /opt/airflow/dags/ingestion.py
[2025-03-17T10:06:36.722+0000] {processor.py:839} INFO - DAG(s) dict_keys(['fetch_transaction_data_and_upload_to_hdfs']) retrieved from /opt/airflow/dags/ingestion.py
[2025-03-17T10:06:36.754+0000] {logging_mixin.py:151} INFO - [2025-03-17T10:06:36.754+0000] {dag.py:2907} INFO - Sync 1 DAGs
[2025-03-17T10:06:35.801+0000] {logging_mixin.py:151} INFO - [2025-03-17T10:06:35.800+0000] {dag.py:3677} INFO - Setting next_dagrun for fetch_transaction_data_and_upload_to_hdfs to 2025-03-17T00:00:00+00:00, run_after=2025-03-18T00:00:00+00:00
[2025-03-17T10:06:35.833+0000] {processor.py:179} INFO - Processing /opt/airflow/dags/ingestion.py took 0.440 seconds
[2025-03-17T10:07:06.651+0000] {processor.py:157} INFO - Started process (PID=2486) to work on /opt/airflow/dags/ingestion.py
[2025-03-17T10:07:06.652+0000] {processor.py:829} INFO - Processing file /opt/airflow/dags/ingestion.py for tasks to queue
[2025-03-17T10:07:06.653+0000] {logging_mixin.py:151} INFO - [2025-03-17T10:07:06.653+0000] {dagbag.py:539} INFO - Filling up the DagBag from /opt/airflow/dags/ingestion.py
[2025-03-17T10:07:07.007+0000] {processor.py:839} INFO - DAG(s) dict_keys(['fetch_transaction_data_and_upload_to_hdfs']) retrieved from /opt/airflow/dags/ingestion.py
[2025-03-17T10:07:07.050+0000] {logging_mixin.py:151} INFO - [2025-03-17T10:07:07.049+0000] {dag.py:2907} INFO - Sync 1 DAGs
[2025-03-17T10:07:07.082+0000] {logging_mixin.py:151} INFO - [2025-03-17T10:07:07.082+0000] {dag.py:3677} INFO - Setting next_dagrun for fetch_transaction_data_and_upload_to_hdfs to 2025-03-17T00:00:00+00:00, run_after=2025-03-18T00:00:00+00:00
[2025-03-17T10:07:07.130+0000] {processor.py:179} INFO - Processing /opt/airflow/dags/ingestion.py took 0.483 seconds
[2025-03-17T10:07:37.269+0000] {processor.py:157} INFO - Started process (PID=2497) to work on /opt/airflow/dags/ingestion.py
[2025-03-17T10:07:37.271+0000] {processor.py:829} INFO - Processing file /opt/airflow/dags/ingestion.py for tasks to queue
[2025-03-17T10:07:37.272+0000] {logging_mixin.py:151} INFO - [2025-03-17T10:07:37.272+0000] {dagbag.py:539} INFO - Filling up the DagBag from /opt/airflow/dags/ingestion.py
[2025-03-17T10:07:37.885+0000] {processor.py:839} INFO - DAG(s) dict_keys(['fetch_transaction_data_and_upload_to_hdfs']) retrieved from /opt/airflow/dags/ingestion.py
[2025-03-17T10:07:37.961+0000] {logging_mixin.py:151} INFO - [2025-03-17T10:07:37.960+0000] {dag.py:2907} INFO - Sync 1 DAGs
[2025-03-17T10:07:38.033+0000] {logging_mixin.py:151} INFO - [2025-03-17T10:07:38.032+0000] {dag.py:3677} INFO - Setting next_dagrun for fetch_transaction_data_and_upload_to_hdfs to 2025-03-17T00:00:00+00:00, run_after=2025-03-18T00:00:00+00:00
[2025-03-17T10:07:38.078+0000] {processor.py:179} INFO - Processing /opt/airflow/dags/ingestion.py took 0.812 seconds
[2025-03-17T10:08:08.455+0000] {processor.py:157} INFO - Started process (PID=2508) to work on /opt/airflow/dags/ingestion.py
[2025-03-17T10:08:08.456+0000] {processor.py:829} INFO - Processing file /opt/airflow/dags/ingestion.py for tasks to queue
[2025-03-17T10:08:08.458+0000] {logging_mixin.py:151} INFO - [2025-03-17T10:08:08.458+0000] {dagbag.py:539} INFO - Filling up the DagBag from /opt/airflow/dags/ingestion.py
[2025-03-17T10:08:08.948+0000] {processor.py:839} INFO - DAG(s) dict_keys(['fetch_transaction_data_and_upload_to_hdfs']) retrieved from /opt/airflow/dags/ingestion.py
[2025-03-17T10:08:08.992+0000] {logging_mixin.py:151} INFO - [2025-03-17T10:08:08.991+0000] {dag.py:2907} INFO - Sync 1 DAGs
[2025-03-17T10:08:09.080+0000] {logging_mixin.py:151} INFO - [2025-03-17T10:08:09.079+0000] {dag.py:3677} INFO - Setting next_dagrun for fetch_transaction_data_and_upload_to_hdfs to 2025-03-17T00:00:00+00:00, run_after=2025-03-18T00:00:00+00:00
[2025-03-17T10:08:09.133+0000] {processor.py:179} INFO - Processing /opt/airflow/dags/ingestion.py took 0.683 seconds
[2025-03-17T10:08:39.952+0000] {processor.py:157} INFO - Started process (PID=2519) to work on /opt/airflow/dags/ingestion.py
[2025-03-17T10:08:39.953+0000] {processor.py:829} INFO - Processing file /opt/airflow/dags/ingestion.py for tasks to queue
[2025-03-17T10:08:39.955+0000] {logging_mixin.py:151} INFO - [2025-03-17T10:08:39.955+0000] {dagbag.py:539} INFO - Filling up the DagBag from /opt/airflow/dags/ingestion.py
[2025-03-17T10:08:40.327+0000] {processor.py:839} INFO - DAG(s) dict_keys(['fetch_transaction_data_and_upload_to_hdfs']) retrieved from /opt/airflow/dags/ingestion.py
[2025-03-17T10:08:40.374+0000] {logging_mixin.py:151} INFO - [2025-03-17T10:08:40.373+0000] {dag.py:2907} INFO - Sync 1 DAGs
[2025-03-17T10:08:40.425+0000] {logging_mixin.py:151} INFO - [2025-03-17T10:08:40.425+0000] {dag.py:3677} INFO - Setting next_dagrun for fetch_transaction_data_and_upload_to_hdfs to 2025-03-17T00:00:00+00:00, run_after=2025-03-18T00:00:00+00:00
[2025-03-17T10:08:40.476+0000] {processor.py:179} INFO - Processing /opt/airflow/dags/ingestion.py took 0.533 seconds
[2025-03-17T10:09:10.952+0000] {processor.py:157} INFO - Started process (PID=2530) to work on /opt/airflow/dags/ingestion.py
[2025-03-17T10:09:10.954+0000] {processor.py:829} INFO - Processing file /opt/airflow/dags/ingestion.py for tasks to queue
[2025-03-17T10:09:10.956+0000] {logging_mixin.py:151} INFO - [2025-03-17T10:09:10.955+0000] {dagbag.py:539} INFO - Filling up the DagBag from /opt/airflow/dags/ingestion.py
[2025-03-17T10:09:11.575+0000] {processor.py:839} INFO - DAG(s) dict_keys(['fetch_transaction_data_and_upload_to_hdfs']) retrieved from /opt/airflow/dags/ingestion.py
[2025-03-17T10:09:11.640+0000] {logging_mixin.py:151} INFO - [2025-03-17T10:09:11.639+0000] {dag.py:2907} INFO - Sync 1 DAGs
[2025-03-17T10:09:11.725+0000] {logging_mixin.py:151} INFO - [2025-03-17T10:09:11.725+0000] {dag.py:3677} INFO - Setting next_dagrun for fetch_transaction_data_and_upload_to_hdfs to 2025-03-17T00:00:00+00:00, run_after=2025-03-18T00:00:00+00:00
[2025-03-17T10:09:11.761+0000] {processor.py:179} INFO - Processing /opt/airflow/dags/ingestion.py took 0.813 seconds
[2025-03-17T10:09:42.333+0000] {processor.py:157} INFO - Started process (PID=2541) to work on /opt/airflow/dags/ingestion.py
[2025-03-17T10:09:42.334+0000] {processor.py:829} INFO - Processing file /opt/airflow/dags/ingestion.py for tasks to queue
[2025-03-17T10:09:42.335+0000] {logging_mixin.py:151} INFO - [2025-03-17T10:09:42.334+0000] {dagbag.py:539} INFO - Filling up the DagBag from /opt/airflow/dags/ingestion.py
[2025-03-17T10:09:42.647+0000] {processor.py:839} INFO - DAG(s) dict_keys(['fetch_transaction_data_and_upload_to_hdfs']) retrieved from /opt/airflow/dags/ingestion.py
[2025-03-17T10:09:42.738+0000] {logging_mixin.py:151} INFO - [2025-03-17T10:09:42.738+0000] {dag.py:2907} INFO - Sync 1 DAGs
[2025-03-17T10:09:42.783+0000] {logging_mixin.py:151} INFO - [2025-03-17T10:09:42.783+0000] {dag.py:3677} INFO - Setting next_dagrun for fetch_transaction_data_and_upload_to_hdfs to 2025-03-17T00:00:00+00:00, run_after=2025-03-18T00:00:00+00:00
[2025-03-17T10:09:42.808+0000] {processor.py:179} INFO - Processing /opt/airflow/dags/ingestion.py took 0.480 seconds
[2025-03-17T10:10:13.781+0000] {processor.py:157} INFO - Started process (PID=2552) to work on /opt/airflow/dags/ingestion.py
[2025-03-17T10:10:13.783+0000] {processor.py:829} INFO - Processing file /opt/airflow/dags/ingestion.py for tasks to queue
[2025-03-17T10:10:13.784+0000] {logging_mixin.py:151} INFO - [2025-03-17T10:10:13.783+0000] {dagbag.py:539} INFO - Filling up the DagBag from /opt/airflow/dags/ingestion.py
[2025-03-17T10:10:14.114+0000] {processor.py:839} INFO - DAG(s) dict_keys(['fetch_transaction_data_and_upload_to_hdfs']) retrieved from /opt/airflow/dags/ingestion.py
[2025-03-17T10:10:14.145+0000] {logging_mixin.py:151} INFO - [2025-03-17T10:10:14.144+0000] {dag.py:2907} INFO - Sync 1 DAGs
[2025-03-17T10:10:14.171+0000] {logging_mixin.py:151} INFO - [2025-03-17T10:10:14.171+0000] {dag.py:3677} INFO - Setting next_dagrun for fetch_transaction_data_and_upload_to_hdfs to 2025-03-17T00:00:00+00:00, run_after=2025-03-18T00:00:00+00:00
[2025-03-17T10:10:14.196+0000] {processor.py:179} INFO - Processing /opt/airflow/dags/ingestion.py took 0.419 seconds
[2025-03-17T10:10:44.547+0000] {processor.py:157} INFO - Started process (PID=2563) to work on /opt/airflow/dags/ingestion.py
[2025-03-17T10:10:44.549+0000] {processor.py:829} INFO - Processing file /opt/airflow/dags/ingestion.py for tasks to queue
[2025-03-17T10:10:44.551+0000] {logging_mixin.py:151} INFO - [2025-03-17T10:10:44.550+0000] {dagbag.py:539} INFO - Filling up the DagBag from /opt/airflow/dags/ingestion.py
[2025-03-17T10:10:44.955+0000] {processor.py:839} INFO - DAG(s) dict_keys(['fetch_transaction_data_and_upload_to_hdfs']) retrieved from /opt/airflow/dags/ingestion.py
[2025-03-17T10:10:44.995+0000] {logging_mixin.py:151} INFO - [2025-03-17T10:10:44.994+0000] {dag.py:2907} INFO - Sync 1 DAGs
[2025-03-17T10:10:45.027+0000] {logging_mixin.py:151} INFO - [2025-03-17T10:10:45.026+0000] {dag.py:3677} INFO - Setting next_dagrun for fetch_transaction_data_and_upload_to_hdfs to 2025-03-17T00:00:00+00:00, run_after=2025-03-18T00:00:00+00:00
[2025-03-17T10:10:45.064+0000] {processor.py:179} INFO - Processing /opt/airflow/dags/ingestion.py took 0.522 seconds
[2025-03-17T10:11:15.975+0000] {processor.py:157} INFO - Started process (PID=2574) to work on /opt/airflow/dags/ingestion.py
[2025-03-17T10:11:15.976+0000] {processor.py:829} INFO - Processing file /opt/airflow/dags/ingestion.py for tasks to queue
[2025-03-17T10:11:15.977+0000] {logging_mixin.py:151} INFO - [2025-03-17T10:11:15.977+0000] {dagbag.py:539} INFO - Filling up the DagBag from /opt/airflow/dags/ingestion.py
[2025-03-17T10:11:16.349+0000] {processor.py:839} INFO - DAG(s) dict_keys(['fetch_transaction_data_and_upload_to_hdfs']) retrieved from /opt/airflow/dags/ingestion.py
[2025-03-17T10:11:16.380+0000] {logging_mixin.py:151} INFO - [2025-03-17T10:11:16.379+0000] {dag.py:2907} INFO - Sync 1 DAGs
[2025-03-17T10:11:16.408+0000] {logging_mixin.py:151} INFO - [2025-03-17T10:11:16.407+0000] {dag.py:3677} INFO - Setting next_dagrun for fetch_transaction_data_and_upload_to_hdfs to 2025-03-17T00:00:00+00:00, run_after=2025-03-18T00:00:00+00:00
[2025-03-17T10:11:16.439+0000] {processor.py:179} INFO - Processing /opt/airflow/dags/ingestion.py took 0.469 seconds
[2025-03-17T10:11:46.687+0000] {processor.py:157} INFO - Started process (PID=2585) to work on /opt/airflow/dags/ingestion.py
[2025-03-17T10:11:46.689+0000] {processor.py:829} INFO - Processing file /opt/airflow/dags/ingestion.py for tasks to queue
[2025-03-17T10:11:46.691+0000] {logging_mixin.py:151} INFO - [2025-03-17T10:11:46.690+0000] {dagbag.py:539} INFO - Filling up the DagBag from /opt/airflow/dags/ingestion.py
[2025-03-17T10:11:47.101+0000] {processor.py:839} INFO - DAG(s) dict_keys(['fetch_transaction_data_and_upload_to_hdfs']) retrieved from /opt/airflow/dags/ingestion.py
[2025-03-17T10:11:47.136+0000] {logging_mixin.py:151} INFO - [2025-03-17T10:11:47.135+0000] {dag.py:2907} INFO - Sync 1 DAGs
[2025-03-17T10:11:47.163+0000] {logging_mixin.py:151} INFO - [2025-03-17T10:11:47.162+0000] {dag.py:3677} INFO - Setting next_dagrun for fetch_transaction_data_and_upload_to_hdfs to 2025-03-17T00:00:00+00:00, run_after=2025-03-18T00:00:00+00:00
[2025-03-17T10:11:47.197+0000] {processor.py:179} INFO - Processing /opt/airflow/dags/ingestion.py took 0.516 seconds
[2025-03-17T10:12:18.103+0000] {processor.py:157} INFO - Started process (PID=2596) to work on /opt/airflow/dags/ingestion.py
[2025-03-17T10:12:18.105+0000] {processor.py:829} INFO - Processing file /opt/airflow/dags/ingestion.py for tasks to queue
[2025-03-17T10:12:18.107+0000] {logging_mixin.py:151} INFO - [2025-03-17T10:12:18.106+0000] {dagbag.py:539} INFO - Filling up the DagBag from /opt/airflow/dags/ingestion.py
[2025-03-17T10:12:18.499+0000] {processor.py:839} INFO - DAG(s) dict_keys(['fetch_transaction_data_and_upload_to_hdfs']) retrieved from /opt/airflow/dags/ingestion.py
[2025-03-17T10:12:18.588+0000] {logging_mixin.py:151} INFO - [2025-03-17T10:12:18.587+0000] {dag.py:2907} INFO - Sync 1 DAGs
[2025-03-17T10:12:18.686+0000] {logging_mixin.py:151} INFO - [2025-03-17T10:12:18.686+0000] {dag.py:3677} INFO - Setting next_dagrun for fetch_transaction_data_and_upload_to_hdfs to 2025-03-17T00:00:00+00:00, run_after=2025-03-18T00:00:00+00:00
[2025-03-17T10:12:18.713+0000] {processor.py:179} INFO - Processing /opt/airflow/dags/ingestion.py took 0.615 seconds
[2025-03-17T10:12:48.803+0000] {processor.py:157} INFO - Started process (PID=2607) to work on /opt/airflow/dags/ingestion.py
[2025-03-17T10:12:48.804+0000] {processor.py:829} INFO - Processing file /opt/airflow/dags/ingestion.py for tasks to queue
[2025-03-17T10:12:48.806+0000] {logging_mixin.py:151} INFO - [2025-03-17T10:12:48.805+0000] {dagbag.py:539} INFO - Filling up the DagBag from /opt/airflow/dags/ingestion.py
[2025-03-17T10:12:49.328+0000] {processor.py:839} INFO - DAG(s) dict_keys(['fetch_transaction_data_and_upload_to_hdfs']) retrieved from /opt/airflow/dags/ingestion.py
[2025-03-17T10:12:49.362+0000] {logging_mixin.py:151} INFO - [2025-03-17T10:12:49.362+0000] {dag.py:2907} INFO - Sync 1 DAGs
[2025-03-17T10:12:49.401+0000] {logging_mixin.py:151} INFO - [2025-03-17T10:12:49.401+0000] {dag.py:3677} INFO - Setting next_dagrun for fetch_transaction_data_and_upload_to_hdfs to 2025-03-17T00:00:00+00:00, run_after=2025-03-18T00:00:00+00:00
[2025-03-17T10:12:49.435+0000] {processor.py:179} INFO - Processing /opt/airflow/dags/ingestion.py took 0.636 seconds
[2025-03-17T10:13:19.847+0000] {processor.py:157} INFO - Started process (PID=2618) to work on /opt/airflow/dags/ingestion.py
[2025-03-17T10:13:19.848+0000] {processor.py:829} INFO - Processing file /opt/airflow/dags/ingestion.py for tasks to queue
[2025-03-17T10:13:19.849+0000] {logging_mixin.py:151} INFO - [2025-03-17T10:13:19.849+0000] {dagbag.py:539} INFO - Filling up the DagBag from /opt/airflow/dags/ingestion.py
[2025-03-17T10:13:20.388+0000] {processor.py:839} INFO - DAG(s) dict_keys(['fetch_transaction_data_and_upload_to_hdfs']) retrieved from /opt/airflow/dags/ingestion.py
[2025-03-17T10:13:20.426+0000] {logging_mixin.py:151} INFO - [2025-03-17T10:13:20.425+0000] {dag.py:2907} INFO - Sync 1 DAGs
[2025-03-17T10:13:20.450+0000] {logging_mixin.py:151} INFO - [2025-03-17T10:13:20.450+0000] {dag.py:3677} INFO - Setting next_dagrun for fetch_transaction_data_and_upload_to_hdfs to 2025-03-17T00:00:00+00:00, run_after=2025-03-18T00:00:00+00:00
[2025-03-17T10:13:20.474+0000] {processor.py:179} INFO - Processing /opt/airflow/dags/ingestion.py took 0.630 seconds
[2025-03-17T10:13:50.564+0000] {processor.py:157} INFO - Started process (PID=2629) to work on /opt/airflow/dags/ingestion.py
[2025-03-17T10:13:50.565+0000] {processor.py:829} INFO - Processing file /opt/airflow/dags/ingestion.py for tasks to queue
[2025-03-17T10:13:50.566+0000] {logging_mixin.py:151} INFO - [2025-03-17T10:13:50.566+0000] {dagbag.py:539} INFO - Filling up the DagBag from /opt/airflow/dags/ingestion.py
[2025-03-17T10:13:50.934+0000] {processor.py:839} INFO - DAG(s) dict_keys(['fetch_transaction_data_and_upload_to_hdfs']) retrieved from /opt/airflow/dags/ingestion.py
[2025-03-17T10:13:50.970+0000] {logging_mixin.py:151} INFO - [2025-03-17T10:13:50.969+0000] {dag.py:2907} INFO - Sync 1 DAGs
[2025-03-17T10:13:51.006+0000] {logging_mixin.py:151} INFO - [2025-03-17T10:13:51.006+0000] {dag.py:3677} INFO - Setting next_dagrun for fetch_transaction_data_and_upload_to_hdfs to 2025-03-17T00:00:00+00:00, run_after=2025-03-18T00:00:00+00:00
[2025-03-17T10:13:51.044+0000] {processor.py:179} INFO - Processing /opt/airflow/dags/ingestion.py took 0.484 seconds
[2025-03-17T10:14:21.831+0000] {processor.py:157} INFO - Started process (PID=2640) to work on /opt/airflow/dags/ingestion.py
[2025-03-17T10:14:21.832+0000] {processor.py:829} INFO - Processing file /opt/airflow/dags/ingestion.py for tasks to queue
[2025-03-17T10:14:21.834+0000] {logging_mixin.py:151} INFO - [2025-03-17T10:14:21.834+0000] {dagbag.py:539} INFO - Filling up the DagBag from /opt/airflow/dags/ingestion.py
[2025-03-17T10:14:22.461+0000] {processor.py:839} INFO - DAG(s) dict_keys(['fetch_transaction_data_and_upload_to_hdfs']) retrieved from /opt/airflow/dags/ingestion.py
[2025-03-17T10:14:22.510+0000] {logging_mixin.py:151} INFO - [2025-03-17T10:14:22.509+0000] {dag.py:2907} INFO - Sync 1 DAGs
[2025-03-17T10:14:22.555+0000] {logging_mixin.py:151} INFO - [2025-03-17T10:14:22.554+0000] {dag.py:3677} INFO - Setting next_dagrun for fetch_transaction_data_and_upload_to_hdfs to 2025-03-17T00:00:00+00:00, run_after=2025-03-18T00:00:00+00:00
[2025-03-17T10:14:22.585+0000] {processor.py:179} INFO - Processing /opt/airflow/dags/ingestion.py took 0.758 seconds
[2025-03-17T10:14:53.403+0000] {processor.py:157} INFO - Started process (PID=2651) to work on /opt/airflow/dags/ingestion.py
[2025-03-17T10:14:53.405+0000] {processor.py:829} INFO - Processing file /opt/airflow/dags/ingestion.py for tasks to queue
[2025-03-17T10:14:53.406+0000] {logging_mixin.py:151} INFO - [2025-03-17T10:14:53.406+0000] {dagbag.py:539} INFO - Filling up the DagBag from /opt/airflow/dags/ingestion.py
[2025-03-17T10:14:53.787+0000] {processor.py:839} INFO - DAG(s) dict_keys(['fetch_transaction_data_and_upload_to_hdfs']) retrieved from /opt/airflow/dags/ingestion.py
[2025-03-17T10:14:53.816+0000] {logging_mixin.py:151} INFO - [2025-03-17T10:14:53.815+0000] {dag.py:2907} INFO - Sync 1 DAGs
[2025-03-17T10:14:53.846+0000] {logging_mixin.py:151} INFO - [2025-03-17T10:14:53.846+0000] {dag.py:3677} INFO - Setting next_dagrun for fetch_transaction_data_and_upload_to_hdfs to 2025-03-17T00:00:00+00:00, run_after=2025-03-18T00:00:00+00:00
[2025-03-17T10:14:53.869+0000] {processor.py:179} INFO - Processing /opt/airflow/dags/ingestion.py took 0.471 seconds
[2025-03-17T10:15:24.117+0000] {processor.py:157} INFO - Started process (PID=2662) to work on /opt/airflow/dags/ingestion.py
[2025-03-17T10:15:24.118+0000] {processor.py:829} INFO - Processing file /opt/airflow/dags/ingestion.py for tasks to queue
[2025-03-17T10:15:24.119+0000] {logging_mixin.py:151} INFO - [2025-03-17T10:15:24.118+0000] {dagbag.py:539} INFO - Filling up the DagBag from /opt/airflow/dags/ingestion.py
[2025-03-17T10:15:24.447+0000] {processor.py:839} INFO - DAG(s) dict_keys(['fetch_transaction_data_and_upload_to_hdfs']) retrieved from /opt/airflow/dags/ingestion.py
[2025-03-17T10:15:24.489+0000] {logging_mixin.py:151} INFO - [2025-03-17T10:15:24.488+0000] {dag.py:2907} INFO - Sync 1 DAGs
[2025-03-17T10:15:24.511+0000] {logging_mixin.py:151} INFO - [2025-03-17T10:15:24.511+0000] {dag.py:3677} INFO - Setting next_dagrun for fetch_transaction_data_and_upload_to_hdfs to 2025-03-17T00:00:00+00:00, run_after=2025-03-18T00:00:00+00:00
[2025-03-17T10:15:24.533+0000] {processor.py:179} INFO - Processing /opt/airflow/dags/ingestion.py took 0.419 seconds
[2025-03-17T10:15:55.586+0000] {processor.py:157} INFO - Started process (PID=2673) to work on /opt/airflow/dags/ingestion.py
[2025-03-17T10:15:55.587+0000] {processor.py:829} INFO - Processing file /opt/airflow/dags/ingestion.py for tasks to queue
[2025-03-17T10:15:55.588+0000] {logging_mixin.py:151} INFO - [2025-03-17T10:15:55.588+0000] {dagbag.py:539} INFO - Filling up the DagBag from /opt/airflow/dags/ingestion.py
[2025-03-17T10:15:56.031+0000] {processor.py:839} INFO - DAG(s) dict_keys(['fetch_transaction_data_and_upload_to_hdfs']) retrieved from /opt/airflow/dags/ingestion.py
[2025-03-17T10:15:56.061+0000] {logging_mixin.py:151} INFO - [2025-03-17T10:15:56.061+0000] {dag.py:2907} INFO - Sync 1 DAGs
[2025-03-17T10:15:56.086+0000] {logging_mixin.py:151} INFO - [2025-03-17T10:15:56.086+0000] {dag.py:3677} INFO - Setting next_dagrun for fetch_transaction_data_and_upload_to_hdfs to 2025-03-17T00:00:00+00:00, run_after=2025-03-18T00:00:00+00:00
[2025-03-17T10:15:56.119+0000] {processor.py:179} INFO - Processing /opt/airflow/dags/ingestion.py took 0.536 seconds
[2025-03-17T10:16:26.953+0000] {processor.py:157} INFO - Started process (PID=2684) to work on /opt/airflow/dags/ingestion.py
[2025-03-17T10:16:26.954+0000] {processor.py:829} INFO - Processing file /opt/airflow/dags/ingestion.py for tasks to queue
[2025-03-17T10:16:26.956+0000] {logging_mixin.py:151} INFO - [2025-03-17T10:16:26.955+0000] {dagbag.py:539} INFO - Filling up the DagBag from /opt/airflow/dags/ingestion.py
[2025-03-17T10:16:27.288+0000] {processor.py:839} INFO - DAG(s) dict_keys(['fetch_transaction_data_and_upload_to_hdfs']) retrieved from /opt/airflow/dags/ingestion.py
[2025-03-17T10:16:27.359+0000] {logging_mixin.py:151} INFO - [2025-03-17T10:16:27.358+0000] {dag.py:2907} INFO - Sync 1 DAGs
[2025-03-17T10:16:27.404+0000] {logging_mixin.py:151} INFO - [2025-03-17T10:16:27.404+0000] {dag.py:3677} INFO - Setting next_dagrun for fetch_transaction_data_and_upload_to_hdfs to 2025-03-17T00:00:00+00:00, run_after=2025-03-18T00:00:00+00:00
[2025-03-17T10:16:27.430+0000] {processor.py:179} INFO - Processing /opt/airflow/dags/ingestion.py took 0.480 seconds
[2025-03-17T10:16:57.586+0000] {processor.py:157} INFO - Started process (PID=2695) to work on /opt/airflow/dags/ingestion.py
[2025-03-17T10:16:57.589+0000] {processor.py:829} INFO - Processing file /opt/airflow/dags/ingestion.py for tasks to queue
[2025-03-17T10:16:57.592+0000] {logging_mixin.py:151} INFO - [2025-03-17T10:16:57.591+0000] {dagbag.py:539} INFO - Filling up the DagBag from /opt/airflow/dags/ingestion.py
[2025-03-17T10:16:58.047+0000] {processor.py:839} INFO - DAG(s) dict_keys(['fetch_transaction_data_and_upload_to_hdfs']) retrieved from /opt/airflow/dags/ingestion.py
[2025-03-17T10:16:58.078+0000] {logging_mixin.py:151} INFO - [2025-03-17T10:16:58.078+0000] {dag.py:2907} INFO - Sync 1 DAGs
[2025-03-17T10:16:58.102+0000] {logging_mixin.py:151} INFO - [2025-03-17T10:16:58.101+0000] {dag.py:3677} INFO - Setting next_dagrun for fetch_transaction_data_and_upload_to_hdfs to 2025-03-17T00:00:00+00:00, run_after=2025-03-18T00:00:00+00:00
[2025-03-17T10:16:58.130+0000] {processor.py:179} INFO - Processing /opt/airflow/dags/ingestion.py took 0.555 seconds
[2025-03-17T10:17:28.896+0000] {processor.py:157} INFO - Started process (PID=2706) to work on /opt/airflow/dags/ingestion.py
[2025-03-17T10:17:28.898+0000] {processor.py:829} INFO - Processing file /opt/airflow/dags/ingestion.py for tasks to queue
[2025-03-17T10:17:28.901+0000] {logging_mixin.py:151} INFO - [2025-03-17T10:17:28.900+0000] {dagbag.py:539} INFO - Filling up the DagBag from /opt/airflow/dags/ingestion.py
[2025-03-17T10:17:29.387+0000] {processor.py:839} INFO - DAG(s) dict_keys(['fetch_transaction_data_and_upload_to_hdfs']) retrieved from /opt/airflow/dags/ingestion.py
[2025-03-17T10:17:29.417+0000] {logging_mixin.py:151} INFO - [2025-03-17T10:17:29.416+0000] {dag.py:2907} INFO - Sync 1 DAGs
[2025-03-17T10:17:29.443+0000] {logging_mixin.py:151} INFO - [2025-03-17T10:17:29.443+0000] {dag.py:3677} INFO - Setting next_dagrun for fetch_transaction_data_and_upload_to_hdfs to 2025-03-17T00:00:00+00:00, run_after=2025-03-18T00:00:00+00:00
[2025-03-17T10:17:29.468+0000] {processor.py:179} INFO - Processing /opt/airflow/dags/ingestion.py took 0.578 seconds
[2025-03-17T10:17:59.572+0000] {processor.py:157} INFO - Started process (PID=2717) to work on /opt/airflow/dags/ingestion.py
[2025-03-17T10:17:59.574+0000] {processor.py:829} INFO - Processing file /opt/airflow/dags/ingestion.py for tasks to queue
[2025-03-17T10:17:59.575+0000] {logging_mixin.py:151} INFO - [2025-03-17T10:17:59.575+0000] {dagbag.py:539} INFO - Filling up the DagBag from /opt/airflow/dags/ingestion.py
[2025-03-17T10:17:59.970+0000] {processor.py:839} INFO - DAG(s) dict_keys(['fetch_transaction_data_and_upload_to_hdfs']) retrieved from /opt/airflow/dags/ingestion.py
[2025-03-17T10:18:00.004+0000] {logging_mixin.py:151} INFO - [2025-03-17T10:18:00.003+0000] {dag.py:2907} INFO - Sync 1 DAGs
[2025-03-17T10:18:00.042+0000] {logging_mixin.py:151} INFO - [2025-03-17T10:18:00.042+0000] {dag.py:3677} INFO - Setting next_dagrun for fetch_transaction_data_and_upload_to_hdfs to 2025-03-17T00:00:00+00:00, run_after=2025-03-18T00:00:00+00:00
[2025-03-17T10:18:00.081+0000] {processor.py:179} INFO - Processing /opt/airflow/dags/ingestion.py took 0.514 seconds
[2025-03-17T10:18:30.910+0000] {processor.py:157} INFO - Started process (PID=2728) to work on /opt/airflow/dags/ingestion.py
[2025-03-17T10:18:30.912+0000] {processor.py:829} INFO - Processing file /opt/airflow/dags/ingestion.py for tasks to queue
[2025-03-17T10:18:30.913+0000] {logging_mixin.py:151} INFO - [2025-03-17T10:18:30.913+0000] {dagbag.py:539} INFO - Filling up the DagBag from /opt/airflow/dags/ingestion.py
[2025-03-17T10:18:31.277+0000] {processor.py:839} INFO - DAG(s) dict_keys(['fetch_transaction_data_and_upload_to_hdfs']) retrieved from /opt/airflow/dags/ingestion.py
[2025-03-17T10:18:31.306+0000] {logging_mixin.py:151} INFO - [2025-03-17T10:18:31.306+0000] {dag.py:2907} INFO - Sync 1 DAGs
[2025-03-17T10:18:31.331+0000] {logging_mixin.py:151} INFO - [2025-03-17T10:18:31.330+0000] {dag.py:3677} INFO - Setting next_dagrun for fetch_transaction_data_and_upload_to_hdfs to 2025-03-17T00:00:00+00:00, run_after=2025-03-18T00:00:00+00:00
[2025-03-17T10:18:31.353+0000] {processor.py:179} INFO - Processing /opt/airflow/dags/ingestion.py took 0.446 seconds
[2025-03-17T10:19:01.469+0000] {processor.py:157} INFO - Started process (PID=2739) to work on /opt/airflow/dags/ingestion.py
[2025-03-17T10:19:01.471+0000] {processor.py:829} INFO - Processing file /opt/airflow/dags/ingestion.py for tasks to queue
[2025-03-17T10:19:01.472+0000] {logging_mixin.py:151} INFO - [2025-03-17T10:19:01.472+0000] {dagbag.py:539} INFO - Filling up the DagBag from /opt/airflow/dags/ingestion.py
[2025-03-17T10:19:01.845+0000] {processor.py:839} INFO - DAG(s) dict_keys(['fetch_transaction_data_and_upload_to_hdfs']) retrieved from /opt/airflow/dags/ingestion.py
[2025-03-17T10:19:01.897+0000] {logging_mixin.py:151} INFO - [2025-03-17T10:19:01.897+0000] {dag.py:2907} INFO - Sync 1 DAGs
[2025-03-17T10:19:01.931+0000] {logging_mixin.py:151} INFO - [2025-03-17T10:19:01.931+0000] {dag.py:3677} INFO - Setting next_dagrun for fetch_transaction_data_and_upload_to_hdfs to 2025-03-17T00:00:00+00:00, run_after=2025-03-18T00:00:00+00:00
[2025-03-17T10:19:01.957+0000] {processor.py:179} INFO - Processing /opt/airflow/dags/ingestion.py took 0.491 seconds
[2025-03-17T10:19:32.890+0000] {processor.py:157} INFO - Started process (PID=2750) to work on /opt/airflow/dags/ingestion.py
[2025-03-17T10:19:32.892+0000] {processor.py:829} INFO - Processing file /opt/airflow/dags/ingestion.py for tasks to queue
[2025-03-17T10:19:32.893+0000] {logging_mixin.py:151} INFO - [2025-03-17T10:19:32.893+0000] {dagbag.py:539} INFO - Filling up the DagBag from /opt/airflow/dags/ingestion.py
[2025-03-17T10:19:33.231+0000] {processor.py:839} INFO - DAG(s) dict_keys(['fetch_transaction_data_and_upload_to_hdfs']) retrieved from /opt/airflow/dags/ingestion.py
[2025-03-17T10:19:33.257+0000] {logging_mixin.py:151} INFO - [2025-03-17T10:19:33.256+0000] {dag.py:2907} INFO - Sync 1 DAGs
[2025-03-17T10:19:33.282+0000] {logging_mixin.py:151} INFO - [2025-03-17T10:19:33.282+0000] {dag.py:3677} INFO - Setting next_dagrun for fetch_transaction_data_and_upload_to_hdfs to 2025-03-17T00:00:00+00:00, run_after=2025-03-18T00:00:00+00:00
[2025-03-17T10:19:33.305+0000] {processor.py:179} INFO - Processing /opt/airflow/dags/ingestion.py took 0.419 seconds
[2025-03-17T10:20:03.427+0000] {processor.py:157} INFO - Started process (PID=2761) to work on /opt/airflow/dags/ingestion.py
[2025-03-17T10:20:03.429+0000] {processor.py:829} INFO - Processing file /opt/airflow/dags/ingestion.py for tasks to queue
[2025-03-17T10:20:03.430+0000] {logging_mixin.py:151} INFO - [2025-03-17T10:20:03.430+0000] {dagbag.py:539} INFO - Filling up the DagBag from /opt/airflow/dags/ingestion.py
[2025-03-17T10:20:04.064+0000] {processor.py:839} INFO - DAG(s) dict_keys(['fetch_transaction_data_and_upload_to_hdfs']) retrieved from /opt/airflow/dags/ingestion.py
[2025-03-17T10:20:04.113+0000] {logging_mixin.py:151} INFO - [2025-03-17T10:20:04.112+0000] {dag.py:2907} INFO - Sync 1 DAGs
[2025-03-17T10:20:04.155+0000] {logging_mixin.py:151} INFO - [2025-03-17T10:20:04.155+0000] {dag.py:3677} INFO - Setting next_dagrun for fetch_transaction_data_and_upload_to_hdfs to 2025-03-17T00:00:00+00:00, run_after=2025-03-18T00:00:00+00:00
[2025-03-17T10:20:04.190+0000] {processor.py:179} INFO - Processing /opt/airflow/dags/ingestion.py took 0.767 seconds
