[2025-03-17T00:24:57.332+0000] {processor.py:157} INFO - Started process (PID=1774) to work on /opt/airflow/dags/transformation.py
[2025-03-17T00:24:57.350+0000] {processor.py:829} INFO - Processing file /opt/airflow/dags/transformation.py for tasks to queue
[2025-03-17T00:24:57.365+0000] {logging_mixin.py:151} INFO - [2025-03-17T00:24:57.361+0000] {dagbag.py:539} INFO - Filling up the DagBag from /opt/airflow/dags/transformation.py
[2025-03-17T00:24:57.749+0000] {processor.py:839} INFO - DAG(s) dict_keys(['spark_transaction_processing']) retrieved from /opt/airflow/dags/transformation.py
[2025-03-17T00:24:58.944+0000] {logging_mixin.py:151} INFO - [2025-03-17T00:24:58.943+0000] {dag.py:2907} INFO - Sync 1 DAGs
[2025-03-17T00:24:59.057+0000] {logging_mixin.py:151} INFO - [2025-03-17T00:24:59.056+0000] {dag.py:3677} INFO - Setting next_dagrun for spark_transaction_processing to 2025-03-16T00:00:00+00:00, run_after=2025-03-17T00:00:00+00:00
[2025-03-17T00:24:59.135+0000] {processor.py:179} INFO - Processing /opt/airflow/dags/transformation.py took 1.873 seconds
[2025-03-17T09:35:46.333+0000] {processor.py:157} INFO - Started process (PID=1784) to work on /opt/airflow/dags/transformation.py
[2025-03-17T09:35:46.391+0000] {processor.py:829} INFO - Processing file /opt/airflow/dags/transformation.py for tasks to queue
[2025-03-17T09:35:46.396+0000] {logging_mixin.py:151} INFO - [2025-03-17T09:35:46.395+0000] {dagbag.py:539} INFO - Filling up the DagBag from /opt/airflow/dags/transformation.py
[2025-03-17T09:35:46.497+0000] {processor.py:839} INFO - DAG(s) dict_keys(['spark_transaction_processing']) retrieved from /opt/airflow/dags/transformation.py
[2025-03-17T09:35:46.660+0000] {logging_mixin.py:151} INFO - [2025-03-17T09:35:46.660+0000] {dag.py:2907} INFO - Sync 1 DAGs
[2025-03-17T09:35:46.782+0000] {logging_mixin.py:151} INFO - [2025-03-17T09:35:46.778+0000] {dag.py:3677} INFO - Setting next_dagrun for spark_transaction_processing to 2025-03-16T00:00:00+00:00, run_after=2025-03-17T00:00:00+00:00
[2025-03-17T09:35:46.918+0000] {processor.py:179} INFO - Processing /opt/airflow/dags/transformation.py took 0.748 seconds
[2025-03-17T09:36:17.347+0000] {processor.py:157} INFO - Started process (PID=1821) to work on /opt/airflow/dags/transformation.py
[2025-03-17T09:36:17.349+0000] {processor.py:829} INFO - Processing file /opt/airflow/dags/transformation.py for tasks to queue
[2025-03-17T09:36:17.351+0000] {logging_mixin.py:151} INFO - [2025-03-17T09:36:17.351+0000] {dagbag.py:539} INFO - Filling up the DagBag from /opt/airflow/dags/transformation.py
[2025-03-17T09:36:17.411+0000] {processor.py:839} INFO - DAG(s) dict_keys(['spark_transaction_processing']) retrieved from /opt/airflow/dags/transformation.py
[2025-03-17T09:36:17.472+0000] {logging_mixin.py:151} INFO - [2025-03-17T09:36:17.472+0000] {dag.py:2907} INFO - Sync 1 DAGs
[2025-03-17T09:36:17.516+0000] {logging_mixin.py:151} INFO - [2025-03-17T09:36:17.515+0000] {dag.py:3677} INFO - Setting next_dagrun for spark_transaction_processing to 2025-03-16T00:00:00+00:00, run_after=2025-03-17T00:00:00+00:00
[2025-03-17T09:36:17.557+0000] {processor.py:179} INFO - Processing /opt/airflow/dags/transformation.py took 0.215 seconds
[2025-03-17T09:36:47.860+0000] {processor.py:157} INFO - Started process (PID=1832) to work on /opt/airflow/dags/transformation.py
[2025-03-17T09:36:47.862+0000] {processor.py:829} INFO - Processing file /opt/airflow/dags/transformation.py for tasks to queue
[2025-03-17T09:36:47.864+0000] {logging_mixin.py:151} INFO - [2025-03-17T09:36:47.863+0000] {dagbag.py:539} INFO - Filling up the DagBag from /opt/airflow/dags/transformation.py
[2025-03-17T09:36:47.903+0000] {processor.py:839} INFO - DAG(s) dict_keys(['spark_transaction_processing']) retrieved from /opt/airflow/dags/transformation.py
[2025-03-17T09:36:47.950+0000] {logging_mixin.py:151} INFO - [2025-03-17T09:36:47.950+0000] {dag.py:2907} INFO - Sync 1 DAGs
[2025-03-17T09:36:47.981+0000] {logging_mixin.py:151} INFO - [2025-03-17T09:36:47.981+0000] {dag.py:3677} INFO - Setting next_dagrun for spark_transaction_processing to 2025-03-16T00:00:00+00:00, run_after=2025-03-17T00:00:00+00:00
[2025-03-17T09:36:48.017+0000] {processor.py:179} INFO - Processing /opt/airflow/dags/transformation.py took 0.163 seconds
[2025-03-17T09:37:18.147+0000] {processor.py:157} INFO - Started process (PID=1843) to work on /opt/airflow/dags/transformation.py
[2025-03-17T09:37:18.148+0000] {processor.py:829} INFO - Processing file /opt/airflow/dags/transformation.py for tasks to queue
[2025-03-17T09:37:18.150+0000] {logging_mixin.py:151} INFO - [2025-03-17T09:37:18.150+0000] {dagbag.py:539} INFO - Filling up the DagBag from /opt/airflow/dags/transformation.py
[2025-03-17T09:37:18.184+0000] {processor.py:839} INFO - DAG(s) dict_keys(['spark_transaction_processing']) retrieved from /opt/airflow/dags/transformation.py
[2025-03-17T09:37:18.210+0000] {logging_mixin.py:151} INFO - [2025-03-17T09:37:18.210+0000] {dag.py:2907} INFO - Sync 1 DAGs
[2025-03-17T09:37:18.232+0000] {logging_mixin.py:151} INFO - [2025-03-17T09:37:18.232+0000] {dag.py:3677} INFO - Setting next_dagrun for spark_transaction_processing to 2025-03-16T00:00:00+00:00, run_after=2025-03-17T00:00:00+00:00
[2025-03-17T09:37:18.253+0000] {processor.py:179} INFO - Processing /opt/airflow/dags/transformation.py took 0.109 seconds
[2025-03-17T09:37:48.372+0000] {processor.py:157} INFO - Started process (PID=1854) to work on /opt/airflow/dags/transformation.py
[2025-03-17T09:37:48.373+0000] {processor.py:829} INFO - Processing file /opt/airflow/dags/transformation.py for tasks to queue
[2025-03-17T09:37:48.374+0000] {logging_mixin.py:151} INFO - [2025-03-17T09:37:48.373+0000] {dagbag.py:539} INFO - Filling up the DagBag from /opt/airflow/dags/transformation.py
[2025-03-17T09:37:48.394+0000] {processor.py:839} INFO - DAG(s) dict_keys(['spark_transaction_processing']) retrieved from /opt/airflow/dags/transformation.py
[2025-03-17T09:37:48.419+0000] {logging_mixin.py:151} INFO - [2025-03-17T09:37:48.419+0000] {dag.py:2907} INFO - Sync 1 DAGs
[2025-03-17T09:37:48.447+0000] {logging_mixin.py:151} INFO - [2025-03-17T09:37:48.447+0000] {dag.py:3677} INFO - Setting next_dagrun for spark_transaction_processing to 2025-03-16T00:00:00+00:00, run_after=2025-03-17T00:00:00+00:00
[2025-03-17T09:37:48.472+0000] {processor.py:179} INFO - Processing /opt/airflow/dags/transformation.py took 0.103 seconds
[2025-03-17T09:38:19.149+0000] {processor.py:157} INFO - Started process (PID=1865) to work on /opt/airflow/dags/transformation.py
[2025-03-17T09:38:19.151+0000] {processor.py:829} INFO - Processing file /opt/airflow/dags/transformation.py for tasks to queue
[2025-03-17T09:38:19.152+0000] {logging_mixin.py:151} INFO - [2025-03-17T09:38:19.152+0000] {dagbag.py:539} INFO - Filling up the DagBag from /opt/airflow/dags/transformation.py
[2025-03-17T09:38:19.186+0000] {processor.py:839} INFO - DAG(s) dict_keys(['spark_transaction_processing']) retrieved from /opt/airflow/dags/transformation.py
[2025-03-17T09:38:19.215+0000] {logging_mixin.py:151} INFO - [2025-03-17T09:38:19.215+0000] {dag.py:2907} INFO - Sync 1 DAGs
[2025-03-17T09:38:19.237+0000] {logging_mixin.py:151} INFO - [2025-03-17T09:38:19.237+0000] {dag.py:3677} INFO - Setting next_dagrun for spark_transaction_processing to 2025-03-16T00:00:00+00:00, run_after=2025-03-17T00:00:00+00:00
[2025-03-17T09:38:19.264+0000] {processor.py:179} INFO - Processing /opt/airflow/dags/transformation.py took 0.117 seconds
[2025-03-17T09:38:49.873+0000] {processor.py:157} INFO - Started process (PID=1876) to work on /opt/airflow/dags/transformation.py
[2025-03-17T09:38:49.875+0000] {processor.py:829} INFO - Processing file /opt/airflow/dags/transformation.py for tasks to queue
[2025-03-17T09:38:49.877+0000] {logging_mixin.py:151} INFO - [2025-03-17T09:38:49.876+0000] {dagbag.py:539} INFO - Filling up the DagBag from /opt/airflow/dags/transformation.py
[2025-03-17T09:38:49.915+0000] {processor.py:839} INFO - DAG(s) dict_keys(['spark_transaction_processing']) retrieved from /opt/airflow/dags/transformation.py
[2025-03-17T09:38:49.947+0000] {logging_mixin.py:151} INFO - [2025-03-17T09:38:49.947+0000] {dag.py:2907} INFO - Sync 1 DAGs
[2025-03-17T09:38:49.977+0000] {logging_mixin.py:151} INFO - [2025-03-17T09:38:49.976+0000] {dag.py:3677} INFO - Setting next_dagrun for spark_transaction_processing to 2025-03-16T00:00:00+00:00, run_after=2025-03-17T00:00:00+00:00
[2025-03-17T09:38:50.002+0000] {processor.py:179} INFO - Processing /opt/airflow/dags/transformation.py took 0.134 seconds
[2025-03-17T09:39:20.592+0000] {processor.py:157} INFO - Started process (PID=1887) to work on /opt/airflow/dags/transformation.py
[2025-03-17T09:39:20.594+0000] {processor.py:829} INFO - Processing file /opt/airflow/dags/transformation.py for tasks to queue
[2025-03-17T09:39:20.595+0000] {logging_mixin.py:151} INFO - [2025-03-17T09:39:20.595+0000] {dagbag.py:539} INFO - Filling up the DagBag from /opt/airflow/dags/transformation.py
[2025-03-17T09:39:20.643+0000] {processor.py:839} INFO - DAG(s) dict_keys(['spark_transaction_processing']) retrieved from /opt/airflow/dags/transformation.py
[2025-03-17T09:39:20.673+0000] {logging_mixin.py:151} INFO - [2025-03-17T09:39:20.672+0000] {dag.py:2907} INFO - Sync 1 DAGs
[2025-03-17T09:39:20.706+0000] {logging_mixin.py:151} INFO - [2025-03-17T09:39:20.706+0000] {dag.py:3677} INFO - Setting next_dagrun for spark_transaction_processing to 2025-03-16T00:00:00+00:00, run_after=2025-03-17T00:00:00+00:00
[2025-03-17T09:39:20.732+0000] {processor.py:179} INFO - Processing /opt/airflow/dags/transformation.py took 0.143 seconds
[2025-03-17T09:39:51.360+0000] {processor.py:157} INFO - Started process (PID=1898) to work on /opt/airflow/dags/transformation.py
[2025-03-17T09:39:51.362+0000] {processor.py:829} INFO - Processing file /opt/airflow/dags/transformation.py for tasks to queue
[2025-03-17T09:39:51.363+0000] {logging_mixin.py:151} INFO - [2025-03-17T09:39:51.363+0000] {dagbag.py:539} INFO - Filling up the DagBag from /opt/airflow/dags/transformation.py
[2025-03-17T09:39:51.396+0000] {processor.py:839} INFO - DAG(s) dict_keys(['spark_transaction_processing']) retrieved from /opt/airflow/dags/transformation.py
[2025-03-17T09:39:51.423+0000] {logging_mixin.py:151} INFO - [2025-03-17T09:39:51.423+0000] {dag.py:2907} INFO - Sync 1 DAGs
[2025-03-17T09:39:51.445+0000] {logging_mixin.py:151} INFO - [2025-03-17T09:39:51.445+0000] {dag.py:3677} INFO - Setting next_dagrun for spark_transaction_processing to 2025-03-16T00:00:00+00:00, run_after=2025-03-17T00:00:00+00:00
[2025-03-17T09:39:51.463+0000] {processor.py:179} INFO - Processing /opt/airflow/dags/transformation.py took 0.107 seconds
[2025-03-17T09:40:22.078+0000] {processor.py:157} INFO - Started process (PID=1909) to work on /opt/airflow/dags/transformation.py
[2025-03-17T09:40:22.079+0000] {processor.py:829} INFO - Processing file /opt/airflow/dags/transformation.py for tasks to queue
[2025-03-17T09:40:22.080+0000] {logging_mixin.py:151} INFO - [2025-03-17T09:40:22.080+0000] {dagbag.py:539} INFO - Filling up the DagBag from /opt/airflow/dags/transformation.py
[2025-03-17T09:40:22.103+0000] {processor.py:839} INFO - DAG(s) dict_keys(['spark_transaction_processing']) retrieved from /opt/airflow/dags/transformation.py
[2025-03-17T09:40:22.129+0000] {logging_mixin.py:151} INFO - [2025-03-17T09:40:22.129+0000] {dag.py:2907} INFO - Sync 1 DAGs
[2025-03-17T09:40:22.151+0000] {logging_mixin.py:151} INFO - [2025-03-17T09:40:22.151+0000] {dag.py:3677} INFO - Setting next_dagrun for spark_transaction_processing to 2025-03-16T00:00:00+00:00, run_after=2025-03-17T00:00:00+00:00
[2025-03-17T09:40:22.169+0000] {processor.py:179} INFO - Processing /opt/airflow/dags/transformation.py took 0.095 seconds
[2025-03-17T09:40:52.864+0000] {processor.py:157} INFO - Started process (PID=1920) to work on /opt/airflow/dags/transformation.py
[2025-03-17T09:40:52.865+0000] {processor.py:829} INFO - Processing file /opt/airflow/dags/transformation.py for tasks to queue
[2025-03-17T09:40:52.867+0000] {logging_mixin.py:151} INFO - [2025-03-17T09:40:52.866+0000] {dagbag.py:539} INFO - Filling up the DagBag from /opt/airflow/dags/transformation.py
[2025-03-17T09:40:52.904+0000] {processor.py:839} INFO - DAG(s) dict_keys(['spark_transaction_processing']) retrieved from /opt/airflow/dags/transformation.py
[2025-03-17T09:40:52.933+0000] {logging_mixin.py:151} INFO - [2025-03-17T09:40:52.932+0000] {dag.py:2907} INFO - Sync 1 DAGs
[2025-03-17T09:40:52.956+0000] {logging_mixin.py:151} INFO - [2025-03-17T09:40:52.956+0000] {dag.py:3677} INFO - Setting next_dagrun for spark_transaction_processing to 2025-03-16T00:00:00+00:00, run_after=2025-03-17T00:00:00+00:00
[2025-03-17T09:40:52.978+0000] {processor.py:179} INFO - Processing /opt/airflow/dags/transformation.py took 0.118 seconds
[2025-03-17T09:41:23.121+0000] {processor.py:157} INFO - Started process (PID=1931) to work on /opt/airflow/dags/transformation.py
[2025-03-17T09:41:23.123+0000] {processor.py:829} INFO - Processing file /opt/airflow/dags/transformation.py for tasks to queue
[2025-03-17T09:41:23.125+0000] {logging_mixin.py:151} INFO - [2025-03-17T09:41:23.124+0000] {dagbag.py:539} INFO - Filling up the DagBag from /opt/airflow/dags/transformation.py
[2025-03-17T09:41:23.162+0000] {processor.py:839} INFO - DAG(s) dict_keys(['spark_transaction_processing']) retrieved from /opt/airflow/dags/transformation.py
[2025-03-17T09:41:23.199+0000] {logging_mixin.py:151} INFO - [2025-03-17T09:41:23.199+0000] {dag.py:2907} INFO - Sync 1 DAGs
[2025-03-17T09:41:23.224+0000] {logging_mixin.py:151} INFO - [2025-03-17T09:41:23.223+0000] {dag.py:3677} INFO - Setting next_dagrun for spark_transaction_processing to 2025-03-16T00:00:00+00:00, run_after=2025-03-17T00:00:00+00:00
[2025-03-17T09:41:23.247+0000] {processor.py:179} INFO - Processing /opt/airflow/dags/transformation.py took 0.130 seconds
[2025-03-17T09:41:53.883+0000] {processor.py:157} INFO - Started process (PID=1942) to work on /opt/airflow/dags/transformation.py
[2025-03-17T09:41:53.892+0000] {processor.py:829} INFO - Processing file /opt/airflow/dags/transformation.py for tasks to queue
[2025-03-17T09:41:53.895+0000] {logging_mixin.py:151} INFO - [2025-03-17T09:41:53.894+0000] {dagbag.py:539} INFO - Filling up the DagBag from /opt/airflow/dags/transformation.py
[2025-03-17T09:41:53.945+0000] {processor.py:839} INFO - DAG(s) dict_keys(['spark_transaction_processing']) retrieved from /opt/airflow/dags/transformation.py
[2025-03-17T09:41:53.986+0000] {logging_mixin.py:151} INFO - [2025-03-17T09:41:53.986+0000] {dag.py:2907} INFO - Sync 1 DAGs
[2025-03-17T09:41:54.013+0000] {logging_mixin.py:151} INFO - [2025-03-17T09:41:54.013+0000] {dag.py:3677} INFO - Setting next_dagrun for spark_transaction_processing to 2025-03-16T00:00:00+00:00, run_after=2025-03-17T00:00:00+00:00
[2025-03-17T09:41:54.040+0000] {processor.py:179} INFO - Processing /opt/airflow/dags/transformation.py took 0.167 seconds
[2025-03-17T09:42:24.140+0000] {processor.py:157} INFO - Started process (PID=1953) to work on /opt/airflow/dags/transformation.py
[2025-03-17T09:42:24.144+0000] {processor.py:829} INFO - Processing file /opt/airflow/dags/transformation.py for tasks to queue
[2025-03-17T09:42:24.146+0000] {logging_mixin.py:151} INFO - [2025-03-17T09:42:24.146+0000] {dagbag.py:539} INFO - Filling up the DagBag from /opt/airflow/dags/transformation.py
[2025-03-17T09:42:24.184+0000] {processor.py:839} INFO - DAG(s) dict_keys(['spark_transaction_processing']) retrieved from /opt/airflow/dags/transformation.py
[2025-03-17T09:42:24.246+0000] {logging_mixin.py:151} INFO - [2025-03-17T09:42:24.246+0000] {dag.py:2907} INFO - Sync 1 DAGs
[2025-03-17T09:42:24.283+0000] {logging_mixin.py:151} INFO - [2025-03-17T09:42:24.283+0000] {dag.py:3677} INFO - Setting next_dagrun for spark_transaction_processing to 2025-03-16T00:00:00+00:00, run_after=2025-03-17T00:00:00+00:00
[2025-03-17T09:42:24.308+0000] {processor.py:179} INFO - Processing /opt/airflow/dags/transformation.py took 0.173 seconds
[2025-03-17T09:42:54.827+0000] {processor.py:157} INFO - Started process (PID=1964) to work on /opt/airflow/dags/transformation.py
[2025-03-17T09:42:54.829+0000] {processor.py:829} INFO - Processing file /opt/airflow/dags/transformation.py for tasks to queue
[2025-03-17T09:42:54.830+0000] {logging_mixin.py:151} INFO - [2025-03-17T09:42:54.830+0000] {dagbag.py:539} INFO - Filling up the DagBag from /opt/airflow/dags/transformation.py
[2025-03-17T09:42:54.863+0000] {processor.py:839} INFO - DAG(s) dict_keys(['spark_transaction_processing']) retrieved from /opt/airflow/dags/transformation.py
[2025-03-17T09:42:54.907+0000] {logging_mixin.py:151} INFO - [2025-03-17T09:42:54.907+0000] {dag.py:2907} INFO - Sync 1 DAGs
[2025-03-17T09:42:54.935+0000] {logging_mixin.py:151} INFO - [2025-03-17T09:42:54.935+0000] {dag.py:3677} INFO - Setting next_dagrun for spark_transaction_processing to 2025-03-16T00:00:00+00:00, run_after=2025-03-17T00:00:00+00:00
[2025-03-17T09:42:54.960+0000] {processor.py:179} INFO - Processing /opt/airflow/dags/transformation.py took 0.136 seconds
[2025-03-17T09:43:25.574+0000] {processor.py:157} INFO - Started process (PID=1975) to work on /opt/airflow/dags/transformation.py
[2025-03-17T09:43:25.575+0000] {processor.py:829} INFO - Processing file /opt/airflow/dags/transformation.py for tasks to queue
[2025-03-17T09:43:25.577+0000] {logging_mixin.py:151} INFO - [2025-03-17T09:43:25.576+0000] {dagbag.py:539} INFO - Filling up the DagBag from /opt/airflow/dags/transformation.py
[2025-03-17T09:43:25.612+0000] {processor.py:839} INFO - DAG(s) dict_keys(['spark_transaction_processing']) retrieved from /opt/airflow/dags/transformation.py
[2025-03-17T09:43:25.641+0000] {logging_mixin.py:151} INFO - [2025-03-17T09:43:25.641+0000] {dag.py:2907} INFO - Sync 1 DAGs
[2025-03-17T09:43:25.668+0000] {logging_mixin.py:151} INFO - [2025-03-17T09:43:25.668+0000] {dag.py:3677} INFO - Setting next_dagrun for spark_transaction_processing to 2025-03-16T00:00:00+00:00, run_after=2025-03-17T00:00:00+00:00
[2025-03-17T09:43:25.695+0000] {processor.py:179} INFO - Processing /opt/airflow/dags/transformation.py took 0.125 seconds
[2025-03-17T09:43:56.278+0000] {processor.py:157} INFO - Started process (PID=1986) to work on /opt/airflow/dags/transformation.py
[2025-03-17T09:43:56.279+0000] {processor.py:829} INFO - Processing file /opt/airflow/dags/transformation.py for tasks to queue
[2025-03-17T09:43:56.280+0000] {logging_mixin.py:151} INFO - [2025-03-17T09:43:56.280+0000] {dagbag.py:539} INFO - Filling up the DagBag from /opt/airflow/dags/transformation.py
[2025-03-17T09:43:56.317+0000] {processor.py:839} INFO - DAG(s) dict_keys(['spark_transaction_processing']) retrieved from /opt/airflow/dags/transformation.py
[2025-03-17T09:43:56.346+0000] {logging_mixin.py:151} INFO - [2025-03-17T09:43:56.346+0000] {dag.py:2907} INFO - Sync 1 DAGs
[2025-03-17T09:43:56.368+0000] {logging_mixin.py:151} INFO - [2025-03-17T09:43:56.368+0000] {dag.py:3677} INFO - Setting next_dagrun for spark_transaction_processing to 2025-03-16T00:00:00+00:00, run_after=2025-03-17T00:00:00+00:00
[2025-03-17T09:43:56.390+0000] {processor.py:179} INFO - Processing /opt/airflow/dags/transformation.py took 0.116 seconds
[2025-03-17T09:44:26.949+0000] {processor.py:157} INFO - Started process (PID=1997) to work on /opt/airflow/dags/transformation.py
[2025-03-17T09:44:26.953+0000] {processor.py:829} INFO - Processing file /opt/airflow/dags/transformation.py for tasks to queue
[2025-03-17T09:44:26.956+0000] {logging_mixin.py:151} INFO - [2025-03-17T09:44:26.955+0000] {dagbag.py:539} INFO - Filling up the DagBag from /opt/airflow/dags/transformation.py
[2025-03-17T09:44:27.014+0000] {processor.py:839} INFO - DAG(s) dict_keys(['spark_transaction_processing']) retrieved from /opt/airflow/dags/transformation.py
[2025-03-17T09:44:27.062+0000] {logging_mixin.py:151} INFO - [2025-03-17T09:44:27.061+0000] {dag.py:2907} INFO - Sync 1 DAGs
[2025-03-17T09:44:27.096+0000] {logging_mixin.py:151} INFO - [2025-03-17T09:44:27.096+0000] {dag.py:3677} INFO - Setting next_dagrun for spark_transaction_processing to 2025-03-16T00:00:00+00:00, run_after=2025-03-17T00:00:00+00:00
[2025-03-17T09:44:27.122+0000] {processor.py:179} INFO - Processing /opt/airflow/dags/transformation.py took 0.184 seconds
[2025-03-17T09:44:57.716+0000] {processor.py:157} INFO - Started process (PID=2008) to work on /opt/airflow/dags/transformation.py
[2025-03-17T09:44:57.718+0000] {processor.py:829} INFO - Processing file /opt/airflow/dags/transformation.py for tasks to queue
[2025-03-17T09:44:57.719+0000] {logging_mixin.py:151} INFO - [2025-03-17T09:44:57.718+0000] {dagbag.py:539} INFO - Filling up the DagBag from /opt/airflow/dags/transformation.py
[2025-03-17T09:44:57.739+0000] {processor.py:839} INFO - DAG(s) dict_keys(['spark_transaction_processing']) retrieved from /opt/airflow/dags/transformation.py
[2025-03-17T09:44:57.765+0000] {logging_mixin.py:151} INFO - [2025-03-17T09:44:57.765+0000] {dag.py:2907} INFO - Sync 1 DAGs
[2025-03-17T09:44:57.789+0000] {logging_mixin.py:151} INFO - [2025-03-17T09:44:57.789+0000] {dag.py:3677} INFO - Setting next_dagrun for spark_transaction_processing to 2025-03-16T00:00:00+00:00, run_after=2025-03-17T00:00:00+00:00
[2025-03-17T09:44:57.808+0000] {processor.py:179} INFO - Processing /opt/airflow/dags/transformation.py took 0.097 seconds
[2025-03-17T09:45:28.413+0000] {processor.py:157} INFO - Started process (PID=2019) to work on /opt/airflow/dags/transformation.py
[2025-03-17T09:45:28.422+0000] {processor.py:829} INFO - Processing file /opt/airflow/dags/transformation.py for tasks to queue
[2025-03-17T09:45:28.425+0000] {logging_mixin.py:151} INFO - [2025-03-17T09:45:28.424+0000] {dagbag.py:539} INFO - Filling up the DagBag from /opt/airflow/dags/transformation.py
[2025-03-17T09:45:28.464+0000] {processor.py:839} INFO - DAG(s) dict_keys(['spark_transaction_processing']) retrieved from /opt/airflow/dags/transformation.py
[2025-03-17T09:45:28.494+0000] {logging_mixin.py:151} INFO - [2025-03-17T09:45:28.494+0000] {dag.py:2907} INFO - Sync 1 DAGs
[2025-03-17T09:45:28.517+0000] {logging_mixin.py:151} INFO - [2025-03-17T09:45:28.517+0000] {dag.py:3677} INFO - Setting next_dagrun for spark_transaction_processing to 2025-03-16T00:00:00+00:00, run_after=2025-03-17T00:00:00+00:00
[2025-03-17T09:45:28.538+0000] {processor.py:179} INFO - Processing /opt/airflow/dags/transformation.py took 0.132 seconds
[2025-03-17T09:45:59.122+0000] {processor.py:157} INFO - Started process (PID=2030) to work on /opt/airflow/dags/transformation.py
[2025-03-17T09:45:59.124+0000] {processor.py:829} INFO - Processing file /opt/airflow/dags/transformation.py for tasks to queue
[2025-03-17T09:45:59.125+0000] {logging_mixin.py:151} INFO - [2025-03-17T09:45:59.125+0000] {dagbag.py:539} INFO - Filling up the DagBag from /opt/airflow/dags/transformation.py
[2025-03-17T09:45:59.170+0000] {processor.py:839} INFO - DAG(s) dict_keys(['spark_transaction_processing']) retrieved from /opt/airflow/dags/transformation.py
[2025-03-17T09:45:59.230+0000] {logging_mixin.py:151} INFO - [2025-03-17T09:45:59.229+0000] {dag.py:2907} INFO - Sync 1 DAGs
[2025-03-17T09:45:59.273+0000] {logging_mixin.py:151} INFO - [2025-03-17T09:45:59.272+0000] {dag.py:3677} INFO - Setting next_dagrun for spark_transaction_processing to 2025-03-16T00:00:00+00:00, run_after=2025-03-17T00:00:00+00:00
[2025-03-17T09:45:59.308+0000] {processor.py:179} INFO - Processing /opt/airflow/dags/transformation.py took 0.192 seconds
[2025-03-17T09:46:29.608+0000] {processor.py:157} INFO - Started process (PID=2041) to work on /opt/airflow/dags/transformation.py
[2025-03-17T09:46:29.610+0000] {processor.py:829} INFO - Processing file /opt/airflow/dags/transformation.py for tasks to queue
[2025-03-17T09:46:29.611+0000] {logging_mixin.py:151} INFO - [2025-03-17T09:46:29.611+0000] {dagbag.py:539} INFO - Filling up the DagBag from /opt/airflow/dags/transformation.py
[2025-03-17T09:46:29.660+0000] {processor.py:839} INFO - DAG(s) dict_keys(['spark_transaction_processing']) retrieved from /opt/airflow/dags/transformation.py
[2025-03-17T09:46:29.691+0000] {logging_mixin.py:151} INFO - [2025-03-17T09:46:29.691+0000] {dag.py:2907} INFO - Sync 1 DAGs
[2025-03-17T09:46:29.716+0000] {logging_mixin.py:151} INFO - [2025-03-17T09:46:29.715+0000] {dag.py:3677} INFO - Setting next_dagrun for spark_transaction_processing to 2025-03-16T00:00:00+00:00, run_after=2025-03-17T00:00:00+00:00
[2025-03-17T09:46:29.740+0000] {processor.py:179} INFO - Processing /opt/airflow/dags/transformation.py took 0.135 seconds
[2025-03-17T09:47:00.287+0000] {processor.py:157} INFO - Started process (PID=2052) to work on /opt/airflow/dags/transformation.py
[2025-03-17T09:47:00.289+0000] {processor.py:829} INFO - Processing file /opt/airflow/dags/transformation.py for tasks to queue
[2025-03-17T09:47:00.291+0000] {logging_mixin.py:151} INFO - [2025-03-17T09:47:00.290+0000] {dagbag.py:539} INFO - Filling up the DagBag from /opt/airflow/dags/transformation.py
[2025-03-17T09:47:00.337+0000] {processor.py:839} INFO - DAG(s) dict_keys(['spark_transaction_processing']) retrieved from /opt/airflow/dags/transformation.py
[2025-03-17T09:47:00.369+0000] {logging_mixin.py:151} INFO - [2025-03-17T09:47:00.369+0000] {dag.py:2907} INFO - Sync 1 DAGs
[2025-03-17T09:47:00.392+0000] {logging_mixin.py:151} INFO - [2025-03-17T09:47:00.391+0000] {dag.py:3677} INFO - Setting next_dagrun for spark_transaction_processing to 2025-03-16T00:00:00+00:00, run_after=2025-03-17T00:00:00+00:00
[2025-03-17T09:47:00.414+0000] {processor.py:179} INFO - Processing /opt/airflow/dags/transformation.py took 0.130 seconds
[2025-03-17T09:47:30.940+0000] {processor.py:157} INFO - Started process (PID=2063) to work on /opt/airflow/dags/transformation.py
[2025-03-17T09:47:30.941+0000] {processor.py:829} INFO - Processing file /opt/airflow/dags/transformation.py for tasks to queue
[2025-03-17T09:47:30.942+0000] {logging_mixin.py:151} INFO - [2025-03-17T09:47:30.942+0000] {dagbag.py:539} INFO - Filling up the DagBag from /opt/airflow/dags/transformation.py
[2025-03-17T09:47:30.979+0000] {processor.py:839} INFO - DAG(s) dict_keys(['spark_transaction_processing']) retrieved from /opt/airflow/dags/transformation.py
[2025-03-17T09:47:31.015+0000] {logging_mixin.py:151} INFO - [2025-03-17T09:47:31.015+0000] {dag.py:2907} INFO - Sync 1 DAGs
[2025-03-17T09:47:31.038+0000] {logging_mixin.py:151} INFO - [2025-03-17T09:47:31.038+0000] {dag.py:3677} INFO - Setting next_dagrun for spark_transaction_processing to 2025-03-16T00:00:00+00:00, run_after=2025-03-17T00:00:00+00:00
[2025-03-17T09:47:31.061+0000] {processor.py:179} INFO - Processing /opt/airflow/dags/transformation.py took 0.126 seconds
[2025-03-17T09:48:01.549+0000] {processor.py:157} INFO - Started process (PID=2074) to work on /opt/airflow/dags/transformation.py
[2025-03-17T09:48:01.551+0000] {processor.py:829} INFO - Processing file /opt/airflow/dags/transformation.py for tasks to queue
[2025-03-17T09:48:01.552+0000] {logging_mixin.py:151} INFO - [2025-03-17T09:48:01.552+0000] {dagbag.py:539} INFO - Filling up the DagBag from /opt/airflow/dags/transformation.py
[2025-03-17T09:48:01.592+0000] {processor.py:839} INFO - DAG(s) dict_keys(['spark_transaction_processing']) retrieved from /opt/airflow/dags/transformation.py
[2025-03-17T09:48:01.621+0000] {logging_mixin.py:151} INFO - [2025-03-17T09:48:01.621+0000] {dag.py:2907} INFO - Sync 1 DAGs
[2025-03-17T09:48:01.648+0000] {logging_mixin.py:151} INFO - [2025-03-17T09:48:01.648+0000] {dag.py:3677} INFO - Setting next_dagrun for spark_transaction_processing to 2025-03-16T00:00:00+00:00, run_after=2025-03-17T00:00:00+00:00
[2025-03-17T09:48:01.674+0000] {processor.py:179} INFO - Processing /opt/airflow/dags/transformation.py took 0.129 seconds
[2025-03-17T09:48:32.254+0000] {processor.py:157} INFO - Started process (PID=2085) to work on /opt/airflow/dags/transformation.py
[2025-03-17T09:48:32.256+0000] {processor.py:829} INFO - Processing file /opt/airflow/dags/transformation.py for tasks to queue
[2025-03-17T09:48:32.258+0000] {logging_mixin.py:151} INFO - [2025-03-17T09:48:32.258+0000] {dagbag.py:539} INFO - Filling up the DagBag from /opt/airflow/dags/transformation.py
[2025-03-17T09:48:32.342+0000] {processor.py:839} INFO - DAG(s) dict_keys(['spark_transaction_processing']) retrieved from /opt/airflow/dags/transformation.py
[2025-03-17T09:48:32.437+0000] {logging_mixin.py:151} INFO - [2025-03-17T09:48:32.436+0000] {dag.py:2907} INFO - Sync 1 DAGs
[2025-03-17T09:48:32.481+0000] {logging_mixin.py:151} INFO - [2025-03-17T09:48:32.480+0000] {dag.py:3677} INFO - Setting next_dagrun for spark_transaction_processing to 2025-03-16T00:00:00+00:00, run_after=2025-03-17T00:00:00+00:00
[2025-03-17T09:48:32.518+0000] {processor.py:179} INFO - Processing /opt/airflow/dags/transformation.py took 0.276 seconds
[2025-03-17T09:49:03.107+0000] {processor.py:157} INFO - Started process (PID=2096) to work on /opt/airflow/dags/transformation.py
[2025-03-17T09:49:03.108+0000] {processor.py:829} INFO - Processing file /opt/airflow/dags/transformation.py for tasks to queue
[2025-03-17T09:49:03.109+0000] {logging_mixin.py:151} INFO - [2025-03-17T09:49:03.109+0000] {dagbag.py:539} INFO - Filling up the DagBag from /opt/airflow/dags/transformation.py
[2025-03-17T09:49:03.141+0000] {processor.py:839} INFO - DAG(s) dict_keys(['spark_transaction_processing']) retrieved from /opt/airflow/dags/transformation.py
[2025-03-17T09:49:03.167+0000] {logging_mixin.py:151} INFO - [2025-03-17T09:49:03.167+0000] {dag.py:2907} INFO - Sync 1 DAGs
[2025-03-17T09:49:03.190+0000] {logging_mixin.py:151} INFO - [2025-03-17T09:49:03.190+0000] {dag.py:3677} INFO - Setting next_dagrun for spark_transaction_processing to 2025-03-16T00:00:00+00:00, run_after=2025-03-17T00:00:00+00:00
[2025-03-17T09:49:03.207+0000] {processor.py:179} INFO - Processing /opt/airflow/dags/transformation.py took 0.103 seconds
[2025-03-17T09:49:33.656+0000] {processor.py:157} INFO - Started process (PID=2107) to work on /opt/airflow/dags/transformation.py
[2025-03-17T09:49:33.657+0000] {processor.py:829} INFO - Processing file /opt/airflow/dags/transformation.py for tasks to queue
[2025-03-17T09:49:33.658+0000] {logging_mixin.py:151} INFO - [2025-03-17T09:49:33.658+0000] {dagbag.py:539} INFO - Filling up the DagBag from /opt/airflow/dags/transformation.py
[2025-03-17T09:49:33.689+0000] {processor.py:839} INFO - DAG(s) dict_keys(['spark_transaction_processing']) retrieved from /opt/airflow/dags/transformation.py
[2025-03-17T09:49:33.720+0000] {logging_mixin.py:151} INFO - [2025-03-17T09:49:33.720+0000] {dag.py:2907} INFO - Sync 1 DAGs
[2025-03-17T09:49:33.749+0000] {logging_mixin.py:151} INFO - [2025-03-17T09:49:33.748+0000] {dag.py:3677} INFO - Setting next_dagrun for spark_transaction_processing to 2025-03-16T00:00:00+00:00, run_after=2025-03-17T00:00:00+00:00
[2025-03-17T09:49:33.771+0000] {processor.py:179} INFO - Processing /opt/airflow/dags/transformation.py took 0.119 seconds
[2025-03-17T09:50:04.282+0000] {processor.py:157} INFO - Started process (PID=2118) to work on /opt/airflow/dags/transformation.py
[2025-03-17T09:50:04.284+0000] {processor.py:829} INFO - Processing file /opt/airflow/dags/transformation.py for tasks to queue
[2025-03-17T09:50:04.286+0000] {logging_mixin.py:151} INFO - [2025-03-17T09:50:04.285+0000] {dagbag.py:539} INFO - Filling up the DagBag from /opt/airflow/dags/transformation.py
[2025-03-17T09:50:04.326+0000] {processor.py:839} INFO - DAG(s) dict_keys(['spark_transaction_processing']) retrieved from /opt/airflow/dags/transformation.py
[2025-03-17T09:50:04.360+0000] {logging_mixin.py:151} INFO - [2025-03-17T09:50:04.360+0000] {dag.py:2907} INFO - Sync 1 DAGs
[2025-03-17T09:50:04.386+0000] {logging_mixin.py:151} INFO - [2025-03-17T09:50:04.385+0000] {dag.py:3677} INFO - Setting next_dagrun for spark_transaction_processing to 2025-03-16T00:00:00+00:00, run_after=2025-03-17T00:00:00+00:00
[2025-03-17T09:50:04.414+0000] {processor.py:179} INFO - Processing /opt/airflow/dags/transformation.py took 0.135 seconds
[2025-03-17T09:50:34.952+0000] {processor.py:157} INFO - Started process (PID=2129) to work on /opt/airflow/dags/transformation.py
[2025-03-17T09:50:34.953+0000] {processor.py:829} INFO - Processing file /opt/airflow/dags/transformation.py for tasks to queue
[2025-03-17T09:50:34.954+0000] {logging_mixin.py:151} INFO - [2025-03-17T09:50:34.954+0000] {dagbag.py:539} INFO - Filling up the DagBag from /opt/airflow/dags/transformation.py
[2025-03-17T09:50:34.991+0000] {processor.py:839} INFO - DAG(s) dict_keys(['spark_transaction_processing']) retrieved from /opt/airflow/dags/transformation.py
[2025-03-17T09:50:35.040+0000] {logging_mixin.py:151} INFO - [2025-03-17T09:50:35.040+0000] {dag.py:2907} INFO - Sync 1 DAGs
[2025-03-17T09:50:35.090+0000] {logging_mixin.py:151} INFO - [2025-03-17T09:50:35.090+0000] {dag.py:3677} INFO - Setting next_dagrun for spark_transaction_processing to 2025-03-16T00:00:00+00:00, run_after=2025-03-17T00:00:00+00:00
[2025-03-17T09:50:35.133+0000] {processor.py:179} INFO - Processing /opt/airflow/dags/transformation.py took 0.185 seconds
[2025-03-17T09:51:05.556+0000] {processor.py:157} INFO - Started process (PID=2140) to work on /opt/airflow/dags/transformation.py
[2025-03-17T09:51:05.557+0000] {processor.py:829} INFO - Processing file /opt/airflow/dags/transformation.py for tasks to queue
[2025-03-17T09:51:05.558+0000] {logging_mixin.py:151} INFO - [2025-03-17T09:51:05.557+0000] {dagbag.py:539} INFO - Filling up the DagBag from /opt/airflow/dags/transformation.py
[2025-03-17T09:51:05.579+0000] {processor.py:839} INFO - DAG(s) dict_keys(['spark_transaction_processing']) retrieved from /opt/airflow/dags/transformation.py
[2025-03-17T09:51:05.607+0000] {logging_mixin.py:151} INFO - [2025-03-17T09:51:05.606+0000] {dag.py:2907} INFO - Sync 1 DAGs
[2025-03-17T09:51:05.634+0000] {logging_mixin.py:151} INFO - [2025-03-17T09:51:05.634+0000] {dag.py:3677} INFO - Setting next_dagrun for spark_transaction_processing to 2025-03-16T00:00:00+00:00, run_after=2025-03-17T00:00:00+00:00
[2025-03-17T09:51:05.656+0000] {processor.py:179} INFO - Processing /opt/airflow/dags/transformation.py took 0.104 seconds
[2025-03-17T09:51:35.758+0000] {processor.py:157} INFO - Started process (PID=2151) to work on /opt/airflow/dags/transformation.py
[2025-03-17T09:51:35.759+0000] {processor.py:829} INFO - Processing file /opt/airflow/dags/transformation.py for tasks to queue
[2025-03-17T09:51:35.761+0000] {logging_mixin.py:151} INFO - [2025-03-17T09:51:35.761+0000] {dagbag.py:539} INFO - Filling up the DagBag from /opt/airflow/dags/transformation.py
[2025-03-17T09:51:35.804+0000] {processor.py:839} INFO - DAG(s) dict_keys(['spark_transaction_processing']) retrieved from /opt/airflow/dags/transformation.py
[2025-03-17T09:51:35.834+0000] {logging_mixin.py:151} INFO - [2025-03-17T09:51:35.834+0000] {dag.py:2907} INFO - Sync 1 DAGs
[2025-03-17T09:51:35.864+0000] {logging_mixin.py:151} INFO - [2025-03-17T09:51:35.864+0000] {dag.py:3677} INFO - Setting next_dagrun for spark_transaction_processing to 2025-03-16T00:00:00+00:00, run_after=2025-03-17T00:00:00+00:00
[2025-03-17T09:51:35.890+0000] {processor.py:179} INFO - Processing /opt/airflow/dags/transformation.py took 0.136 seconds
[2025-03-17T09:52:06.402+0000] {processor.py:157} INFO - Started process (PID=2162) to work on /opt/airflow/dags/transformation.py
[2025-03-17T09:52:06.404+0000] {processor.py:829} INFO - Processing file /opt/airflow/dags/transformation.py for tasks to queue
[2025-03-17T09:52:06.405+0000] {logging_mixin.py:151} INFO - [2025-03-17T09:52:06.405+0000] {dagbag.py:539} INFO - Filling up the DagBag from /opt/airflow/dags/transformation.py
[2025-03-17T09:52:06.462+0000] {processor.py:839} INFO - DAG(s) dict_keys(['spark_transaction_processing']) retrieved from /opt/airflow/dags/transformation.py
[2025-03-17T09:52:06.497+0000] {logging_mixin.py:151} INFO - [2025-03-17T09:52:06.497+0000] {dag.py:2907} INFO - Sync 1 DAGs
[2025-03-17T09:52:06.525+0000] {logging_mixin.py:151} INFO - [2025-03-17T09:52:06.525+0000] {dag.py:3677} INFO - Setting next_dagrun for spark_transaction_processing to 2025-03-16T00:00:00+00:00, run_after=2025-03-17T00:00:00+00:00
[2025-03-17T09:52:06.552+0000] {processor.py:179} INFO - Processing /opt/airflow/dags/transformation.py took 0.153 seconds
[2025-03-17T09:52:37.061+0000] {processor.py:157} INFO - Started process (PID=2173) to work on /opt/airflow/dags/transformation.py
[2025-03-17T09:52:37.062+0000] {processor.py:829} INFO - Processing file /opt/airflow/dags/transformation.py for tasks to queue
[2025-03-17T09:52:37.064+0000] {logging_mixin.py:151} INFO - [2025-03-17T09:52:37.063+0000] {dagbag.py:539} INFO - Filling up the DagBag from /opt/airflow/dags/transformation.py
[2025-03-17T09:52:37.107+0000] {processor.py:839} INFO - DAG(s) dict_keys(['spark_transaction_processing']) retrieved from /opt/airflow/dags/transformation.py
[2025-03-17T09:52:37.146+0000] {logging_mixin.py:151} INFO - [2025-03-17T09:52:37.145+0000] {dag.py:2907} INFO - Sync 1 DAGs
[2025-03-17T09:52:37.172+0000] {logging_mixin.py:151} INFO - [2025-03-17T09:52:37.171+0000] {dag.py:3677} INFO - Setting next_dagrun for spark_transaction_processing to 2025-03-16T00:00:00+00:00, run_after=2025-03-17T00:00:00+00:00
[2025-03-17T09:52:37.196+0000] {processor.py:179} INFO - Processing /opt/airflow/dags/transformation.py took 0.139 seconds
[2025-03-17T09:53:07.602+0000] {processor.py:157} INFO - Started process (PID=2184) to work on /opt/airflow/dags/transformation.py
[2025-03-17T09:53:07.603+0000] {processor.py:829} INFO - Processing file /opt/airflow/dags/transformation.py for tasks to queue
[2025-03-17T09:53:07.604+0000] {logging_mixin.py:151} INFO - [2025-03-17T09:53:07.604+0000] {dagbag.py:539} INFO - Filling up the DagBag from /opt/airflow/dags/transformation.py
[2025-03-17T09:53:07.632+0000] {processor.py:839} INFO - DAG(s) dict_keys(['spark_transaction_processing']) retrieved from /opt/airflow/dags/transformation.py
[2025-03-17T09:53:07.664+0000] {logging_mixin.py:151} INFO - [2025-03-17T09:53:07.663+0000] {dag.py:2907} INFO - Sync 1 DAGs
[2025-03-17T09:53:07.687+0000] {logging_mixin.py:151} INFO - [2025-03-17T09:53:07.687+0000] {dag.py:3677} INFO - Setting next_dagrun for spark_transaction_processing to 2025-03-16T00:00:00+00:00, run_after=2025-03-17T00:00:00+00:00
[2025-03-17T09:53:07.714+0000] {processor.py:179} INFO - Processing /opt/airflow/dags/transformation.py took 0.115 seconds
[2025-03-17T09:53:38.202+0000] {processor.py:157} INFO - Started process (PID=2195) to work on /opt/airflow/dags/transformation.py
[2025-03-17T09:53:38.204+0000] {processor.py:829} INFO - Processing file /opt/airflow/dags/transformation.py for tasks to queue
[2025-03-17T09:53:38.206+0000] {logging_mixin.py:151} INFO - [2025-03-17T09:53:38.206+0000] {dagbag.py:539} INFO - Filling up the DagBag from /opt/airflow/dags/transformation.py
[2025-03-17T09:53:38.237+0000] {processor.py:839} INFO - DAG(s) dict_keys(['spark_transaction_processing']) retrieved from /opt/airflow/dags/transformation.py
[2025-03-17T09:53:38.266+0000] {logging_mixin.py:151} INFO - [2025-03-17T09:53:38.266+0000] {dag.py:2907} INFO - Sync 1 DAGs
[2025-03-17T09:53:38.290+0000] {logging_mixin.py:151} INFO - [2025-03-17T09:53:38.290+0000] {dag.py:3677} INFO - Setting next_dagrun for spark_transaction_processing to 2025-03-16T00:00:00+00:00, run_after=2025-03-17T00:00:00+00:00
[2025-03-17T09:53:38.311+0000] {processor.py:179} INFO - Processing /opt/airflow/dags/transformation.py took 0.113 seconds
[2025-03-17T09:54:08.804+0000] {processor.py:157} INFO - Started process (PID=2206) to work on /opt/airflow/dags/transformation.py
[2025-03-17T09:54:08.805+0000] {processor.py:829} INFO - Processing file /opt/airflow/dags/transformation.py for tasks to queue
[2025-03-17T09:54:08.806+0000] {logging_mixin.py:151} INFO - [2025-03-17T09:54:08.806+0000] {dagbag.py:539} INFO - Filling up the DagBag from /opt/airflow/dags/transformation.py
[2025-03-17T09:54:08.828+0000] {processor.py:839} INFO - DAG(s) dict_keys(['spark_transaction_processing']) retrieved from /opt/airflow/dags/transformation.py
[2025-03-17T09:54:08.856+0000] {logging_mixin.py:151} INFO - [2025-03-17T09:54:08.856+0000] {dag.py:2907} INFO - Sync 1 DAGs
[2025-03-17T09:54:08.878+0000] {logging_mixin.py:151} INFO - [2025-03-17T09:54:08.878+0000] {dag.py:3677} INFO - Setting next_dagrun for spark_transaction_processing to 2025-03-16T00:00:00+00:00, run_after=2025-03-17T00:00:00+00:00
[2025-03-17T09:54:08.897+0000] {processor.py:179} INFO - Processing /opt/airflow/dags/transformation.py took 0.097 seconds
[2025-03-17T09:54:39.363+0000] {processor.py:157} INFO - Started process (PID=2217) to work on /opt/airflow/dags/transformation.py
[2025-03-17T09:54:39.364+0000] {processor.py:829} INFO - Processing file /opt/airflow/dags/transformation.py for tasks to queue
[2025-03-17T09:54:39.365+0000] {logging_mixin.py:151} INFO - [2025-03-17T09:54:39.365+0000] {dagbag.py:539} INFO - Filling up the DagBag from /opt/airflow/dags/transformation.py
[2025-03-17T09:54:39.386+0000] {processor.py:839} INFO - DAG(s) dict_keys(['spark_transaction_processing']) retrieved from /opt/airflow/dags/transformation.py
[2025-03-17T09:54:39.415+0000] {logging_mixin.py:151} INFO - [2025-03-17T09:54:39.415+0000] {dag.py:2907} INFO - Sync 1 DAGs
[2025-03-17T09:54:39.436+0000] {logging_mixin.py:151} INFO - [2025-03-17T09:54:39.436+0000] {dag.py:3677} INFO - Setting next_dagrun for spark_transaction_processing to 2025-03-16T00:00:00+00:00, run_after=2025-03-17T00:00:00+00:00
[2025-03-17T09:54:39.455+0000] {processor.py:179} INFO - Processing /opt/airflow/dags/transformation.py took 0.097 seconds
[2025-03-17T09:55:10.006+0000] {processor.py:157} INFO - Started process (PID=2228) to work on /opt/airflow/dags/transformation.py
[2025-03-17T09:55:10.007+0000] {processor.py:829} INFO - Processing file /opt/airflow/dags/transformation.py for tasks to queue
[2025-03-17T09:55:10.009+0000] {logging_mixin.py:151} INFO - [2025-03-17T09:55:10.008+0000] {dagbag.py:539} INFO - Filling up the DagBag from /opt/airflow/dags/transformation.py
[2025-03-17T09:55:10.053+0000] {processor.py:839} INFO - DAG(s) dict_keys(['spark_transaction_processing']) retrieved from /opt/airflow/dags/transformation.py
[2025-03-17T09:55:10.085+0000] {logging_mixin.py:151} INFO - [2025-03-17T09:55:10.085+0000] {dag.py:2907} INFO - Sync 1 DAGs
[2025-03-17T09:55:10.109+0000] {logging_mixin.py:151} INFO - [2025-03-17T09:55:10.109+0000] {dag.py:3677} INFO - Setting next_dagrun for spark_transaction_processing to 2025-03-16T00:00:00+00:00, run_after=2025-03-17T00:00:00+00:00
[2025-03-17T09:55:10.138+0000] {processor.py:179} INFO - Processing /opt/airflow/dags/transformation.py took 0.136 seconds
[2025-03-17T09:55:40.635+0000] {processor.py:157} INFO - Started process (PID=2239) to work on /opt/airflow/dags/transformation.py
[2025-03-17T09:55:40.636+0000] {processor.py:829} INFO - Processing file /opt/airflow/dags/transformation.py for tasks to queue
[2025-03-17T09:55:40.637+0000] {logging_mixin.py:151} INFO - [2025-03-17T09:55:40.637+0000] {dagbag.py:539} INFO - Filling up the DagBag from /opt/airflow/dags/transformation.py
[2025-03-17T09:55:40.673+0000] {processor.py:839} INFO - DAG(s) dict_keys(['spark_transaction_processing']) retrieved from /opt/airflow/dags/transformation.py
[2025-03-17T09:55:40.701+0000] {logging_mixin.py:151} INFO - [2025-03-17T09:55:40.701+0000] {dag.py:2907} INFO - Sync 1 DAGs
[2025-03-17T09:55:40.722+0000] {logging_mixin.py:151} INFO - [2025-03-17T09:55:40.722+0000] {dag.py:3677} INFO - Setting next_dagrun for spark_transaction_processing to 2025-03-16T00:00:00+00:00, run_after=2025-03-17T00:00:00+00:00
[2025-03-17T09:55:40.744+0000] {processor.py:179} INFO - Processing /opt/airflow/dags/transformation.py took 0.113 seconds
[2025-03-17T09:56:11.200+0000] {processor.py:157} INFO - Started process (PID=2250) to work on /opt/airflow/dags/transformation.py
[2025-03-17T09:56:11.201+0000] {processor.py:829} INFO - Processing file /opt/airflow/dags/transformation.py for tasks to queue
[2025-03-17T09:56:11.203+0000] {logging_mixin.py:151} INFO - [2025-03-17T09:56:11.202+0000] {dagbag.py:539} INFO - Filling up the DagBag from /opt/airflow/dags/transformation.py
[2025-03-17T09:56:11.234+0000] {processor.py:839} INFO - DAG(s) dict_keys(['spark_transaction_processing']) retrieved from /opt/airflow/dags/transformation.py
[2025-03-17T09:56:11.274+0000] {logging_mixin.py:151} INFO - [2025-03-17T09:56:11.274+0000] {dag.py:2907} INFO - Sync 1 DAGs
[2025-03-17T09:56:11.301+0000] {logging_mixin.py:151} INFO - [2025-03-17T09:56:11.300+0000] {dag.py:3677} INFO - Setting next_dagrun for spark_transaction_processing to 2025-03-16T00:00:00+00:00, run_after=2025-03-17T00:00:00+00:00
[2025-03-17T09:56:11.327+0000] {processor.py:179} INFO - Processing /opt/airflow/dags/transformation.py took 0.130 seconds
[2025-03-17T09:56:41.832+0000] {processor.py:157} INFO - Started process (PID=2261) to work on /opt/airflow/dags/transformation.py
[2025-03-17T09:56:41.837+0000] {processor.py:829} INFO - Processing file /opt/airflow/dags/transformation.py for tasks to queue
[2025-03-17T09:56:41.842+0000] {logging_mixin.py:151} INFO - [2025-03-17T09:56:41.840+0000] {dagbag.py:539} INFO - Filling up the DagBag from /opt/airflow/dags/transformation.py
[2025-03-17T09:56:41.880+0000] {processor.py:839} INFO - DAG(s) dict_keys(['spark_transaction_processing']) retrieved from /opt/airflow/dags/transformation.py
[2025-03-17T09:56:41.926+0000] {logging_mixin.py:151} INFO - [2025-03-17T09:56:41.925+0000] {dag.py:2907} INFO - Sync 1 DAGs
[2025-03-17T09:56:41.950+0000] {logging_mixin.py:151} INFO - [2025-03-17T09:56:41.950+0000] {dag.py:3677} INFO - Setting next_dagrun for spark_transaction_processing to 2025-03-16T00:00:00+00:00, run_after=2025-03-17T00:00:00+00:00
[2025-03-17T09:56:41.977+0000] {processor.py:179} INFO - Processing /opt/airflow/dags/transformation.py took 0.150 seconds
[2025-03-17T09:57:12.306+0000] {processor.py:157} INFO - Started process (PID=2272) to work on /opt/airflow/dags/transformation.py
[2025-03-17T09:57:12.307+0000] {processor.py:829} INFO - Processing file /opt/airflow/dags/transformation.py for tasks to queue
[2025-03-17T09:57:12.309+0000] {logging_mixin.py:151} INFO - [2025-03-17T09:57:12.308+0000] {dagbag.py:539} INFO - Filling up the DagBag from /opt/airflow/dags/transformation.py
[2025-03-17T09:57:12.348+0000] {processor.py:839} INFO - DAG(s) dict_keys(['spark_transaction_processing']) retrieved from /opt/airflow/dags/transformation.py
[2025-03-17T09:57:12.378+0000] {logging_mixin.py:151} INFO - [2025-03-17T09:57:12.378+0000] {dag.py:2907} INFO - Sync 1 DAGs
[2025-03-17T09:57:12.400+0000] {logging_mixin.py:151} INFO - [2025-03-17T09:57:12.400+0000] {dag.py:3677} INFO - Setting next_dagrun for spark_transaction_processing to 2025-03-16T00:00:00+00:00, run_after=2025-03-17T00:00:00+00:00
[2025-03-17T09:57:12.423+0000] {processor.py:179} INFO - Processing /opt/airflow/dags/transformation.py took 0.120 seconds
[2025-03-17T09:57:42.856+0000] {processor.py:157} INFO - Started process (PID=2283) to work on /opt/airflow/dags/transformation.py
[2025-03-17T09:57:42.857+0000] {processor.py:829} INFO - Processing file /opt/airflow/dags/transformation.py for tasks to queue
[2025-03-17T09:57:42.858+0000] {logging_mixin.py:151} INFO - [2025-03-17T09:57:42.858+0000] {dagbag.py:539} INFO - Filling up the DagBag from /opt/airflow/dags/transformation.py
[2025-03-17T09:57:42.887+0000] {processor.py:839} INFO - DAG(s) dict_keys(['spark_transaction_processing']) retrieved from /opt/airflow/dags/transformation.py
[2025-03-17T09:57:42.916+0000] {logging_mixin.py:151} INFO - [2025-03-17T09:57:42.915+0000] {dag.py:2907} INFO - Sync 1 DAGs
[2025-03-17T09:57:42.936+0000] {logging_mixin.py:151} INFO - [2025-03-17T09:57:42.936+0000] {dag.py:3677} INFO - Setting next_dagrun for spark_transaction_processing to 2025-03-16T00:00:00+00:00, run_after=2025-03-17T00:00:00+00:00
[2025-03-17T09:57:42.960+0000] {processor.py:179} INFO - Processing /opt/airflow/dags/transformation.py took 0.110 seconds
[2025-03-17T09:58:13.405+0000] {processor.py:157} INFO - Started process (PID=2294) to work on /opt/airflow/dags/transformation.py
[2025-03-17T09:58:13.406+0000] {processor.py:829} INFO - Processing file /opt/airflow/dags/transformation.py for tasks to queue
[2025-03-17T09:58:13.407+0000] {logging_mixin.py:151} INFO - [2025-03-17T09:58:13.407+0000] {dagbag.py:539} INFO - Filling up the DagBag from /opt/airflow/dags/transformation.py
[2025-03-17T09:58:13.442+0000] {processor.py:839} INFO - DAG(s) dict_keys(['spark_transaction_processing']) retrieved from /opt/airflow/dags/transformation.py
[2025-03-17T09:58:13.470+0000] {logging_mixin.py:151} INFO - [2025-03-17T09:58:13.470+0000] {dag.py:2907} INFO - Sync 1 DAGs
[2025-03-17T09:58:13.494+0000] {logging_mixin.py:151} INFO - [2025-03-17T09:58:13.493+0000] {dag.py:3677} INFO - Setting next_dagrun for spark_transaction_processing to 2025-03-16T00:00:00+00:00, run_after=2025-03-17T00:00:00+00:00
[2025-03-17T09:58:13.518+0000] {processor.py:179} INFO - Processing /opt/airflow/dags/transformation.py took 0.116 seconds
[2025-03-17T09:58:44.000+0000] {processor.py:157} INFO - Started process (PID=2305) to work on /opt/airflow/dags/transformation.py
[2025-03-17T09:58:44.011+0000] {processor.py:829} INFO - Processing file /opt/airflow/dags/transformation.py for tasks to queue
[2025-03-17T09:58:44.015+0000] {logging_mixin.py:151} INFO - [2025-03-17T09:58:44.014+0000] {dagbag.py:539} INFO - Filling up the DagBag from /opt/airflow/dags/transformation.py
[2025-03-17T09:58:44.099+0000] {processor.py:839} INFO - DAG(s) dict_keys(['spark_transaction_processing']) retrieved from /opt/airflow/dags/transformation.py
[2025-03-17T09:58:44.188+0000] {logging_mixin.py:151} INFO - [2025-03-17T09:58:44.188+0000] {dag.py:2907} INFO - Sync 1 DAGs
[2025-03-17T09:58:44.252+0000] {logging_mixin.py:151} INFO - [2025-03-17T09:58:44.252+0000] {dag.py:3677} INFO - Setting next_dagrun for spark_transaction_processing to 2025-03-16T00:00:00+00:00, run_after=2025-03-17T00:00:00+00:00
[2025-03-17T09:58:44.291+0000] {processor.py:179} INFO - Processing /opt/airflow/dags/transformation.py took 0.301 seconds
[2025-03-17T09:59:14.372+0000] {processor.py:157} INFO - Started process (PID=2316) to work on /opt/airflow/dags/transformation.py
[2025-03-17T09:59:14.374+0000] {processor.py:829} INFO - Processing file /opt/airflow/dags/transformation.py for tasks to queue
[2025-03-17T09:59:14.378+0000] {logging_mixin.py:151} INFO - [2025-03-17T09:59:14.376+0000] {dagbag.py:539} INFO - Filling up the DagBag from /opt/airflow/dags/transformation.py
[2025-03-17T09:59:14.417+0000] {processor.py:839} INFO - DAG(s) dict_keys(['spark_transaction_processing']) retrieved from /opt/airflow/dags/transformation.py
[2025-03-17T09:59:14.454+0000] {logging_mixin.py:151} INFO - [2025-03-17T09:59:14.454+0000] {dag.py:2907} INFO - Sync 1 DAGs
[2025-03-17T09:59:14.484+0000] {logging_mixin.py:151} INFO - [2025-03-17T09:59:14.484+0000] {dag.py:3677} INFO - Setting next_dagrun for spark_transaction_processing to 2025-03-16T00:00:00+00:00, run_after=2025-03-17T00:00:00+00:00
[2025-03-17T09:59:14.513+0000] {processor.py:179} INFO - Processing /opt/airflow/dags/transformation.py took 0.145 seconds
[2025-03-17T09:59:44.996+0000] {processor.py:157} INFO - Started process (PID=2327) to work on /opt/airflow/dags/transformation.py
[2025-03-17T09:59:44.998+0000] {processor.py:829} INFO - Processing file /opt/airflow/dags/transformation.py for tasks to queue
[2025-03-17T09:59:44.999+0000] {logging_mixin.py:151} INFO - [2025-03-17T09:59:44.999+0000] {dagbag.py:539} INFO - Filling up the DagBag from /opt/airflow/dags/transformation.py
[2025-03-17T09:59:45.036+0000] {processor.py:839} INFO - DAG(s) dict_keys(['spark_transaction_processing']) retrieved from /opt/airflow/dags/transformation.py
[2025-03-17T09:59:45.072+0000] {logging_mixin.py:151} INFO - [2025-03-17T09:59:45.072+0000] {dag.py:2907} INFO - Sync 1 DAGs
[2025-03-17T09:59:45.098+0000] {logging_mixin.py:151} INFO - [2025-03-17T09:59:45.098+0000] {dag.py:3677} INFO - Setting next_dagrun for spark_transaction_processing to 2025-03-16T00:00:00+00:00, run_after=2025-03-17T00:00:00+00:00
[2025-03-17T09:59:45.120+0000] {processor.py:179} INFO - Processing /opt/airflow/dags/transformation.py took 0.129 seconds
[2025-03-17T10:00:15.327+0000] {processor.py:157} INFO - Started process (PID=2338) to work on /opt/airflow/dags/transformation.py
[2025-03-17T10:00:15.329+0000] {processor.py:829} INFO - Processing file /opt/airflow/dags/transformation.py for tasks to queue
[2025-03-17T10:00:15.331+0000] {logging_mixin.py:151} INFO - [2025-03-17T10:00:15.330+0000] {dagbag.py:539} INFO - Filling up the DagBag from /opt/airflow/dags/transformation.py
[2025-03-17T10:00:15.374+0000] {processor.py:839} INFO - DAG(s) dict_keys(['spark_transaction_processing']) retrieved from /opt/airflow/dags/transformation.py
[2025-03-17T10:00:15.411+0000] {logging_mixin.py:151} INFO - [2025-03-17T10:00:15.410+0000] {dag.py:2907} INFO - Sync 1 DAGs
[2025-03-17T10:00:15.485+0000] {logging_mixin.py:151} INFO - [2025-03-17T10:00:15.482+0000] {dag.py:3677} INFO - Setting next_dagrun for spark_transaction_processing to 2025-03-16T00:00:00+00:00, run_after=2025-03-17T00:00:00+00:00
[2025-03-17T10:00:15.546+0000] {processor.py:179} INFO - Processing /opt/airflow/dags/transformation.py took 0.230 seconds
[2025-03-17T10:00:46.259+0000] {processor.py:157} INFO - Started process (PID=2349) to work on /opt/airflow/dags/transformation.py
[2025-03-17T10:00:46.261+0000] {processor.py:829} INFO - Processing file /opt/airflow/dags/transformation.py for tasks to queue
[2025-03-17T10:00:46.263+0000] {logging_mixin.py:151} INFO - [2025-03-17T10:00:46.262+0000] {dagbag.py:539} INFO - Filling up the DagBag from /opt/airflow/dags/transformation.py
[2025-03-17T10:00:46.300+0000] {processor.py:839} INFO - DAG(s) dict_keys(['spark_transaction_processing']) retrieved from /opt/airflow/dags/transformation.py
[2025-03-17T10:00:46.331+0000] {logging_mixin.py:151} INFO - [2025-03-17T10:00:46.331+0000] {dag.py:2907} INFO - Sync 1 DAGs
[2025-03-17T10:00:46.355+0000] {logging_mixin.py:151} INFO - [2025-03-17T10:00:46.355+0000] {dag.py:3677} INFO - Setting next_dagrun for spark_transaction_processing to 2025-03-16T00:00:00+00:00, run_after=2025-03-17T00:00:00+00:00
[2025-03-17T10:00:46.377+0000] {processor.py:179} INFO - Processing /opt/airflow/dags/transformation.py took 0.124 seconds
[2025-03-17T10:01:16.821+0000] {processor.py:157} INFO - Started process (PID=2360) to work on /opt/airflow/dags/transformation.py
[2025-03-17T10:01:16.822+0000] {processor.py:829} INFO - Processing file /opt/airflow/dags/transformation.py for tasks to queue
[2025-03-17T10:01:16.824+0000] {logging_mixin.py:151} INFO - [2025-03-17T10:01:16.824+0000] {dagbag.py:539} INFO - Filling up the DagBag from /opt/airflow/dags/transformation.py
[2025-03-17T10:01:16.853+0000] {processor.py:839} INFO - DAG(s) dict_keys(['spark_transaction_processing']) retrieved from /opt/airflow/dags/transformation.py
[2025-03-17T10:01:16.879+0000] {logging_mixin.py:151} INFO - [2025-03-17T10:01:16.878+0000] {dag.py:2907} INFO - Sync 1 DAGs
[2025-03-17T10:01:16.900+0000] {logging_mixin.py:151} INFO - [2025-03-17T10:01:16.900+0000] {dag.py:3677} INFO - Setting next_dagrun for spark_transaction_processing to 2025-03-16T00:00:00+00:00, run_after=2025-03-17T00:00:00+00:00
[2025-03-17T10:01:16.917+0000] {processor.py:179} INFO - Processing /opt/airflow/dags/transformation.py took 0.100 seconds
[2025-03-17T10:01:47.410+0000] {processor.py:157} INFO - Started process (PID=2371) to work on /opt/airflow/dags/transformation.py
[2025-03-17T10:01:47.412+0000] {processor.py:829} INFO - Processing file /opt/airflow/dags/transformation.py for tasks to queue
[2025-03-17T10:01:47.413+0000] {logging_mixin.py:151} INFO - [2025-03-17T10:01:47.413+0000] {dagbag.py:539} INFO - Filling up the DagBag from /opt/airflow/dags/transformation.py
[2025-03-17T10:01:47.457+0000] {processor.py:839} INFO - DAG(s) dict_keys(['spark_transaction_processing']) retrieved from /opt/airflow/dags/transformation.py
[2025-03-17T10:01:47.487+0000] {logging_mixin.py:151} INFO - [2025-03-17T10:01:47.487+0000] {dag.py:2907} INFO - Sync 1 DAGs
[2025-03-17T10:01:47.527+0000] {logging_mixin.py:151} INFO - [2025-03-17T10:01:47.526+0000] {dag.py:3677} INFO - Setting next_dagrun for spark_transaction_processing to 2025-03-16T00:00:00+00:00, run_after=2025-03-17T00:00:00+00:00
[2025-03-17T10:01:47.573+0000] {processor.py:179} INFO - Processing /opt/airflow/dags/transformation.py took 0.168 seconds
[2025-03-17T10:02:17.997+0000] {processor.py:157} INFO - Started process (PID=2382) to work on /opt/airflow/dags/transformation.py
[2025-03-17T10:02:17.999+0000] {processor.py:829} INFO - Processing file /opt/airflow/dags/transformation.py for tasks to queue
[2025-03-17T10:02:18.000+0000] {logging_mixin.py:151} INFO - [2025-03-17T10:02:18.000+0000] {dagbag.py:539} INFO - Filling up the DagBag from /opt/airflow/dags/transformation.py
[2025-03-17T10:02:18.043+0000] {processor.py:839} INFO - DAG(s) dict_keys(['spark_transaction_processing']) retrieved from /opt/airflow/dags/transformation.py
[2025-03-17T10:02:18.076+0000] {logging_mixin.py:151} INFO - [2025-03-17T10:02:18.076+0000] {dag.py:2907} INFO - Sync 1 DAGs
[2025-03-17T10:02:18.100+0000] {logging_mixin.py:151} INFO - [2025-03-17T10:02:18.100+0000] {dag.py:3677} INFO - Setting next_dagrun for spark_transaction_processing to 2025-03-16T00:00:00+00:00, run_after=2025-03-17T00:00:00+00:00
[2025-03-17T10:02:18.128+0000] {processor.py:179} INFO - Processing /opt/airflow/dags/transformation.py took 0.134 seconds
[2025-03-17T10:02:48.521+0000] {processor.py:157} INFO - Started process (PID=2393) to work on /opt/airflow/dags/transformation.py
[2025-03-17T10:02:48.522+0000] {processor.py:829} INFO - Processing file /opt/airflow/dags/transformation.py for tasks to queue
[2025-03-17T10:02:48.523+0000] {logging_mixin.py:151} INFO - [2025-03-17T10:02:48.523+0000] {dagbag.py:539} INFO - Filling up the DagBag from /opt/airflow/dags/transformation.py
[2025-03-17T10:02:48.546+0000] {processor.py:839} INFO - DAG(s) dict_keys(['spark_transaction_processing']) retrieved from /opt/airflow/dags/transformation.py
[2025-03-17T10:02:48.576+0000] {logging_mixin.py:151} INFO - [2025-03-17T10:02:48.576+0000] {dag.py:2907} INFO - Sync 1 DAGs
[2025-03-17T10:02:48.598+0000] {logging_mixin.py:151} INFO - [2025-03-17T10:02:48.598+0000] {dag.py:3677} INFO - Setting next_dagrun for spark_transaction_processing to 2025-03-16T00:00:00+00:00, run_after=2025-03-17T00:00:00+00:00
[2025-03-17T10:02:48.619+0000] {processor.py:179} INFO - Processing /opt/airflow/dags/transformation.py took 0.103 seconds
[2025-03-17T10:03:19.021+0000] {processor.py:157} INFO - Started process (PID=2404) to work on /opt/airflow/dags/transformation.py
[2025-03-17T10:03:19.025+0000] {processor.py:829} INFO - Processing file /opt/airflow/dags/transformation.py for tasks to queue
[2025-03-17T10:03:19.028+0000] {logging_mixin.py:151} INFO - [2025-03-17T10:03:19.027+0000] {dagbag.py:539} INFO - Filling up the DagBag from /opt/airflow/dags/transformation.py
[2025-03-17T10:03:19.079+0000] {processor.py:839} INFO - DAG(s) dict_keys(['spark_transaction_processing']) retrieved from /opt/airflow/dags/transformation.py
[2025-03-17T10:03:19.113+0000] {logging_mixin.py:151} INFO - [2025-03-17T10:03:19.112+0000] {dag.py:2907} INFO - Sync 1 DAGs
[2025-03-17T10:03:19.135+0000] {logging_mixin.py:151} INFO - [2025-03-17T10:03:19.135+0000] {dag.py:3677} INFO - Setting next_dagrun for spark_transaction_processing to 2025-03-16T00:00:00+00:00, run_after=2025-03-17T00:00:00+00:00
[2025-03-17T10:03:19.159+0000] {processor.py:179} INFO - Processing /opt/airflow/dags/transformation.py took 0.155 seconds
[2025-03-17T10:03:49.619+0000] {processor.py:157} INFO - Started process (PID=2415) to work on /opt/airflow/dags/transformation.py
[2025-03-17T10:03:49.621+0000] {processor.py:829} INFO - Processing file /opt/airflow/dags/transformation.py for tasks to queue
[2025-03-17T10:03:49.622+0000] {logging_mixin.py:151} INFO - [2025-03-17T10:03:49.622+0000] {dagbag.py:539} INFO - Filling up the DagBag from /opt/airflow/dags/transformation.py
[2025-03-17T10:03:49.660+0000] {processor.py:839} INFO - DAG(s) dict_keys(['spark_transaction_processing']) retrieved from /opt/airflow/dags/transformation.py
[2025-03-17T10:03:49.693+0000] {logging_mixin.py:151} INFO - [2025-03-17T10:03:49.693+0000] {dag.py:2907} INFO - Sync 1 DAGs
[2025-03-17T10:03:49.717+0000] {logging_mixin.py:151} INFO - [2025-03-17T10:03:49.717+0000] {dag.py:3677} INFO - Setting next_dagrun for spark_transaction_processing to 2025-03-16T00:00:00+00:00, run_after=2025-03-17T00:00:00+00:00
[2025-03-17T10:03:49.741+0000] {processor.py:179} INFO - Processing /opt/airflow/dags/transformation.py took 0.125 seconds
[2025-03-17T10:04:20.169+0000] {processor.py:157} INFO - Started process (PID=2426) to work on /opt/airflow/dags/transformation.py
[2025-03-17T10:04:20.171+0000] {processor.py:829} INFO - Processing file /opt/airflow/dags/transformation.py for tasks to queue
[2025-03-17T10:04:20.172+0000] {logging_mixin.py:151} INFO - [2025-03-17T10:04:20.172+0000] {dagbag.py:539} INFO - Filling up the DagBag from /opt/airflow/dags/transformation.py
[2025-03-17T10:04:20.209+0000] {processor.py:839} INFO - DAG(s) dict_keys(['spark_transaction_processing']) retrieved from /opt/airflow/dags/transformation.py
[2025-03-17T10:04:20.253+0000] {logging_mixin.py:151} INFO - [2025-03-17T10:04:20.253+0000] {dag.py:2907} INFO - Sync 1 DAGs
[2025-03-17T10:04:20.277+0000] {logging_mixin.py:151} INFO - [2025-03-17T10:04:20.277+0000] {dag.py:3677} INFO - Setting next_dagrun for spark_transaction_processing to 2025-03-16T00:00:00+00:00, run_after=2025-03-17T00:00:00+00:00
[2025-03-17T10:04:20.307+0000] {processor.py:179} INFO - Processing /opt/airflow/dags/transformation.py took 0.150 seconds
[2025-03-17T10:04:50.629+0000] {processor.py:157} INFO - Started process (PID=2437) to work on /opt/airflow/dags/transformation.py
[2025-03-17T10:04:50.631+0000] {processor.py:829} INFO - Processing file /opt/airflow/dags/transformation.py for tasks to queue
[2025-03-17T10:04:50.632+0000] {logging_mixin.py:151} INFO - [2025-03-17T10:04:50.632+0000] {dagbag.py:539} INFO - Filling up the DagBag from /opt/airflow/dags/transformation.py
[2025-03-17T10:04:50.666+0000] {processor.py:839} INFO - DAG(s) dict_keys(['spark_transaction_processing']) retrieved from /opt/airflow/dags/transformation.py
[2025-03-17T10:04:50.699+0000] {logging_mixin.py:151} INFO - [2025-03-17T10:04:50.699+0000] {dag.py:2907} INFO - Sync 1 DAGs
[2025-03-17T10:04:50.724+0000] {logging_mixin.py:151} INFO - [2025-03-17T10:04:50.723+0000] {dag.py:3677} INFO - Setting next_dagrun for spark_transaction_processing to 2025-03-16T00:00:00+00:00, run_after=2025-03-17T00:00:00+00:00
[2025-03-17T10:04:50.746+0000] {processor.py:179} INFO - Processing /opt/airflow/dags/transformation.py took 0.121 seconds
[2025-03-17T10:05:21.199+0000] {processor.py:157} INFO - Started process (PID=2448) to work on /opt/airflow/dags/transformation.py
[2025-03-17T10:05:21.201+0000] {processor.py:829} INFO - Processing file /opt/airflow/dags/transformation.py for tasks to queue
[2025-03-17T10:05:21.202+0000] {logging_mixin.py:151} INFO - [2025-03-17T10:05:21.202+0000] {dagbag.py:539} INFO - Filling up the DagBag from /opt/airflow/dags/transformation.py
[2025-03-17T10:05:21.255+0000] {processor.py:839} INFO - DAG(s) dict_keys(['spark_transaction_processing']) retrieved from /opt/airflow/dags/transformation.py
[2025-03-17T10:05:21.309+0000] {logging_mixin.py:151} INFO - [2025-03-17T10:05:21.309+0000] {dag.py:2907} INFO - Sync 1 DAGs
[2025-03-17T10:05:21.347+0000] {logging_mixin.py:151} INFO - [2025-03-17T10:05:21.347+0000] {dag.py:3677} INFO - Setting next_dagrun for spark_transaction_processing to 2025-03-16T00:00:00+00:00, run_after=2025-03-17T00:00:00+00:00
[2025-03-17T10:05:21.380+0000] {processor.py:179} INFO - Processing /opt/airflow/dags/transformation.py took 0.186 seconds
[2025-03-17T10:05:51.492+0000] {processor.py:157} INFO - Started process (PID=2459) to work on /opt/airflow/dags/transformation.py
[2025-03-17T10:05:51.494+0000] {processor.py:829} INFO - Processing file /opt/airflow/dags/transformation.py for tasks to queue
[2025-03-17T10:05:51.495+0000] {logging_mixin.py:151} INFO - [2025-03-17T10:05:51.495+0000] {dagbag.py:539} INFO - Filling up the DagBag from /opt/airflow/dags/transformation.py
[2025-03-17T10:05:51.527+0000] {processor.py:839} INFO - DAG(s) dict_keys(['spark_transaction_processing']) retrieved from /opt/airflow/dags/transformation.py
[2025-03-17T10:05:51.561+0000] {logging_mixin.py:151} INFO - [2025-03-17T10:05:51.561+0000] {dag.py:2907} INFO - Sync 1 DAGs
[2025-03-17T10:05:51.591+0000] {logging_mixin.py:151} INFO - [2025-03-17T10:05:51.590+0000] {dag.py:3677} INFO - Setting next_dagrun for spark_transaction_processing to 2025-03-16T00:00:00+00:00, run_after=2025-03-17T00:00:00+00:00
[2025-03-17T10:05:51.617+0000] {processor.py:179} INFO - Processing /opt/airflow/dags/transformation.py took 0.130 seconds
[2025-03-17T10:06:22.033+0000] {processor.py:157} INFO - Started process (PID=2470) to work on /opt/airflow/dags/transformation.py
[2025-03-17T10:06:22.034+0000] {processor.py:829} INFO - Processing file /opt/airflow/dags/transformation.py for tasks to queue
[2025-03-17T10:06:22.036+0000] {logging_mixin.py:151} INFO - [2025-03-17T10:06:22.036+0000] {dagbag.py:539} INFO - Filling up the DagBag from /opt/airflow/dags/transformation.py
[2025-03-17T10:06:22.086+0000] {processor.py:839} INFO - DAG(s) dict_keys(['spark_transaction_processing']) retrieved from /opt/airflow/dags/transformation.py
[2025-03-17T10:06:22.121+0000] {logging_mixin.py:151} INFO - [2025-03-17T10:06:22.121+0000] {dag.py:2907} INFO - Sync 1 DAGs
[2025-03-17T10:06:22.144+0000] {logging_mixin.py:151} INFO - [2025-03-17T10:06:22.143+0000] {dag.py:3677} INFO - Setting next_dagrun for spark_transaction_processing to 2025-03-16T00:00:00+00:00, run_after=2025-03-17T00:00:00+00:00
[2025-03-17T10:06:22.168+0000] {processor.py:179} INFO - Processing /opt/airflow/dags/transformation.py took 0.157 seconds
[2025-03-17T10:06:52.580+0000] {processor.py:157} INFO - Started process (PID=2481) to work on /opt/airflow/dags/transformation.py
[2025-03-17T10:06:52.581+0000] {processor.py:829} INFO - Processing file /opt/airflow/dags/transformation.py for tasks to queue
[2025-03-17T10:06:52.583+0000] {logging_mixin.py:151} INFO - [2025-03-17T10:06:52.583+0000] {dagbag.py:539} INFO - Filling up the DagBag from /opt/airflow/dags/transformation.py
[2025-03-17T10:06:52.631+0000] {processor.py:839} INFO - DAG(s) dict_keys(['spark_transaction_processing']) retrieved from /opt/airflow/dags/transformation.py
[2025-03-17T10:06:52.673+0000] {logging_mixin.py:151} INFO - [2025-03-17T10:06:52.673+0000] {dag.py:2907} INFO - Sync 1 DAGs
[2025-03-17T10:06:52.708+0000] {logging_mixin.py:151} INFO - [2025-03-17T10:06:52.708+0000] {dag.py:3677} INFO - Setting next_dagrun for spark_transaction_processing to 2025-03-16T00:00:00+00:00, run_after=2025-03-17T00:00:00+00:00
[2025-03-17T10:06:52.743+0000] {processor.py:179} INFO - Processing /opt/airflow/dags/transformation.py took 0.168 seconds
[2025-03-17T10:07:23.067+0000] {processor.py:157} INFO - Started process (PID=2492) to work on /opt/airflow/dags/transformation.py
[2025-03-17T10:07:23.070+0000] {processor.py:829} INFO - Processing file /opt/airflow/dags/transformation.py for tasks to queue
[2025-03-17T10:07:23.071+0000] {logging_mixin.py:151} INFO - [2025-03-17T10:07:23.071+0000] {dagbag.py:539} INFO - Filling up the DagBag from /opt/airflow/dags/transformation.py
[2025-03-17T10:07:23.115+0000] {processor.py:839} INFO - DAG(s) dict_keys(['spark_transaction_processing']) retrieved from /opt/airflow/dags/transformation.py
[2025-03-17T10:07:23.147+0000] {logging_mixin.py:151} INFO - [2025-03-17T10:07:23.147+0000] {dag.py:2907} INFO - Sync 1 DAGs
[2025-03-17T10:07:23.172+0000] {logging_mixin.py:151} INFO - [2025-03-17T10:07:23.171+0000] {dag.py:3677} INFO - Setting next_dagrun for spark_transaction_processing to 2025-03-16T00:00:00+00:00, run_after=2025-03-17T00:00:00+00:00
[2025-03-17T10:07:23.198+0000] {processor.py:179} INFO - Processing /opt/airflow/dags/transformation.py took 0.135 seconds
[2025-03-17T10:07:53.307+0000] {processor.py:157} INFO - Started process (PID=2503) to work on /opt/airflow/dags/transformation.py
[2025-03-17T10:07:53.309+0000] {processor.py:829} INFO - Processing file /opt/airflow/dags/transformation.py for tasks to queue
[2025-03-17T10:07:53.313+0000] {logging_mixin.py:151} INFO - [2025-03-17T10:07:53.312+0000] {dagbag.py:539} INFO - Filling up the DagBag from /opt/airflow/dags/transformation.py
[2025-03-17T10:07:53.350+0000] {processor.py:839} INFO - DAG(s) dict_keys(['spark_transaction_processing']) retrieved from /opt/airflow/dags/transformation.py
[2025-03-17T10:07:53.377+0000] {logging_mixin.py:151} INFO - [2025-03-17T10:07:53.377+0000] {dag.py:2907} INFO - Sync 1 DAGs
[2025-03-17T10:07:53.403+0000] {logging_mixin.py:151} INFO - [2025-03-17T10:07:53.403+0000] {dag.py:3677} INFO - Setting next_dagrun for spark_transaction_processing to 2025-03-16T00:00:00+00:00, run_after=2025-03-17T00:00:00+00:00
[2025-03-17T10:07:53.425+0000] {processor.py:179} INFO - Processing /opt/airflow/dags/transformation.py took 0.122 seconds
[2025-03-17T10:08:23.790+0000] {processor.py:157} INFO - Started process (PID=2514) to work on /opt/airflow/dags/transformation.py
[2025-03-17T10:08:23.792+0000] {processor.py:829} INFO - Processing file /opt/airflow/dags/transformation.py for tasks to queue
[2025-03-17T10:08:23.794+0000] {logging_mixin.py:151} INFO - [2025-03-17T10:08:23.794+0000] {dagbag.py:539} INFO - Filling up the DagBag from /opt/airflow/dags/transformation.py
[2025-03-17T10:08:23.842+0000] {processor.py:839} INFO - DAG(s) dict_keys(['spark_transaction_processing']) retrieved from /opt/airflow/dags/transformation.py
[2025-03-17T10:08:23.876+0000] {logging_mixin.py:151} INFO - [2025-03-17T10:08:23.876+0000] {dag.py:2907} INFO - Sync 1 DAGs
[2025-03-17T10:08:23.902+0000] {logging_mixin.py:151} INFO - [2025-03-17T10:08:23.902+0000] {dag.py:3677} INFO - Setting next_dagrun for spark_transaction_processing to 2025-03-16T00:00:00+00:00, run_after=2025-03-17T00:00:00+00:00
[2025-03-17T10:08:23.930+0000] {processor.py:179} INFO - Processing /opt/airflow/dags/transformation.py took 0.146 seconds
[2025-03-17T10:08:54.487+0000] {processor.py:157} INFO - Started process (PID=2525) to work on /opt/airflow/dags/transformation.py
[2025-03-17T10:08:54.491+0000] {processor.py:829} INFO - Processing file /opt/airflow/dags/transformation.py for tasks to queue
[2025-03-17T10:08:54.493+0000] {logging_mixin.py:151} INFO - [2025-03-17T10:08:54.492+0000] {dagbag.py:539} INFO - Filling up the DagBag from /opt/airflow/dags/transformation.py
[2025-03-17T10:08:54.566+0000] {processor.py:839} INFO - DAG(s) dict_keys(['spark_transaction_processing']) retrieved from /opt/airflow/dags/transformation.py
[2025-03-17T10:08:54.614+0000] {logging_mixin.py:151} INFO - [2025-03-17T10:08:54.614+0000] {dag.py:2907} INFO - Sync 1 DAGs
[2025-03-17T10:08:54.674+0000] {logging_mixin.py:151} INFO - [2025-03-17T10:08:54.674+0000] {dag.py:3677} INFO - Setting next_dagrun for spark_transaction_processing to 2025-03-16T00:00:00+00:00, run_after=2025-03-17T00:00:00+00:00
[2025-03-17T10:08:54.709+0000] {processor.py:179} INFO - Processing /opt/airflow/dags/transformation.py took 0.237 seconds
[2025-03-17T10:09:24.983+0000] {processor.py:157} INFO - Started process (PID=2536) to work on /opt/airflow/dags/transformation.py
[2025-03-17T10:09:24.985+0000] {processor.py:829} INFO - Processing file /opt/airflow/dags/transformation.py for tasks to queue
[2025-03-17T10:09:24.986+0000] {logging_mixin.py:151} INFO - [2025-03-17T10:09:24.986+0000] {dagbag.py:539} INFO - Filling up the DagBag from /opt/airflow/dags/transformation.py
[2025-03-17T10:09:25.031+0000] {processor.py:839} INFO - DAG(s) dict_keys(['spark_transaction_processing']) retrieved from /opt/airflow/dags/transformation.py
[2025-03-17T10:09:25.064+0000] {logging_mixin.py:151} INFO - [2025-03-17T10:09:25.064+0000] {dag.py:2907} INFO - Sync 1 DAGs
[2025-03-17T10:09:25.090+0000] {logging_mixin.py:151} INFO - [2025-03-17T10:09:25.090+0000] {dag.py:3677} INFO - Setting next_dagrun for spark_transaction_processing to 2025-03-16T00:00:00+00:00, run_after=2025-03-17T00:00:00+00:00
[2025-03-17T10:09:25.112+0000] {processor.py:179} INFO - Processing /opt/airflow/dags/transformation.py took 0.136 seconds
[2025-03-17T10:09:55.509+0000] {processor.py:157} INFO - Started process (PID=2547) to work on /opt/airflow/dags/transformation.py
[2025-03-17T10:09:55.510+0000] {processor.py:829} INFO - Processing file /opt/airflow/dags/transformation.py for tasks to queue
[2025-03-17T10:09:55.511+0000] {logging_mixin.py:151} INFO - [2025-03-17T10:09:55.510+0000] {dagbag.py:539} INFO - Filling up the DagBag from /opt/airflow/dags/transformation.py
[2025-03-17T10:09:55.534+0000] {processor.py:839} INFO - DAG(s) dict_keys(['spark_transaction_processing']) retrieved from /opt/airflow/dags/transformation.py
[2025-03-17T10:09:55.558+0000] {logging_mixin.py:151} INFO - [2025-03-17T10:09:55.558+0000] {dag.py:2907} INFO - Sync 1 DAGs
[2025-03-17T10:09:55.578+0000] {logging_mixin.py:151} INFO - [2025-03-17T10:09:55.578+0000] {dag.py:3677} INFO - Setting next_dagrun for spark_transaction_processing to 2025-03-16T00:00:00+00:00, run_after=2025-03-17T00:00:00+00:00
[2025-03-17T10:09:55.598+0000] {processor.py:179} INFO - Processing /opt/airflow/dags/transformation.py took 0.093 seconds
[2025-03-17T10:10:26.003+0000] {processor.py:157} INFO - Started process (PID=2558) to work on /opt/airflow/dags/transformation.py
[2025-03-17T10:10:26.005+0000] {processor.py:829} INFO - Processing file /opt/airflow/dags/transformation.py for tasks to queue
[2025-03-17T10:10:26.006+0000] {logging_mixin.py:151} INFO - [2025-03-17T10:10:26.006+0000] {dagbag.py:539} INFO - Filling up the DagBag from /opt/airflow/dags/transformation.py
[2025-03-17T10:10:26.068+0000] {processor.py:839} INFO - DAG(s) dict_keys(['spark_transaction_processing']) retrieved from /opt/airflow/dags/transformation.py
[2025-03-17T10:10:26.158+0000] {logging_mixin.py:151} INFO - [2025-03-17T10:10:26.158+0000] {dag.py:2907} INFO - Sync 1 DAGs
[2025-03-17T10:10:26.257+0000] {logging_mixin.py:151} INFO - [2025-03-17T10:10:26.256+0000] {dag.py:3677} INFO - Setting next_dagrun for spark_transaction_processing to 2025-03-16T00:00:00+00:00, run_after=2025-03-17T00:00:00+00:00
[2025-03-17T10:10:26.305+0000] {processor.py:179} INFO - Processing /opt/airflow/dags/transformation.py took 0.307 seconds
[2025-03-17T10:10:56.774+0000] {processor.py:157} INFO - Started process (PID=2569) to work on /opt/airflow/dags/transformation.py
[2025-03-17T10:10:56.775+0000] {processor.py:829} INFO - Processing file /opt/airflow/dags/transformation.py for tasks to queue
[2025-03-17T10:10:56.777+0000] {logging_mixin.py:151} INFO - [2025-03-17T10:10:56.776+0000] {dagbag.py:539} INFO - Filling up the DagBag from /opt/airflow/dags/transformation.py
[2025-03-17T10:10:56.811+0000] {processor.py:839} INFO - DAG(s) dict_keys(['spark_transaction_processing']) retrieved from /opt/airflow/dags/transformation.py
[2025-03-17T10:10:56.842+0000] {logging_mixin.py:151} INFO - [2025-03-17T10:10:56.842+0000] {dag.py:2907} INFO - Sync 1 DAGs
[2025-03-17T10:10:56.868+0000] {logging_mixin.py:151} INFO - [2025-03-17T10:10:56.868+0000] {dag.py:3677} INFO - Setting next_dagrun for spark_transaction_processing to 2025-03-16T00:00:00+00:00, run_after=2025-03-17T00:00:00+00:00
[2025-03-17T10:10:56.891+0000] {processor.py:179} INFO - Processing /opt/airflow/dags/transformation.py took 0.121 seconds
[2025-03-17T10:11:27.237+0000] {processor.py:157} INFO - Started process (PID=2580) to work on /opt/airflow/dags/transformation.py
[2025-03-17T10:11:27.239+0000] {processor.py:829} INFO - Processing file /opt/airflow/dags/transformation.py for tasks to queue
[2025-03-17T10:11:27.241+0000] {logging_mixin.py:151} INFO - [2025-03-17T10:11:27.240+0000] {dagbag.py:539} INFO - Filling up the DagBag from /opt/airflow/dags/transformation.py
[2025-03-17T10:11:27.300+0000] {processor.py:839} INFO - DAG(s) dict_keys(['spark_transaction_processing']) retrieved from /opt/airflow/dags/transformation.py
[2025-03-17T10:11:27.353+0000] {logging_mixin.py:151} INFO - [2025-03-17T10:11:27.352+0000] {dag.py:2907} INFO - Sync 1 DAGs
[2025-03-17T10:11:27.395+0000] {logging_mixin.py:151} INFO - [2025-03-17T10:11:27.395+0000] {dag.py:3677} INFO - Setting next_dagrun for spark_transaction_processing to 2025-03-16T00:00:00+00:00, run_after=2025-03-17T00:00:00+00:00
[2025-03-17T10:11:27.428+0000] {processor.py:179} INFO - Processing /opt/airflow/dags/transformation.py took 0.197 seconds
[2025-03-17T10:11:57.782+0000] {processor.py:157} INFO - Started process (PID=2591) to work on /opt/airflow/dags/transformation.py
[2025-03-17T10:11:57.785+0000] {processor.py:829} INFO - Processing file /opt/airflow/dags/transformation.py for tasks to queue
[2025-03-17T10:11:57.788+0000] {logging_mixin.py:151} INFO - [2025-03-17T10:11:57.787+0000] {dagbag.py:539} INFO - Filling up the DagBag from /opt/airflow/dags/transformation.py
[2025-03-17T10:11:57.845+0000] {processor.py:839} INFO - DAG(s) dict_keys(['spark_transaction_processing']) retrieved from /opt/airflow/dags/transformation.py
[2025-03-17T10:11:57.891+0000] {logging_mixin.py:151} INFO - [2025-03-17T10:11:57.890+0000] {dag.py:2907} INFO - Sync 1 DAGs
[2025-03-17T10:11:57.922+0000] {logging_mixin.py:151} INFO - [2025-03-17T10:11:57.922+0000] {dag.py:3677} INFO - Setting next_dagrun for spark_transaction_processing to 2025-03-16T00:00:00+00:00, run_after=2025-03-17T00:00:00+00:00
[2025-03-17T10:11:57.953+0000] {processor.py:179} INFO - Processing /opt/airflow/dags/transformation.py took 0.177 seconds
[2025-03-17T10:12:28.339+0000] {processor.py:157} INFO - Started process (PID=2602) to work on /opt/airflow/dags/transformation.py
[2025-03-17T10:12:28.340+0000] {processor.py:829} INFO - Processing file /opt/airflow/dags/transformation.py for tasks to queue
[2025-03-17T10:12:28.342+0000] {logging_mixin.py:151} INFO - [2025-03-17T10:12:28.341+0000] {dagbag.py:539} INFO - Filling up the DagBag from /opt/airflow/dags/transformation.py
[2025-03-17T10:12:28.381+0000] {processor.py:839} INFO - DAG(s) dict_keys(['spark_transaction_processing']) retrieved from /opt/airflow/dags/transformation.py
[2025-03-17T10:12:28.419+0000] {logging_mixin.py:151} INFO - [2025-03-17T10:12:28.418+0000] {dag.py:2907} INFO - Sync 1 DAGs
[2025-03-17T10:12:28.451+0000] {logging_mixin.py:151} INFO - [2025-03-17T10:12:28.450+0000] {dag.py:3677} INFO - Setting next_dagrun for spark_transaction_processing to 2025-03-16T00:00:00+00:00, run_after=2025-03-17T00:00:00+00:00
[2025-03-17T10:12:28.493+0000] {processor.py:179} INFO - Processing /opt/airflow/dags/transformation.py took 0.166 seconds
[2025-03-17T10:12:58.608+0000] {processor.py:157} INFO - Started process (PID=2613) to work on /opt/airflow/dags/transformation.py
[2025-03-17T10:12:58.609+0000] {processor.py:829} INFO - Processing file /opt/airflow/dags/transformation.py for tasks to queue
[2025-03-17T10:12:58.612+0000] {logging_mixin.py:151} INFO - [2025-03-17T10:12:58.611+0000] {dagbag.py:539} INFO - Filling up the DagBag from /opt/airflow/dags/transformation.py
[2025-03-17T10:12:58.656+0000] {processor.py:839} INFO - DAG(s) dict_keys(['spark_transaction_processing']) retrieved from /opt/airflow/dags/transformation.py
[2025-03-17T10:12:58.702+0000] {logging_mixin.py:151} INFO - [2025-03-17T10:12:58.702+0000] {dag.py:2907} INFO - Sync 1 DAGs
[2025-03-17T10:12:58.730+0000] {logging_mixin.py:151} INFO - [2025-03-17T10:12:58.729+0000] {dag.py:3677} INFO - Setting next_dagrun for spark_transaction_processing to 2025-03-16T00:00:00+00:00, run_after=2025-03-17T00:00:00+00:00
[2025-03-17T10:12:58.756+0000] {processor.py:179} INFO - Processing /opt/airflow/dags/transformation.py took 0.154 seconds
[2025-03-17T10:13:29.195+0000] {processor.py:157} INFO - Started process (PID=2624) to work on /opt/airflow/dags/transformation.py
[2025-03-17T10:13:29.196+0000] {processor.py:829} INFO - Processing file /opt/airflow/dags/transformation.py for tasks to queue
[2025-03-17T10:13:29.197+0000] {logging_mixin.py:151} INFO - [2025-03-17T10:13:29.197+0000] {dagbag.py:539} INFO - Filling up the DagBag from /opt/airflow/dags/transformation.py
[2025-03-17T10:13:29.234+0000] {processor.py:839} INFO - DAG(s) dict_keys(['spark_transaction_processing']) retrieved from /opt/airflow/dags/transformation.py
[2025-03-17T10:13:29.261+0000] {logging_mixin.py:151} INFO - [2025-03-17T10:13:29.261+0000] {dag.py:2907} INFO - Sync 1 DAGs
[2025-03-17T10:13:29.286+0000] {logging_mixin.py:151} INFO - [2025-03-17T10:13:29.286+0000] {dag.py:3677} INFO - Setting next_dagrun for spark_transaction_processing to 2025-03-16T00:00:00+00:00, run_after=2025-03-17T00:00:00+00:00
[2025-03-17T10:13:29.318+0000] {processor.py:179} INFO - Processing /opt/airflow/dags/transformation.py took 0.126 seconds
[2025-03-17T10:13:59.685+0000] {processor.py:157} INFO - Started process (PID=2635) to work on /opt/airflow/dags/transformation.py
[2025-03-17T10:13:59.687+0000] {processor.py:829} INFO - Processing file /opt/airflow/dags/transformation.py for tasks to queue
[2025-03-17T10:13:59.690+0000] {logging_mixin.py:151} INFO - [2025-03-17T10:13:59.689+0000] {dagbag.py:539} INFO - Filling up the DagBag from /opt/airflow/dags/transformation.py
[2025-03-17T10:13:59.735+0000] {processor.py:839} INFO - DAG(s) dict_keys(['spark_transaction_processing']) retrieved from /opt/airflow/dags/transformation.py
[2025-03-17T10:13:59.784+0000] {logging_mixin.py:151} INFO - [2025-03-17T10:13:59.784+0000] {dag.py:2907} INFO - Sync 1 DAGs
[2025-03-17T10:13:59.824+0000] {logging_mixin.py:151} INFO - [2025-03-17T10:13:59.823+0000] {dag.py:3677} INFO - Setting next_dagrun for spark_transaction_processing to 2025-03-16T00:00:00+00:00, run_after=2025-03-17T00:00:00+00:00
[2025-03-17T10:13:59.857+0000] {processor.py:179} INFO - Processing /opt/airflow/dags/transformation.py took 0.194 seconds
[2025-03-17T10:14:30.147+0000] {processor.py:157} INFO - Started process (PID=2646) to work on /opt/airflow/dags/transformation.py
[2025-03-17T10:14:30.149+0000] {processor.py:829} INFO - Processing file /opt/airflow/dags/transformation.py for tasks to queue
[2025-03-17T10:14:30.151+0000] {logging_mixin.py:151} INFO - [2025-03-17T10:14:30.150+0000] {dagbag.py:539} INFO - Filling up the DagBag from /opt/airflow/dags/transformation.py
[2025-03-17T10:14:30.191+0000] {processor.py:839} INFO - DAG(s) dict_keys(['spark_transaction_processing']) retrieved from /opt/airflow/dags/transformation.py
[2025-03-17T10:14:30.223+0000] {logging_mixin.py:151} INFO - [2025-03-17T10:14:30.223+0000] {dag.py:2907} INFO - Sync 1 DAGs
[2025-03-17T10:14:30.246+0000] {logging_mixin.py:151} INFO - [2025-03-17T10:14:30.245+0000] {dag.py:3677} INFO - Setting next_dagrun for spark_transaction_processing to 2025-03-16T00:00:00+00:00, run_after=2025-03-17T00:00:00+00:00
[2025-03-17T10:14:30.271+0000] {processor.py:179} INFO - Processing /opt/airflow/dags/transformation.py took 0.129 seconds
[2025-03-17T10:15:00.657+0000] {processor.py:157} INFO - Started process (PID=2657) to work on /opt/airflow/dags/transformation.py
[2025-03-17T10:15:00.658+0000] {processor.py:829} INFO - Processing file /opt/airflow/dags/transformation.py for tasks to queue
[2025-03-17T10:15:00.660+0000] {logging_mixin.py:151} INFO - [2025-03-17T10:15:00.660+0000] {dagbag.py:539} INFO - Filling up the DagBag from /opt/airflow/dags/transformation.py
[2025-03-17T10:15:00.721+0000] {processor.py:839} INFO - DAG(s) dict_keys(['spark_transaction_processing']) retrieved from /opt/airflow/dags/transformation.py
[2025-03-17T10:15:00.778+0000] {logging_mixin.py:151} INFO - [2025-03-17T10:15:00.778+0000] {dag.py:2907} INFO - Sync 1 DAGs
[2025-03-17T10:15:00.812+0000] {logging_mixin.py:151} INFO - [2025-03-17T10:15:00.811+0000] {dag.py:3677} INFO - Setting next_dagrun for spark_transaction_processing to 2025-03-16T00:00:00+00:00, run_after=2025-03-17T00:00:00+00:00
[2025-03-17T10:15:00.852+0000] {processor.py:179} INFO - Processing /opt/airflow/dags/transformation.py took 0.201 seconds
[2025-03-17T10:15:31.209+0000] {processor.py:157} INFO - Started process (PID=2668) to work on /opt/airflow/dags/transformation.py
[2025-03-17T10:15:31.210+0000] {processor.py:829} INFO - Processing file /opt/airflow/dags/transformation.py for tasks to queue
[2025-03-17T10:15:31.210+0000] {logging_mixin.py:151} INFO - [2025-03-17T10:15:31.210+0000] {dagbag.py:539} INFO - Filling up the DagBag from /opt/airflow/dags/transformation.py
[2025-03-17T10:15:31.233+0000] {processor.py:839} INFO - DAG(s) dict_keys(['spark_transaction_processing']) retrieved from /opt/airflow/dags/transformation.py
[2025-03-17T10:15:31.260+0000] {logging_mixin.py:151} INFO - [2025-03-17T10:15:31.260+0000] {dag.py:2907} INFO - Sync 1 DAGs
[2025-03-17T10:15:31.285+0000] {logging_mixin.py:151} INFO - [2025-03-17T10:15:31.285+0000] {dag.py:3677} INFO - Setting next_dagrun for spark_transaction_processing to 2025-03-16T00:00:00+00:00, run_after=2025-03-17T00:00:00+00:00
[2025-03-17T10:15:31.302+0000] {processor.py:179} INFO - Processing /opt/airflow/dags/transformation.py took 0.098 seconds
[2025-03-17T10:16:01.663+0000] {processor.py:157} INFO - Started process (PID=2679) to work on /opt/airflow/dags/transformation.py
[2025-03-17T10:16:01.664+0000] {processor.py:829} INFO - Processing file /opt/airflow/dags/transformation.py for tasks to queue
[2025-03-17T10:16:01.665+0000] {logging_mixin.py:151} INFO - [2025-03-17T10:16:01.665+0000] {dagbag.py:539} INFO - Filling up the DagBag from /opt/airflow/dags/transformation.py
[2025-03-17T10:16:01.686+0000] {processor.py:839} INFO - DAG(s) dict_keys(['spark_transaction_processing']) retrieved from /opt/airflow/dags/transformation.py
[2025-03-17T10:16:01.722+0000] {logging_mixin.py:151} INFO - [2025-03-17T10:16:01.722+0000] {dag.py:2907} INFO - Sync 1 DAGs
[2025-03-17T10:16:01.747+0000] {logging_mixin.py:151} INFO - [2025-03-17T10:16:01.747+0000] {dag.py:3677} INFO - Setting next_dagrun for spark_transaction_processing to 2025-03-16T00:00:00+00:00, run_after=2025-03-17T00:00:00+00:00
[2025-03-17T10:16:01.769+0000] {processor.py:179} INFO - Processing /opt/airflow/dags/transformation.py took 0.109 seconds
[2025-03-17T10:16:32.119+0000] {processor.py:157} INFO - Started process (PID=2690) to work on /opt/airflow/dags/transformation.py
[2025-03-17T10:16:32.120+0000] {processor.py:829} INFO - Processing file /opt/airflow/dags/transformation.py for tasks to queue
[2025-03-17T10:16:32.122+0000] {logging_mixin.py:151} INFO - [2025-03-17T10:16:32.122+0000] {dagbag.py:539} INFO - Filling up the DagBag from /opt/airflow/dags/transformation.py
[2025-03-17T10:16:32.161+0000] {processor.py:839} INFO - DAG(s) dict_keys(['spark_transaction_processing']) retrieved from /opt/airflow/dags/transformation.py
[2025-03-17T10:16:32.186+0000] {logging_mixin.py:151} INFO - [2025-03-17T10:16:32.185+0000] {dag.py:2907} INFO - Sync 1 DAGs
[2025-03-17T10:16:32.209+0000] {logging_mixin.py:151} INFO - [2025-03-17T10:16:32.208+0000] {dag.py:3677} INFO - Setting next_dagrun for spark_transaction_processing to 2025-03-16T00:00:00+00:00, run_after=2025-03-17T00:00:00+00:00
[2025-03-17T10:16:32.227+0000] {processor.py:179} INFO - Processing /opt/airflow/dags/transformation.py took 0.110 seconds
[2025-03-17T10:17:02.599+0000] {processor.py:157} INFO - Started process (PID=2701) to work on /opt/airflow/dags/transformation.py
[2025-03-17T10:17:02.601+0000] {processor.py:829} INFO - Processing file /opt/airflow/dags/transformation.py for tasks to queue
[2025-03-17T10:17:02.603+0000] {logging_mixin.py:151} INFO - [2025-03-17T10:17:02.603+0000] {dagbag.py:539} INFO - Filling up the DagBag from /opt/airflow/dags/transformation.py
[2025-03-17T10:17:02.636+0000] {processor.py:839} INFO - DAG(s) dict_keys(['spark_transaction_processing']) retrieved from /opt/airflow/dags/transformation.py
[2025-03-17T10:17:02.670+0000] {logging_mixin.py:151} INFO - [2025-03-17T10:17:02.670+0000] {dag.py:2907} INFO - Sync 1 DAGs
[2025-03-17T10:17:02.694+0000] {logging_mixin.py:151} INFO - [2025-03-17T10:17:02.694+0000] {dag.py:3677} INFO - Setting next_dagrun for spark_transaction_processing to 2025-03-16T00:00:00+00:00, run_after=2025-03-17T00:00:00+00:00
[2025-03-17T10:17:02.730+0000] {processor.py:179} INFO - Processing /opt/airflow/dags/transformation.py took 0.134 seconds
[2025-03-17T10:17:33.132+0000] {processor.py:157} INFO - Started process (PID=2712) to work on /opt/airflow/dags/transformation.py
[2025-03-17T10:17:33.133+0000] {processor.py:829} INFO - Processing file /opt/airflow/dags/transformation.py for tasks to queue
[2025-03-17T10:17:33.135+0000] {logging_mixin.py:151} INFO - [2025-03-17T10:17:33.134+0000] {dagbag.py:539} INFO - Filling up the DagBag from /opt/airflow/dags/transformation.py
[2025-03-17T10:17:33.176+0000] {processor.py:839} INFO - DAG(s) dict_keys(['spark_transaction_processing']) retrieved from /opt/airflow/dags/transformation.py
[2025-03-17T10:17:33.210+0000] {logging_mixin.py:151} INFO - [2025-03-17T10:17:33.210+0000] {dag.py:2907} INFO - Sync 1 DAGs
[2025-03-17T10:17:33.239+0000] {logging_mixin.py:151} INFO - [2025-03-17T10:17:33.239+0000] {dag.py:3677} INFO - Setting next_dagrun for spark_transaction_processing to 2025-03-16T00:00:00+00:00, run_after=2025-03-17T00:00:00+00:00
[2025-03-17T10:17:33.267+0000] {processor.py:179} INFO - Processing /opt/airflow/dags/transformation.py took 0.140 seconds
[2025-03-17T10:18:03.656+0000] {processor.py:157} INFO - Started process (PID=2723) to work on /opt/airflow/dags/transformation.py
[2025-03-17T10:18:03.658+0000] {processor.py:829} INFO - Processing file /opt/airflow/dags/transformation.py for tasks to queue
[2025-03-17T10:18:03.660+0000] {logging_mixin.py:151} INFO - [2025-03-17T10:18:03.659+0000] {dagbag.py:539} INFO - Filling up the DagBag from /opt/airflow/dags/transformation.py
[2025-03-17T10:18:03.712+0000] {processor.py:839} INFO - DAG(s) dict_keys(['spark_transaction_processing']) retrieved from /opt/airflow/dags/transformation.py
[2025-03-17T10:18:03.742+0000] {logging_mixin.py:151} INFO - [2025-03-17T10:18:03.742+0000] {dag.py:2907} INFO - Sync 1 DAGs
[2025-03-17T10:18:03.773+0000] {logging_mixin.py:151} INFO - [2025-03-17T10:18:03.772+0000] {dag.py:3677} INFO - Setting next_dagrun for spark_transaction_processing to 2025-03-16T00:00:00+00:00, run_after=2025-03-17T00:00:00+00:00
[2025-03-17T10:18:03.804+0000] {processor.py:179} INFO - Processing /opt/airflow/dags/transformation.py took 0.154 seconds
[2025-03-17T10:18:34.157+0000] {processor.py:157} INFO - Started process (PID=2734) to work on /opt/airflow/dags/transformation.py
[2025-03-17T10:18:34.158+0000] {processor.py:829} INFO - Processing file /opt/airflow/dags/transformation.py for tasks to queue
[2025-03-17T10:18:34.159+0000] {logging_mixin.py:151} INFO - [2025-03-17T10:18:34.159+0000] {dagbag.py:539} INFO - Filling up the DagBag from /opt/airflow/dags/transformation.py
[2025-03-17T10:18:34.182+0000] {processor.py:839} INFO - DAG(s) dict_keys(['spark_transaction_processing']) retrieved from /opt/airflow/dags/transformation.py
[2025-03-17T10:18:34.208+0000] {logging_mixin.py:151} INFO - [2025-03-17T10:18:34.208+0000] {dag.py:2907} INFO - Sync 1 DAGs
[2025-03-17T10:18:34.230+0000] {logging_mixin.py:151} INFO - [2025-03-17T10:18:34.230+0000] {dag.py:3677} INFO - Setting next_dagrun for spark_transaction_processing to 2025-03-16T00:00:00+00:00, run_after=2025-03-17T00:00:00+00:00
[2025-03-17T10:18:34.251+0000] {processor.py:179} INFO - Processing /opt/airflow/dags/transformation.py took 0.097 seconds
[2025-03-17T10:19:04.587+0000] {processor.py:157} INFO - Started process (PID=2745) to work on /opt/airflow/dags/transformation.py
[2025-03-17T10:19:04.588+0000] {processor.py:829} INFO - Processing file /opt/airflow/dags/transformation.py for tasks to queue
[2025-03-17T10:19:04.589+0000] {logging_mixin.py:151} INFO - [2025-03-17T10:19:04.589+0000] {dagbag.py:539} INFO - Filling up the DagBag from /opt/airflow/dags/transformation.py
[2025-03-17T10:19:04.611+0000] {processor.py:839} INFO - DAG(s) dict_keys(['spark_transaction_processing']) retrieved from /opt/airflow/dags/transformation.py
[2025-03-17T10:19:04.640+0000] {logging_mixin.py:151} INFO - [2025-03-17T10:19:04.640+0000] {dag.py:2907} INFO - Sync 1 DAGs
[2025-03-17T10:19:04.663+0000] {logging_mixin.py:151} INFO - [2025-03-17T10:19:04.663+0000] {dag.py:3677} INFO - Setting next_dagrun for spark_transaction_processing to 2025-03-16T00:00:00+00:00, run_after=2025-03-17T00:00:00+00:00
[2025-03-17T10:19:04.687+0000] {processor.py:179} INFO - Processing /opt/airflow/dags/transformation.py took 0.103 seconds
[2025-03-17T10:19:34.992+0000] {processor.py:157} INFO - Started process (PID=2756) to work on /opt/airflow/dags/transformation.py
[2025-03-17T10:19:34.993+0000] {processor.py:829} INFO - Processing file /opt/airflow/dags/transformation.py for tasks to queue
[2025-03-17T10:19:34.995+0000] {logging_mixin.py:151} INFO - [2025-03-17T10:19:34.995+0000] {dagbag.py:539} INFO - Filling up the DagBag from /opt/airflow/dags/transformation.py
[2025-03-17T10:19:35.030+0000] {processor.py:839} INFO - DAG(s) dict_keys(['spark_transaction_processing']) retrieved from /opt/airflow/dags/transformation.py
[2025-03-17T10:19:35.058+0000] {logging_mixin.py:151} INFO - [2025-03-17T10:19:35.057+0000] {dag.py:2907} INFO - Sync 1 DAGs
[2025-03-17T10:19:35.080+0000] {logging_mixin.py:151} INFO - [2025-03-17T10:19:35.080+0000] {dag.py:3677} INFO - Setting next_dagrun for spark_transaction_processing to 2025-03-16T00:00:00+00:00, run_after=2025-03-17T00:00:00+00:00
[2025-03-17T10:19:35.104+0000] {processor.py:179} INFO - Processing /opt/airflow/dags/transformation.py took 0.115 seconds
[2025-03-17T10:20:05.275+0000] {processor.py:157} INFO - Started process (PID=2767) to work on /opt/airflow/dags/transformation.py
[2025-03-17T10:20:05.276+0000] {processor.py:829} INFO - Processing file /opt/airflow/dags/transformation.py for tasks to queue
[2025-03-17T10:20:05.277+0000] {logging_mixin.py:151} INFO - [2025-03-17T10:20:05.277+0000] {dagbag.py:539} INFO - Filling up the DagBag from /opt/airflow/dags/transformation.py
[2025-03-17T10:20:05.308+0000] {processor.py:839} INFO - DAG(s) dict_keys(['spark_transaction_processing']) retrieved from /opt/airflow/dags/transformation.py
[2025-03-17T10:20:05.338+0000] {logging_mixin.py:151} INFO - [2025-03-17T10:20:05.338+0000] {dag.py:2907} INFO - Sync 1 DAGs
[2025-03-17T10:20:05.361+0000] {logging_mixin.py:151} INFO - [2025-03-17T10:20:05.361+0000] {dag.py:3677} INFO - Setting next_dagrun for spark_transaction_processing to 2025-03-16T00:00:00+00:00, run_after=2025-03-17T00:00:00+00:00
[2025-03-17T10:20:05.386+0000] {processor.py:179} INFO - Processing /opt/airflow/dags/transformation.py took 0.115 seconds
