[2025-04-04T16:00:30.367+0000] {taskinstance.py:1159} INFO - Dependencies all met for dep_context=non-requeueable deps ti=<TaskInstance: fetch_transaction_data_and_upload_to_hdfs.upload_to_hdfs scheduled__2025-04-03T00:00:00+00:00 [queued]>
[2025-04-04T16:00:30.384+0000] {taskinstance.py:1159} INFO - Dependencies all met for dep_context=requeueable deps ti=<TaskInstance: fetch_transaction_data_and_upload_to_hdfs.upload_to_hdfs scheduled__2025-04-03T00:00:00+00:00 [queued]>
[2025-04-04T16:00:30.385+0000] {taskinstance.py:1361} INFO - Starting attempt 1 of 2
[2025-04-04T16:00:30.411+0000] {taskinstance.py:1382} INFO - Executing <Task(PythonOperator): upload_to_hdfs> on 2025-04-03 00:00:00+00:00
[2025-04-04T16:00:30.424+0000] {standard_task_runner.py:57} INFO - Started process 1725 to run task
[2025-04-04T16:00:30.430+0000] {standard_task_runner.py:84} INFO - Running: ['***', 'tasks', 'run', 'fetch_transaction_data_and_upload_to_hdfs', 'upload_to_hdfs', 'scheduled__2025-04-03T00:00:00+00:00', '--job-id', '5', '--raw', '--subdir', 'DAGS_FOLDER/ingestion.py', '--cfg-path', '/tmp/tmpgp0zsjp0']
[2025-04-04T16:00:30.435+0000] {standard_task_runner.py:85} INFO - Job 5: Subtask upload_to_hdfs
[2025-04-04T16:00:30.528+0000] {task_command.py:415} INFO - Running <TaskInstance: fetch_transaction_data_and_upload_to_hdfs.upload_to_hdfs scheduled__2025-04-03T00:00:00+00:00 [running]> on host 2dffcface44c
[2025-04-04T16:00:30.940+0000] {taskinstance.py:1660} INFO - Exporting env vars: AIRFLOW_CTX_DAG_OWNER='***' AIRFLOW_CTX_DAG_ID='fetch_transaction_data_and_upload_to_hdfs' AIRFLOW_CTX_TASK_ID='upload_to_hdfs' AIRFLOW_CTX_EXECUTION_DATE='2025-04-03T00:00:00+00:00' AIRFLOW_CTX_TRY_NUMBER='1' AIRFLOW_CTX_DAG_RUN_ID='scheduled__2025-04-03T00:00:00+00:00'
[2025-04-04T16:00:42.115+0000] {python.py:194} INFO - Done. Returned value was: None
[2025-04-04T16:00:42.132+0000] {taskinstance.py:1400} INFO - Marking task as SUCCESS. dag_id=fetch_transaction_data_and_upload_to_hdfs, task_id=upload_to_hdfs, execution_date=20250403T000000, start_date=20250404T160030, end_date=20250404T160042
[2025-04-04T16:00:42.171+0000] {local_task_job_runner.py:228} INFO - Task exited with return code 0
[2025-04-04T16:00:42.194+0000] {taskinstance.py:2784} INFO - 0 downstream tasks scheduled from follow-on schedule check
[2025-04-04T21:57:53.123+0000] {taskinstance.py:1159} INFO - Dependencies all met for dep_context=non-requeueable deps ti=<TaskInstance: fetch_transaction_data_and_upload_to_hdfs.upload_to_hdfs scheduled__2025-04-03T00:00:00+00:00 [queued]>
[2025-04-04T21:57:53.135+0000] {taskinstance.py:1159} INFO - Dependencies all met for dep_context=requeueable deps ti=<TaskInstance: fetch_transaction_data_and_upload_to_hdfs.upload_to_hdfs scheduled__2025-04-03T00:00:00+00:00 [queued]>
[2025-04-04T21:57:53.136+0000] {taskinstance.py:1361} INFO - Starting attempt 1 of 2
[2025-04-04T21:57:53.153+0000] {taskinstance.py:1382} INFO - Executing <Task(PythonOperator): upload_to_hdfs> on 2025-04-03 00:00:00+00:00
[2025-04-04T21:57:53.160+0000] {standard_task_runner.py:57} INFO - Started process 207 to run task
[2025-04-04T21:57:53.163+0000] {standard_task_runner.py:84} INFO - Running: ['***', 'tasks', 'run', 'fetch_transaction_data_and_upload_to_hdfs', 'upload_to_hdfs', 'scheduled__2025-04-03T00:00:00+00:00', '--job-id', '8', '--raw', '--subdir', 'DAGS_FOLDER/ingestion.py', '--cfg-path', '/tmp/tmphnc298ym']
[2025-04-04T21:57:53.169+0000] {standard_task_runner.py:85} INFO - Job 8: Subtask upload_to_hdfs
[2025-04-04T21:57:53.219+0000] {task_command.py:415} INFO - Running <TaskInstance: fetch_transaction_data_and_upload_to_hdfs.upload_to_hdfs scheduled__2025-04-03T00:00:00+00:00 [running]> on host 10fdfba06761
[2025-04-04T21:57:53.293+0000] {taskinstance.py:1660} INFO - Exporting env vars: AIRFLOW_CTX_DAG_OWNER='***' AIRFLOW_CTX_DAG_ID='fetch_transaction_data_and_upload_to_hdfs' AIRFLOW_CTX_TASK_ID='upload_to_hdfs' AIRFLOW_CTX_EXECUTION_DATE='2025-04-03T00:00:00+00:00' AIRFLOW_CTX_TRY_NUMBER='1' AIRFLOW_CTX_DAG_RUN_ID='scheduled__2025-04-03T00:00:00+00:00'
[2025-04-04T21:58:00.958+0000] {python.py:194} INFO - Done. Returned value was: None
[2025-04-04T21:58:00.973+0000] {taskinstance.py:1400} INFO - Marking task as SUCCESS. dag_id=fetch_transaction_data_and_upload_to_hdfs, task_id=upload_to_hdfs, execution_date=20250403T000000, start_date=20250404T215753, end_date=20250404T215800
[2025-04-04T21:58:01.031+0000] {local_task_job_runner.py:228} INFO - Task exited with return code 0
[2025-04-04T21:58:01.049+0000] {taskinstance.py:2784} INFO - 0 downstream tasks scheduled from follow-on schedule check
