[2025-05-09T17:43:50.530+0000] {taskinstance.py:1159} INFO - Dependencies all met for dep_context=non-requeueable deps ti=<TaskInstance: fetch_transaction_data_and_upload_to_hdfs.run_all_three_commands manual__2025-05-09T17:36:24.514079+00:00 [queued]>
[2025-05-09T17:43:50.542+0000] {taskinstance.py:1159} INFO - Dependencies all met for dep_context=requeueable deps ti=<TaskInstance: fetch_transaction_data_and_upload_to_hdfs.run_all_three_commands manual__2025-05-09T17:36:24.514079+00:00 [queued]>
[2025-05-09T17:43:50.543+0000] {taskinstance.py:1361} INFO - Starting attempt 1 of 2
[2025-05-09T17:43:50.562+0000] {taskinstance.py:1382} INFO - Executing <Task(BashOperator): run_all_three_commands> on 2025-05-09 17:36:24.514079+00:00
[2025-05-09T17:43:50.568+0000] {standard_task_runner.py:57} INFO - Started process 4305 to run task
[2025-05-09T17:43:50.574+0000] {standard_task_runner.py:84} INFO - Running: ['***', 'tasks', 'run', 'fetch_transaction_data_and_upload_to_hdfs', 'run_all_three_commands', 'manual__2025-05-09T17:36:24.514079+00:00', '--job-id', '76', '--raw', '--subdir', 'DAGS_FOLDER/ingestion.py', '--cfg-path', '/tmp/tmp600x8vl8']
[2025-05-09T17:43:50.579+0000] {standard_task_runner.py:85} INFO - Job 76: Subtask run_all_three_commands
[2025-05-09T17:43:50.657+0000] {task_command.py:415} INFO - Running <TaskInstance: fetch_transaction_data_and_upload_to_hdfs.run_all_three_commands manual__2025-05-09T17:36:24.514079+00:00 [running]> on host d4afc872a8aa
[2025-05-09T17:43:50.787+0000] {taskinstance.py:1660} INFO - Exporting env vars: AIRFLOW_CTX_DAG_OWNER='***' AIRFLOW_CTX_DAG_ID='fetch_transaction_data_and_upload_to_hdfs' AIRFLOW_CTX_TASK_ID='run_all_three_commands' AIRFLOW_CTX_EXECUTION_DATE='2025-05-09T17:36:24.514079+00:00' AIRFLOW_CTX_TRY_NUMBER='1' AIRFLOW_CTX_DAG_RUN_ID='manual__2025-05-09T17:36:24.514079+00:00'
[2025-05-09T17:43:50.789+0000] {subprocess.py:63} INFO - Tmp dir root location: /tmp
[2025-05-09T17:43:50.791+0000] {subprocess.py:75} INFO - Running command: ['/bin/bash', '-c', 'command1 && command2 && command3']
[2025-05-09T17:43:50.803+0000] {subprocess.py:86} INFO - Output:
[2025-05-09T17:43:50.817+0000] {subprocess.py:93} INFO - /bin/bash: line 1: command1: command not found
[2025-05-09T17:43:50.819+0000] {subprocess.py:97} INFO - Command exited with return code 127
[2025-05-09T17:43:50.832+0000] {taskinstance.py:1943} ERROR - Task failed with exception
Traceback (most recent call last):
  File "/home/airflow/.local/lib/python3.9/site-packages/airflow/operators/bash.py", line 210, in execute
    raise AirflowException(
airflow.exceptions.AirflowException: Bash command failed. The command returned a non-zero exit code 127.
[2025-05-09T17:43:50.837+0000] {taskinstance.py:1400} INFO - Marking task as UP_FOR_RETRY. dag_id=fetch_transaction_data_and_upload_to_hdfs, task_id=run_all_three_commands, execution_date=20250509T173624, start_date=20250509T174350, end_date=20250509T174350
[2025-05-09T17:43:50.854+0000] {standard_task_runner.py:104} ERROR - Failed to execute job 76 for task run_all_three_commands (Bash command failed. The command returned a non-zero exit code 127.; 4305)
[2025-05-09T17:43:50.868+0000] {local_task_job_runner.py:228} INFO - Task exited with return code 1
[2025-05-09T17:43:50.890+0000] {taskinstance.py:2784} INFO - 0 downstream tasks scheduled from follow-on schedule check
