[2025-05-09T16:18:48.296+0000] {taskinstance.py:1159} INFO - Dependencies all met for dep_context=non-requeueable deps ti=<TaskInstance: fetch_transaction_data_and_upload_to_hdfs.run_hive_command manual__2025-05-09T16:18:43.658255+00:00 [queued]>
[2025-05-09T16:18:48.306+0000] {taskinstance.py:1159} INFO - Dependencies all met for dep_context=requeueable deps ti=<TaskInstance: fetch_transaction_data_and_upload_to_hdfs.run_hive_command manual__2025-05-09T16:18:43.658255+00:00 [queued]>
[2025-05-09T16:18:48.307+0000] {taskinstance.py:1361} INFO - Starting attempt 1 of 2
[2025-05-09T16:18:48.322+0000] {taskinstance.py:1382} INFO - Executing <Task(BashOperator): run_hive_command> on 2025-05-09 16:18:43.658255+00:00
[2025-05-09T16:18:48.328+0000] {standard_task_runner.py:57} INFO - Started process 2663 to run task
[2025-05-09T16:18:48.330+0000] {standard_task_runner.py:84} INFO - Running: ['***', 'tasks', 'run', 'fetch_transaction_data_and_upload_to_hdfs', 'run_hive_command', 'manual__2025-05-09T16:18:43.658255+00:00', '--job-id', '52', '--raw', '--subdir', 'DAGS_FOLDER/ingestion.py', '--cfg-path', '/tmp/tmprgf0uqvq']
[2025-05-09T16:18:48.333+0000] {standard_task_runner.py:85} INFO - Job 52: Subtask run_hive_command
[2025-05-09T16:18:48.384+0000] {task_command.py:415} INFO - Running <TaskInstance: fetch_transaction_data_and_upload_to_hdfs.run_hive_command manual__2025-05-09T16:18:43.658255+00:00 [running]> on host d4afc872a8aa
[2025-05-09T16:18:48.468+0000] {taskinstance.py:1660} INFO - Exporting env vars: AIRFLOW_CTX_DAG_OWNER='***' AIRFLOW_CTX_DAG_ID='fetch_transaction_data_and_upload_to_hdfs' AIRFLOW_CTX_TASK_ID='run_hive_command' AIRFLOW_CTX_EXECUTION_DATE='2025-05-09T16:18:43.658255+00:00' AIRFLOW_CTX_TRY_NUMBER='1' AIRFLOW_CTX_DAG_RUN_ID='manual__2025-05-09T16:18:43.658255+00:00'
[2025-05-09T16:18:48.471+0000] {subprocess.py:63} INFO - Tmp dir root location: /tmp
[2025-05-09T16:18:48.472+0000] {subprocess.py:75} INFO - Running command: ['/bin/bash', '-c', 'docker exec hive hive -f query.hql']
[2025-05-09T16:18:48.481+0000] {subprocess.py:86} INFO - Output:
[2025-05-09T16:18:50.104+0000] {subprocess.py:93} INFO - SLF4J: Class path contains multiple SLF4J bindings.
[2025-05-09T16:18:50.105+0000] {subprocess.py:93} INFO - SLF4J: Found binding in [jar:file:/opt/hive/lib/log4j-slf4j-impl-2.6.2.jar!/org/slf4j/impl/StaticLoggerBinder.class]
[2025-05-09T16:18:50.106+0000] {subprocess.py:93} INFO - SLF4J: Found binding in [jar:file:/opt/hadoop-2.7.4/share/hadoop/common/lib/slf4j-log4j12-1.7.10.jar!/org/slf4j/impl/StaticLoggerBinder.class]
[2025-05-09T16:18:50.107+0000] {subprocess.py:93} INFO - SLF4J: See http://www.slf4j.org/codes.html#multiple_bindings for an explanation.
[2025-05-09T16:18:50.107+0000] {subprocess.py:93} INFO - SLF4J: Actual binding is of type [org.apache.logging.slf4j.Log4jLoggerFactory]
[2025-05-09T16:18:51.244+0000] {subprocess.py:93} INFO - 
[2025-05-09T16:18:51.245+0000] {subprocess.py:93} INFO - Logging initialized using configuration in file:/opt/hive/conf/hive-log4j2.properties Async: true
[2025-05-09T16:19:19.314+0000] {subprocess.py:93} INFO - FAILED: SemanticException org.apache.hadoop.hive.ql.metadata.HiveException: java.lang.RuntimeException: Unable to instantiate org.apache.hadoop.hive.ql.metadata.SessionHiveMetaStoreClient
[2025-05-09T16:20:05.742+0000] {subprocess.py:97} INFO - Command exited with return code 64
[2025-05-09T16:20:05.754+0000] {taskinstance.py:1943} ERROR - Task failed with exception
Traceback (most recent call last):
  File "/home/airflow/.local/lib/python3.9/site-packages/airflow/operators/bash.py", line 210, in execute
    raise AirflowException(
airflow.exceptions.AirflowException: Bash command failed. The command returned a non-zero exit code 64.
[2025-05-09T16:20:05.759+0000] {taskinstance.py:1400} INFO - Marking task as UP_FOR_RETRY. dag_id=fetch_transaction_data_and_upload_to_hdfs, task_id=run_hive_command, execution_date=20250509T161843, start_date=20250509T161848, end_date=20250509T162005
[2025-05-09T16:20:05.776+0000] {standard_task_runner.py:104} ERROR - Failed to execute job 52 for task run_hive_command (Bash command failed. The command returned a non-zero exit code 64.; 2663)
[2025-05-09T16:20:05.791+0000] {local_task_job_runner.py:228} INFO - Task exited with return code 1
[2025-05-09T16:20:05.813+0000] {taskinstance.py:2784} INFO - 0 downstream tasks scheduled from follow-on schedule check
