[2025-05-24T12:23:55.551+0000] {taskinstance.py:1159} INFO - Dependencies all met for dep_context=non-requeueable deps ti=<TaskInstance: fetch_transaction_data_and_upload_to_hdfs.update_hql_file scheduled__2025-05-23T00:00:00+00:00 [queued]>
[2025-05-24T12:23:55.564+0000] {taskinstance.py:1159} INFO - Dependencies all met for dep_context=requeueable deps ti=<TaskInstance: fetch_transaction_data_and_upload_to_hdfs.update_hql_file scheduled__2025-05-23T00:00:00+00:00 [queued]>
[2025-05-24T12:23:55.564+0000] {taskinstance.py:1361} INFO - Starting attempt 1 of 2
[2025-05-24T12:23:55.586+0000] {taskinstance.py:1382} INFO - Executing <Task(PythonOperator): update_hql_file> on 2025-05-23 00:00:00+00:00
[2025-05-24T12:23:55.596+0000] {standard_task_runner.py:57} INFO - Started process 339 to run task
[2025-05-24T12:23:55.599+0000] {standard_task_runner.py:84} INFO - Running: ['***', 'tasks', 'run', 'fetch_transaction_data_and_upload_to_hdfs', 'update_hql_file', 'scheduled__2025-05-23T00:00:00+00:00', '--job-id', '10', '--raw', '--subdir', 'DAGS_FOLDER/ETL.py', '--cfg-path', '/tmp/tmp4is2h5qc']
[2025-05-24T12:23:55.603+0000] {standard_task_runner.py:85} INFO - Job 10: Subtask update_hql_file
[2025-05-24T12:23:55.665+0000] {task_command.py:415} INFO - Running <TaskInstance: fetch_transaction_data_and_upload_to_hdfs.update_hql_file scheduled__2025-05-23T00:00:00+00:00 [running]> on host 1190334ace1e
[2025-05-24T12:23:55.935+0000] {taskinstance.py:1660} INFO - Exporting env vars: AIRFLOW_CTX_DAG_OWNER='***' AIRFLOW_CTX_DAG_ID='fetch_transaction_data_and_upload_to_hdfs' AIRFLOW_CTX_TASK_ID='update_hql_file' AIRFLOW_CTX_EXECUTION_DATE='2025-05-23T00:00:00+00:00' AIRFLOW_CTX_TRY_NUMBER='1' AIRFLOW_CTX_DAG_RUN_ID='scheduled__2025-05-23T00:00:00+00:00'
[2025-05-24T12:23:55.937+0000] {logging_mixin.py:151} INFO - Attempting to delete existing file: /home/query.hql inside container 'hive'
[2025-05-24T12:23:56.046+0000] {logging_mixin.py:151} INFO - Successfully deleted old HQL file.
[2025-05-24T12:23:56.048+0000] {logging_mixin.py:151} INFO - Date placeholder replaced with: YYYY=2025/MM=05/DD=24
[2025-05-24T12:23:56.049+0000] {logging_mixin.py:151} INFO - New HQL file generated at: /tmp/query.hql
[2025-05-24T12:23:56.049+0000] {logging_mixin.py:151} INFO - Copying file into container 'hive:/home/query.hql'
[2025-05-24T12:23:56.140+0000] {logging_mixin.py:151} INFO - Successfully copied updated query.hql to container.
[2025-05-24T12:23:56.143+0000] {python.py:194} INFO - Done. Returned value was: HQL file deleted and replaced successfully
[2025-05-24T12:23:56.180+0000] {taskinstance.py:1400} INFO - Marking task as SUCCESS. dag_id=fetch_transaction_data_and_upload_to_hdfs, task_id=update_hql_file, execution_date=20250523T000000, start_date=20250524T122355, end_date=20250524T122356
[2025-05-24T12:23:56.259+0000] {local_task_job_runner.py:228} INFO - Task exited with return code 0
[2025-05-24T12:23:56.296+0000] {taskinstance.py:2784} INFO - 1 downstream tasks scheduled from follow-on schedule check
[2025-05-24T13:30:04.433+0000] {taskinstance.py:1159} INFO - Dependencies all met for dep_context=non-requeueable deps ti=<TaskInstance: fetch_transaction_data_and_upload_to_hdfs.update_hql_file scheduled__2025-05-23T00:00:00+00:00 [queued]>
[2025-05-24T13:30:04.445+0000] {taskinstance.py:1159} INFO - Dependencies all met for dep_context=requeueable deps ti=<TaskInstance: fetch_transaction_data_and_upload_to_hdfs.update_hql_file scheduled__2025-05-23T00:00:00+00:00 [queued]>
[2025-05-24T13:30:04.445+0000] {taskinstance.py:1361} INFO - Starting attempt 1 of 2
[2025-05-24T13:30:04.478+0000] {taskinstance.py:1382} INFO - Executing <Task(PythonOperator): update_hql_file> on 2025-05-23 00:00:00+00:00
[2025-05-24T13:30:04.487+0000] {standard_task_runner.py:57} INFO - Started process 303 to run task
[2025-05-24T13:30:04.490+0000] {standard_task_runner.py:84} INFO - Running: ['***', 'tasks', 'run', 'fetch_transaction_data_and_upload_to_hdfs', 'update_hql_file', 'scheduled__2025-05-23T00:00:00+00:00', '--job-id', '10', '--raw', '--subdir', 'DAGS_FOLDER/ETL.py', '--cfg-path', '/tmp/tmpua20o5e_']
[2025-05-24T13:30:04.493+0000] {standard_task_runner.py:85} INFO - Job 10: Subtask update_hql_file
[2025-05-24T13:30:04.558+0000] {task_command.py:415} INFO - Running <TaskInstance: fetch_transaction_data_and_upload_to_hdfs.update_hql_file scheduled__2025-05-23T00:00:00+00:00 [running]> on host 1be44660cb93
[2025-05-24T13:30:04.842+0000] {taskinstance.py:1660} INFO - Exporting env vars: AIRFLOW_CTX_DAG_OWNER='***' AIRFLOW_CTX_DAG_ID='fetch_transaction_data_and_upload_to_hdfs' AIRFLOW_CTX_TASK_ID='update_hql_file' AIRFLOW_CTX_EXECUTION_DATE='2025-05-23T00:00:00+00:00' AIRFLOW_CTX_TRY_NUMBER='1' AIRFLOW_CTX_DAG_RUN_ID='scheduled__2025-05-23T00:00:00+00:00'
[2025-05-24T13:30:04.844+0000] {logging_mixin.py:151} INFO - Attempting to delete existing file: /home/query.hql inside container 'hive'
[2025-05-24T13:30:05.026+0000] {logging_mixin.py:151} INFO - Successfully deleted old HQL file.
[2025-05-24T13:30:05.027+0000] {logging_mixin.py:151} INFO - Date placeholder replaced with: YYYY=2025/MM=05/DD=24
[2025-05-24T13:30:05.028+0000] {logging_mixin.py:151} INFO - New HQL file generated at: /tmp/query.hql
[2025-05-24T13:30:05.029+0000] {logging_mixin.py:151} INFO - Copying file into container 'hive:/home/query.hql'
[2025-05-24T13:30:05.110+0000] {logging_mixin.py:151} INFO - Successfully copied updated query.hql to container.
[2025-05-24T13:30:05.111+0000] {python.py:194} INFO - Done. Returned value was: HQL file deleted and replaced successfully
[2025-05-24T13:30:05.144+0000] {taskinstance.py:1400} INFO - Marking task as SUCCESS. dag_id=fetch_transaction_data_and_upload_to_hdfs, task_id=update_hql_file, execution_date=20250523T000000, start_date=20250524T133004, end_date=20250524T133005
[2025-05-24T13:30:05.192+0000] {local_task_job_runner.py:228} INFO - Task exited with return code 0
[2025-05-24T13:30:05.224+0000] {taskinstance.py:2784} INFO - 1 downstream tasks scheduled from follow-on schedule check
[2025-05-24T22:02:11.822+0000] {taskinstance.py:1159} INFO - Dependencies all met for dep_context=non-requeueable deps ti=<TaskInstance: fetch_transaction_data_and_upload_to_hdfs.update_hql_file scheduled__2025-05-23T00:00:00+00:00 [queued]>
[2025-05-24T22:02:11.835+0000] {taskinstance.py:1159} INFO - Dependencies all met for dep_context=requeueable deps ti=<TaskInstance: fetch_transaction_data_and_upload_to_hdfs.update_hql_file scheduled__2025-05-23T00:00:00+00:00 [queued]>
[2025-05-24T22:02:11.835+0000] {taskinstance.py:1361} INFO - Starting attempt 1 of 2
[2025-05-24T22:02:11.851+0000] {taskinstance.py:1382} INFO - Executing <Task(PythonOperator): update_hql_file> on 2025-05-23 00:00:00+00:00
[2025-05-24T22:02:11.860+0000] {standard_task_runner.py:57} INFO - Started process 418 to run task
[2025-05-24T22:02:11.865+0000] {standard_task_runner.py:84} INFO - Running: ['***', 'tasks', 'run', 'fetch_transaction_data_and_upload_to_hdfs', 'update_hql_file', 'scheduled__2025-05-23T00:00:00+00:00', '--job-id', '15', '--raw', '--subdir', 'DAGS_FOLDER/ETL.py', '--cfg-path', '/tmp/tmp92t19nky']
[2025-05-24T22:02:11.868+0000] {standard_task_runner.py:85} INFO - Job 15: Subtask update_hql_file
[2025-05-24T22:02:11.938+0000] {task_command.py:415} INFO - Running <TaskInstance: fetch_transaction_data_and_upload_to_hdfs.update_hql_file scheduled__2025-05-23T00:00:00+00:00 [running]> on host 65b298c9af88
[2025-05-24T22:02:12.038+0000] {taskinstance.py:1660} INFO - Exporting env vars: AIRFLOW_CTX_DAG_OWNER='***' AIRFLOW_CTX_DAG_ID='fetch_transaction_data_and_upload_to_hdfs' AIRFLOW_CTX_TASK_ID='update_hql_file' AIRFLOW_CTX_EXECUTION_DATE='2025-05-23T00:00:00+00:00' AIRFLOW_CTX_TRY_NUMBER='1' AIRFLOW_CTX_DAG_RUN_ID='scheduled__2025-05-23T00:00:00+00:00'
[2025-05-24T22:02:12.040+0000] {logging_mixin.py:151} INFO - Attempting to delete existing file: /home/query.hql inside container 'hive'
[2025-05-24T22:02:12.100+0000] {taskinstance.py:1943} ERROR - Task failed with exception
Traceback (most recent call last):
  File "/home/airflow/.local/lib/python3.9/site-packages/airflow/operators/python.py", line 192, in execute
    return_value = self.execute_callable()
  File "/home/airflow/.local/lib/python3.9/site-packages/airflow/operators/python.py", line 209, in execute_callable
    return self.python_callable(*self.op_args, **self.op_kwargs)
  File "/opt/airflow/dags/ETL.py", line 71, in update_hql_file
    raise Exception(f"Failed to delete old file in container: {delete_result.stderr}")
Exception: Failed to delete old file in container: Error response from daemon: container 540da5d1ce1ad1f3a82f51a836917a352a6f2f846becd3c3b66da889be739adb is not running

[2025-05-24T22:02:12.119+0000] {taskinstance.py:1400} INFO - Marking task as UP_FOR_RETRY. dag_id=fetch_transaction_data_and_upload_to_hdfs, task_id=update_hql_file, execution_date=20250523T000000, start_date=20250524T220211, end_date=20250524T220212
[2025-05-24T22:02:12.136+0000] {standard_task_runner.py:104} ERROR - Failed to execute job 15 for task update_hql_file (Failed to delete old file in container: Error response from daemon: container 540da5d1ce1ad1f3a82f51a836917a352a6f2f846becd3c3b66da889be739adb is not running
; 418)
[2025-05-24T22:02:12.161+0000] {local_task_job_runner.py:228} INFO - Task exited with return code 1
[2025-05-24T22:02:12.192+0000] {taskinstance.py:2784} INFO - 0 downstream tasks scheduled from follow-on schedule check
