[2025-05-23T08:05:50.734+0000] {taskinstance.py:1159} INFO - Dependencies all met for dep_context=non-requeueable deps ti=<TaskInstance: fetch_transaction_data_and_upload_to_hdfs.run_spark_modelisation_command scheduled__2025-05-22T00:00:00+00:00 [queued]>
[2025-05-23T08:05:50.753+0000] {taskinstance.py:1159} INFO - Dependencies all met for dep_context=requeueable deps ti=<TaskInstance: fetch_transaction_data_and_upload_to_hdfs.run_spark_modelisation_command scheduled__2025-05-22T00:00:00+00:00 [queued]>
[2025-05-23T08:05:50.754+0000] {taskinstance.py:1361} INFO - Starting attempt 1 of 2
[2025-05-23T08:05:50.771+0000] {taskinstance.py:1382} INFO - Executing <Task(BashOperator): run_spark_modelisation_command> on 2025-05-22 00:00:00+00:00
[2025-05-23T08:05:50.778+0000] {standard_task_runner.py:57} INFO - Started process 12015 to run task
[2025-05-23T08:05:50.783+0000] {standard_task_runner.py:84} INFO - Running: ['***', 'tasks', 'run', 'fetch_transaction_data_and_upload_to_hdfs', 'run_spark_modelisation_command', 'scheduled__2025-05-22T00:00:00+00:00', '--job-id', '28', '--raw', '--subdir', 'DAGS_FOLDER/ETL.py', '--cfg-path', '/tmp/tmpyk2m7q1g']
[2025-05-23T08:05:50.786+0000] {standard_task_runner.py:85} INFO - Job 28: Subtask run_spark_modelisation_command
[2025-05-23T08:05:50.842+0000] {task_command.py:415} INFO - Running <TaskInstance: fetch_transaction_data_and_upload_to_hdfs.run_spark_modelisation_command scheduled__2025-05-22T00:00:00+00:00 [running]> on host cb5b79c23ad2
[2025-05-23T08:05:51.153+0000] {taskinstance.py:1660} INFO - Exporting env vars: AIRFLOW_CTX_DAG_OWNER='***' AIRFLOW_CTX_DAG_ID='fetch_transaction_data_and_upload_to_hdfs' AIRFLOW_CTX_TASK_ID='run_spark_modelisation_command' AIRFLOW_CTX_EXECUTION_DATE='2025-05-22T00:00:00+00:00' AIRFLOW_CTX_TRY_NUMBER='1' AIRFLOW_CTX_DAG_RUN_ID='scheduled__2025-05-22T00:00:00+00:00'
[2025-05-23T08:05:51.155+0000] {subprocess.py:63} INFO - Tmp dir root location: /tmp
[2025-05-23T08:05:51.156+0000] {subprocess.py:75} INFO - Running command: ['/bin/bash', '-c', 'docker exec spark-master python3 modelisation.py']
[2025-05-23T08:05:51.171+0000] {subprocess.py:86} INFO - Output:
[2025-05-23T08:05:56.218+0000] {subprocess.py:93} INFO - Setting default log level to "WARN".
[2025-05-23T08:05:56.219+0000] {subprocess.py:93} INFO - To adjust logging level use sc.setLogLevel(newLevel). For SparkR, use setLogLevel(newLevel).
[2025-05-23T08:05:56.672+0000] {subprocess.py:93} INFO - 25/05/23 08:05:56 WARN NativeCodeLoader: Unable to load native-hadoop library for your platform... using builtin-java classes where applicable
[2025-05-23T08:06:00.989+0000] {subprocess.py:93} INFO - Spark session created successfully!
[2025-05-23T08:06:00.990+0000] {subprocess.py:93} INFO - Traceback (most recent call last):
[2025-05-23T08:06:00.990+0000] {subprocess.py:93} INFO -   File "/opt/spark/work-dir/modelisation.py", line 226, in <module>
[2025-05-23T08:06:00.997+0000] {subprocess.py:93} INFO -     .csv(hdfs_path)
[2025-05-23T08:06:00.998+0000] {subprocess.py:93} INFO -      ^^^^^^^^^^^^^^
[2025-05-23T08:06:00.999+0000] {subprocess.py:93} INFO -   File "/opt/bitnami/spark/python/pyspark/sql/readwriter.py", line 740, in csv
[2025-05-23T08:06:01.001+0000] {subprocess.py:93} INFO -     return self._df(self._jreader.csv(self._spark._sc._jvm.PythonUtils.toSeq(path)))
[2025-05-23T08:06:01.002+0000] {subprocess.py:93} INFO -                     ^^^^^^^^^^^^^^^^^^^^^^^^^^^^^^^^^^^^^^^^^^^^^^^^^^^^^^^^^^^^^^^
[2025-05-23T08:06:01.003+0000] {subprocess.py:93} INFO -   File "/opt/bitnami/spark/python/lib/py4j.zip/py4j/java_gateway.py", line 1322, in __call__
[2025-05-23T08:06:01.003+0000] {subprocess.py:93} INFO -   File "/opt/bitnami/spark/python/pyspark/errors/exceptions/captured.py", line 185, in deco
[2025-05-23T08:06:01.004+0000] {subprocess.py:93} INFO -     raise converted from None
[2025-05-23T08:06:01.012+0000] {subprocess.py:93} INFO - pyspark.errors.exceptions.captured.AnalysisException: [PATH_NOT_FOUND] Path does not exist: hdfs://namenode:9000/user/root/transactions/YYYY=2025/MM=05/DD=23/transaction_data.csv.
[2025-05-23T08:06:01.561+0000] {subprocess.py:97} INFO - Command exited with return code 1
[2025-05-23T08:06:01.573+0000] {taskinstance.py:1943} ERROR - Task failed with exception
Traceback (most recent call last):
  File "/home/airflow/.local/lib/python3.9/site-packages/airflow/operators/bash.py", line 210, in execute
    raise AirflowException(
airflow.exceptions.AirflowException: Bash command failed. The command returned a non-zero exit code 1.
[2025-05-23T08:06:01.578+0000] {taskinstance.py:1400} INFO - Marking task as UP_FOR_RETRY. dag_id=fetch_transaction_data_and_upload_to_hdfs, task_id=run_spark_modelisation_command, execution_date=20250522T000000, start_date=20250523T080550, end_date=20250523T080601
[2025-05-23T08:06:01.596+0000] {standard_task_runner.py:104} ERROR - Failed to execute job 28 for task run_spark_modelisation_command (Bash command failed. The command returned a non-zero exit code 1.; 12015)
[2025-05-23T08:06:01.643+0000] {local_task_job_runner.py:228} INFO - Task exited with return code 1
[2025-05-23T08:06:01.669+0000] {taskinstance.py:2784} INFO - 0 downstream tasks scheduled from follow-on schedule check
[2025-05-23T09:22:04.090+0000] {taskinstance.py:1159} INFO - Dependencies all met for dep_context=non-requeueable deps ti=<TaskInstance: fetch_transaction_data_and_upload_to_hdfs.run_spark_modelisation_command scheduled__2025-05-22T00:00:00+00:00 [queued]>
[2025-05-23T09:22:04.108+0000] {taskinstance.py:1159} INFO - Dependencies all met for dep_context=requeueable deps ti=<TaskInstance: fetch_transaction_data_and_upload_to_hdfs.run_spark_modelisation_command scheduled__2025-05-22T00:00:00+00:00 [queued]>
[2025-05-23T09:22:04.109+0000] {taskinstance.py:1361} INFO - Starting attempt 1 of 2
[2025-05-23T09:22:04.135+0000] {taskinstance.py:1382} INFO - Executing <Task(BashOperator): run_spark_modelisation_command> on 2025-05-22 00:00:00+00:00
[2025-05-23T09:22:04.148+0000] {standard_task_runner.py:57} INFO - Started process 258 to run task
[2025-05-23T09:22:04.154+0000] {standard_task_runner.py:84} INFO - Running: ['***', 'tasks', 'run', 'fetch_transaction_data_and_upload_to_hdfs', 'run_spark_modelisation_command', 'scheduled__2025-05-22T00:00:00+00:00', '--job-id', '6', '--raw', '--subdir', 'DAGS_FOLDER/ETL.py', '--cfg-path', '/tmp/tmpj26nu53z']
[2025-05-23T09:22:04.159+0000] {standard_task_runner.py:85} INFO - Job 6: Subtask run_spark_modelisation_command
[2025-05-23T09:22:04.255+0000] {task_command.py:415} INFO - Running <TaskInstance: fetch_transaction_data_and_upload_to_hdfs.run_spark_modelisation_command scheduled__2025-05-22T00:00:00+00:00 [running]> on host 6c702459c558
[2025-05-23T09:22:04.653+0000] {taskinstance.py:1660} INFO - Exporting env vars: AIRFLOW_CTX_DAG_OWNER='***' AIRFLOW_CTX_DAG_ID='fetch_transaction_data_and_upload_to_hdfs' AIRFLOW_CTX_TASK_ID='run_spark_modelisation_command' AIRFLOW_CTX_EXECUTION_DATE='2025-05-22T00:00:00+00:00' AIRFLOW_CTX_TRY_NUMBER='1' AIRFLOW_CTX_DAG_RUN_ID='scheduled__2025-05-22T00:00:00+00:00'
[2025-05-23T09:22:04.655+0000] {subprocess.py:63} INFO - Tmp dir root location: /tmp
[2025-05-23T09:22:04.657+0000] {subprocess.py:75} INFO - Running command: ['/bin/bash', '-c', 'docker exec spark-master python3 modelisation.py']
[2025-05-23T09:22:04.677+0000] {subprocess.py:86} INFO - Output:
[2025-05-23T09:22:14.468+0000] {subprocess.py:93} INFO - Setting default log level to "WARN".
[2025-05-23T09:22:14.469+0000] {subprocess.py:93} INFO - To adjust logging level use sc.setLogLevel(newLevel). For SparkR, use setLogLevel(newLevel).
[2025-05-23T09:22:15.391+0000] {subprocess.py:93} INFO - 25/05/23 09:22:15 WARN NativeCodeLoader: Unable to load native-hadoop library for your platform... using builtin-java classes where applicable
[2025-05-23T09:22:16.727+0000] {subprocess.py:93} INFO - 25/05/23 09:22:16 WARN Utils: Service 'SparkUI' could not bind on port 4040. Attempting port 4041.
[2025-05-23T09:22:27.446+0000] {subprocess.py:93} INFO - [Stage 0:>                                                          (0 + 1) / 1]25/05/23 09:22:27 WARN CSVHeaderChecker: CSV header does not conform to the schema.
[2025-05-23T09:22:27.448+0000] {subprocess.py:93} INFO -  Header: Transaction ID, Customer ID, Transaction Amount, Transaction Date, Payment Method, Product Category, Quantity, Customer Age, Customer Location, Device Used, IP Address, Shipping Address, Billing Address, Is Fraudulent, Account Age Days, Transaction Hour
[2025-05-23T09:22:27.449+0000] {subprocess.py:93} INFO -  Schema: Transaction_ID, Customer_ID, Transaction_Amount, Transaction_Date, Payment_Method, Product_Category, Quantity, Customer_Age, Customer_Location, Device_Used, IP_Address, Shipping_Address, Billing_Address, Is_Fraudulent, Account_Age_Days, Transaction_Hour
[2025-05-23T09:22:27.451+0000] {subprocess.py:93} INFO - Expected: Transaction_ID but found: Transaction ID
[2025-05-23T09:22:27.452+0000] {subprocess.py:93} INFO - CSV file: hdfs://namenode:9000/user/root/transactions/YYYY=2025/MM=05/DD=23/transaction_data.csv
[2025-05-23T09:22:31.574+0000] {subprocess.py:93} INFO -                                                                                 [Stage 3:>                                                          (0 + 1) / 1]25/05/23 09:22:31 WARN CSVHeaderChecker: CSV header does not conform to the schema.
[2025-05-23T09:22:31.576+0000] {subprocess.py:93} INFO -  Header: Transaction ID, Customer ID, Transaction Amount, Transaction Date, Payment Method, Product Category, Quantity, Customer Age, Customer Location, Device Used, IP Address, Shipping Address, Billing Address, Is Fraudulent, Account Age Days, Transaction Hour
[2025-05-23T09:22:31.577+0000] {subprocess.py:93} INFO -  Schema: Transaction_ID, Customer_ID, Transaction_Amount, Transaction_Date, Payment_Method, Product_Category, Quantity, Customer_Age, Customer_Location, Device_Used, IP_Address, Shipping_Address, Billing_Address, Is_Fraudulent, Account_Age_Days, Transaction_Hour
[2025-05-23T09:22:31.578+0000] {subprocess.py:93} INFO - Expected: Transaction_ID but found: Transaction ID
[2025-05-23T09:22:31.579+0000] {subprocess.py:93} INFO - CSV file: hdfs://namenode:9000/user/root/transactions/YYYY=2025/MM=05/DD=23/transaction_data.csv
[2025-05-23T09:22:31.877+0000] {subprocess.py:93} INFO - [Stage 3:>                  (0 + 1) / 1][Stage 4:>                  (0 + 1) / 1]25/05/23 09:22:31 WARN CSVHeaderChecker: CSV header does not conform to the schema.
[2025-05-23T09:22:31.878+0000] {subprocess.py:93} INFO -  Header: Transaction ID, Customer ID, Transaction Amount, Transaction Date, Payment Method, Product Category, Quantity, Customer Age, Customer Location, Device Used, IP Address, Shipping Address, Billing Address, Is Fraudulent, Account Age Days, Transaction Hour
[2025-05-23T09:22:31.880+0000] {subprocess.py:93} INFO -  Schema: Transaction_ID, Customer_ID, Transaction_Amount, Transaction_Date, Payment_Method, Product_Category, Quantity, Customer_Age, Customer_Location, Device_Used, IP_Address, Shipping_Address, Billing_Address, Is_Fraudulent, Account_Age_Days, Transaction_Hour
[2025-05-23T09:22:31.882+0000] {subprocess.py:93} INFO - Expected: Transaction_ID but found: Transaction ID
[2025-05-23T09:22:31.883+0000] {subprocess.py:93} INFO - CSV file: hdfs://namenode:9000/user/root/transactions/YYYY=2025/MM=05/DD=23/transaction_data.csv
[2025-05-23T09:22:32.235+0000] {subprocess.py:93} INFO - 25/05/23 09:22:32 WARN CSVHeaderChecker: CSV header does not conform to the schema.
[2025-05-23T09:22:32.236+0000] {subprocess.py:93} INFO -  Header: Transaction ID, Customer ID, Transaction Amount, Transaction Date, Payment Method, Product Category, Quantity, Customer Age, Customer Location, Device Used, IP Address, Shipping Address, Billing Address, Is Fraudulent, Account Age Days, Transaction Hour
[2025-05-23T09:22:32.238+0000] {subprocess.py:93} INFO -  Schema: Transaction_ID, Customer_ID, Transaction_Amount, Transaction_Date, Payment_Method, Product_Category, Quantity, Customer_Age, Customer_Location, Device_Used, IP_Address, Shipping_Address, Billing_Address, Is_Fraudulent, Account_Age_Days, Transaction_Hour
[2025-05-23T09:22:32.239+0000] {subprocess.py:93} INFO - Expected: Transaction_ID but found: Transaction ID
[2025-05-23T09:22:32.240+0000] {subprocess.py:93} INFO - CSV file: hdfs://namenode:9000/user/root/transactions/YYYY=2025/MM=05/DD=23/transaction_data.csv
[2025-05-23T09:22:35.468+0000] {subprocess.py:93} INFO - [Stage 3:>    (0 + 1) / 1][Stage 4:>    (0 + 1) / 1][Stage 5:>    (0 + 1) / 1]                                                                                [Stage 12:>                                                         (0 + 1) / 1]25/05/23 09:22:35 WARN CSVHeaderChecker: CSV header does not conform to the schema.
[2025-05-23T09:22:35.478+0000] {subprocess.py:93} INFO -  Header: Transaction ID, Customer ID, Transaction Amount, Transaction Date, Payment Method, Product Category, Quantity, Customer Age, Customer Location, Device Used, IP Address, Shipping Address, Billing Address, Is Fraudulent, Account Age Days, Transaction Hour
[2025-05-23T09:22:35.479+0000] {subprocess.py:93} INFO -  Schema: Transaction_ID, Customer_ID, Transaction_Amount, Transaction_Date, Payment_Method, Product_Category, Quantity, Customer_Age, Customer_Location, Device_Used, IP_Address, Shipping_Address, Billing_Address, Is_Fraudulent, Account_Age_Days, Transaction_Hour
[2025-05-23T09:22:35.480+0000] {subprocess.py:93} INFO - Expected: Transaction_ID but found: Transaction ID
[2025-05-23T09:22:35.480+0000] {subprocess.py:93} INFO - CSV file: hdfs://namenode:9000/user/root/transactions/YYYY=2025/MM=05/DD=23/transaction_data.csv
[2025-05-23T09:22:39.689+0000] {subprocess.py:93} INFO - 25/05/23 09:22:39 WARN DataStreamer: Exception for BP-1033973381-172.18.0.4-1742047026004:blk_1073742293_1469
[2025-05-23T09:22:39.690+0000] {subprocess.py:93} INFO - java.io.EOFException: Unexpected EOF while trying to read response from server
[2025-05-23T09:22:39.691+0000] {subprocess.py:93} INFO - 	at org.apache.hadoop.hdfs.protocolPB.PBHelperClient.vintPrefixed(PBHelperClient.java:521)
[2025-05-23T09:22:39.691+0000] {subprocess.py:93} INFO - 	at org.apache.hadoop.hdfs.protocol.datatransfer.PipelineAck.readFields(PipelineAck.java:213)
[2025-05-23T09:22:39.692+0000] {subprocess.py:93} INFO - 	at org.apache.hadoop.hdfs.DataStreamer$ResponseProcessor.run(DataStreamer.java:1137)
[2025-05-23T09:22:39.698+0000] {subprocess.py:93} INFO - 25/05/23 09:22:39 ERROR Utils: Aborting task
[2025-05-23T09:22:39.702+0000] {subprocess.py:93} INFO - java.lang.IllegalStateException: Error closing the output.
[2025-05-23T09:22:39.703+0000] {subprocess.py:93} INFO - 	at com.univocity.parsers.common.AbstractWriter.close(AbstractWriter.java:1000)
[2025-05-23T09:22:39.706+0000] {subprocess.py:93} INFO - 	at org.apache.spark.sql.catalyst.csv.UnivocityGenerator.close(UnivocityGenerator.scala:124)
[2025-05-23T09:22:39.708+0000] {subprocess.py:93} INFO - 	at org.apache.spark.sql.execution.datasources.csv.CsvOutputWriter.close(CsvOutputWriter.scala:48)
[2025-05-23T09:22:39.710+0000] {subprocess.py:93} INFO - 	at org.apache.spark.sql.execution.datasources.FileFormatDataWriter.releaseCurrentWriter(FileFormatDataWriter.scala:64)
[2025-05-23T09:22:39.716+0000] {subprocess.py:93} INFO - 	at org.apache.spark.sql.execution.datasources.FileFormatDataWriter.releaseResources(FileFormatDataWriter.scala:75)
[2025-05-23T09:22:39.718+0000] {subprocess.py:93} INFO - 	at org.apache.spark.sql.execution.datasources.FileFormatDataWriter.commit(FileFormatDataWriter.scala:105)
[2025-05-23T09:22:39.719+0000] {subprocess.py:93} INFO - 	at org.apache.spark.sql.execution.datasources.FileFormatWriter$.$anonfun$executeTask$1(FileFormatWriter.scala:404)
[2025-05-23T09:22:39.719+0000] {subprocess.py:93} INFO - 	at org.apache.spark.util.Utils$.tryWithSafeFinallyAndFailureCallbacks(Utils.scala:1397)
[2025-05-23T09:22:39.720+0000] {subprocess.py:93} INFO - 	at org.apache.spark.sql.execution.datasources.FileFormatWriter$.executeTask(FileFormatWriter.scala:410)
[2025-05-23T09:22:39.721+0000] {subprocess.py:93} INFO - 	at org.apache.spark.sql.execution.datasources.WriteFilesExec.$anonfun$doExecuteWrite$1(WriteFiles.scala:100)
[2025-05-23T09:22:39.722+0000] {subprocess.py:93} INFO - 	at org.apache.spark.rdd.RDD.$anonfun$mapPartitionsInternal$2(RDD.scala:893)
[2025-05-23T09:22:39.723+0000] {subprocess.py:93} INFO - 	at org.apache.spark.rdd.RDD.$anonfun$mapPartitionsInternal$2$adapted(RDD.scala:893)
[2025-05-23T09:22:39.723+0000] {subprocess.py:93} INFO - 	at org.apache.spark.rdd.MapPartitionsRDD.compute(MapPartitionsRDD.scala:52)
[2025-05-23T09:22:39.724+0000] {subprocess.py:93} INFO - 	at org.apache.spark.rdd.RDD.computeOrReadCheckpoint(RDD.scala:367)
[2025-05-23T09:22:39.726+0000] {subprocess.py:93} INFO - 	at org.apache.spark.rdd.RDD.iterator(RDD.scala:331)
[2025-05-23T09:22:39.728+0000] {subprocess.py:93} INFO - 	at org.apache.spark.scheduler.ResultTask.runTask(ResultTask.scala:93)
[2025-05-23T09:22:39.729+0000] {subprocess.py:93} INFO - 	at org.apache.spark.TaskContext.runTaskWithListeners(TaskContext.scala:166)
[2025-05-23T09:22:39.730+0000] {subprocess.py:93} INFO - 	at org.apache.spark.scheduler.Task.run(Task.scala:141)
[2025-05-23T09:22:39.732+0000] {subprocess.py:93} INFO - 	at org.apache.spark.executor.Executor$TaskRunner.$anonfun$run$4(Executor.scala:620)
[2025-05-23T09:22:39.734+0000] {subprocess.py:93} INFO - 	at org.apache.spark.util.SparkErrorUtils.tryWithSafeFinally(SparkErrorUtils.scala:64)
[2025-05-23T09:22:39.736+0000] {subprocess.py:93} INFO - 	at org.apache.spark.util.SparkErrorUtils.tryWithSafeFinally$(SparkErrorUtils.scala:61)
[2025-05-23T09:22:39.737+0000] {subprocess.py:93} INFO - 	at org.apache.spark.util.Utils$.tryWithSafeFinally(Utils.scala:94)
[2025-05-23T09:22:39.738+0000] {subprocess.py:93} INFO - 	at org.apache.spark.executor.Executor$TaskRunner.run(Executor.scala:623)
[2025-05-23T09:22:39.739+0000] {subprocess.py:93} INFO - 	at java.base/java.util.concurrent.ThreadPoolExecutor.runWorker(Unknown Source)
[2025-05-23T09:22:39.741+0000] {subprocess.py:93} INFO - 	at java.base/java.util.concurrent.ThreadPoolExecutor$Worker.run(Unknown Source)
[2025-05-23T09:22:39.742+0000] {subprocess.py:93} INFO - 	at java.base/java.lang.Thread.run(Unknown Source)
[2025-05-23T09:22:39.743+0000] {subprocess.py:93} INFO - Caused by: java.io.IOException: All datanodes [DatanodeInfoWithStorage[172.18.0.11:9866,DS-1329ffcc-669b-477c-906b-25bd31ff782a,DISK]] are bad. Aborting...
[2025-05-23T09:22:39.743+0000] {subprocess.py:93} INFO - 	at org.apache.hadoop.hdfs.DataStreamer.handleBadDatanode(DataStreamer.java:1609)
[2025-05-23T09:22:39.744+0000] {subprocess.py:93} INFO - 	at org.apache.hadoop.hdfs.DataStreamer.setupPipelineInternal(DataStreamer.java:1543)
[2025-05-23T09:22:39.745+0000] {subprocess.py:93} INFO - 	at org.apache.hadoop.hdfs.DataStreamer.setupPipelineForAppendOrRecovery(DataStreamer.java:1529)
[2025-05-23T09:22:39.746+0000] {subprocess.py:93} INFO - 	at org.apache.hadoop.hdfs.DataStreamer.processDatanodeOrExternalError(DataStreamer.java:1305)
[2025-05-23T09:22:39.746+0000] {subprocess.py:93} INFO - 	at org.apache.hadoop.hdfs.DataStreamer.run(DataStreamer.java:668)
[2025-05-23T09:22:39.747+0000] {subprocess.py:93} INFO - 25/05/23 09:22:39 WARN FileOutputCommitter: Could not delete hdfs://namenode:9000/user/root/datalake/fact_transactions/YYYY=2025/MM=05/DD=23/_temporary/0/_temporary/attempt_202505230922342505561438137515910_0012_m_000000_8
[2025-05-23T09:22:39.748+0000] {subprocess.py:93} INFO - 25/05/23 09:22:39 ERROR FileFormatWriter: Job job_202505230922342505561438137515910_0012 aborted.
[2025-05-23T09:22:39.756+0000] {subprocess.py:93} INFO - 25/05/23 09:22:39 ERROR Executor: Exception in task 0.0 in stage 12.0 (TID 8)
[2025-05-23T09:22:39.757+0000] {subprocess.py:93} INFO - org.apache.spark.SparkException: [TASK_WRITE_FAILED] Task failed while writing rows to hdfs://namenode:9000/user/root/datalake/fact_transactions/YYYY=2025/MM=05/DD=23.
[2025-05-23T09:22:39.758+0000] {subprocess.py:93} INFO - 	at org.apache.spark.sql.errors.QueryExecutionErrors$.taskFailedWhileWritingRowsError(QueryExecutionErrors.scala:775)
[2025-05-23T09:22:39.758+0000] {subprocess.py:93} INFO - 	at org.apache.spark.sql.execution.datasources.FileFormatWriter$.executeTask(FileFormatWriter.scala:420)
[2025-05-23T09:22:39.759+0000] {subprocess.py:93} INFO - 	at org.apache.spark.sql.execution.datasources.WriteFilesExec.$anonfun$doExecuteWrite$1(WriteFiles.scala:100)
[2025-05-23T09:22:39.763+0000] {subprocess.py:93} INFO - 	at org.apache.spark.rdd.RDD.$anonfun$mapPartitionsInternal$2(RDD.scala:893)
[2025-05-23T09:22:39.764+0000] {subprocess.py:93} INFO - 	at org.apache.spark.rdd.RDD.$anonfun$mapPartitionsInternal$2$adapted(RDD.scala:893)
[2025-05-23T09:22:39.768+0000] {subprocess.py:93} INFO - 	at org.apache.spark.rdd.MapPartitionsRDD.compute(MapPartitionsRDD.scala:52)
[2025-05-23T09:22:39.769+0000] {subprocess.py:93} INFO - 	at org.apache.spark.rdd.RDD.computeOrReadCheckpoint(RDD.scala:367)
[2025-05-23T09:22:39.770+0000] {subprocess.py:93} INFO - 	at org.apache.spark.rdd.RDD.iterator(RDD.scala:331)
[2025-05-23T09:22:39.771+0000] {subprocess.py:93} INFO - 	at org.apache.spark.scheduler.ResultTask.runTask(ResultTask.scala:93)
[2025-05-23T09:22:39.772+0000] {subprocess.py:93} INFO - 	at org.apache.spark.TaskContext.runTaskWithListeners(TaskContext.scala:166)
[2025-05-23T09:22:39.773+0000] {subprocess.py:93} INFO - 	at org.apache.spark.scheduler.Task.run(Task.scala:141)
[2025-05-23T09:22:39.773+0000] {subprocess.py:93} INFO - 	at org.apache.spark.executor.Executor$TaskRunner.$anonfun$run$4(Executor.scala:620)
[2025-05-23T09:22:39.774+0000] {subprocess.py:93} INFO - 	at org.apache.spark.util.SparkErrorUtils.tryWithSafeFinally(SparkErrorUtils.scala:64)
[2025-05-23T09:22:39.775+0000] {subprocess.py:93} INFO - 	at org.apache.spark.util.SparkErrorUtils.tryWithSafeFinally$(SparkErrorUtils.scala:61)
[2025-05-23T09:22:39.777+0000] {subprocess.py:93} INFO - 	at org.apache.spark.util.Utils$.tryWithSafeFinally(Utils.scala:94)
[2025-05-23T09:22:39.778+0000] {subprocess.py:93} INFO - 	at org.apache.spark.executor.Executor$TaskRunner.run(Executor.scala:623)
[2025-05-23T09:22:39.779+0000] {subprocess.py:93} INFO - 	at java.base/java.util.concurrent.ThreadPoolExecutor.runWorker(Unknown Source)
[2025-05-23T09:22:39.781+0000] {subprocess.py:93} INFO - 	at java.base/java.util.concurrent.ThreadPoolExecutor$Worker.run(Unknown Source)
[2025-05-23T09:22:39.784+0000] {subprocess.py:93} INFO - 	at java.base/java.lang.Thread.run(Unknown Source)
[2025-05-23T09:22:39.785+0000] {subprocess.py:93} INFO - Caused by: java.lang.IllegalStateException: Error closing the output.
[2025-05-23T09:22:39.786+0000] {subprocess.py:93} INFO - 	at com.univocity.parsers.common.AbstractWriter.close(AbstractWriter.java:1000)
[2025-05-23T09:22:39.787+0000] {subprocess.py:93} INFO - 	at org.apache.spark.sql.catalyst.csv.UnivocityGenerator.close(UnivocityGenerator.scala:124)
[2025-05-23T09:22:39.788+0000] {subprocess.py:93} INFO - 	at org.apache.spark.sql.execution.datasources.csv.CsvOutputWriter.close(CsvOutputWriter.scala:48)
[2025-05-23T09:22:39.788+0000] {subprocess.py:93} INFO - 	at org.apache.spark.sql.execution.datasources.FileFormatDataWriter.releaseCurrentWriter(FileFormatDataWriter.scala:64)
[2025-05-23T09:22:39.789+0000] {subprocess.py:93} INFO - 	at org.apache.spark.sql.execution.datasources.FileFormatDataWriter.releaseResources(FileFormatDataWriter.scala:75)
[2025-05-23T09:22:39.790+0000] {subprocess.py:93} INFO - 	at org.apache.spark.sql.execution.datasources.FileFormatDataWriter.commit(FileFormatDataWriter.scala:105)
[2025-05-23T09:22:39.791+0000] {subprocess.py:93} INFO - 	at org.apache.spark.sql.execution.datasources.FileFormatWriter$.$anonfun$executeTask$1(FileFormatWriter.scala:404)
[2025-05-23T09:22:39.791+0000] {subprocess.py:93} INFO - 	at org.apache.spark.util.Utils$.tryWithSafeFinallyAndFailureCallbacks(Utils.scala:1397)
[2025-05-23T09:22:39.792+0000] {subprocess.py:93} INFO - 	at org.apache.spark.sql.execution.datasources.FileFormatWriter$.executeTask(FileFormatWriter.scala:410)
[2025-05-23T09:22:39.793+0000] {subprocess.py:93} INFO - 	... 17 more
[2025-05-23T09:22:39.793+0000] {subprocess.py:93} INFO - Caused by: java.io.IOException: All datanodes [DatanodeInfoWithStorage[172.18.0.11:9866,DS-1329ffcc-669b-477c-906b-25bd31ff782a,DISK]] are bad. Aborting...
[2025-05-23T09:22:39.794+0000] {subprocess.py:93} INFO - 	at org.apache.hadoop.hdfs.DataStreamer.handleBadDatanode(DataStreamer.java:1609)
[2025-05-23T09:22:39.795+0000] {subprocess.py:93} INFO - 	at org.apache.hadoop.hdfs.DataStreamer.setupPipelineInternal(DataStreamer.java:1543)
[2025-05-23T09:22:39.796+0000] {subprocess.py:93} INFO - 	at org.apache.hadoop.hdfs.DataStreamer.setupPipelineForAppendOrRecovery(DataStreamer.java:1529)
[2025-05-23T09:22:39.803+0000] {subprocess.py:93} INFO - 	at org.apache.hadoop.hdfs.DataStreamer.processDatanodeOrExternalError(DataStreamer.java:1305)
[2025-05-23T09:22:39.804+0000] {subprocess.py:93} INFO - 	at org.apache.hadoop.hdfs.DataStreamer.run(DataStreamer.java:668)
[2025-05-23T09:22:39.839+0000] {subprocess.py:93} INFO - 25/05/23 09:22:39 WARN TaskSetManager: Lost task 0.0 in stage 12.0 (TID 8) (264ef0952d86 executor driver): org.apache.spark.SparkException: [TASK_WRITE_FAILED] Task failed while writing rows to hdfs://namenode:9000/user/root/datalake/fact_transactions/YYYY=2025/MM=05/DD=23.
[2025-05-23T09:22:39.849+0000] {subprocess.py:93} INFO - 	at org.apache.spark.sql.errors.QueryExecutionErrors$.taskFailedWhileWritingRowsError(QueryExecutionErrors.scala:775)
[2025-05-23T09:22:39.857+0000] {subprocess.py:93} INFO - 	at org.apache.spark.sql.execution.datasources.FileFormatWriter$.executeTask(FileFormatWriter.scala:420)
[2025-05-23T09:22:39.870+0000] {subprocess.py:93} INFO - 	at org.apache.spark.sql.execution.datasources.WriteFilesExec.$anonfun$doExecuteWrite$1(WriteFiles.scala:100)
[2025-05-23T09:22:39.886+0000] {subprocess.py:93} INFO - 	at org.apache.spark.rdd.RDD.$anonfun$mapPartitionsInternal$2(RDD.scala:893)
[2025-05-23T09:22:39.898+0000] {subprocess.py:93} INFO - 	at org.apache.spark.rdd.RDD.$anonfun$mapPartitionsInternal$2$adapted(RDD.scala:893)
[2025-05-23T09:22:39.910+0000] {subprocess.py:93} INFO - 	at org.apache.spark.rdd.MapPartitionsRDD.compute(MapPartitionsRDD.scala:52)
[2025-05-23T09:22:39.918+0000] {subprocess.py:93} INFO - 	at org.apache.spark.rdd.RDD.computeOrReadCheckpoint(RDD.scala:367)
[2025-05-23T09:22:39.931+0000] {subprocess.py:93} INFO - 	at org.apache.spark.rdd.RDD.iterator(RDD.scala:331)
[2025-05-23T09:22:39.935+0000] {subprocess.py:93} INFO - 	at org.apache.spark.scheduler.ResultTask.runTask(ResultTask.scala:93)
[2025-05-23T09:22:39.940+0000] {subprocess.py:93} INFO - 	at org.apache.spark.TaskContext.runTaskWithListeners(TaskContext.scala:166)
[2025-05-23T09:22:39.947+0000] {subprocess.py:93} INFO - 	at org.apache.spark.scheduler.Task.run(Task.scala:141)
[2025-05-23T09:22:39.969+0000] {subprocess.py:93} INFO - 	at org.apache.spark.executor.Executor$TaskRunner.$anonfun$run$4(Executor.scala:620)
[2025-05-23T09:22:39.986+0000] {subprocess.py:93} INFO - 	at org.apache.spark.util.SparkErrorUtils.tryWithSafeFinally(SparkErrorUtils.scala:64)
[2025-05-23T09:22:39.988+0000] {subprocess.py:93} INFO - 	at org.apache.spark.util.SparkErrorUtils.tryWithSafeFinally$(SparkErrorUtils.scala:61)
[2025-05-23T09:22:39.992+0000] {subprocess.py:93} INFO - 	at org.apache.spark.util.Utils$.tryWithSafeFinally(Utils.scala:94)
[2025-05-23T09:22:39.997+0000] {subprocess.py:93} INFO - 	at org.apache.spark.executor.Executor$TaskRunner.run(Executor.scala:623)
[2025-05-23T09:22:40.009+0000] {subprocess.py:93} INFO - 	at java.base/java.util.concurrent.ThreadPoolExecutor.runWorker(Unknown Source)
[2025-05-23T09:22:40.018+0000] {subprocess.py:93} INFO - 	at java.base/java.util.concurrent.ThreadPoolExecutor$Worker.run(Unknown Source)
[2025-05-23T09:22:40.026+0000] {subprocess.py:93} INFO - 	at java.base/java.lang.Thread.run(Unknown Source)
[2025-05-23T09:22:40.035+0000] {subprocess.py:93} INFO - Caused by: java.lang.IllegalStateException: Error closing the output.
[2025-05-23T09:22:40.048+0000] {subprocess.py:93} INFO - 	at com.univocity.parsers.common.AbstractWriter.close(AbstractWriter.java:1000)
[2025-05-23T09:22:40.065+0000] {subprocess.py:93} INFO - 	at org.apache.spark.sql.catalyst.csv.UnivocityGenerator.close(UnivocityGenerator.scala:124)
[2025-05-23T09:22:40.069+0000] {subprocess.py:93} INFO - 	at org.apache.spark.sql.execution.datasources.csv.CsvOutputWriter.close(CsvOutputWriter.scala:48)
[2025-05-23T09:22:40.078+0000] {subprocess.py:93} INFO - 	at org.apache.spark.sql.execution.datasources.FileFormatDataWriter.releaseCurrentWriter(FileFormatDataWriter.scala:64)
[2025-05-23T09:22:40.080+0000] {subprocess.py:93} INFO - 	at org.apache.spark.sql.execution.datasources.FileFormatDataWriter.releaseResources(FileFormatDataWriter.scala:75)
[2025-05-23T09:22:40.088+0000] {subprocess.py:93} INFO - 	at org.apache.spark.sql.execution.datasources.FileFormatDataWriter.commit(FileFormatDataWriter.scala:105)
[2025-05-23T09:22:40.092+0000] {subprocess.py:93} INFO - 	at org.apache.spark.sql.execution.datasources.FileFormatWriter$.$anonfun$executeTask$1(FileFormatWriter.scala:404)
[2025-05-23T09:22:40.108+0000] {subprocess.py:93} INFO - 	at org.apache.spark.util.Utils$.tryWithSafeFinallyAndFailureCallbacks(Utils.scala:1397)
[2025-05-23T09:22:40.116+0000] {subprocess.py:93} INFO - 	at org.apache.spark.sql.execution.datasources.FileFormatWriter$.executeTask(FileFormatWriter.scala:410)
[2025-05-23T09:22:40.121+0000] {subprocess.py:93} INFO - 	... 17 more
[2025-05-23T09:22:40.128+0000] {subprocess.py:93} INFO - Caused by: java.io.IOException: All datanodes [DatanodeInfoWithStorage[172.18.0.11:9866,DS-1329ffcc-669b-477c-906b-25bd31ff782a,DISK]] are bad. Aborting...
[2025-05-23T09:22:40.130+0000] {subprocess.py:93} INFO - 	at org.apache.hadoop.hdfs.DataStreamer.handleBadDatanode(DataStreamer.java:1609)
[2025-05-23T09:22:40.133+0000] {subprocess.py:93} INFO - 	at org.apache.hadoop.hdfs.DataStreamer.setupPipelineInternal(DataStreamer.java:1543)
[2025-05-23T09:22:40.141+0000] {subprocess.py:93} INFO - 	at org.apache.hadoop.hdfs.DataStreamer.setupPipelineForAppendOrRecovery(DataStreamer.java:1529)
[2025-05-23T09:22:40.142+0000] {subprocess.py:93} INFO - 	at org.apache.hadoop.hdfs.DataStreamer.processDatanodeOrExternalError(DataStreamer.java:1305)
[2025-05-23T09:22:40.143+0000] {subprocess.py:93} INFO - 	at org.apache.hadoop.hdfs.DataStreamer.run(DataStreamer.java:668)
[2025-05-23T09:22:40.143+0000] {subprocess.py:93} INFO - 
[2025-05-23T09:22:40.144+0000] {subprocess.py:93} INFO - 25/05/23 09:22:39 ERROR TaskSetManager: Task 0 in stage 12.0 failed 1 times; aborting job
[2025-05-23T09:22:40.144+0000] {subprocess.py:93} INFO - 25/05/23 09:22:39 ERROR FileFormatWriter: Aborting job c65ca6d6-90c9-40f1-b5d2-debcf8f9cc4f.
[2025-05-23T09:22:40.145+0000] {subprocess.py:93} INFO - org.apache.spark.SparkException: Job aborted due to stage failure: Task 0 in stage 12.0 failed 1 times, most recent failure: Lost task 0.0 in stage 12.0 (TID 8) (264ef0952d86 executor driver): org.apache.spark.SparkException: [TASK_WRITE_FAILED] Task failed while writing rows to hdfs://namenode:9000/user/root/datalake/fact_transactions/YYYY=2025/MM=05/DD=23.
[2025-05-23T09:22:40.146+0000] {subprocess.py:93} INFO - 	at org.apache.spark.sql.errors.QueryExecutionErrors$.taskFailedWhileWritingRowsError(QueryExecutionErrors.scala:775)
[2025-05-23T09:22:40.146+0000] {subprocess.py:93} INFO - 	at org.apache.spark.sql.execution.datasources.FileFormatWriter$.executeTask(FileFormatWriter.scala:420)
[2025-05-23T09:22:40.147+0000] {subprocess.py:93} INFO - 	at org.apache.spark.sql.execution.datasources.WriteFilesExec.$anonfun$doExecuteWrite$1(WriteFiles.scala:100)
[2025-05-23T09:22:40.147+0000] {subprocess.py:93} INFO - 	at org.apache.spark.rdd.RDD.$anonfun$mapPartitionsInternal$2(RDD.scala:893)
[2025-05-23T09:22:40.154+0000] {subprocess.py:93} INFO - 	at org.apache.spark.rdd.RDD.$anonfun$mapPartitionsInternal$2$adapted(RDD.scala:893)
[2025-05-23T09:22:40.155+0000] {subprocess.py:93} INFO - 	at org.apache.spark.rdd.MapPartitionsRDD.compute(MapPartitionsRDD.scala:52)
[2025-05-23T09:22:40.159+0000] {subprocess.py:93} INFO - 	at org.apache.spark.rdd.RDD.computeOrReadCheckpoint(RDD.scala:367)
[2025-05-23T09:22:40.160+0000] {subprocess.py:93} INFO - 	at org.apache.spark.rdd.RDD.iterator(RDD.scala:331)
[2025-05-23T09:22:40.161+0000] {subprocess.py:93} INFO - 	at org.apache.spark.scheduler.ResultTask.runTask(ResultTask.scala:93)
[2025-05-23T09:22:40.162+0000] {subprocess.py:93} INFO - 	at org.apache.spark.TaskContext.runTaskWithListeners(TaskContext.scala:166)
[2025-05-23T09:22:40.164+0000] {subprocess.py:93} INFO - 	at org.apache.spark.scheduler.Task.run(Task.scala:141)
[2025-05-23T09:22:40.164+0000] {subprocess.py:93} INFO - 	at org.apache.spark.executor.Executor$TaskRunner.$anonfun$run$4(Executor.scala:620)
[2025-05-23T09:22:40.198+0000] {subprocess.py:93} INFO - 	at org.apache.spark.util.SparkErrorUtils.tryWithSafeFinally(SparkErrorUtils.scala:64)
[2025-05-23T09:22:40.221+0000] {subprocess.py:93} INFO - 	at org.apache.spark.util.SparkErrorUtils.tryWithSafeFinally$(SparkErrorUtils.scala:61)
[2025-05-23T09:22:40.238+0000] {subprocess.py:93} INFO - 	at org.apache.spark.util.Utils$.tryWithSafeFinally(Utils.scala:94)
[2025-05-23T09:22:40.244+0000] {subprocess.py:93} INFO - 	at org.apache.spark.executor.Executor$TaskRunner.run(Executor.scala:623)
[2025-05-23T09:22:40.245+0000] {subprocess.py:93} INFO - 	at java.base/java.util.concurrent.ThreadPoolExecutor.runWorker(Unknown Source)
[2025-05-23T09:22:40.246+0000] {subprocess.py:93} INFO - 	at java.base/java.util.concurrent.ThreadPoolExecutor$Worker.run(Unknown Source)
[2025-05-23T09:22:40.247+0000] {subprocess.py:93} INFO - 	at java.base/java.lang.Thread.run(Unknown Source)
[2025-05-23T09:22:40.248+0000] {subprocess.py:93} INFO - Caused by: java.lang.IllegalStateException: Error closing the output.
[2025-05-23T09:22:40.254+0000] {subprocess.py:93} INFO - 	at com.univocity.parsers.common.AbstractWriter.close(AbstractWriter.java:1000)
[2025-05-23T09:22:40.255+0000] {subprocess.py:93} INFO - 	at org.apache.spark.sql.catalyst.csv.UnivocityGenerator.close(UnivocityGenerator.scala:124)
[2025-05-23T09:22:40.256+0000] {subprocess.py:93} INFO - 	at org.apache.spark.sql.execution.datasources.csv.CsvOutputWriter.close(CsvOutputWriter.scala:48)
[2025-05-23T09:22:40.256+0000] {subprocess.py:93} INFO - 	at org.apache.spark.sql.execution.datasources.FileFormatDataWriter.releaseCurrentWriter(FileFormatDataWriter.scala:64)
[2025-05-23T09:22:40.257+0000] {subprocess.py:93} INFO - 	at org.apache.spark.sql.execution.datasources.FileFormatDataWriter.releaseResources(FileFormatDataWriter.scala:75)
[2025-05-23T09:22:40.261+0000] {subprocess.py:93} INFO - 	at org.apache.spark.sql.execution.datasources.FileFormatDataWriter.commit(FileFormatDataWriter.scala:105)
[2025-05-23T09:22:40.262+0000] {subprocess.py:93} INFO - 	at org.apache.spark.sql.execution.datasources.FileFormatWriter$.$anonfun$executeTask$1(FileFormatWriter.scala:404)
[2025-05-23T09:22:40.263+0000] {subprocess.py:93} INFO - 	at org.apache.spark.util.Utils$.tryWithSafeFinallyAndFailureCallbacks(Utils.scala:1397)
[2025-05-23T09:22:40.263+0000] {subprocess.py:93} INFO - 	at org.apache.spark.sql.execution.datasources.FileFormatWriter$.executeTask(FileFormatWriter.scala:410)
[2025-05-23T09:22:40.264+0000] {subprocess.py:93} INFO - 	... 17 more
[2025-05-23T09:22:40.265+0000] {subprocess.py:93} INFO - Caused by: java.io.IOException: All datanodes [DatanodeInfoWithStorage[172.18.0.11:9866,DS-1329ffcc-669b-477c-906b-25bd31ff782a,DISK]] are bad. Aborting...
[2025-05-23T09:22:40.266+0000] {subprocess.py:93} INFO - 	at org.apache.hadoop.hdfs.DataStreamer.handleBadDatanode(DataStreamer.java:1609)
[2025-05-23T09:22:40.266+0000] {subprocess.py:93} INFO - 	at org.apache.hadoop.hdfs.DataStreamer.setupPipelineInternal(DataStreamer.java:1543)
[2025-05-23T09:22:40.267+0000] {subprocess.py:93} INFO - 	at org.apache.hadoop.hdfs.DataStreamer.setupPipelineForAppendOrRecovery(DataStreamer.java:1529)
[2025-05-23T09:22:40.268+0000] {subprocess.py:93} INFO - 	at org.apache.hadoop.hdfs.DataStreamer.processDatanodeOrExternalError(DataStreamer.java:1305)
[2025-05-23T09:22:40.269+0000] {subprocess.py:93} INFO - 	at org.apache.hadoop.hdfs.DataStreamer.run(DataStreamer.java:668)
[2025-05-23T09:22:40.270+0000] {subprocess.py:93} INFO - 
[2025-05-23T09:22:40.271+0000] {subprocess.py:93} INFO - Driver stacktrace:
[2025-05-23T09:22:40.272+0000] {subprocess.py:93} INFO - 	at org.apache.spark.scheduler.DAGScheduler.failJobAndIndependentStages(DAGScheduler.scala:2856)
[2025-05-23T09:22:40.272+0000] {subprocess.py:93} INFO - 	at org.apache.spark.scheduler.DAGScheduler.$anonfun$abortStage$2(DAGScheduler.scala:2792)
[2025-05-23T09:22:40.273+0000] {subprocess.py:93} INFO - 	at org.apache.spark.scheduler.DAGScheduler.$anonfun$abortStage$2$adapted(DAGScheduler.scala:2791)
[2025-05-23T09:22:40.273+0000] {subprocess.py:93} INFO - 	at scala.collection.mutable.ResizableArray.foreach(ResizableArray.scala:62)
[2025-05-23T09:22:40.274+0000] {subprocess.py:93} INFO - 	at scala.collection.mutable.ResizableArray.foreach$(ResizableArray.scala:55)
[2025-05-23T09:22:40.277+0000] {subprocess.py:93} INFO - 	at scala.collection.mutable.ArrayBuffer.foreach(ArrayBuffer.scala:49)
[2025-05-23T09:22:40.278+0000] {subprocess.py:93} INFO - 	at org.apache.spark.scheduler.DAGScheduler.abortStage(DAGScheduler.scala:2791)
[2025-05-23T09:22:40.281+0000] {subprocess.py:93} INFO - 	at org.apache.spark.scheduler.DAGScheduler.$anonfun$handleTaskSetFailed$1(DAGScheduler.scala:1247)
[2025-05-23T09:22:40.283+0000] {subprocess.py:93} INFO - 	at org.apache.spark.scheduler.DAGScheduler.$anonfun$handleTaskSetFailed$1$adapted(DAGScheduler.scala:1247)
[2025-05-23T09:22:40.286+0000] {subprocess.py:93} INFO - 	at scala.Option.foreach(Option.scala:407)
[2025-05-23T09:22:40.287+0000] {subprocess.py:93} INFO - 	at org.apache.spark.scheduler.DAGScheduler.handleTaskSetFailed(DAGScheduler.scala:1247)
[2025-05-23T09:22:40.288+0000] {subprocess.py:93} INFO - 	at org.apache.spark.scheduler.DAGSchedulerEventProcessLoop.doOnReceive(DAGScheduler.scala:3060)
[2025-05-23T09:22:40.289+0000] {subprocess.py:93} INFO - 	at org.apache.spark.scheduler.DAGSchedulerEventProcessLoop.onReceive(DAGScheduler.scala:2994)
[2025-05-23T09:22:40.290+0000] {subprocess.py:93} INFO - 	at org.apache.spark.scheduler.DAGSchedulerEventProcessLoop.onReceive(DAGScheduler.scala:2983)
[2025-05-23T09:22:40.290+0000] {subprocess.py:93} INFO - 	at org.apache.spark.util.EventLoop$$anon$1.run(EventLoop.scala:49)
[2025-05-23T09:22:40.291+0000] {subprocess.py:93} INFO - 	at org.apache.spark.scheduler.DAGScheduler.runJob(DAGScheduler.scala:989)
[2025-05-23T09:22:40.292+0000] {subprocess.py:93} INFO - 	at org.apache.spark.SparkContext.runJob(SparkContext.scala:2393)
[2025-05-23T09:22:40.292+0000] {subprocess.py:93} INFO - 	at org.apache.spark.sql.execution.datasources.FileFormatWriter$.$anonfun$executeWrite$4(FileFormatWriter.scala:307)
[2025-05-23T09:22:40.293+0000] {subprocess.py:93} INFO - 	at org.apache.spark.sql.execution.datasources.FileFormatWriter$.writeAndCommit(FileFormatWriter.scala:271)
[2025-05-23T09:22:40.293+0000] {subprocess.py:93} INFO - 	at org.apache.spark.sql.execution.datasources.FileFormatWriter$.executeWrite(FileFormatWriter.scala:304)
[2025-05-23T09:22:40.294+0000] {subprocess.py:93} INFO - 	at org.apache.spark.sql.execution.datasources.FileFormatWriter$.write(FileFormatWriter.scala:190)
[2025-05-23T09:22:40.296+0000] {subprocess.py:93} INFO - 	at org.apache.spark.sql.execution.datasources.InsertIntoHadoopFsRelationCommand.run(InsertIntoHadoopFsRelationCommand.scala:190)
[2025-05-23T09:22:40.298+0000] {subprocess.py:93} INFO - 	at org.apache.spark.sql.execution.command.DataWritingCommandExec.sideEffectResult$lzycompute(commands.scala:113)
[2025-05-23T09:22:40.299+0000] {subprocess.py:93} INFO - 	at org.apache.spark.sql.execution.command.DataWritingCommandExec.sideEffectResult(commands.scala:111)
[2025-05-23T09:22:40.300+0000] {subprocess.py:93} INFO - 	at org.apache.spark.sql.execution.command.DataWritingCommandExec.executeCollect(commands.scala:125)
[2025-05-23T09:22:40.302+0000] {subprocess.py:93} INFO - 	at org.apache.spark.sql.execution.adaptive.AdaptiveSparkPlanExec.$anonfun$executeCollect$1(AdaptiveSparkPlanExec.scala:392)
[2025-05-23T09:22:40.304+0000] {subprocess.py:93} INFO - 	at org.apache.spark.sql.execution.adaptive.AdaptiveSparkPlanExec.withFinalPlanUpdate(AdaptiveSparkPlanExec.scala:420)
[2025-05-23T09:22:40.304+0000] {subprocess.py:93} INFO - 	at org.apache.spark.sql.execution.adaptive.AdaptiveSparkPlanExec.executeCollect(AdaptiveSparkPlanExec.scala:392)
[2025-05-23T09:22:40.305+0000] {subprocess.py:93} INFO - 	at org.apache.spark.sql.execution.QueryExecution$$anonfun$eagerlyExecuteCommands$1.$anonfun$applyOrElse$1(QueryExecution.scala:107)
[2025-05-23T09:22:40.306+0000] {subprocess.py:93} INFO - 	at org.apache.spark.sql.execution.SQLExecution$.$anonfun$withNewExecutionId$6(SQLExecution.scala:125)
[2025-05-23T09:22:40.307+0000] {subprocess.py:93} INFO - 	at org.apache.spark.sql.execution.SQLExecution$.withSQLConfPropagated(SQLExecution.scala:201)
[2025-05-23T09:22:40.307+0000] {subprocess.py:93} INFO - 	at org.apache.spark.sql.execution.SQLExecution$.$anonfun$withNewExecutionId$1(SQLExecution.scala:108)
[2025-05-23T09:22:40.308+0000] {subprocess.py:93} INFO - 	at org.apache.spark.sql.SparkSession.withActive(SparkSession.scala:900)
[2025-05-23T09:22:40.308+0000] {subprocess.py:93} INFO - 	at org.apache.spark.sql.execution.SQLExecution$.withNewExecutionId(SQLExecution.scala:66)
[2025-05-23T09:22:40.309+0000] {subprocess.py:93} INFO - 	at org.apache.spark.sql.execution.QueryExecution$$anonfun$eagerlyExecuteCommands$1.applyOrElse(QueryExecution.scala:107)
[2025-05-23T09:22:40.310+0000] {subprocess.py:93} INFO - 	at org.apache.spark.sql.execution.QueryExecution$$anonfun$eagerlyExecuteCommands$1.applyOrElse(QueryExecution.scala:98)
[2025-05-23T09:22:40.311+0000] {subprocess.py:93} INFO - 	at org.apache.spark.sql.catalyst.trees.TreeNode.$anonfun$transformDownWithPruning$1(TreeNode.scala:461)
[2025-05-23T09:22:40.312+0000] {subprocess.py:93} INFO - 	at org.apache.spark.sql.catalyst.trees.CurrentOrigin$.withOrigin(origin.scala:76)
[2025-05-23T09:22:40.312+0000] {subprocess.py:93} INFO - 	at org.apache.spark.sql.catalyst.trees.TreeNode.transformDownWithPruning(TreeNode.scala:461)
[2025-05-23T09:22:40.313+0000] {subprocess.py:93} INFO - 	at org.apache.spark.sql.catalyst.plans.logical.LogicalPlan.org$apache$spark$sql$catalyst$plans$logical$AnalysisHelper$$super$transformDownWithPruning(LogicalPlan.scala:32)
[2025-05-23T09:22:40.316+0000] {subprocess.py:93} INFO - 	at org.apache.spark.sql.catalyst.plans.logical.AnalysisHelper.transformDownWithPruning(AnalysisHelper.scala:267)
[2025-05-23T09:22:40.322+0000] {subprocess.py:93} INFO - 	at org.apache.spark.sql.catalyst.plans.logical.AnalysisHelper.transformDownWithPruning$(AnalysisHelper.scala:263)
[2025-05-23T09:22:40.323+0000] {subprocess.py:93} INFO - 	at org.apache.spark.sql.catalyst.plans.logical.LogicalPlan.transformDownWithPruning(LogicalPlan.scala:32)
[2025-05-23T09:22:40.324+0000] {subprocess.py:93} INFO - 	at org.apache.spark.sql.catalyst.plans.logical.LogicalPlan.transformDownWithPruning(LogicalPlan.scala:32)
[2025-05-23T09:22:40.325+0000] {subprocess.py:93} INFO - 	at org.apache.spark.sql.catalyst.trees.TreeNode.transformDown(TreeNode.scala:437)
[2025-05-23T09:22:40.326+0000] {subprocess.py:93} INFO - 	at org.apache.spark.sql.execution.QueryExecution.eagerlyExecuteCommands(QueryExecution.scala:98)
[2025-05-23T09:22:40.327+0000] {subprocess.py:93} INFO - 	at org.apache.spark.sql.execution.QueryExecution.commandExecuted$lzycompute(QueryExecution.scala:85)
[2025-05-23T09:22:40.328+0000] {subprocess.py:93} INFO - 	at org.apache.spark.sql.execution.QueryExecution.commandExecuted(QueryExecution.scala:83)
[2025-05-23T09:22:40.329+0000] {subprocess.py:93} INFO - 	at org.apache.spark.sql.execution.QueryExecution.assertCommandExecuted(QueryExecution.scala:142)
[2025-05-23T09:22:40.330+0000] {subprocess.py:93} INFO - 	at org.apache.spark.sql.DataFrameWriter.runCommand(DataFrameWriter.scala:869)
[2025-05-23T09:22:40.330+0000] {subprocess.py:93} INFO - 	at org.apache.spark.sql.DataFrameWriter.saveToV1Source(DataFrameWriter.scala:391)
[2025-05-23T09:22:40.331+0000] {subprocess.py:93} INFO - 	at org.apache.spark.sql.DataFrameWriter.saveInternal(DataFrameWriter.scala:364)
[2025-05-23T09:22:40.331+0000] {subprocess.py:93} INFO - 	at org.apache.spark.sql.DataFrameWriter.save(DataFrameWriter.scala:243)
[2025-05-23T09:22:40.332+0000] {subprocess.py:93} INFO - 	at org.apache.spark.sql.DataFrameWriter.csv(DataFrameWriter.scala:860)
[2025-05-23T09:22:40.334+0000] {subprocess.py:93} INFO - 	at java.base/jdk.internal.reflect.NativeMethodAccessorImpl.invoke0(Native Method)
[2025-05-23T09:22:40.337+0000] {subprocess.py:93} INFO - 	at java.base/jdk.internal.reflect.NativeMethodAccessorImpl.invoke(Unknown Source)
[2025-05-23T09:22:40.338+0000] {subprocess.py:93} INFO - 	at java.base/jdk.internal.reflect.DelegatingMethodAccessorImpl.invoke(Unknown Source)
[2025-05-23T09:22:40.340+0000] {subprocess.py:93} INFO - 	at java.base/java.lang.reflect.Method.invoke(Unknown Source)
[2025-05-23T09:22:40.340+0000] {subprocess.py:93} INFO - 	at py4j.reflection.MethodInvoker.invoke(MethodInvoker.java:244)
[2025-05-23T09:22:40.341+0000] {subprocess.py:93} INFO - 	at py4j.reflection.ReflectionEngine.invoke(ReflectionEngine.java:374)
[2025-05-23T09:22:40.342+0000] {subprocess.py:93} INFO - 	at py4j.Gateway.invoke(Gateway.java:282)
[2025-05-23T09:22:40.343+0000] {subprocess.py:93} INFO - 	at py4j.commands.AbstractCommand.invokeMethod(AbstractCommand.java:132)
[2025-05-23T09:22:40.344+0000] {subprocess.py:93} INFO - 	at py4j.commands.CallCommand.execute(CallCommand.java:79)
[2025-05-23T09:22:40.345+0000] {subprocess.py:93} INFO - 	at py4j.ClientServerConnection.waitForCommands(ClientServerConnection.java:182)
[2025-05-23T09:22:40.346+0000] {subprocess.py:93} INFO - 	at py4j.ClientServerConnection.run(ClientServerConnection.java:106)
[2025-05-23T09:22:40.347+0000] {subprocess.py:93} INFO - 	at java.base/java.lang.Thread.run(Unknown Source)
[2025-05-23T09:22:40.350+0000] {subprocess.py:93} INFO - Caused by: org.apache.spark.SparkException: [TASK_WRITE_FAILED] Task failed while writing rows to hdfs://namenode:9000/user/root/datalake/fact_transactions/YYYY=2025/MM=05/DD=23.
[2025-05-23T09:22:40.353+0000] {subprocess.py:93} INFO - 	at org.apache.spark.sql.errors.QueryExecutionErrors$.taskFailedWhileWritingRowsError(QueryExecutionErrors.scala:775)
[2025-05-23T09:22:40.354+0000] {subprocess.py:93} INFO - 	at org.apache.spark.sql.execution.datasources.FileFormatWriter$.executeTask(FileFormatWriter.scala:420)
[2025-05-23T09:22:40.356+0000] {subprocess.py:93} INFO - 	at org.apache.spark.sql.execution.datasources.WriteFilesExec.$anonfun$doExecuteWrite$1(WriteFiles.scala:100)
[2025-05-23T09:22:40.359+0000] {subprocess.py:93} INFO - 	at org.apache.spark.rdd.RDD.$anonfun$mapPartitionsInternal$2(RDD.scala:893)
[2025-05-23T09:22:40.360+0000] {subprocess.py:93} INFO - 	at org.apache.spark.rdd.RDD.$anonfun$mapPartitionsInternal$2$adapted(RDD.scala:893)
[2025-05-23T09:22:40.361+0000] {subprocess.py:93} INFO - 	at org.apache.spark.rdd.MapPartitionsRDD.compute(MapPartitionsRDD.scala:52)
[2025-05-23T09:22:40.362+0000] {subprocess.py:93} INFO - 	at org.apache.spark.rdd.RDD.computeOrReadCheckpoint(RDD.scala:367)
[2025-05-23T09:22:40.363+0000] {subprocess.py:93} INFO - 	at org.apache.spark.rdd.RDD.iterator(RDD.scala:331)
[2025-05-23T09:22:40.363+0000] {subprocess.py:93} INFO - 	at org.apache.spark.scheduler.ResultTask.runTask(ResultTask.scala:93)
[2025-05-23T09:22:40.364+0000] {subprocess.py:93} INFO - 	at org.apache.spark.TaskContext.runTaskWithListeners(TaskContext.scala:166)
[2025-05-23T09:22:40.365+0000] {subprocess.py:93} INFO - 	at org.apache.spark.scheduler.Task.run(Task.scala:141)
[2025-05-23T09:22:40.366+0000] {subprocess.py:93} INFO - 	at org.apache.spark.executor.Executor$TaskRunner.$anonfun$run$4(Executor.scala:620)
[2025-05-23T09:22:40.367+0000] {subprocess.py:93} INFO - 	at org.apache.spark.util.SparkErrorUtils.tryWithSafeFinally(SparkErrorUtils.scala:64)
[2025-05-23T09:22:40.367+0000] {subprocess.py:93} INFO - 	at org.apache.spark.util.SparkErrorUtils.tryWithSafeFinally$(SparkErrorUtils.scala:61)
[2025-05-23T09:22:40.368+0000] {subprocess.py:93} INFO - 	at org.apache.spark.util.Utils$.tryWithSafeFinally(Utils.scala:94)
[2025-05-23T09:22:40.370+0000] {subprocess.py:93} INFO - 	at org.apache.spark.executor.Executor$TaskRunner.run(Executor.scala:623)
[2025-05-23T09:22:40.372+0000] {subprocess.py:93} INFO - 	at java.base/java.util.concurrent.ThreadPoolExecutor.runWorker(Unknown Source)
[2025-05-23T09:22:40.372+0000] {subprocess.py:93} INFO - 	at java.base/java.util.concurrent.ThreadPoolExecutor$Worker.run(Unknown Source)
[2025-05-23T09:22:40.374+0000] {subprocess.py:93} INFO - 	... 1 more
[2025-05-23T09:22:40.375+0000] {subprocess.py:93} INFO - Caused by: java.lang.IllegalStateException: Error closing the output.
[2025-05-23T09:22:40.376+0000] {subprocess.py:93} INFO - 	at com.univocity.parsers.common.AbstractWriter.close(AbstractWriter.java:1000)
[2025-05-23T09:22:40.377+0000] {subprocess.py:93} INFO - 	at org.apache.spark.sql.catalyst.csv.UnivocityGenerator.close(UnivocityGenerator.scala:124)
[2025-05-23T09:22:40.378+0000] {subprocess.py:93} INFO - 	at org.apache.spark.sql.execution.datasources.csv.CsvOutputWriter.close(CsvOutputWriter.scala:48)
[2025-05-23T09:22:40.379+0000] {subprocess.py:93} INFO - 	at org.apache.spark.sql.execution.datasources.FileFormatDataWriter.releaseCurrentWriter(FileFormatDataWriter.scala:64)
[2025-05-23T09:22:40.379+0000] {subprocess.py:93} INFO - 	at org.apache.spark.sql.execution.datasources.FileFormatDataWriter.releaseResources(FileFormatDataWriter.scala:75)
[2025-05-23T09:22:40.380+0000] {subprocess.py:93} INFO - 	at org.apache.spark.sql.execution.datasources.FileFormatDataWriter.commit(FileFormatDataWriter.scala:105)
[2025-05-23T09:22:40.381+0000] {subprocess.py:93} INFO - 	at org.apache.spark.sql.execution.datasources.FileFormatWriter$.$anonfun$executeTask$1(FileFormatWriter.scala:404)
[2025-05-23T09:22:40.382+0000] {subprocess.py:93} INFO - 	at org.apache.spark.util.Utils$.tryWithSafeFinallyAndFailureCallbacks(Utils.scala:1397)
[2025-05-23T09:22:40.382+0000] {subprocess.py:93} INFO - 	at org.apache.spark.sql.execution.datasources.FileFormatWriter$.executeTask(FileFormatWriter.scala:410)
[2025-05-23T09:22:40.383+0000] {subprocess.py:93} INFO - 	... 17 more
[2025-05-23T09:22:40.384+0000] {subprocess.py:93} INFO - Caused by: java.io.IOException: All datanodes [DatanodeInfoWithStorage[172.18.0.11:9866,DS-1329ffcc-669b-477c-906b-25bd31ff782a,DISK]] are bad. Aborting...
[2025-05-23T09:22:40.385+0000] {subprocess.py:93} INFO - 	at org.apache.hadoop.hdfs.DataStreamer.handleBadDatanode(DataStreamer.java:1609)
[2025-05-23T09:22:40.387+0000] {subprocess.py:93} INFO - 	at org.apache.hadoop.hdfs.DataStreamer.setupPipelineInternal(DataStreamer.java:1543)
[2025-05-23T09:22:40.389+0000] {subprocess.py:93} INFO - 	at org.apache.hadoop.hdfs.DataStreamer.setupPipelineForAppendOrRecovery(DataStreamer.java:1529)
[2025-05-23T09:22:40.390+0000] {subprocess.py:93} INFO - 	at org.apache.hadoop.hdfs.DataStreamer.processDatanodeOrExternalError(DataStreamer.java:1305)
[2025-05-23T09:22:40.391+0000] {subprocess.py:93} INFO - 	at org.apache.hadoop.hdfs.DataStreamer.run(DataStreamer.java:668)
[2025-05-23T09:22:40.723+0000] {subprocess.py:93} INFO - Spark session created successfully!
[2025-05-23T09:22:40.724+0000] {subprocess.py:93} INFO - Data loaded successfully. Row count: 23634
[2025-05-23T09:22:40.726+0000] {subprocess.py:93} INFO - Traceback (most recent call last):
[2025-05-23T09:22:40.727+0000] {subprocess.py:93} INFO -   File "/opt/spark/work-dir/modelisation.py", line 318, in <module>
[2025-05-23T09:22:40.738+0000] {subprocess.py:93} INFO -     .csv(fact_path)
[2025-05-23T09:22:40.739+0000] {subprocess.py:93} INFO -      ^^^^^^^^^^^^^^
[2025-05-23T09:22:40.740+0000] {subprocess.py:93} INFO -   File "/opt/bitnami/spark/python/pyspark/sql/readwriter.py", line 1864, in csv
[2025-05-23T09:22:40.741+0000] {subprocess.py:93} INFO -     self._jwrite.csv(path)
[2025-05-23T09:22:40.742+0000] {subprocess.py:93} INFO -   File "/opt/bitnami/spark/python/lib/py4j.zip/py4j/java_gateway.py", line 1322, in __call__
[2025-05-23T09:22:40.743+0000] {subprocess.py:93} INFO -   File "/opt/bitnami/spark/python/pyspark/errors/exceptions/captured.py", line 179, in deco
[2025-05-23T09:22:40.743+0000] {subprocess.py:93} INFO -     return f(*a, **kw)
[2025-05-23T09:22:40.744+0000] {subprocess.py:93} INFO -            ^^^^^^^^^^^
[2025-05-23T09:22:40.746+0000] {subprocess.py:93} INFO -   File "/opt/bitnami/spark/python/lib/py4j.zip/py4j/protocol.py", line 326, in get_return_value
[2025-05-23T09:22:40.792+0000] {subprocess.py:93} INFO - py4j.protocol.Py4JJavaError: An error occurred while calling o173.csv.
[2025-05-23T09:22:40.793+0000] {subprocess.py:93} INFO - : org.apache.spark.SparkException: Job aborted due to stage failure: Task 0 in stage 12.0 failed 1 times, most recent failure: Lost task 0.0 in stage 12.0 (TID 8) (264ef0952d86 executor driver): org.apache.spark.SparkException: [TASK_WRITE_FAILED] Task failed while writing rows to hdfs://namenode:9000/user/root/datalake/fact_transactions/YYYY=2025/MM=05/DD=23.
[2025-05-23T09:22:40.794+0000] {subprocess.py:93} INFO - 	at org.apache.spark.sql.errors.QueryExecutionErrors$.taskFailedWhileWritingRowsError(QueryExecutionErrors.scala:775)
[2025-05-23T09:22:40.794+0000] {subprocess.py:93} INFO - 	at org.apache.spark.sql.execution.datasources.FileFormatWriter$.executeTask(FileFormatWriter.scala:420)
[2025-05-23T09:22:40.795+0000] {subprocess.py:93} INFO - 	at org.apache.spark.sql.execution.datasources.WriteFilesExec.$anonfun$doExecuteWrite$1(WriteFiles.scala:100)
[2025-05-23T09:22:40.796+0000] {subprocess.py:93} INFO - 	at org.apache.spark.rdd.RDD.$anonfun$mapPartitionsInternal$2(RDD.scala:893)
[2025-05-23T09:22:40.796+0000] {subprocess.py:93} INFO - 	at org.apache.spark.rdd.RDD.$anonfun$mapPartitionsInternal$2$adapted(RDD.scala:893)
[2025-05-23T09:22:40.797+0000] {subprocess.py:93} INFO - 	at org.apache.spark.rdd.MapPartitionsRDD.compute(MapPartitionsRDD.scala:52)
[2025-05-23T09:22:40.798+0000] {subprocess.py:93} INFO - 	at org.apache.spark.rdd.RDD.computeOrReadCheckpoint(RDD.scala:367)
[2025-05-23T09:22:40.798+0000] {subprocess.py:93} INFO - 	at org.apache.spark.rdd.RDD.iterator(RDD.scala:331)
[2025-05-23T09:22:40.799+0000] {subprocess.py:93} INFO - 	at org.apache.spark.scheduler.ResultTask.runTask(ResultTask.scala:93)
[2025-05-23T09:22:40.799+0000] {subprocess.py:93} INFO - 	at org.apache.spark.TaskContext.runTaskWithListeners(TaskContext.scala:166)
[2025-05-23T09:22:40.800+0000] {subprocess.py:93} INFO - 	at org.apache.spark.scheduler.Task.run(Task.scala:141)
[2025-05-23T09:22:40.801+0000] {subprocess.py:93} INFO - 	at org.apache.spark.executor.Executor$TaskRunner.$anonfun$run$4(Executor.scala:620)
[2025-05-23T09:22:40.801+0000] {subprocess.py:93} INFO - 	at org.apache.spark.util.SparkErrorUtils.tryWithSafeFinally(SparkErrorUtils.scala:64)
[2025-05-23T09:22:40.802+0000] {subprocess.py:93} INFO - 	at org.apache.spark.util.SparkErrorUtils.tryWithSafeFinally$(SparkErrorUtils.scala:61)
[2025-05-23T09:22:40.803+0000] {subprocess.py:93} INFO - 	at org.apache.spark.util.Utils$.tryWithSafeFinally(Utils.scala:94)
[2025-05-23T09:22:40.803+0000] {subprocess.py:93} INFO - 	at org.apache.spark.executor.Executor$TaskRunner.run(Executor.scala:623)
[2025-05-23T09:22:40.804+0000] {subprocess.py:93} INFO - 	at java.base/java.util.concurrent.ThreadPoolExecutor.runWorker(Unknown Source)
[2025-05-23T09:22:40.805+0000] {subprocess.py:93} INFO - 	at java.base/java.util.concurrent.ThreadPoolExecutor$Worker.run(Unknown Source)
[2025-05-23T09:22:40.806+0000] {subprocess.py:93} INFO - 	at java.base/java.lang.Thread.run(Unknown Source)
[2025-05-23T09:22:40.806+0000] {subprocess.py:93} INFO - Caused by: java.lang.IllegalStateException: Error closing the output.
[2025-05-23T09:22:40.807+0000] {subprocess.py:93} INFO - 	at com.univocity.parsers.common.AbstractWriter.close(AbstractWriter.java:1000)
[2025-05-23T09:22:40.807+0000] {subprocess.py:93} INFO - 	at org.apache.spark.sql.catalyst.csv.UnivocityGenerator.close(UnivocityGenerator.scala:124)
[2025-05-23T09:22:40.808+0000] {subprocess.py:93} INFO - 	at org.apache.spark.sql.execution.datasources.csv.CsvOutputWriter.close(CsvOutputWriter.scala:48)
[2025-05-23T09:22:40.809+0000] {subprocess.py:93} INFO - 	at org.apache.spark.sql.execution.datasources.FileFormatDataWriter.releaseCurrentWriter(FileFormatDataWriter.scala:64)
[2025-05-23T09:22:40.809+0000] {subprocess.py:93} INFO - 	at org.apache.spark.sql.execution.datasources.FileFormatDataWriter.releaseResources(FileFormatDataWriter.scala:75)
[2025-05-23T09:22:40.810+0000] {subprocess.py:93} INFO - 	at org.apache.spark.sql.execution.datasources.FileFormatDataWriter.commit(FileFormatDataWriter.scala:105)
[2025-05-23T09:22:40.811+0000] {subprocess.py:93} INFO - 	at org.apache.spark.sql.execution.datasources.FileFormatWriter$.$anonfun$executeTask$1(FileFormatWriter.scala:404)
[2025-05-23T09:22:40.811+0000] {subprocess.py:93} INFO - 	at org.apache.spark.util.Utils$.tryWithSafeFinallyAndFailureCallbacks(Utils.scala:1397)
[2025-05-23T09:22:40.812+0000] {subprocess.py:93} INFO - 	at org.apache.spark.sql.execution.datasources.FileFormatWriter$.executeTask(FileFormatWriter.scala:410)
[2025-05-23T09:22:40.813+0000] {subprocess.py:93} INFO - 	... 17 more
[2025-05-23T09:22:40.813+0000] {subprocess.py:93} INFO - Caused by: java.io.IOException: All datanodes [DatanodeInfoWithStorage[172.18.0.11:9866,DS-1329ffcc-669b-477c-906b-25bd31ff782a,DISK]] are bad. Aborting...
[2025-05-23T09:22:40.814+0000] {subprocess.py:93} INFO - 	at org.apache.hadoop.hdfs.DataStreamer.handleBadDatanode(DataStreamer.java:1609)
[2025-05-23T09:22:40.814+0000] {subprocess.py:93} INFO - 	at org.apache.hadoop.hdfs.DataStreamer.setupPipelineInternal(DataStreamer.java:1543)
[2025-05-23T09:22:40.815+0000] {subprocess.py:93} INFO - 	at org.apache.hadoop.hdfs.DataStreamer.setupPipelineForAppendOrRecovery(DataStreamer.java:1529)
[2025-05-23T09:22:40.815+0000] {subprocess.py:93} INFO - 	at org.apache.hadoop.hdfs.DataStreamer.processDatanodeOrExternalError(DataStreamer.java:1305)
[2025-05-23T09:22:40.816+0000] {subprocess.py:93} INFO - 	at org.apache.hadoop.hdfs.DataStreamer.run(DataStreamer.java:668)
[2025-05-23T09:22:40.817+0000] {subprocess.py:93} INFO - 
[2025-05-23T09:22:40.817+0000] {subprocess.py:93} INFO - Driver stacktrace:
[2025-05-23T09:22:40.818+0000] {subprocess.py:93} INFO - 	at org.apache.spark.scheduler.DAGScheduler.failJobAndIndependentStages(DAGScheduler.scala:2856)
[2025-05-23T09:22:40.819+0000] {subprocess.py:93} INFO - 	at org.apache.spark.scheduler.DAGScheduler.$anonfun$abortStage$2(DAGScheduler.scala:2792)
[2025-05-23T09:22:40.819+0000] {subprocess.py:93} INFO - 	at org.apache.spark.scheduler.DAGScheduler.$anonfun$abortStage$2$adapted(DAGScheduler.scala:2791)
[2025-05-23T09:22:40.820+0000] {subprocess.py:93} INFO - 	at scala.collection.mutable.ResizableArray.foreach(ResizableArray.scala:62)
[2025-05-23T09:22:40.821+0000] {subprocess.py:93} INFO - 	at scala.collection.mutable.ResizableArray.foreach$(ResizableArray.scala:55)
[2025-05-23T09:22:40.822+0000] {subprocess.py:93} INFO - 	at scala.collection.mutable.ArrayBuffer.foreach(ArrayBuffer.scala:49)
[2025-05-23T09:22:40.823+0000] {subprocess.py:93} INFO - 	at org.apache.spark.scheduler.DAGScheduler.abortStage(DAGScheduler.scala:2791)
[2025-05-23T09:22:40.823+0000] {subprocess.py:93} INFO - 	at org.apache.spark.scheduler.DAGScheduler.$anonfun$handleTaskSetFailed$1(DAGScheduler.scala:1247)
[2025-05-23T09:22:40.824+0000] {subprocess.py:93} INFO - 	at org.apache.spark.scheduler.DAGScheduler.$anonfun$handleTaskSetFailed$1$adapted(DAGScheduler.scala:1247)
[2025-05-23T09:22:40.824+0000] {subprocess.py:93} INFO - 	at scala.Option.foreach(Option.scala:407)
[2025-05-23T09:22:40.825+0000] {subprocess.py:93} INFO - 	at org.apache.spark.scheduler.DAGScheduler.handleTaskSetFailed(DAGScheduler.scala:1247)
[2025-05-23T09:22:40.825+0000] {subprocess.py:93} INFO - 	at org.apache.spark.scheduler.DAGSchedulerEventProcessLoop.doOnReceive(DAGScheduler.scala:3060)
[2025-05-23T09:22:40.826+0000] {subprocess.py:93} INFO - 	at org.apache.spark.scheduler.DAGSchedulerEventProcessLoop.onReceive(DAGScheduler.scala:2994)
[2025-05-23T09:22:40.827+0000] {subprocess.py:93} INFO - 	at org.apache.spark.scheduler.DAGSchedulerEventProcessLoop.onReceive(DAGScheduler.scala:2983)
[2025-05-23T09:22:40.827+0000] {subprocess.py:93} INFO - 	at org.apache.spark.util.EventLoop$$anon$1.run(EventLoop.scala:49)
[2025-05-23T09:22:40.828+0000] {subprocess.py:93} INFO - 	at org.apache.spark.scheduler.DAGScheduler.runJob(DAGScheduler.scala:989)
[2025-05-23T09:22:40.828+0000] {subprocess.py:93} INFO - 	at org.apache.spark.SparkContext.runJob(SparkContext.scala:2393)
[2025-05-23T09:22:40.829+0000] {subprocess.py:93} INFO - 	at org.apache.spark.sql.execution.datasources.FileFormatWriter$.$anonfun$executeWrite$4(FileFormatWriter.scala:307)
[2025-05-23T09:22:40.830+0000] {subprocess.py:93} INFO - 	at org.apache.spark.sql.execution.datasources.FileFormatWriter$.writeAndCommit(FileFormatWriter.scala:271)
[2025-05-23T09:22:40.830+0000] {subprocess.py:93} INFO - 	at org.apache.spark.sql.execution.datasources.FileFormatWriter$.executeWrite(FileFormatWriter.scala:304)
[2025-05-23T09:22:40.831+0000] {subprocess.py:93} INFO - 	at org.apache.spark.sql.execution.datasources.FileFormatWriter$.write(FileFormatWriter.scala:190)
[2025-05-23T09:22:40.831+0000] {subprocess.py:93} INFO - 	at org.apache.spark.sql.execution.datasources.InsertIntoHadoopFsRelationCommand.run(InsertIntoHadoopFsRelationCommand.scala:190)
[2025-05-23T09:22:40.832+0000] {subprocess.py:93} INFO - 	at org.apache.spark.sql.execution.command.DataWritingCommandExec.sideEffectResult$lzycompute(commands.scala:113)
[2025-05-23T09:22:40.833+0000] {subprocess.py:93} INFO - 	at org.apache.spark.sql.execution.command.DataWritingCommandExec.sideEffectResult(commands.scala:111)
[2025-05-23T09:22:40.833+0000] {subprocess.py:93} INFO - 	at org.apache.spark.sql.execution.command.DataWritingCommandExec.executeCollect(commands.scala:125)
[2025-05-23T09:22:40.834+0000] {subprocess.py:93} INFO - 	at org.apache.spark.sql.execution.adaptive.AdaptiveSparkPlanExec.$anonfun$executeCollect$1(AdaptiveSparkPlanExec.scala:392)
[2025-05-23T09:22:40.834+0000] {subprocess.py:93} INFO - 	at org.apache.spark.sql.execution.adaptive.AdaptiveSparkPlanExec.withFinalPlanUpdate(AdaptiveSparkPlanExec.scala:420)
[2025-05-23T09:22:40.835+0000] {subprocess.py:93} INFO - 	at org.apache.spark.sql.execution.adaptive.AdaptiveSparkPlanExec.executeCollect(AdaptiveSparkPlanExec.scala:392)
[2025-05-23T09:22:40.836+0000] {subprocess.py:93} INFO - 	at org.apache.spark.sql.execution.QueryExecution$$anonfun$eagerlyExecuteCommands$1.$anonfun$applyOrElse$1(QueryExecution.scala:107)
[2025-05-23T09:22:40.836+0000] {subprocess.py:93} INFO - 	at org.apache.spark.sql.execution.SQLExecution$.$anonfun$withNewExecutionId$6(SQLExecution.scala:125)
[2025-05-23T09:22:40.837+0000] {subprocess.py:93} INFO - 	at org.apache.spark.sql.execution.SQLExecution$.withSQLConfPropagated(SQLExecution.scala:201)
[2025-05-23T09:22:40.838+0000] {subprocess.py:93} INFO - 	at org.apache.spark.sql.execution.SQLExecution$.$anonfun$withNewExecutionId$1(SQLExecution.scala:108)
[2025-05-23T09:22:40.839+0000] {subprocess.py:93} INFO - 	at org.apache.spark.sql.SparkSession.withActive(SparkSession.scala:900)
[2025-05-23T09:22:40.839+0000] {subprocess.py:93} INFO - 	at org.apache.spark.sql.execution.SQLExecution$.withNewExecutionId(SQLExecution.scala:66)
[2025-05-23T09:22:40.840+0000] {subprocess.py:93} INFO - 	at org.apache.spark.sql.execution.QueryExecution$$anonfun$eagerlyExecuteCommands$1.applyOrElse(QueryExecution.scala:107)
[2025-05-23T09:22:40.841+0000] {subprocess.py:93} INFO - 	at org.apache.spark.sql.execution.QueryExecution$$anonfun$eagerlyExecuteCommands$1.applyOrElse(QueryExecution.scala:98)
[2025-05-23T09:22:40.841+0000] {subprocess.py:93} INFO - 	at org.apache.spark.sql.catalyst.trees.TreeNode.$anonfun$transformDownWithPruning$1(TreeNode.scala:461)
[2025-05-23T09:22:40.842+0000] {subprocess.py:93} INFO - 	at org.apache.spark.sql.catalyst.trees.CurrentOrigin$.withOrigin(origin.scala:76)
[2025-05-23T09:22:40.842+0000] {subprocess.py:93} INFO - 	at org.apache.spark.sql.catalyst.trees.TreeNode.transformDownWithPruning(TreeNode.scala:461)
[2025-05-23T09:22:40.843+0000] {subprocess.py:93} INFO - 	at org.apache.spark.sql.catalyst.plans.logical.LogicalPlan.org$apache$spark$sql$catalyst$plans$logical$AnalysisHelper$$super$transformDownWithPruning(LogicalPlan.scala:32)
[2025-05-23T09:22:40.843+0000] {subprocess.py:93} INFO - 	at org.apache.spark.sql.catalyst.plans.logical.AnalysisHelper.transformDownWithPruning(AnalysisHelper.scala:267)
[2025-05-23T09:22:40.844+0000] {subprocess.py:93} INFO - 	at org.apache.spark.sql.catalyst.plans.logical.AnalysisHelper.transformDownWithPruning$(AnalysisHelper.scala:263)
[2025-05-23T09:22:40.844+0000] {subprocess.py:93} INFO - 	at org.apache.spark.sql.catalyst.plans.logical.LogicalPlan.transformDownWithPruning(LogicalPlan.scala:32)
[2025-05-23T09:22:40.845+0000] {subprocess.py:93} INFO - 	at org.apache.spark.sql.catalyst.plans.logical.LogicalPlan.transformDownWithPruning(LogicalPlan.scala:32)
[2025-05-23T09:22:40.845+0000] {subprocess.py:93} INFO - 	at org.apache.spark.sql.catalyst.trees.TreeNode.transformDown(TreeNode.scala:437)
[2025-05-23T09:22:40.846+0000] {subprocess.py:93} INFO - 	at org.apache.spark.sql.execution.QueryExecution.eagerlyExecuteCommands(QueryExecution.scala:98)
[2025-05-23T09:22:40.847+0000] {subprocess.py:93} INFO - 	at org.apache.spark.sql.execution.QueryExecution.commandExecuted$lzycompute(QueryExecution.scala:85)
[2025-05-23T09:22:40.847+0000] {subprocess.py:93} INFO - 	at org.apache.spark.sql.execution.QueryExecution.commandExecuted(QueryExecution.scala:83)
[2025-05-23T09:22:40.848+0000] {subprocess.py:93} INFO - 	at org.apache.spark.sql.execution.QueryExecution.assertCommandExecuted(QueryExecution.scala:142)
[2025-05-23T09:22:40.848+0000] {subprocess.py:93} INFO - 	at org.apache.spark.sql.DataFrameWriter.runCommand(DataFrameWriter.scala:869)
[2025-05-23T09:22:40.849+0000] {subprocess.py:93} INFO - 	at org.apache.spark.sql.DataFrameWriter.saveToV1Source(DataFrameWriter.scala:391)
[2025-05-23T09:22:40.850+0000] {subprocess.py:93} INFO - 	at org.apache.spark.sql.DataFrameWriter.saveInternal(DataFrameWriter.scala:364)
[2025-05-23T09:22:40.850+0000] {subprocess.py:93} INFO - 	at org.apache.spark.sql.DataFrameWriter.save(DataFrameWriter.scala:243)
[2025-05-23T09:22:40.851+0000] {subprocess.py:93} INFO - 	at org.apache.spark.sql.DataFrameWriter.csv(DataFrameWriter.scala:860)
[2025-05-23T09:22:40.852+0000] {subprocess.py:93} INFO - 	at java.base/jdk.internal.reflect.NativeMethodAccessorImpl.invoke0(Native Method)
[2025-05-23T09:22:40.852+0000] {subprocess.py:93} INFO - 	at java.base/jdk.internal.reflect.NativeMethodAccessorImpl.invoke(Unknown Source)
[2025-05-23T09:22:40.853+0000] {subprocess.py:93} INFO - 	at java.base/jdk.internal.reflect.DelegatingMethodAccessorImpl.invoke(Unknown Source)
[2025-05-23T09:22:40.854+0000] {subprocess.py:93} INFO - 	at java.base/java.lang.reflect.Method.invoke(Unknown Source)
[2025-05-23T09:22:40.856+0000] {subprocess.py:93} INFO - 	at py4j.reflection.MethodInvoker.invoke(MethodInvoker.java:244)
[2025-05-23T09:22:40.857+0000] {subprocess.py:93} INFO - 	at py4j.reflection.ReflectionEngine.invoke(ReflectionEngine.java:374)
[2025-05-23T09:22:40.857+0000] {subprocess.py:93} INFO - 	at py4j.Gateway.invoke(Gateway.java:282)
[2025-05-23T09:22:40.858+0000] {subprocess.py:93} INFO - 	at py4j.commands.AbstractCommand.invokeMethod(AbstractCommand.java:132)
[2025-05-23T09:22:40.858+0000] {subprocess.py:93} INFO - 	at py4j.commands.CallCommand.execute(CallCommand.java:79)
[2025-05-23T09:22:40.859+0000] {subprocess.py:93} INFO - 	at py4j.ClientServerConnection.waitForCommands(ClientServerConnection.java:182)
[2025-05-23T09:22:40.860+0000] {subprocess.py:93} INFO - 	at py4j.ClientServerConnection.run(ClientServerConnection.java:106)
[2025-05-23T09:22:40.860+0000] {subprocess.py:93} INFO - 	at java.base/java.lang.Thread.run(Unknown Source)
[2025-05-23T09:22:40.861+0000] {subprocess.py:93} INFO - Caused by: org.apache.spark.SparkException: [TASK_WRITE_FAILED] Task failed while writing rows to hdfs://namenode:9000/user/root/datalake/fact_transactions/YYYY=2025/MM=05/DD=23.
[2025-05-23T09:22:40.861+0000] {subprocess.py:93} INFO - 	at org.apache.spark.sql.errors.QueryExecutionErrors$.taskFailedWhileWritingRowsError(QueryExecutionErrors.scala:775)
[2025-05-23T09:22:40.862+0000] {subprocess.py:93} INFO - 	at org.apache.spark.sql.execution.datasources.FileFormatWriter$.executeTask(FileFormatWriter.scala:420)
[2025-05-23T09:22:40.863+0000] {subprocess.py:93} INFO - 	at org.apache.spark.sql.execution.datasources.WriteFilesExec.$anonfun$doExecuteWrite$1(WriteFiles.scala:100)
[2025-05-23T09:22:40.863+0000] {subprocess.py:93} INFO - 	at org.apache.spark.rdd.RDD.$anonfun$mapPartitionsInternal$2(RDD.scala:893)
[2025-05-23T09:22:40.864+0000] {subprocess.py:93} INFO - 	at org.apache.spark.rdd.RDD.$anonfun$mapPartitionsInternal$2$adapted(RDD.scala:893)
[2025-05-23T09:22:40.864+0000] {subprocess.py:93} INFO - 	at org.apache.spark.rdd.MapPartitionsRDD.compute(MapPartitionsRDD.scala:52)
[2025-05-23T09:22:40.865+0000] {subprocess.py:93} INFO - 	at org.apache.spark.rdd.RDD.computeOrReadCheckpoint(RDD.scala:367)
[2025-05-23T09:22:40.866+0000] {subprocess.py:93} INFO - 	at org.apache.spark.rdd.RDD.iterator(RDD.scala:331)
[2025-05-23T09:22:40.866+0000] {subprocess.py:93} INFO - 	at org.apache.spark.scheduler.ResultTask.runTask(ResultTask.scala:93)
[2025-05-23T09:22:40.867+0000] {subprocess.py:93} INFO - 	at org.apache.spark.TaskContext.runTaskWithListeners(TaskContext.scala:166)
[2025-05-23T09:22:40.868+0000] {subprocess.py:93} INFO - 	at org.apache.spark.scheduler.Task.run(Task.scala:141)
[2025-05-23T09:22:40.868+0000] {subprocess.py:93} INFO - 	at org.apache.spark.executor.Executor$TaskRunner.$anonfun$run$4(Executor.scala:620)
[2025-05-23T09:22:40.869+0000] {subprocess.py:93} INFO - 	at org.apache.spark.util.SparkErrorUtils.tryWithSafeFinally(SparkErrorUtils.scala:64)
[2025-05-23T09:22:40.871+0000] {subprocess.py:93} INFO - 	at org.apache.spark.util.SparkErrorUtils.tryWithSafeFinally$(SparkErrorUtils.scala:61)
[2025-05-23T09:22:40.874+0000] {subprocess.py:93} INFO - 	at org.apache.spark.util.Utils$.tryWithSafeFinally(Utils.scala:94)
[2025-05-23T09:22:40.874+0000] {subprocess.py:93} INFO - 	at org.apache.spark.executor.Executor$TaskRunner.run(Executor.scala:623)
[2025-05-23T09:22:40.875+0000] {subprocess.py:93} INFO - 	at java.base/java.util.concurrent.ThreadPoolExecutor.runWorker(Unknown Source)
[2025-05-23T09:22:40.876+0000] {subprocess.py:93} INFO - 	at java.base/java.util.concurrent.ThreadPoolExecutor$Worker.run(Unknown Source)
[2025-05-23T09:22:40.877+0000] {subprocess.py:93} INFO - 	... 1 more
[2025-05-23T09:22:40.877+0000] {subprocess.py:93} INFO - Caused by: java.lang.IllegalStateException: Error closing the output.
[2025-05-23T09:22:40.878+0000] {subprocess.py:93} INFO - 	at com.univocity.parsers.common.AbstractWriter.close(AbstractWriter.java:1000)
[2025-05-23T09:22:40.891+0000] {subprocess.py:93} INFO - 	at org.apache.spark.sql.catalyst.csv.UnivocityGenerator.close(UnivocityGenerator.scala:124)
[2025-05-23T09:22:40.892+0000] {subprocess.py:93} INFO - 	at org.apache.spark.sql.execution.datasources.csv.CsvOutputWriter.close(CsvOutputWriter.scala:48)
[2025-05-23T09:22:40.892+0000] {subprocess.py:93} INFO - 	at org.apache.spark.sql.execution.datasources.FileFormatDataWriter.releaseCurrentWriter(FileFormatDataWriter.scala:64)
[2025-05-23T09:22:40.893+0000] {subprocess.py:93} INFO - 	at org.apache.spark.sql.execution.datasources.FileFormatDataWriter.releaseResources(FileFormatDataWriter.scala:75)
[2025-05-23T09:22:40.894+0000] {subprocess.py:93} INFO - 	at org.apache.spark.sql.execution.datasources.FileFormatDataWriter.commit(FileFormatDataWriter.scala:105)
[2025-05-23T09:22:40.894+0000] {subprocess.py:93} INFO - 	at org.apache.spark.sql.execution.datasources.FileFormatWriter$.$anonfun$executeTask$1(FileFormatWriter.scala:404)
[2025-05-23T09:22:40.895+0000] {subprocess.py:93} INFO - 	at org.apache.spark.util.Utils$.tryWithSafeFinallyAndFailureCallbacks(Utils.scala:1397)
[2025-05-23T09:22:40.895+0000] {subprocess.py:93} INFO - 	at org.apache.spark.sql.execution.datasources.FileFormatWriter$.executeTask(FileFormatWriter.scala:410)
[2025-05-23T09:22:40.896+0000] {subprocess.py:93} INFO - 	... 17 more
[2025-05-23T09:22:40.896+0000] {subprocess.py:93} INFO - Caused by: java.io.IOException: All datanodes [DatanodeInfoWithStorage[172.18.0.11:9866,DS-1329ffcc-669b-477c-906b-25bd31ff782a,DISK]] are bad. Aborting...
[2025-05-23T09:22:40.897+0000] {subprocess.py:93} INFO - 	at org.apache.hadoop.hdfs.DataStreamer.handleBadDatanode(DataStreamer.java:1609)
[2025-05-23T09:22:40.897+0000] {subprocess.py:93} INFO - 	at org.apache.hadoop.hdfs.DataStreamer.setupPipelineInternal(DataStreamer.java:1543)
[2025-05-23T09:22:40.898+0000] {subprocess.py:93} INFO - 	at org.apache.hadoop.hdfs.DataStreamer.setupPipelineForAppendOrRecovery(DataStreamer.java:1529)
[2025-05-23T09:22:40.898+0000] {subprocess.py:93} INFO - 	at org.apache.hadoop.hdfs.DataStreamer.processDatanodeOrExternalError(DataStreamer.java:1305)
[2025-05-23T09:22:40.901+0000] {subprocess.py:93} INFO - 	at org.apache.hadoop.hdfs.DataStreamer.run(DataStreamer.java:668)
[2025-05-23T09:22:40.902+0000] {subprocess.py:93} INFO - 
[2025-05-23T09:22:41.656+0000] {subprocess.py:97} INFO - Command exited with return code 1
[2025-05-23T09:22:41.680+0000] {taskinstance.py:1943} ERROR - Task failed with exception
Traceback (most recent call last):
  File "/home/airflow/.local/lib/python3.9/site-packages/airflow/operators/bash.py", line 210, in execute
    raise AirflowException(
airflow.exceptions.AirflowException: Bash command failed. The command returned a non-zero exit code 1.
[2025-05-23T09:22:41.688+0000] {taskinstance.py:1400} INFO - Marking task as UP_FOR_RETRY. dag_id=fetch_transaction_data_and_upload_to_hdfs, task_id=run_spark_modelisation_command, execution_date=20250522T000000, start_date=20250523T092204, end_date=20250523T092241
[2025-05-23T09:22:41.716+0000] {standard_task_runner.py:104} ERROR - Failed to execute job 6 for task run_spark_modelisation_command (Bash command failed. The command returned a non-zero exit code 1.; 258)
[2025-05-23T09:22:41.768+0000] {local_task_job_runner.py:228} INFO - Task exited with return code 1
[2025-05-23T09:22:41.805+0000] {taskinstance.py:2784} INFO - 0 downstream tasks scheduled from follow-on schedule check
