[2025-05-09T15:52:09.444+0000] {taskinstance.py:1159} INFO - Dependencies all met for dep_context=non-requeueable deps ti=<TaskInstance: fetch_transaction_data_and_upload_to_hdfs.run_spark_modelisation_command manual__2025-05-09T15:50:51.637660+00:00 [queued]>
[2025-05-09T15:52:09.459+0000] {taskinstance.py:1159} INFO - Dependencies all met for dep_context=requeueable deps ti=<TaskInstance: fetch_transaction_data_and_upload_to_hdfs.run_spark_modelisation_command manual__2025-05-09T15:50:51.637660+00:00 [queued]>
[2025-05-09T15:52:09.460+0000] {taskinstance.py:1361} INFO - Starting attempt 2 of 3
[2025-05-09T15:52:09.484+0000] {taskinstance.py:1382} INFO - Executing <Task(BashOperator): run_spark_modelisation_command> on 2025-05-09 15:50:51.637660+00:00
[2025-05-09T15:52:09.493+0000] {standard_task_runner.py:57} INFO - Started process 1700 to run task
[2025-05-09T15:52:09.497+0000] {standard_task_runner.py:84} INFO - Running: ['***', 'tasks', 'run', 'fetch_transaction_data_and_upload_to_hdfs', 'run_spark_modelisation_command', 'manual__2025-05-09T15:50:51.637660+00:00', '--job-id', '33', '--raw', '--subdir', 'DAGS_FOLDER/ingestion.py', '--cfg-path', '/tmp/tmpjumnu5z3']
[2025-05-09T15:52:09.500+0000] {standard_task_runner.py:85} INFO - Job 33: Subtask run_spark_modelisation_command
[2025-05-09T15:52:09.564+0000] {task_command.py:415} INFO - Running <TaskInstance: fetch_transaction_data_and_upload_to_hdfs.run_spark_modelisation_command manual__2025-05-09T15:50:51.637660+00:00 [running]> on host d4afc872a8aa
[2025-05-09T15:52:09.658+0000] {taskinstance.py:1660} INFO - Exporting env vars: AIRFLOW_CTX_DAG_OWNER='***' AIRFLOW_CTX_DAG_ID='fetch_transaction_data_and_upload_to_hdfs' AIRFLOW_CTX_TASK_ID='run_spark_modelisation_command' AIRFLOW_CTX_EXECUTION_DATE='2025-05-09T15:50:51.637660+00:00' AIRFLOW_CTX_TRY_NUMBER='2' AIRFLOW_CTX_DAG_RUN_ID='manual__2025-05-09T15:50:51.637660+00:00'
[2025-05-09T15:52:09.660+0000] {subprocess.py:63} INFO - Tmp dir root location: /tmp
[2025-05-09T15:52:09.661+0000] {subprocess.py:75} INFO - Running command: ['/bin/bash', '-c', 'docker exec -it spark-master python3 modelisation.py']
[2025-05-09T15:52:09.674+0000] {subprocess.py:86} INFO - Output:
[2025-05-09T15:52:09.733+0000] {subprocess.py:93} INFO - the input device is not a TTY
[2025-05-09T15:52:09.739+0000] {subprocess.py:97} INFO - Command exited with return code 1
[2025-05-09T15:52:09.764+0000] {taskinstance.py:1943} ERROR - Task failed with exception
Traceback (most recent call last):
  File "/home/airflow/.local/lib/python3.9/site-packages/airflow/operators/bash.py", line 210, in execute
    raise AirflowException(
airflow.exceptions.AirflowException: Bash command failed. The command returned a non-zero exit code 1.
[2025-05-09T15:52:09.777+0000] {taskinstance.py:1400} INFO - Marking task as UP_FOR_RETRY. dag_id=fetch_transaction_data_and_upload_to_hdfs, task_id=run_spark_modelisation_command, execution_date=20250509T155051, start_date=20250509T155209, end_date=20250509T155209
[2025-05-09T15:52:09.824+0000] {standard_task_runner.py:104} ERROR - Failed to execute job 33 for task run_spark_modelisation_command (Bash command failed. The command returned a non-zero exit code 1.; 1700)
[2025-05-09T15:52:09.872+0000] {local_task_job_runner.py:228} INFO - Task exited with return code 1
[2025-05-09T15:52:09.917+0000] {taskinstance.py:2784} INFO - 0 downstream tasks scheduled from follow-on schedule check
