[2025-05-09T16:09:21.875+0000] {taskinstance.py:1159} INFO - Dependencies all met for dep_context=non-requeueable deps ti=<TaskInstance: fetch_transaction_data_and_upload_to_hdfs.update_hql_file manual__2025-05-09T16:09:19.498929+00:00 [queued]>
[2025-05-09T16:09:21.885+0000] {taskinstance.py:1159} INFO - Dependencies all met for dep_context=requeueable deps ti=<TaskInstance: fetch_transaction_data_and_upload_to_hdfs.update_hql_file manual__2025-05-09T16:09:19.498929+00:00 [queued]>
[2025-05-09T16:09:21.886+0000] {taskinstance.py:1361} INFO - Starting attempt 1 of 2
[2025-05-09T16:09:21.901+0000] {taskinstance.py:1382} INFO - Executing <Task(PythonOperator): update_hql_file> on 2025-05-09 16:09:19.498929+00:00
[2025-05-09T16:09:21.906+0000] {standard_task_runner.py:57} INFO - Started process 2272 to run task
[2025-05-09T16:09:21.909+0000] {standard_task_runner.py:84} INFO - Running: ['***', 'tasks', 'run', 'fetch_transaction_data_and_upload_to_hdfs', 'update_hql_file', 'manual__2025-05-09T16:09:19.498929+00:00', '--job-id', '43', '--raw', '--subdir', 'DAGS_FOLDER/ingestion.py', '--cfg-path', '/tmp/tmp6uar89ni']
[2025-05-09T16:09:21.913+0000] {standard_task_runner.py:85} INFO - Job 43: Subtask update_hql_file
[2025-05-09T16:09:21.964+0000] {task_command.py:415} INFO - Running <TaskInstance: fetch_transaction_data_and_upload_to_hdfs.update_hql_file manual__2025-05-09T16:09:19.498929+00:00 [running]> on host d4afc872a8aa
[2025-05-09T16:09:22.048+0000] {taskinstance.py:1660} INFO - Exporting env vars: AIRFLOW_CTX_DAG_OWNER='***' AIRFLOW_CTX_DAG_ID='fetch_transaction_data_and_upload_to_hdfs' AIRFLOW_CTX_TASK_ID='update_hql_file' AIRFLOW_CTX_EXECUTION_DATE='2025-05-09T16:09:19.498929+00:00' AIRFLOW_CTX_TRY_NUMBER='1' AIRFLOW_CTX_DAG_RUN_ID='manual__2025-05-09T16:09:19.498929+00:00'
[2025-05-09T16:09:22.051+0000] {ingestion.py:57} INFO - Starting update_hql_file task
[2025-05-09T16:09:22.051+0000] {ingestion.py:64} INFO - Execution date: 2025-05-08T00:00:00+00:00, Year: 2025, Month: 05, Day: 08
[2025-05-09T16:09:22.052+0000] {ingestion.py:69} INFO - Temporary file created: /tmp/tmp1m7r04p_.hql
[2025-05-09T16:09:22.053+0000] {ingestion.py:73} INFO - Copying query.hql from hive:/home/query.hql to temporary file
[2025-05-09T16:09:22.105+0000] {ingestion.py:80} INFO - docker cp stdout: , stderr: 
[2025-05-09T16:09:22.107+0000] {ingestion.py:85} INFO - Original HQL content: -- -- Create external table for dim_customers
CREATE EXTERNAL TABLE IF NOT EXISTS dim_customers (
    Customer_ID STRING,
    Customer_Age STRING,
    Customer_Location STRING,
    Account_Age_Days STRING,
    Age_Group STRING
)
ROW FORMAT DELIMITED
FIELDS TERMINATED BY ','
STORED AS TEXTFILE
LOCATION 'hdfs://namenode:9000/user/root/datalake/dim_customers/YYYY=2025/MM=04/DD=30';


-- DIM: Payment
CREATE EXTERNAL TABLE IF NOT EXISTS dim_payment_methods (
    Payment_Method STRING,
    Payment_Method_ID STRING
)
ROW FORMAT DELIMITED
FIELDS TERMINATED BY ','
STORED AS TEXTFILE
LOCATION 'hdfs://namenode:9000/user/root/datalake/dim_payment_methods/YYYY=2025/MM=04/DD=30';


-- DIM: Product Category
CREATE EXTERNAL TABLE IF NOT EXISTS dim_product_categories (
    Product_Category STRING,
    Product_Category_ID STRING
)
ROW FORMAT DELIMITED
FIELDS TERMINATED BY ','
STORED AS TEXTFILE
LOCATION 'hdfs://namenode:9000/user/root/datalake/dim_product_categories/YYYY=2025/MM=04/DD=30';

-- DIM: Device
CREATE EXTERNAL TABLE IF NOT EXISTS dim_devices (
    Device_Type STRING,
    Device_ID STRING
)
ROW FORMAT DELIMITED
FIELDS TERMINATED BY ','
STORED AS TEXTFILE
LOCATION 'hdfs://namenode:9000/user/root/datalake/dim_devices/YYYY=2025/MM=04/DD=30';

-- DIM: Time
CREATE EXTERNAL TABLE IF NOT EXISTS dim_time (
    Time_ID TIMESTAMP,
    Transaction_Hour STRING,
    Transaction_DayOfWeek STRING,
    Transaction_Month STRING,
    Transaction_Year STRING
)
ROW FORMAT DELIMITED
FIELDS TERMINATED BY ','
STORED AS TEXTFILE
LOCATION 'hdfs://namenode:9000/user/root/datalake/dim_time/YYYY=2025/MM=04/DD=30';

-- FACT: Transactions
CREATE EXTERNAL TABLE IF NOT EXISTS fact_transactions (
    Transaction_ID STRING,
    Customer_ID STRING,
    Transaction_Amount STRING,
    Quantity STRING,
    Is_Fraudulent STRING,
    Transaction_Timestamp STRING,
    Payment_Method_ID STRING,
    Product_Category_ID STRING,
    Device_ID STRING
)
ROW FORMAT DELIMITED
FIELDS TERMINATED BY ','
STORED AS TEXTFILE
LOCATION 'hdfs://namenode:9000/user/root/datalake/fact_transactions/YYYY=2025/MM=04/DD=30';

[2025-05-09T16:09:22.108+0000] {ingestion.py:91} INFO - Updated HQL content: -- -- Create external table for dim_customers
CREATE EXTERNAL TABLE IF NOT EXISTS dim_customers (
    Customer_ID STRING,
    Customer_Age STRING,
    Customer_Location STRING,
    Account_Age_Days STRING,
    Age_Group STRING
)
ROW FORMAT DELIMITED
FIELDS TERMINATED BY ','
STORED AS TEXTFILE
LOCATION 'hdfs://namenode:9000/user/root/datalake/dim_customers/YYYY=2025/MM=04/DD=30';


-- DIM: Payment
CREATE EXTERNAL TABLE IF NOT EXISTS dim_payment_methods (
    Payment_Method STRING,
    Payment_Method_ID STRING
)
ROW FORMAT DELIMITED
FIELDS TERMINATED BY ','
STORED AS TEXTFILE
LOCATION 'hdfs://namenode:9000/user/root/datalake/dim_payment_methods/YYYY=2025/MM=04/DD=30';


-- DIM: Product Category
CREATE EXTERNAL TABLE IF NOT EXISTS dim_product_categories (
    Product_Category STRING,
    Product_Category_ID STRING
)
ROW FORMAT DELIMITED
FIELDS TERMINATED BY ','
STORED AS TEXTFILE
LOCATION 'hdfs://namenode:9000/user/root/datalake/dim_product_categories/YYYY=2025/MM=04/DD=30';

-- DIM: Device
CREATE EXTERNAL TABLE IF NOT EXISTS dim_devices (
    Device_Type STRING,
    Device_ID STRING
)
ROW FORMAT DELIMITED
FIELDS TERMINATED BY ','
STORED AS TEXTFILE
LOCATION 'hdfs://namenode:9000/user/root/datalake/dim_devices/YYYY=2025/MM=04/DD=30';

-- DIM: Time
CREATE EXTERNAL TABLE IF NOT EXISTS dim_time (
    Time_ID TIMESTAMP,
    Transaction_Hour STRING,
    Transaction_DayOfWeek STRING,
    Transaction_Month STRING,
    Transaction_Year STRING
)
ROW FORMAT DELIMITED
FIELDS TERMINATED BY ','
STORED AS TEXTFILE
LOCATION 'hdfs://namenode:9000/user/root/datalake/dim_time/YYYY=2025/MM=04/DD=30';

-- FACT: Transactions
CREATE EXTERNAL TABLE IF NOT EXISTS fact_transactions (
    Transaction_ID STRING,
    Customer_ID STRING,
    Transaction_Amount STRING,
    Quantity STRING,
    Is_Fraudulent STRING,
    Transaction_Timestamp STRING,
    Payment_Method_ID STRING,
    Product_Category_ID STRING,
    Device_ID STRING
)
ROW FORMAT DELIMITED
FIELDS TERMINATED BY ','
STORED AS TEXTFILE
LOCATION 'hdfs://namenode:9000/user/root/datalake/fact_transactions/YYYY=2025/MM=04/DD=30';

[2025-05-09T16:09:22.109+0000] {ingestion.py:96} INFO - Updated content written to temporary file
[2025-05-09T16:09:22.110+0000] {ingestion.py:99} INFO - Copying updated temporary file back to hive:/home/query.hql
[2025-05-09T16:09:22.182+0000] {ingestion.py:106} INFO - docker cp stdout: , stderr: 
[2025-05-09T16:09:22.183+0000] {ingestion.py:118} INFO - Temporary file deleted: /tmp/tmp1m7r04p_.hql
[2025-05-09T16:09:22.184+0000] {python.py:194} INFO - Done. Returned value was: None
[2025-05-09T16:09:22.195+0000] {taskinstance.py:1400} INFO - Marking task as SUCCESS. dag_id=fetch_transaction_data_and_upload_to_hdfs, task_id=update_hql_file, execution_date=20250509T160919, start_date=20250509T160921, end_date=20250509T160922
[2025-05-09T16:09:22.244+0000] {local_task_job_runner.py:228} INFO - Task exited with return code 0
[2025-05-09T16:09:22.266+0000] {taskinstance.py:2784} INFO - 0 downstream tasks scheduled from follow-on schedule check
