[2025-05-09T16:31:39.254+0000] {taskinstance.py:1159} INFO - Dependencies all met for dep_context=non-requeueable deps ti=<TaskInstance: fetch_transaction_data_and_upload_to_hdfs.run_hive_command manual__2025-05-09T16:25:16.096694+00:00 [queued]>
[2025-05-09T16:31:39.267+0000] {taskinstance.py:1159} INFO - Dependencies all met for dep_context=requeueable deps ti=<TaskInstance: fetch_transaction_data_and_upload_to_hdfs.run_hive_command manual__2025-05-09T16:25:16.096694+00:00 [queued]>
[2025-05-09T16:31:39.268+0000] {taskinstance.py:1361} INFO - Starting attempt 2 of 2
[2025-05-09T16:31:39.288+0000] {taskinstance.py:1382} INFO - Executing <Task(BashOperator): run_hive_command> on 2025-05-09 16:25:16.096694+00:00
[2025-05-09T16:31:39.298+0000] {standard_task_runner.py:57} INFO - Started process 3068 to run task
[2025-05-09T16:31:39.302+0000] {standard_task_runner.py:84} INFO - Running: ['***', 'tasks', 'run', 'fetch_transaction_data_and_upload_to_hdfs', 'run_hive_command', 'manual__2025-05-09T16:25:16.096694+00:00', '--job-id', '60', '--raw', '--subdir', 'DAGS_FOLDER/ingestion.py', '--cfg-path', '/tmp/tmp6pal1f06']
[2025-05-09T16:31:39.308+0000] {standard_task_runner.py:85} INFO - Job 60: Subtask run_hive_command
[2025-05-09T16:31:39.390+0000] {task_command.py:415} INFO - Running <TaskInstance: fetch_transaction_data_and_upload_to_hdfs.run_hive_command manual__2025-05-09T16:25:16.096694+00:00 [running]> on host d4afc872a8aa
[2025-05-09T16:31:39.541+0000] {taskinstance.py:1660} INFO - Exporting env vars: AIRFLOW_CTX_DAG_OWNER='***' AIRFLOW_CTX_DAG_ID='fetch_transaction_data_and_upload_to_hdfs' AIRFLOW_CTX_TASK_ID='run_hive_command' AIRFLOW_CTX_EXECUTION_DATE='2025-05-09T16:25:16.096694+00:00' AIRFLOW_CTX_TRY_NUMBER='2' AIRFLOW_CTX_DAG_RUN_ID='manual__2025-05-09T16:25:16.096694+00:00'
[2025-05-09T16:31:39.548+0000] {subprocess.py:63} INFO - Tmp dir root location: /tmp
[2025-05-09T16:31:39.550+0000] {subprocess.py:75} INFO - Running command: ['/bin/bash', '-c', 'docker exec hive hive -f query.hql']
[2025-05-09T16:31:39.566+0000] {subprocess.py:86} INFO - Output:
[2025-05-09T16:31:39.613+0000] {subprocess.py:93} INFO - Error response from daemon: container a4afb1d294c38981da646ca74b16a3130248d4354fc4cfa57941a60d460b64bb is not running
[2025-05-09T16:31:39.614+0000] {subprocess.py:97} INFO - Command exited with return code 1
[2025-05-09T16:31:39.629+0000] {taskinstance.py:1943} ERROR - Task failed with exception
Traceback (most recent call last):
  File "/home/airflow/.local/lib/python3.9/site-packages/airflow/operators/bash.py", line 210, in execute
    raise AirflowException(
airflow.exceptions.AirflowException: Bash command failed. The command returned a non-zero exit code 1.
[2025-05-09T16:31:39.639+0000] {taskinstance.py:1400} INFO - Marking task as FAILED. dag_id=fetch_transaction_data_and_upload_to_hdfs, task_id=run_hive_command, execution_date=20250509T162516, start_date=20250509T163139, end_date=20250509T163139
[2025-05-09T16:31:39.663+0000] {standard_task_runner.py:104} ERROR - Failed to execute job 60 for task run_hive_command (Bash command failed. The command returned a non-zero exit code 1.; 3068)
[2025-05-09T16:31:39.680+0000] {local_task_job_runner.py:228} INFO - Task exited with return code 1
[2025-05-09T16:31:39.711+0000] {taskinstance.py:2784} INFO - 0 downstream tasks scheduled from follow-on schedule check
